<?xml version="1.0" encoding="utf-8"?><testsuites><testsuite name="pytest" errors="1" failures="10" skipped="149" tests="641" time="13.288" timestamp="2024-03-13T10:48:52.302902" hostname="fv-az1104-265"><testcase classname="" name="tests.toolset_tests.gui.editors.test_utc_editor" time="0.000"><error message="collection failure">E   StopIteration</error></testcase><testcase classname="tests.common.test_case_aware_path.TestCaseAwarePath" name="test_endswith" time="0.122" /><testcase classname="tests.common.test_case_aware_path.TestCaseAwarePath" name="test_find_closest_match" time="0.001" /><testcase classname="tests.common.test_case_aware_path.TestCaseAwarePath" name="test_fix_path_formatting" time="0.001" /><testcase classname="tests.common.test_case_aware_path.TestCaseAwarePath" name="test_get_matching_characters_count" time="0.000" /><testcase classname="tests.common.test_case_aware_path.TestCaseAwarePath" name="test_hashing" time="0.001" /><testcase classname="tests.common.test_case_aware_path.TestCaseAwarePath" name="test_new_invalid_argument" time="0.000" /><testcase classname="tests.common.test_case_aware_path.TestCaseAwarePath" name="test_new_valid_str_argument" time="0.001" /><testcase classname="tests.common.test_case_aware_path.TestCaseAwarePath" name="test_relative_to_base" time="0.001" /><testcase classname="tests.common.test_case_aware_path.TestCaseAwarePath" name="test_relative_to_case_sensitive" time="0.011" /><testcase classname="tests.common.test_case_aware_path.TestCaseAwarePath" name="test_valid_name_property" time="0.001" /><testcase classname="tests.common.test_case_aware_path.TestCaseAwarePath" name="test_valid_name_property_on_pathlib_path" time="0.001" /><testcase classname="tests.common.test_case_aware_path.TestSplitFilename" name="test_invalid_dots" time="0.001" /><testcase classname="tests.common.test_case_aware_path.TestSplitFilename" name="test_more_dots_than_parts" time="0.001" /><testcase classname="tests.common.test_case_aware_path.TestSplitFilename" name="test_multiple_dots" time="0.001" /><testcase classname="tests.common.test_case_aware_path.TestSplitFilename" name="test_negative_dots" time="0.000" /><testcase classname="tests.common.test_case_aware_path.TestSplitFilename" name="test_no_dots" time="0.000" /><testcase classname="tests.common.test_case_aware_path.TestSplitFilename" name="test_normal" time="0.001" /><testcase classname="tests.common.test_case_aware_path.TestIsRelativeTo" name="test_basic" time="0.001" /><testcase classname="tests.common.test_case_aware_path.TestIsRelativeTo" name="test_case_insensitive" time="0.001" /><testcase classname="tests.common.test_case_aware_path.TestIsRelativeTo" name="test_different_paths" time="0.001" /><testcase classname="tests.common.test_case_aware_path.TestIsRelativeTo" name="test_not_path" time="0.001" /><testcase classname="tests.common.test_case_aware_path.TestIsRelativeTo" name="test_relative_paths" time="0.001" /><testcase classname="tests.common.test_case_aware_path.TestIsRelativeTo" name="test_same_path" time="0.001" /><testcase classname="tests.common.test_decode_fallbacks.TestDecodeBytes" name="test_8bit_encoding_only" time="0.219" /><testcase classname="tests.common.test_decode_fallbacks.TestDecodeBytes" name="test_basic" time="0.001" /><testcase classname="tests.common.test_decode_fallbacks.TestDecodeBytes" name="test_bom" time="0.003" /><testcase classname="tests.common.test_decode_fallbacks.TestDecodeBytes" name="test_errors_replace" time="0.001" /><testcase classname="tests.common.test_decode_fallbacks.TestDecodeBytes" name="test_fallback_to_detected_encoding" time="0.008" /><testcase classname="tests.common.test_decode_fallbacks.TestDecodeBytes" name="test_invalid_bytes_for_encoding" time="0.000" /><testcase classname="tests.common.test_decode_fallbacks.TestDecodeBytes" name="test_known_encoding" time="0.000" /><testcase classname="tests.common.test_decode_fallbacks.TestDecodeBytes" name="test_language_detect" time="0.001" /><testcase classname="tests.common.test_decode_fallbacks.TestDecodeBytes" name="test_language_provided" time="0.000" /><testcase classname="tests.common.test_decode_fallbacks.TestDecodeBytes" name="test_no_valid_encoding_found_strict_errors" time="0.008" /><testcase classname="tests.common.test_decode_fallbacks.TestDecodeBytes" name="test_non_ascii" time="0.001" /><testcase classname="tests.common.test_decode_fallbacks.TestDecodeBytes" name="test_strict_error_handling_decoding_failure" time="0.003" /><testcase classname="tests.common.test_decode_fallbacks.TestDecodeBytes" name="test_undetectable_encoding_replace_errors" time="0.002" /><testcase classname="tests.common.test_decode_fallbacks.TestDecodeBytes" name="test_unknown_encoding" time="0.002" /><testcase classname="tests.common.test_decode_fallbacks.TestDecodeBytes" name="test_with_BOM_included" time="0.001" /><testcase classname="tests.common.test_geometry.TestVector2" name="test_from_vector2" time="0.001" /><testcase classname="tests.common.test_geometry.TestVector2" name="test_from_vector3" time="0.000" /><testcase classname="tests.common.test_geometry.TestVector2" name="test_from_vector4" time="0.000" /><testcase classname="tests.common.test_geometry.TestVector2" name="test_unpacking" time="0.001" /><testcase classname="tests.common.test_geometry.TestVector3" name="test_from_vector2" time="0.000" /><testcase classname="tests.common.test_geometry.TestVector3" name="test_from_vector3" time="0.000" /><testcase classname="tests.common.test_geometry.TestVector3" name="test_from_vector4" time="0.000" /><testcase classname="tests.common.test_geometry.TestVector3" name="test_unpacking" time="0.001" /><testcase classname="tests.common.test_geometry.TestVector4" name="test_from_euler" time="0.001" /><testcase classname="tests.common.test_geometry.TestVector4" name="test_from_vector2" time="0.000" /><testcase classname="tests.common.test_geometry.TestVector4" name="test_from_vector3" time="0.000" /><testcase classname="tests.common.test_geometry.TestVector4" name="test_from_vector4" time="0.000" /><testcase classname="tests.common.test_geometry.TestVector4" name="test_unpacking" time="0.001" /><testcase classname="tests.common.test_geometry.TestFace" name="test_determine_z" time="0.001" /><testcase classname="tests.common.test_geometry.TestPolygon2" name="test_area" time="0.001" /><testcase classname="tests.common.test_geometry.TestPolygon2" name="test_inside" time="0.001" /><testcase classname="tests.common.test_get_case_sensitive_path.TestCaseAwarePath" name="test_cascading_file_creation" time="0.000"><skipped type="pytest.skip" message="Test not available on Windows">D:\a\PyKotor\PyKotor\tests\common\test_get_case_sensitive_path.py:168: Test not available on Windows</skipped></testcase><testcase classname="tests.common.test_get_case_sensitive_path.TestCaseAwarePath" name="test_case_change_after_creation" time="0.000"><skipped type="pytest.skip" message="Test not available on Windows">D:\a\PyKotor\PyKotor\tests\common\test_get_case_sensitive_path.py:90: Test not available on Windows</skipped></testcase><testcase classname="tests.common.test_get_case_sensitive_path.TestCaseAwarePath" name="test_chmod" time="0.001"><skipped type="pytest.skip" message="Test not available on Windows">D:\a\PyKotor\PyKotor\tests\common\test_get_case_sensitive_path.py:196: Test not available on Windows</skipped></testcase><testcase classname="tests.common.test_get_case_sensitive_path.TestCaseAwarePath" name="test_complex_case_changes" time="0.000"><skipped type="pytest.skip" message="Test not available on Windows">D:\a\PyKotor\PyKotor\tests\common\test_get_case_sensitive_path.py:104: Test not available on Windows</skipped></testcase><testcase classname="tests.common.test_get_case_sensitive_path.TestCaseAwarePath" name="test_deep_directory_truediv" time="0.000"><skipped type="pytest.skip" message="Test not available on Windows">D:\a\PyKotor\PyKotor\tests\common\test_get_case_sensitive_path.py:150: Test not available on Windows</skipped></testcase><testcase classname="tests.common.test_get_case_sensitive_path.TestCaseAwarePath" name="test_hardlink_to" time="0.000"><skipped type="pytest.skip" message="Test not available on Windows">D:\a\PyKotor\PyKotor\tests\common\test_get_case_sensitive_path.py:274: Test not available on Windows</skipped></testcase><testcase classname="tests.common.test_get_case_sensitive_path.TestCaseAwarePath" name="test_join_with_nonexistent_path" time="0.000"><skipped type="pytest.skip" message="Test not available on Windows">D:\a\PyKotor\PyKotor\tests\common\test_get_case_sensitive_path.py:36: Test not available on Windows</skipped></testcase><testcase classname="tests.common.test_get_case_sensitive_path.TestCaseAwarePath" name="test_joinpath_chain" time="0.000"><skipped type="pytest.skip" message="Test not available on Windows">D:\a\PyKotor\PyKotor\tests\common\test_get_case_sensitive_path.py:130: Test not available on Windows</skipped></testcase><testcase classname="tests.common.test_get_case_sensitive_path.TestCaseAwarePath" name="test_make_and_parse_uri" time="0.000"><skipped type="pytest.skip" message="Test not available on Windows">D:\a\PyKotor\PyKotor\tests\common\test_get_case_sensitive_path.py:57: Test not available on Windows</skipped></testcase><testcase classname="tests.common.test_get_case_sensitive_path.TestCaseAwarePath" name="test_mixed_case_creation_and_deletion" time="0.001"><skipped type="pytest.skip" message="Test not available on Windows">D:\a\PyKotor\PyKotor\tests\common\test_get_case_sensitive_path.py:117: Test not available on Windows</skipped></testcase><testcase classname="tests.common.test_get_case_sensitive_path.TestCaseAwarePath" name="test_open_read_write" time="0.000"><skipped type="pytest.skip" message="Test not available on Windows">D:\a\PyKotor\PyKotor\tests\common\test_get_case_sensitive_path.py:209: Test not available on Windows</skipped></testcase><testcase classname="tests.common.test_get_case_sensitive_path.TestCaseAwarePath" name="test_recursive_directory_creation" time="0.000"><skipped type="pytest.skip" message="Test not available on Windows">D:\a\PyKotor\PyKotor\tests\common\test_get_case_sensitive_path.py:160: Test not available on Windows</skipped></testcase><testcase classname="tests.common.test_get_case_sensitive_path.TestCaseAwarePath" name="test_relative_to" time="0.000"><skipped type="pytest.skip" message="Test not available on Windows">D:\a\PyKotor\PyKotor\tests\common\test_get_case_sensitive_path.py:177: Test not available on Windows</skipped></testcase><testcase classname="tests.common.test_get_case_sensitive_path.TestCaseAwarePath" name="test_rename" time="0.000"><skipped type="pytest.skip" message="Test not available on Windows">D:\a\PyKotor\PyKotor\tests\common\test_get_case_sensitive_path.py:250: Test not available on Windows</skipped></testcase><testcase classname="tests.common.test_get_case_sensitive_path.TestCaseAwarePath" name="test_replace" time="0.000"><skipped type="pytest.skip" message="Test not available on Windows">D:\a\PyKotor\PyKotor\tests\common\test_get_case_sensitive_path.py:233: Test not available on Windows</skipped></testcase><testcase classname="tests.common.test_get_case_sensitive_path.TestCaseAwarePath" name="test_rtruediv" time="0.000"><skipped type="pytest.skip" message="Test not available on Windows">D:\a\PyKotor\PyKotor\tests\common\test_get_case_sensitive_path.py:47: Test not available on Windows</skipped></testcase><testcase classname="tests.common.test_get_case_sensitive_path.TestCaseAwarePath" name="test_samefile" time="0.000"><skipped type="pytest.skip" message="Test not available on Windows">D:\a\PyKotor\PyKotor\tests\common\test_get_case_sensitive_path.py:225: Test not available on Windows</skipped></testcase><testcase classname="tests.common.test_get_case_sensitive_path.TestCaseAwarePath" name="test_symlink_to" time="0.000"><skipped type="pytest.skip" message="Test not available on Windows">D:\a\PyKotor\PyKotor\tests\common\test_get_case_sensitive_path.py:262: Test not available on Windows</skipped></testcase><testcase classname="tests.common.test_get_case_sensitive_path.TestCaseAwarePath" name="test_touch" time="0.001"><skipped type="pytest.skip" message="Test not available on Windows">D:\a\PyKotor\PyKotor\tests\common\test_get_case_sensitive_path.py:221: Test not available on Windows</skipped></testcase><testcase classname="tests.common.test_get_case_sensitive_path.TestCaseAwarePath" name="test_truediv_equivalent_to_joinpath" time="0.000"><skipped type="pytest.skip" message="Test not available on Windows">D:\a\PyKotor\PyKotor\tests\common\test_get_case_sensitive_path.py:42: Test not available on Windows</skipped></testcase><testcase classname="tests.common.test_path_isinstance.TestPathInheritance" name="test_path_attributes" time="0.001" /><testcase classname="tests.common.test_path_isinstance.TestPathInheritance" name="test_path_hashing" time="0.001"><failure message="AssertionError: WindowsPath(\MNT\c\Program FileS (x86)\steam\steamapps\common\swkotor\saves) unexpectedly found in [WindowsPath(\mnt\c\Program Files (x86)\steam\steamapps\common\swkotor\saves)]">E   AssertionError: WindowsPath(\MNT\c\Program FileS (x86)\steam\steamapps\common\swkotor\saves) unexpectedly found in [WindowsPath(\mnt\c\Program Files (x86)\steam\steamapps\common\swkotor\saves)]</failure></testcase><testcase classname="tests.common.test_path_isinstance.TestPathInheritance" name="test_path_isinstance" time="0.000" /><testcase classname="tests.common.test_path_isinstance.TestPathInheritance" name="test_pathlib_path_isinstance" time="0.000" /><testcase classname="tests.common.test_path_isinstance.TestPathInheritance" name="test_pathlib_posix_path_isinstance" time="0.000"><skipped type="pytest.skip" message="Test must be run on Posix os">D:\a\PyKotor\PyKotor\tests\common\test_path_isinstance.py:125: Test must be run on Posix os</skipped></testcase><testcase classname="tests.common.test_path_isinstance.TestPathInheritance" name="test_pathlib_posix_path_isinstance_path" time="0.000"><skipped type="pytest.skip" message="Test must be run on Posix os">D:\a\PyKotor\PyKotor\tests\common\test_path_isinstance.py:139: Test must be run on Posix os</skipped></testcase><testcase classname="tests.common.test_path_isinstance.TestPathInheritance" name="test_pathlib_pure_posix_path_isinstance" time="0.000"><skipped type="pytest.skip" message="Test must be run on Posix os">D:\a\PyKotor\PyKotor\tests\common\test_path_isinstance.py:105: Test must be run on Posix os</skipped></testcase><testcase classname="tests.common.test_path_isinstance.TestPathInheritance" name="test_pathlib_pure_windows_path_isinstance" time="0.000" /><testcase classname="tests.common.test_path_isinstance.TestPathInheritance" name="test_pathlib_purepath_not_isinstance_path" time="0.001" /><testcase classname="tests.common.test_path_isinstance.TestPathInheritance" name="test_pathlib_purepath_not_isinstance_posix_path" time="0.001"><skipped type="pytest.skip" message="Test must be run on Posix os">D:\a\PyKotor\PyKotor\tests\common\test_path_isinstance.py:153: Test must be run on Posix os</skipped></testcase><testcase classname="tests.common.test_path_isinstance.TestPathInheritance" name="test_pathlib_purepath_not_isinstance_windows_path" time="0.000" /><testcase classname="tests.common.test_path_isinstance.TestPathInheritance" name="test_pathlib_windows_path_isinstance" time="0.001" /><testcase classname="tests.common.test_path_isinstance.TestPathInheritance" name="test_pathlib_windows_path_isinstance_path" time="0.000" /><testcase classname="tests.common.test_path_isinstance.TestPathInheritance" name="test_posix_path_isinstance" time="0.000"><skipped type="pytest.skip" message="Test must be run on Posix os">D:\a\PyKotor\PyKotor\tests\common\test_path_isinstance.py:69: Test must be run on Posix os</skipped></testcase><testcase classname="tests.common.test_path_isinstance.TestPathInheritance" name="test_posix_path_isinstance_path" time="0.000"><skipped type="pytest.skip" message="Test must be run on Posix os">D:\a\PyKotor\PyKotor\tests\common\test_path_isinstance.py:79: Test must be run on Posix os</skipped></testcase><testcase classname="tests.common.test_path_isinstance.TestPathInheritance" name="test_pure_posix_path_isinstance" time="0.000"><skipped type="pytest.skip" message="Test must be run on Posix os">D:\a\PyKotor\PyKotor\tests\common\test_path_isinstance.py:55: Test must be run on Posix os</skipped></testcase><testcase classname="tests.common.test_path_isinstance.TestPathInheritance" name="test_pure_windows_path_isinstance" time="0.000" /><testcase classname="tests.common.test_path_isinstance.TestPathInheritance" name="test_purepath_not_isinstance_path" time="0.000" /><testcase classname="tests.common.test_path_isinstance.TestPathInheritance" name="test_purepath_not_isinstance_posix_path" time="0.000"><skipped type="pytest.skip" message="Test must be run on Posix os">D:\a\PyKotor\PyKotor\tests\common\test_path_isinstance.py:89: Test must be run on Posix os</skipped></testcase><testcase classname="tests.common.test_path_isinstance.TestPathInheritance" name="test_purepath_not_isinstance_windows_path" time="0.000" /><testcase classname="tests.common.test_path_isinstance.TestPathInheritance" name="test_windows_path_isinstance" time="0.000" /><testcase classname="tests.common.test_path_isinstance.TestPathInheritance" name="test_windows_path_isinstance_path" time="0.001" /><testcase classname="tests.common.test_path_mixed_slash_handling.TestPathlibMixedSlashes" name="test_custom_path_edge_cases_os_specific" time="2.371" /><testcase classname="tests.common.test_path_mixed_slash_handling.TestPathlibMixedSlashes" name="test_custom_path_edge_cases_posix" time="0.001" /><testcase classname="tests.common.test_path_mixed_slash_handling.TestPathlibMixedSlashes" name="test_custom_path_edge_cases_windows" time="0.003" /><testcase classname="tests.common.test_path_mixed_slash_handling.TestPathlibMixedSlashes" name="test_gain_file_access" time="2.091" /><testcase classname="tests.common.test_path_mixed_slash_handling.TestPathlibMixedSlashes" name="test_nt_case_hashing" time="0.002" /><testcase classname="tests.common.test_path_mixed_slash_handling.TestPathlibMixedSlashes" name="test_pathlib_path_edge_cases_os_specific" time="0.002" /><testcase classname="tests.common.test_path_mixed_slash_handling.TestPathlibMixedSlashes" name="test_pathlib_path_edge_cases_posix" time="0.001" /><testcase classname="tests.common.test_path_mixed_slash_handling.TestPathlibMixedSlashes" name="test_pathlib_path_edge_cases_windows" time="0.001" /><testcase classname="tests.common.test_path_mixed_slash_handling.TestPathlibMixedSlashes" name="test_posix_case_hashing" time="0.001" /><testcase classname="tests.common.test_path_mixed_slash_handling.TestPathlibMixedSlashes" name="test_posix_exists_alternatives" time="0.000"><skipped type="pytest.skip" message="Test only supported on POSIX systems.">D:\a\PyKotor\PyKotor\tests\common\test_path_mixed_slash_handling.py:153: Test only supported on POSIX systems.</skipped></testcase><testcase classname="tests.common.test_path_mixed_slash_handling.TestPathlibMixedSlashes" name="test_windows_exists_alternatives_dir" time="0.002" /><testcase classname="tests.common.test_stream.TestBinaryReader" name="test_peek" time="0.001" /><testcase classname="tests.common.test_stream.TestBinaryReader" name="test_position" time="0.000" /><testcase classname="tests.common.test_stream.TestBinaryReader" name="test_read" time="0.001" /><testcase classname="tests.common.test_stream.TestBinaryReader" name="test_remaining" time="0.000" /><testcase classname="tests.common.test_stream.TestBinaryReader" name="test_seek" time="0.000" /><testcase classname="tests.common.test_stream.TestBinaryReader" name="test_size" time="0.000" /><testcase classname="tests.common.test_stream.TestBinaryReader" name="test_skip" time="0.000" /><testcase classname="tests.common.test_stream.TestBinaryReader" name="test_true_size" time="0.001" /><testcase classname="tests.extract.test_capsule.TestCapsule" name="test_erf_capsule" time="0.006" /><testcase classname="tests.extract.test_capsule.TestCapsule" name="test_rim_capsule" time="0.005" /><testcase classname="tests.extract.test_chitin.TestCapsule" name="test_k1_chitin" time="0.001"><skipped type="pytest.skip" message="K1_PATH environment variable is not set or not found on disk.">D:\a\PyKotor\PyKotor\tests\extract\test_chitin.py:38: K1_PATH environment variable is not set or not found on disk.</skipped></testcase><testcase classname="tests.extract.test_chitin.TestCapsule" name="test_k2_chitin" time="0.000"><skipped type="pytest.skip" message="K2_PATH environment variable is not set or not found on disk.">D:\a\PyKotor\PyKotor\tests\extract\test_chitin.py:44: K2_PATH environment variable is not set or not found on disk.</skipped></testcase><testcase classname="tests.extract.test_chitin.TestCapsule" name="test_nwn_chitin" time="0.000"><skipped type="pytest.skip" message="K1_PATH environment variable is not set or not found on disk.">D:\a\PyKotor\PyKotor\tests\extract\test_chitin.py:32: K1_PATH environment variable is not set or not found on disk.</skipped></testcase><testcase classname="tests.extract.test_installation.TestInstallation" name="test_location" time="0.000"><skipped type="pytest.skip" message="K1_PATH environment variable is not set or not found on disk.">D:\a\PyKotor\PyKotor\tests\extract\test_installation.py:180: K1_PATH environment variable is not set or not found on disk.</skipped></testcase><testcase classname="tests.extract.test_installation.TestInstallation" name="test_locations" time="0.000"><skipped type="pytest.skip" message="K1_PATH environment variable is not set or not found on disk.">D:\a\PyKotor\PyKotor\tests\extract\test_installation.py:212: K1_PATH environment variable is not set or not found on disk.</skipped></testcase><testcase classname="tests.extract.test_installation.TestInstallation" name="test_resource" time="0.000"><skipped type="pytest.skip" message="K1_PATH environment variable is not set or not found on disk.">D:\a\PyKotor\PyKotor\tests\extract\test_installation.py:42: K1_PATH environment variable is not set or not found on disk.</skipped></testcase><testcase classname="tests.extract.test_installation.TestInstallation" name="test_resources" time="0.000"><skipped type="pytest.skip" message="K1_PATH environment variable is not set or not found on disk.">D:\a\PyKotor\PyKotor\tests\extract\test_installation.py:81: K1_PATH environment variable is not set or not found on disk.</skipped></testcase><testcase classname="tests.extract.test_installation.TestInstallation" name="test_sounds" time="0.000"><skipped type="pytest.skip" message="K1_PATH environment variable is not set or not found on disk.">D:\a\PyKotor\PyKotor\tests\extract\test_installation.py:346: K1_PATH environment variable is not set or not found on disk.</skipped></testcase><testcase classname="tests.extract.test_installation.TestInstallation" name="test_string" time="0.000"><skipped type="pytest.skip" message="K1_PATH environment variable is not set or not found on disk.">D:\a\PyKotor\PyKotor\tests\extract\test_installation.py:374: K1_PATH environment variable is not set or not found on disk.</skipped></testcase><testcase classname="tests.extract.test_installation.TestInstallation" name="test_strings" time="0.000"><skipped type="pytest.skip" message="K1_PATH environment variable is not set or not found on disk.">D:\a\PyKotor\PyKotor\tests\extract\test_installation.py:389: K1_PATH environment variable is not set or not found on disk.</skipped></testcase><testcase classname="tests.extract.test_installation.TestInstallation" name="test_texture" time="0.000"><skipped type="pytest.skip" message="K1_PATH environment variable is not set or not found on disk.">D:\a\PyKotor\PyKotor\tests\extract\test_installation.py:295: K1_PATH environment variable is not set or not found on disk.</skipped></testcase><testcase classname="tests.extract.test_installation.TestInstallation" name="test_textures" time="0.000"><skipped type="pytest.skip" message="K1_PATH environment variable is not set or not found on disk.">D:\a\PyKotor\PyKotor\tests\extract\test_installation.py:313: K1_PATH environment variable is not set or not found on disk.</skipped></testcase><testcase classname="tests.extract.test_talktable.TestTalkTable" name="test_batch" time="0.001" /><testcase classname="tests.extract.test_talktable.TestTalkTable" name="test_language" time="0.001" /><testcase classname="tests.extract.test_talktable.TestTalkTable" name="test_size" time="0.001" /><testcase classname="tests.extract.test_talktable.TestTalkTable" name="test_string" time="0.001" /><testcase classname="tests.extract.test_talktable.TestTalkTable" name="test_voiceover" time="0.001" /><testcase classname="tests.resource.formats.test_erf.TestERF" name="test_binary_io" time="0.002" /><testcase classname="tests.resource.formats.test_erf.TestERF" name="test_read_raises" time="0.002" /><testcase classname="tests.resource.formats.test_erf.TestERF" name="test_write_raises" time="0.001" /><testcase classname="tests.resource.formats.test_gff.TestGFF" name="test_binary_io" time="0.002" /><testcase classname="tests.resource.formats.test_gff.TestGFF" name="test_read_raises" time="0.006" /><testcase classname="tests.resource.formats.test_gff.TestGFF" name="test_write_raises" time="0.001" /><testcase classname="tests.resource.formats.test_gff.TestGFF" name="test_xml_io" time="0.005" /><testcase classname="tests.resource.formats.test_lip.TestLIP" name="test_binary_io" time="0.002" /><testcase classname="tests.resource.formats.test_lip.TestLIP" name="test_read_raises" time="0.005" /><testcase classname="tests.resource.formats.test_lip.TestLIP" name="test_write_raises" time="0.001" /><testcase classname="tests.resource.formats.test_lip.TestLIP" name="test_xml_io" time="0.001" /><testcase classname="tests.resource.formats.test_lyt.TestLYT" name="test_binary_io" time="0.001" /><testcase classname="tests.resource.formats.test_lyt.TestLYT" name="test_read_raises" time="0.002" /><testcase classname="tests.resource.formats.test_lyt.TestLYT" name="test_write_raises" time="0.001" /><testcase classname="tests.resource.formats.test_ncs_compile_installation.TestCompileInstallation" name="test_k1_bizarre_compiler" time="0.000"><failure message="Assertion with Exception Trace: Exception 'K1_PATH/K2_PATH/NWNNSSCOMP_PATH environment variable is not set or not found on disk.' of type '&lt;class 'Skipped'&gt;' occurred.&#10;Formatted Traceback:&#10;Traceback (most recent call last):&#10;  File &quot;D:\a\PyKotor\PyKotor\.venv_windows-2019_3.10_x86\lib\site-packages\_pytest\unittest.py&quot;, line 254, in addSkip&#10;    raise pytest.skip.Exception(reason, _use_item_location=True)&#10;Skipped: K1_PATH/K2_PATH/NWNNSSCOMP_PATH environment variable is not set or not found on disk.&#10;&#10;Stack Trace Variables:&#10;&#10;Function 'addSkip' at D:\a\PyKotor\PyKotor\.venv_windows-2019_3.10_x86\lib\site-packages\_pytest\unittest.py:254:&#10;  self = &lt;TestCaseFunction test_k1_bizarre_compiler&gt;&#10;  testcase = &lt;resource.formats.test_ncs_compile_installation.TestCompileInstallation testMethod=test_k1_bizarre_compiler&gt;&#10;  reason = 'K1_PATH/K2_PATH/NWNNSSCOMP_PATH environment variable is not set or not found on disk.'">Assertion with Exception Trace: Exception 'K1_PATH/K2_PATH/NWNNSSCOMP_PATH environment variable is not set or not found on disk.' of type '&lt;class 'Skipped'&gt;' occurred.
Formatted Traceback:
Traceback (most recent call last):
  File "D:\a\PyKotor\PyKotor\.venv_windows-2019_3.10_x86\lib\site-packages\_pytest\unittest.py", line 254, in addSkip
    raise pytest.skip.Exception(reason, _use_item_location=True)
Skipped: K1_PATH/K2_PATH/NWNNSSCOMP_PATH environment variable is not set or not found on disk.

Stack Trace Variables:

Function 'addSkip' at D:\a\PyKotor\PyKotor\.venv_windows-2019_3.10_x86\lib\site-packages\_pytest\unittest.py:254:
  self = &lt;TestCaseFunction test_k1_bizarre_compiler&gt;
  testcase = &lt;resource.formats.test_ncs_compile_installation.TestCompileInstallation testMethod=test_k1_bizarre_compiler&gt;
  reason = 'K1_PATH/K2_PATH/NWNNSSCOMP_PATH environment variable is not set or not found on disk.'</failure></testcase><testcase classname="tests.resource.formats.test_ncs_compile_installation.TestCompileInstallation" name="test_k1_compile_nss" time="0.000"><failure message="Assertion with Exception Trace: Exception 'K1_PATH/K2_PATH/NWNNSSCOMP_PATH environment variable is not set or not found on disk.' of type '&lt;class 'Skipped'&gt;' occurred.&#10;Formatted Traceback:&#10;Traceback (most recent call last):&#10;  File &quot;D:\a\PyKotor\PyKotor\.venv_windows-2019_3.10_x86\lib\site-packages\_pytest\unittest.py&quot;, line 254, in addSkip&#10;    raise pytest.skip.Exception(reason, _use_item_location=True)&#10;Skipped: K1_PATH/K2_PATH/NWNNSSCOMP_PATH environment variable is not set or not found on disk.&#10;&#10;Stack Trace Variables:&#10;&#10;Function 'addSkip' at D:\a\PyKotor\PyKotor\.venv_windows-2019_3.10_x86\lib\site-packages\_pytest\unittest.py:254:&#10;  self = &lt;TestCaseFunction test_k1_compile_nss&gt;&#10;  testcase = &lt;resource.formats.test_ncs_compile_installation.TestCompileInstallation testMethod=test_k1_compile_nss&gt;&#10;  reason = 'K1_PATH/K2_PATH/NWNNSSCOMP_PATH environment variable is not set or not found on disk.'">Assertion with Exception Trace: Exception 'K1_PATH/K2_PATH/NWNNSSCOMP_PATH environment variable is not set or not found on disk.' of type '&lt;class 'Skipped'&gt;' occurred.
Formatted Traceback:
Traceback (most recent call last):
  File "D:\a\PyKotor\PyKotor\.venv_windows-2019_3.10_x86\lib\site-packages\_pytest\unittest.py", line 254, in addSkip
    raise pytest.skip.Exception(reason, _use_item_location=True)
Skipped: K1_PATH/K2_PATH/NWNNSSCOMP_PATH environment variable is not set or not found on disk.

Stack Trace Variables:

Function 'addSkip' at D:\a\PyKotor\PyKotor\.venv_windows-2019_3.10_x86\lib\site-packages\_pytest\unittest.py:254:
  self = &lt;TestCaseFunction test_k1_compile_nss&gt;
  testcase = &lt;resource.formats.test_ncs_compile_installation.TestCompileInstallation testMethod=test_k1_compile_nss&gt;
  reason = 'K1_PATH/K2_PATH/NWNNSSCOMP_PATH environment variable is not set or not found on disk.'</failure></testcase><testcase classname="tests.resource.formats.test_ncs_compile_installation.TestCompileInstallation" name="test_k1_inbuilt_compiler" time="0.000"><failure message="Assertion with Exception Trace: Exception 'K1_PATH/K2_PATH/NWNNSSCOMP_PATH environment variable is not set or not found on disk.' of type '&lt;class 'Skipped'&gt;' occurred.&#10;Formatted Traceback:&#10;Traceback (most recent call last):&#10;  File &quot;D:\a\PyKotor\PyKotor\.venv_windows-2019_3.10_x86\lib\site-packages\_pytest\unittest.py&quot;, line 254, in addSkip&#10;    raise pytest.skip.Exception(reason, _use_item_location=True)&#10;Skipped: K1_PATH/K2_PATH/NWNNSSCOMP_PATH environment variable is not set or not found on disk.&#10;&#10;Stack Trace Variables:&#10;&#10;Function 'addSkip' at D:\a\PyKotor\PyKotor\.venv_windows-2019_3.10_x86\lib\site-packages\_pytest\unittest.py:254:&#10;  self = &lt;TestCaseFunction test_k1_inbuilt_compiler&gt;&#10;  testcase = &lt;resource.formats.test_ncs_compile_installation.TestCompileInstallation testMethod=test_k1_inbuilt_compiler&gt;&#10;  reason = 'K1_PATH/K2_PATH/NWNNSSCOMP_PATH environment variable is not set or not found on disk.'">Assertion with Exception Trace: Exception 'K1_PATH/K2_PATH/NWNNSSCOMP_PATH environment variable is not set or not found on disk.' of type '&lt;class 'Skipped'&gt;' occurred.
Formatted Traceback:
Traceback (most recent call last):
  File "D:\a\PyKotor\PyKotor\.venv_windows-2019_3.10_x86\lib\site-packages\_pytest\unittest.py", line 254, in addSkip
    raise pytest.skip.Exception(reason, _use_item_location=True)
Skipped: K1_PATH/K2_PATH/NWNNSSCOMP_PATH environment variable is not set or not found on disk.

Stack Trace Variables:

Function 'addSkip' at D:\a\PyKotor\PyKotor\.venv_windows-2019_3.10_x86\lib\site-packages\_pytest\unittest.py:254:
  self = &lt;TestCaseFunction test_k1_inbuilt_compiler&gt;
  testcase = &lt;resource.formats.test_ncs_compile_installation.TestCompileInstallation testMethod=test_k1_inbuilt_compiler&gt;
  reason = 'K1_PATH/K2_PATH/NWNNSSCOMP_PATH environment variable is not set or not found on disk.'</failure></testcase><testcase classname="tests.resource.formats.test_ncs_compile_installation.TestCompileInstallation" name="test_k1_nwnnsscomp_compiles" time="0.000"><failure message="Assertion with Exception Trace: Exception 'K1_PATH/K2_PATH/NWNNSSCOMP_PATH environment variable is not set or not found on disk.' of type '&lt;class 'Skipped'&gt;' occurred.&#10;Formatted Traceback:&#10;Traceback (most recent call last):&#10;  File &quot;D:\a\PyKotor\PyKotor\.venv_windows-2019_3.10_x86\lib\site-packages\_pytest\unittest.py&quot;, line 254, in addSkip&#10;    raise pytest.skip.Exception(reason, _use_item_location=True)&#10;Skipped: K1_PATH/K2_PATH/NWNNSSCOMP_PATH environment variable is not set or not found on disk.&#10;&#10;Stack Trace Variables:&#10;&#10;Function 'addSkip' at D:\a\PyKotor\PyKotor\.venv_windows-2019_3.10_x86\lib\site-packages\_pytest\unittest.py:254:&#10;  self = &lt;TestCaseFunction test_k1_nwnnsscomp_compiles&gt;&#10;  testcase = &lt;resource.formats.test_ncs_compile_installation.TestCompileInstallation testMethod=test_k1_nwnnsscomp_compiles&gt;&#10;  reason = 'K1_PATH/K2_PATH/NWNNSSCOMP_PATH environment variable is not set or not found on disk.'">Assertion with Exception Trace: Exception 'K1_PATH/K2_PATH/NWNNSSCOMP_PATH environment variable is not set or not found on disk.' of type '&lt;class 'Skipped'&gt;' occurred.
Formatted Traceback:
Traceback (most recent call last):
  File "D:\a\PyKotor\PyKotor\.venv_windows-2019_3.10_x86\lib\site-packages\_pytest\unittest.py", line 254, in addSkip
    raise pytest.skip.Exception(reason, _use_item_location=True)
Skipped: K1_PATH/K2_PATH/NWNNSSCOMP_PATH environment variable is not set or not found on disk.

Stack Trace Variables:

Function 'addSkip' at D:\a\PyKotor\PyKotor\.venv_windows-2019_3.10_x86\lib\site-packages\_pytest\unittest.py:254:
  self = &lt;TestCaseFunction test_k1_nwnnsscomp_compiles&gt;
  testcase = &lt;resource.formats.test_ncs_compile_installation.TestCompileInstallation testMethod=test_k1_nwnnsscomp_compiles&gt;
  reason = 'K1_PATH/K2_PATH/NWNNSSCOMP_PATH environment variable is not set or not found on disk.'</failure></testcase><testcase classname="tests.resource.formats.test_ncs_compile_installation.TestCompileInstallation" name="test_k2_bizarre_compiler" time="0.000"><failure message="Assertion with Exception Trace: Exception 'K1_PATH/K2_PATH/NWNNSSCOMP_PATH environment variable is not set or not found on disk.' of type '&lt;class 'Skipped'&gt;' occurred.&#10;Formatted Traceback:&#10;Traceback (most recent call last):&#10;  File &quot;D:\a\PyKotor\PyKotor\.venv_windows-2019_3.10_x86\lib\site-packages\_pytest\unittest.py&quot;, line 254, in addSkip&#10;    raise pytest.skip.Exception(reason, _use_item_location=True)&#10;Skipped: K1_PATH/K2_PATH/NWNNSSCOMP_PATH environment variable is not set or not found on disk.&#10;&#10;Stack Trace Variables:&#10;&#10;Function 'addSkip' at D:\a\PyKotor\PyKotor\.venv_windows-2019_3.10_x86\lib\site-packages\_pytest\unittest.py:254:&#10;  self = &lt;TestCaseFunction test_k2_bizarre_compiler&gt;&#10;  testcase = &lt;resource.formats.test_ncs_compile_installation.TestCompileInstallation testMethod=test_k2_bizarre_compiler&gt;&#10;  reason = 'K1_PATH/K2_PATH/NWNNSSCOMP_PATH environment variable is not set or not found on disk.'">Assertion with Exception Trace: Exception 'K1_PATH/K2_PATH/NWNNSSCOMP_PATH environment variable is not set or not found on disk.' of type '&lt;class 'Skipped'&gt;' occurred.
Formatted Traceback:
Traceback (most recent call last):
  File "D:\a\PyKotor\PyKotor\.venv_windows-2019_3.10_x86\lib\site-packages\_pytest\unittest.py", line 254, in addSkip
    raise pytest.skip.Exception(reason, _use_item_location=True)
Skipped: K1_PATH/K2_PATH/NWNNSSCOMP_PATH environment variable is not set or not found on disk.

Stack Trace Variables:

Function 'addSkip' at D:\a\PyKotor\PyKotor\.venv_windows-2019_3.10_x86\lib\site-packages\_pytest\unittest.py:254:
  self = &lt;TestCaseFunction test_k2_bizarre_compiler&gt;
  testcase = &lt;resource.formats.test_ncs_compile_installation.TestCompileInstallation testMethod=test_k2_bizarre_compiler&gt;
  reason = 'K1_PATH/K2_PATH/NWNNSSCOMP_PATH environment variable is not set or not found on disk.'</failure></testcase><testcase classname="tests.resource.formats.test_ncs_compile_installation.TestCompileInstallation" name="test_k2_compile_nss" time="0.000"><failure message="Assertion with Exception Trace: Exception 'K1_PATH/K2_PATH/NWNNSSCOMP_PATH environment variable is not set or not found on disk.' of type '&lt;class 'Skipped'&gt;' occurred.&#10;Formatted Traceback:&#10;Traceback (most recent call last):&#10;  File &quot;D:\a\PyKotor\PyKotor\.venv_windows-2019_3.10_x86\lib\site-packages\_pytest\unittest.py&quot;, line 254, in addSkip&#10;    raise pytest.skip.Exception(reason, _use_item_location=True)&#10;Skipped: K1_PATH/K2_PATH/NWNNSSCOMP_PATH environment variable is not set or not found on disk.&#10;&#10;Stack Trace Variables:&#10;&#10;Function 'addSkip' at D:\a\PyKotor\PyKotor\.venv_windows-2019_3.10_x86\lib\site-packages\_pytest\unittest.py:254:&#10;  self = &lt;TestCaseFunction test_k2_compile_nss&gt;&#10;  testcase = &lt;resource.formats.test_ncs_compile_installation.TestCompileInstallation testMethod=test_k2_compile_nss&gt;&#10;  reason = 'K1_PATH/K2_PATH/NWNNSSCOMP_PATH environment variable is not set or not found on disk.'">Assertion with Exception Trace: Exception 'K1_PATH/K2_PATH/NWNNSSCOMP_PATH environment variable is not set or not found on disk.' of type '&lt;class 'Skipped'&gt;' occurred.
Formatted Traceback:
Traceback (most recent call last):
  File "D:\a\PyKotor\PyKotor\.venv_windows-2019_3.10_x86\lib\site-packages\_pytest\unittest.py", line 254, in addSkip
    raise pytest.skip.Exception(reason, _use_item_location=True)
Skipped: K1_PATH/K2_PATH/NWNNSSCOMP_PATH environment variable is not set or not found on disk.

Stack Trace Variables:

Function 'addSkip' at D:\a\PyKotor\PyKotor\.venv_windows-2019_3.10_x86\lib\site-packages\_pytest\unittest.py:254:
  self = &lt;TestCaseFunction test_k2_compile_nss&gt;
  testcase = &lt;resource.formats.test_ncs_compile_installation.TestCompileInstallation testMethod=test_k2_compile_nss&gt;
  reason = 'K1_PATH/K2_PATH/NWNNSSCOMP_PATH environment variable is not set or not found on disk.'</failure></testcase><testcase classname="tests.resource.formats.test_ncs_compile_installation.TestCompileInstallation" name="test_k2_inbuilt_compiler" time="0.000"><failure message="Assertion with Exception Trace: Exception 'K1_PATH/K2_PATH/NWNNSSCOMP_PATH environment variable is not set or not found on disk.' of type '&lt;class 'Skipped'&gt;' occurred.&#10;Formatted Traceback:&#10;Traceback (most recent call last):&#10;  File &quot;D:\a\PyKotor\PyKotor\.venv_windows-2019_3.10_x86\lib\site-packages\_pytest\unittest.py&quot;, line 254, in addSkip&#10;    raise pytest.skip.Exception(reason, _use_item_location=True)&#10;Skipped: K1_PATH/K2_PATH/NWNNSSCOMP_PATH environment variable is not set or not found on disk.&#10;&#10;Stack Trace Variables:&#10;&#10;Function 'addSkip' at D:\a\PyKotor\PyKotor\.venv_windows-2019_3.10_x86\lib\site-packages\_pytest\unittest.py:254:&#10;  self = &lt;TestCaseFunction test_k2_inbuilt_compiler&gt;&#10;  testcase = &lt;resource.formats.test_ncs_compile_installation.TestCompileInstallation testMethod=test_k2_inbuilt_compiler&gt;&#10;  reason = 'K1_PATH/K2_PATH/NWNNSSCOMP_PATH environment variable is not set or not found on disk.'">Assertion with Exception Trace: Exception 'K1_PATH/K2_PATH/NWNNSSCOMP_PATH environment variable is not set or not found on disk.' of type '&lt;class 'Skipped'&gt;' occurred.
Formatted Traceback:
Traceback (most recent call last):
  File "D:\a\PyKotor\PyKotor\.venv_windows-2019_3.10_x86\lib\site-packages\_pytest\unittest.py", line 254, in addSkip
    raise pytest.skip.Exception(reason, _use_item_location=True)
Skipped: K1_PATH/K2_PATH/NWNNSSCOMP_PATH environment variable is not set or not found on disk.

Stack Trace Variables:

Function 'addSkip' at D:\a\PyKotor\PyKotor\.venv_windows-2019_3.10_x86\lib\site-packages\_pytest\unittest.py:254:
  self = &lt;TestCaseFunction test_k2_inbuilt_compiler&gt;
  testcase = &lt;resource.formats.test_ncs_compile_installation.TestCompileInstallation testMethod=test_k2_inbuilt_compiler&gt;
  reason = 'K1_PATH/K2_PATH/NWNNSSCOMP_PATH environment variable is not set or not found on disk.'</failure></testcase><testcase classname="tests.resource.formats.test_ncs_compile_installation.TestCompileInstallation" name="test_k2_nwnnsscomp_compiles" time="0.000"><failure message="Assertion with Exception Trace: Exception 'K1_PATH/K2_PATH/NWNNSSCOMP_PATH environment variable is not set or not found on disk.' of type '&lt;class 'Skipped'&gt;' occurred.&#10;Formatted Traceback:&#10;Traceback (most recent call last):&#10;  File &quot;D:\a\PyKotor\PyKotor\.venv_windows-2019_3.10_x86\lib\site-packages\_pytest\unittest.py&quot;, line 254, in addSkip&#10;    raise pytest.skip.Exception(reason, _use_item_location=True)&#10;Skipped: K1_PATH/K2_PATH/NWNNSSCOMP_PATH environment variable is not set or not found on disk.&#10;&#10;Stack Trace Variables:&#10;&#10;Function 'addSkip' at D:\a\PyKotor\PyKotor\.venv_windows-2019_3.10_x86\lib\site-packages\_pytest\unittest.py:254:&#10;  self = &lt;TestCaseFunction test_k2_nwnnsscomp_compiles&gt;&#10;  testcase = &lt;resource.formats.test_ncs_compile_installation.TestCompileInstallation testMethod=test_k2_nwnnsscomp_compiles&gt;&#10;  reason = 'K1_PATH/K2_PATH/NWNNSSCOMP_PATH environment variable is not set or not found on disk.'">Assertion with Exception Trace: Exception 'K1_PATH/K2_PATH/NWNNSSCOMP_PATH environment variable is not set or not found on disk.' of type '&lt;class 'Skipped'&gt;' occurred.
Formatted Traceback:
Traceback (most recent call last):
  File "D:\a\PyKotor\PyKotor\.venv_windows-2019_3.10_x86\lib\site-packages\_pytest\unittest.py", line 254, in addSkip
    raise pytest.skip.Exception(reason, _use_item_location=True)
Skipped: K1_PATH/K2_PATH/NWNNSSCOMP_PATH environment variable is not set or not found on disk.

Stack Trace Variables:

Function 'addSkip' at D:\a\PyKotor\PyKotor\.venv_windows-2019_3.10_x86\lib\site-packages\_pytest\unittest.py:254:
  self = &lt;TestCaseFunction test_k2_nwnnsscomp_compiles&gt;
  testcase = &lt;resource.formats.test_ncs_compile_installation.TestCompileInstallation testMethod=test_k2_nwnnsscomp_compiles&gt;
  reason = 'K1_PATH/K2_PATH/NWNNSSCOMP_PATH environment variable is not set or not found on disk.'</failure></testcase><testcase classname="tests.resource.formats.test_ncs_compiler.TestNSSCompiler" name="test_addition_assignment_float_float" time="0.039" /><testcase classname="tests.resource.formats.test_ncs_compiler.TestNSSCompiler" name="test_addition_assignment_float_int" time="0.003" /><testcase classname="tests.resource.formats.test_ncs_compiler.TestNSSCompiler" name="test_addition_assignment_int_float" time="0.003" /><testcase classname="tests.resource.formats.test_ncs_compiler.TestNSSCompiler" name="test_addition_assignment_int_int" time="0.003" /><testcase classname="tests.resource.formats.test_ncs_compiler.TestNSSCompiler" name="test_addition_assignment_string_string" time="0.004" /><testcase classname="tests.resource.formats.test_ncs_compiler.TestNSSCompiler" name="test_addop_float_float" time="0.003" /><testcase classname="tests.resource.formats.test_ncs_compiler.TestNSSCompiler" name="test_addop_int_int" time="0.003" /><testcase classname="tests.resource.formats.test_ncs_compiler.TestNSSCompiler" name="test_addop_string_string" time="0.003" /><testcase classname="tests.resource.formats.test_ncs_compiler.TestNSSCompiler" name="test_assignment" time="0.003" /><testcase classname="tests.resource.formats.test_ncs_compiler.TestNSSCompiler" name="test_assignment_complex" time="0.003" /><testcase classname="tests.resource.formats.test_ncs_compiler.TestNSSCompiler" name="test_assignment_string_constant" time="0.003" /><testcase classname="tests.resource.formats.test_ncs_compiler.TestNSSCompiler" name="test_assignment_string_enginecall" time="0.003" /><testcase classname="tests.resource.formats.test_ncs_compiler.TestNSSCompiler" name="test_assignmentless_expression" time="0.003" /><testcase classname="tests.resource.formats.test_ncs_compiler.TestNSSCompiler" name="test_bidmas" time="0.004" /><testcase classname="tests.resource.formats.test_ncs_compiler.TestNSSCompiler" name="test_bitwise_and_op" time="0.003" /><testcase classname="tests.resource.formats.test_ncs_compiler.TestNSSCompiler" name="test_bitwise_not_int" time="0.003" /><testcase classname="tests.resource.formats.test_ncs_compiler.TestNSSCompiler" name="test_bitwise_or_op" time="0.003" /><testcase classname="tests.resource.formats.test_ncs_compiler.TestNSSCompiler" name="test_bitwise_shiftleft_op" time="0.003" /><testcase classname="tests.resource.formats.test_ncs_compiler.TestNSSCompiler" name="test_bitwise_shiftright_op" time="0.003" /><testcase classname="tests.resource.formats.test_ncs_compiler.TestNSSCompiler" name="test_bitwise_xor_op" time="0.004" /><testcase classname="tests.resource.formats.test_ncs_compiler.TestNSSCompiler" name="test_call_int_with_no_args" time="0.004" /><testcase classname="tests.resource.formats.test_ncs_compiler.TestNSSCompiler" name="test_call_int_with_no_args_and_forward_declared" time="0.003" /><testcase classname="tests.resource.formats.test_ncs_compiler.TestNSSCompiler" name="test_call_param_mismatch" time="0.003" /><testcase classname="tests.resource.formats.test_ncs_compiler.TestNSSCompiler" name="test_call_undefined" time="0.003" /><testcase classname="tests.resource.formats.test_ncs_compiler.TestNSSCompiler" name="test_call_void_with_no_args" time="0.003" /><testcase classname="tests.resource.formats.test_ncs_compiler.TestNSSCompiler" name="test_call_void_with_one_arg" time="0.003" /><testcase classname="tests.resource.formats.test_ncs_compiler.TestNSSCompiler" name="test_call_void_with_two_args" time="0.004" /><testcase classname="tests.resource.formats.test_ncs_compiler.TestNSSCompiler" name="test_comment" time="0.003" /><testcase classname="tests.resource.formats.test_ncs_compiler.TestNSSCompiler" name="test_compare_greaterthan_op" time="0.004" /><testcase classname="tests.resource.formats.test_ncs_compiler.TestNSSCompiler" name="test_compare_greaterthanorequal_op" time="0.004" /><testcase classname="tests.resource.formats.test_ncs_compiler.TestNSSCompiler" name="test_compare_lessthan_op" time="0.004" /><testcase classname="tests.resource.formats.test_ncs_compiler.TestNSSCompiler" name="test_compare_lessthanorequal_op" time="0.004" /><testcase classname="tests.resource.formats.test_ncs_compiler.TestNSSCompiler" name="test_declaration_float" time="0.003" /><testcase classname="tests.resource.formats.test_ncs_compiler.TestNSSCompiler" name="test_declaration_int" time="0.003" /><testcase classname="tests.resource.formats.test_ncs_compiler.TestNSSCompiler" name="test_declaration_string" time="0.004" /><testcase classname="tests.resource.formats.test_ncs_compiler.TestNSSCompiler" name="test_division_assignment" time="0.005" /><testcase classname="tests.resource.formats.test_ncs_compiler.TestNSSCompiler" name="test_divop_float_float" time="0.005" /><testcase classname="tests.resource.formats.test_ncs_compiler.TestNSSCompiler" name="test_divop_int_int" time="0.003" /><testcase classname="tests.resource.formats.test_ncs_compiler.TestNSSCompiler" name="test_do_while_loop" time="0.004" /><testcase classname="tests.resource.formats.test_ncs_compiler.TestNSSCompiler" name="test_do_while_loop_scope" time="0.004" /><testcase classname="tests.resource.formats.test_ncs_compiler.TestNSSCompiler" name="test_do_while_loop_with_break" time="0.004" /><testcase classname="tests.resource.formats.test_ncs_compiler.TestNSSCompiler" name="test_do_while_loop_with_continue" time="0.004" /><testcase classname="tests.resource.formats.test_ncs_compiler.TestNSSCompiler" name="test_double_prototype" time="0.003" /><testcase classname="tests.resource.formats.test_ncs_compiler.TestNSSCompiler" name="test_enginecall" time="0.003" /><testcase classname="tests.resource.formats.test_ncs_compiler.TestNSSCompiler" name="test_enginecall_GetFactionEqual" time="0.003" /><testcase classname="tests.resource.formats.test_ncs_compiler.TestNSSCompiler" name="test_enginecall_GetFirstObjectInShape_defaults" time="0.004" /><testcase classname="tests.resource.formats.test_ncs_compiler.TestNSSCompiler" name="test_enginecall_delay_command_1" time="0.003" /><testcase classname="tests.resource.formats.test_ncs_compiler.TestNSSCompiler" name="test_enginecall_return_value" time="0.003" /><testcase classname="tests.resource.formats.test_ncs_compiler.TestNSSCompiler" name="test_enginecall_with_default_params" time="0.003" /><testcase classname="tests.resource.formats.test_ncs_compiler.TestNSSCompiler" name="test_enginecall_with_missing_params" time="0.004" /><testcase classname="tests.resource.formats.test_ncs_compiler.TestNSSCompiler" name="test_enginecall_with_params" time="0.003" /><testcase classname="tests.resource.formats.test_ncs_compiler.TestNSSCompiler" name="test_enginecall_with_too_many_params" time="0.003" /><testcase classname="tests.resource.formats.test_ncs_compiler.TestNSSCompiler" name="test_float_notations" time="0.004" /><testcase classname="tests.resource.formats.test_ncs_compiler.TestNSSCompiler" name="test_for_loop" time="0.004" /><testcase classname="tests.resource.formats.test_ncs_compiler.TestNSSCompiler" name="test_for_loop_scope" time="0.004" /><testcase classname="tests.resource.formats.test_ncs_compiler.TestNSSCompiler" name="test_for_loop_with_break" time="0.003" /><testcase classname="tests.resource.formats.test_ncs_compiler.TestNSSCompiler" name="test_for_loop_with_continue" time="0.004" /><testcase classname="tests.resource.formats.test_ncs_compiler.TestNSSCompiler" name="test_global_declarations" time="0.003" /><testcase classname="tests.resource.formats.test_ncs_compiler.TestNSSCompiler" name="test_global_initialization_with_unary" time="0.003" /><testcase classname="tests.resource.formats.test_ncs_compiler.TestNSSCompiler" name="test_global_initializations" time="0.004" /><testcase classname="tests.resource.formats.test_ncs_compiler.TestNSSCompiler" name="test_global_int_addition_assignment" time="0.004" /><testcase classname="tests.resource.formats.test_ncs_compiler.TestNSSCompiler" name="test_global_int_division_assignment" time="0.004" /><testcase classname="tests.resource.formats.test_ncs_compiler.TestNSSCompiler" name="test_global_int_multiplication_assignment" time="0.004" /><testcase classname="tests.resource.formats.test_ncs_compiler.TestNSSCompiler" name="test_global_int_subtraction_assignment" time="0.005" /><testcase classname="tests.resource.formats.test_ncs_compiler.TestNSSCompiler" name="test_if" time="0.003" /><testcase classname="tests.resource.formats.test_ncs_compiler.TestNSSCompiler" name="test_if_else" time="0.003" /><testcase classname="tests.resource.formats.test_ncs_compiler.TestNSSCompiler" name="test_if_else_if" time="0.004" /><testcase classname="tests.resource.formats.test_ncs_compiler.TestNSSCompiler" name="test_if_else_if_else" time="0.005" /><testcase classname="tests.resource.formats.test_ncs_compiler.TestNSSCompiler" name="test_if_multiple_conditions" time="0.003" /><testcase classname="tests.resource.formats.test_ncs_compiler.TestNSSCompiler" name="test_imported_global_variable" time="0.004" /><testcase classname="tests.resource.formats.test_ncs_compiler.TestNSSCompiler" name="test_include_builtin" time="0.004" /><testcase classname="tests.resource.formats.test_ncs_compiler.TestNSSCompiler" name="test_include_lookup" time="0.005" /><testcase classname="tests.resource.formats.test_ncs_compiler.TestNSSCompiler" name="test_int_parenthesis_declaration" time="0.003" /><testcase classname="tests.resource.formats.test_ncs_compiler.TestNSSCompiler" name="test_local_declarations" time="0.003" /><testcase classname="tests.resource.formats.test_ncs_compiler.TestNSSCompiler" name="test_logical_and_op" time="0.003" /><testcase classname="tests.resource.formats.test_ncs_compiler.TestNSSCompiler" name="test_logical_equals" time="0.003" /><testcase classname="tests.resource.formats.test_ncs_compiler.TestNSSCompiler" name="test_logical_notequals_op" time="0.004" /><testcase classname="tests.resource.formats.test_ncs_compiler.TestNSSCompiler" name="test_logical_or_op" time="0.003" /><testcase classname="tests.resource.formats.test_ncs_compiler.TestNSSCompiler" name="test_missing_include" time="0.003" /><testcase classname="tests.resource.formats.test_ncs_compiler.TestNSSCompiler" name="test_modop_int_int" time="0.003" /><testcase classname="tests.resource.formats.test_ncs_compiler.TestNSSCompiler" name="test_mulop_float_float" time="0.003" /><testcase classname="tests.resource.formats.test_ncs_compiler.TestNSSCompiler" name="test_mulop_int_int" time="0.003" /><testcase classname="tests.resource.formats.test_ncs_compiler.TestNSSCompiler" name="test_multi_declarations" time="0.004" /><testcase classname="tests.resource.formats.test_ncs_compiler.TestNSSCompiler" name="test_multiline_comment" time="0.003" /><testcase classname="tests.resource.formats.test_ncs_compiler.TestNSSCompiler" name="test_multiplication_assignment" time="0.003" /><testcase classname="tests.resource.formats.test_ncs_compiler.TestNSSCompiler" name="test_negop_float" time="0.003" /><testcase classname="tests.resource.formats.test_ncs_compiler.TestNSSCompiler" name="test_negop_int" time="0.003" /><testcase classname="tests.resource.formats.test_ncs_compiler.TestNSSCompiler" name="test_nested_include" time="0.005" /><testcase classname="tests.resource.formats.test_ncs_compiler.TestNSSCompiler" name="test_not_op" time="0.003" /><testcase classname="tests.resource.formats.test_ncs_compiler.TestNSSCompiler" name="test_op_with_variables" time="0.005" /><testcase classname="tests.resource.formats.test_ncs_compiler.TestNSSCompiler" name="test_postfix_decrement_bp_int" time="0.003" /><testcase classname="tests.resource.formats.test_ncs_compiler.TestNSSCompiler" name="test_postfix_decrement_sp_int" time="0.003" /><testcase classname="tests.resource.formats.test_ncs_compiler.TestNSSCompiler" name="test_postfix_increment_bp_int" time="0.003" /><testcase classname="tests.resource.formats.test_ncs_compiler.TestNSSCompiler" name="test_postfix_increment_sp_int" time="0.003" /><testcase classname="tests.resource.formats.test_ncs_compiler.TestNSSCompiler" name="test_prefix_decrement_bp_int" time="0.003" /><testcase classname="tests.resource.formats.test_ncs_compiler.TestNSSCompiler" name="test_prefix_decrement_sp_int" time="0.003" /><testcase classname="tests.resource.formats.test_ncs_compiler.TestNSSCompiler" name="test_prefix_increment_bp_int" time="0.003" /><testcase classname="tests.resource.formats.test_ncs_compiler.TestNSSCompiler" name="test_prefix_increment_sp_int" time="0.003" /><testcase classname="tests.resource.formats.test_ncs_compiler.TestNSSCompiler" name="test_prototype_after_definition" time="0.003" /><testcase classname="tests.resource.formats.test_ncs_compiler.TestNSSCompiler" name="test_prototype_and_definition_default_param_mismatch" time="0.001" /><testcase classname="tests.resource.formats.test_ncs_compiler.TestNSSCompiler" name="test_prototype_and_definition_param_mismatch" time="0.003" /><testcase classname="tests.resource.formats.test_ncs_compiler.TestNSSCompiler" name="test_prototype_and_definition_return_mismatch" time="0.002" /><testcase classname="tests.resource.formats.test_ncs_compiler.TestNSSCompiler" name="test_prototype_default_before_required" time="0.003" /><testcase classname="tests.resource.formats.test_ncs_compiler.TestNSSCompiler" name="test_prototype_missing_arg" time="0.003" /><testcase classname="tests.resource.formats.test_ncs_compiler.TestNSSCompiler" name="test_prototype_missing_arg_and_default" time="0.003" /><testcase classname="tests.resource.formats.test_ncs_compiler.TestNSSCompiler" name="test_prototype_no_args" time="0.004" /><testcase classname="tests.resource.formats.test_ncs_compiler.TestNSSCompiler" name="test_prototype_with_arg" time="0.022" /><testcase classname="tests.resource.formats.test_ncs_compiler.TestNSSCompiler" name="test_prototype_with_default_arg" time="0.004" /><testcase classname="tests.resource.formats.test_ncs_compiler.TestNSSCompiler" name="test_prototype_with_default_constant_arg" time="0.003" /><testcase classname="tests.resource.formats.test_ncs_compiler.TestNSSCompiler" name="test_prototype_with_many_args" time="0.005" /><testcase classname="tests.resource.formats.test_ncs_compiler.TestNSSCompiler" name="test_prototype_with_three_args" time="0.005" /><testcase classname="tests.resource.formats.test_ncs_compiler.TestNSSCompiler" name="test_redefine_function" time="0.003" /><testcase classname="tests.resource.formats.test_ncs_compiler.TestNSSCompiler" name="test_return" time="0.004" /><testcase classname="tests.resource.formats.test_ncs_compiler.TestNSSCompiler" name="test_return_parenthesis" time="0.004" /><testcase classname="tests.resource.formats.test_ncs_compiler.TestNSSCompiler" name="test_return_parenthesis_constant" time="0.004" /><testcase classname="tests.resource.formats.test_ncs_compiler.TestNSSCompiler" name="test_scope" time="0.003" /><testcase classname="tests.resource.formats.test_ncs_compiler.TestNSSCompiler" name="test_scoped_block" time="0.003" /><testcase classname="tests.resource.formats.test_ncs_compiler.TestNSSCompiler" name="test_single_statement_else_if_else" time="0.003" /><testcase classname="tests.resource.formats.test_ncs_compiler.TestNSSCompiler" name="test_single_statement_if" time="0.003" /><testcase classname="tests.resource.formats.test_ncs_compiler.TestNSSCompiler" name="test_struct_get_invalid_member" time="0.004" /><testcase classname="tests.resource.formats.test_ncs_compiler.TestNSSCompiler" name="test_struct_get_members" time="0.003" /><testcase classname="tests.resource.formats.test_ncs_compiler.TestNSSCompiler" name="test_struct_set_members" time="0.004" /><testcase classname="tests.resource.formats.test_ncs_compiler.TestNSSCompiler" name="test_subop_float_float" time="0.003" /><testcase classname="tests.resource.formats.test_ncs_compiler.TestNSSCompiler" name="test_subop_int_int" time="0.003" /><testcase classname="tests.resource.formats.test_ncs_compiler.TestNSSCompiler" name="test_subtraction_assignment_float_float" time="0.003" /><testcase classname="tests.resource.formats.test_ncs_compiler.TestNSSCompiler" name="test_subtraction_assignment_float_int" time="0.003" /><testcase classname="tests.resource.formats.test_ncs_compiler.TestNSSCompiler" name="test_subtraction_assignment_int_float" time="0.003" /><testcase classname="tests.resource.formats.test_ncs_compiler.TestNSSCompiler" name="test_subtraction_assignment_int_int" time="0.003" /><testcase classname="tests.resource.formats.test_ncs_compiler.TestNSSCompiler" name="test_switch_jump_over" time="0.003" /><testcase classname="tests.resource.formats.test_ncs_compiler.TestNSSCompiler" name="test_switch_no_breaks" time="0.003" /><testcase classname="tests.resource.formats.test_ncs_compiler.TestNSSCompiler" name="test_switch_scope_a" time="0.005" /><testcase classname="tests.resource.formats.test_ncs_compiler.TestNSSCompiler" name="test_switch_scope_b" time="0.007" /><testcase classname="tests.resource.formats.test_ncs_compiler.TestNSSCompiler" name="test_switch_scoped_blocks" time="0.004" /><testcase classname="tests.resource.formats.test_ncs_compiler.TestNSSCompiler" name="test_switch_with_breaks" time="0.005" /><testcase classname="tests.resource.formats.test_ncs_compiler.TestNSSCompiler" name="test_switch_with_default" time="0.004" /><testcase classname="tests.resource.formats.test_ncs_compiler.TestNSSCompiler" name="test_vector" time="0.004" /><testcase classname="tests.resource.formats.test_ncs_compiler.TestNSSCompiler" name="test_vector_get_components" time="0.004" /><testcase classname="tests.resource.formats.test_ncs_compiler.TestNSSCompiler" name="test_vector_notation" time="0.004" /><testcase classname="tests.resource.formats.test_ncs_compiler.TestNSSCompiler" name="test_vector_set_components" time="0.004" /><testcase classname="tests.resource.formats.test_ncs_compiler.TestNSSCompiler" name="test_while_loop" time="0.004" /><testcase classname="tests.resource.formats.test_ncs_compiler.TestNSSCompiler" name="test_while_loop_scope" time="0.004" /><testcase classname="tests.resource.formats.test_ncs_compiler.TestNSSCompiler" name="test_while_loop_with_break" time="0.004" /><testcase classname="tests.resource.formats.test_ncs_compiler.TestNSSCompiler" name="test_while_loop_with_continue" time="0.005" /><testcase classname="tests.resource.formats.test_ncs_interpreter.TestStack" name="test_copy_down_many" time="0.001" /><testcase classname="tests.resource.formats.test_ncs_interpreter.TestStack" name="test_copy_down_single" time="0.000" /><testcase classname="tests.resource.formats.test_ncs_interpreter.TestStack" name="test_move_negative" time="0.000" /><testcase classname="tests.resource.formats.test_ncs_interpreter.TestStack" name="test_move_zero" time="0.000" /><testcase classname="tests.resource.formats.test_ncs_interpreter.TestStack" name="test_peek_past_vector" time="0.001" /><testcase classname="tests.resource.formats.test_ncs_optimizer.TestNCSOptimizers" name="test_no_op_optimizer" time="0.005" /><testcase classname="tests.resource.formats.test_rim.TestRIM" name="test_binary_io" time="0.001" /><testcase classname="tests.resource.formats.test_rim.TestRIM" name="test_read_raises" time="0.002" /><testcase classname="tests.resource.formats.test_rim.TestRIM" name="test_write_raises" time="0.001" /><testcase classname="tests.resource.formats.test_ssf.TestSSF" name="test_binary_io" time="0.001" /><testcase classname="tests.resource.formats.test_ssf.TestSSF" name="test_read_raises" time="0.011" /><testcase classname="tests.resource.formats.test_ssf.TestSSF" name="test_write_raises" time="0.001" /><testcase classname="tests.resource.formats.test_ssf.TestSSF" name="test_xml_io" time="0.012" /><testcase classname="tests.resource.formats.test_tlk.TestTLK" name="test_binary_io" time="0.001" /><testcase classname="tests.resource.formats.test_tlk.TestTLK" name="test_json_io" time="0.003" /><testcase classname="tests.resource.formats.test_tlk.TestTLK" name="test_read_raises" time="0.009" /><testcase classname="tests.resource.formats.test_tlk.TestTLK" name="test_resize" time="0.001" /><testcase classname="tests.resource.formats.test_tlk.TestTLK" name="test_write_raises" time="0.001" /><testcase classname="tests.resource.formats.test_tlk.TestTLK" name="test_xml_io" time="0.005" /><testcase classname="tests.resource.formats.test_twoda.TestTwoDA" name="test_binary_io" time="0.001" /><testcase classname="tests.resource.formats.test_twoda.TestTwoDA" name="test_csv_io" time="0.002" /><testcase classname="tests.resource.formats.test_twoda.TestTwoDA" name="test_json_io" time="0.002" /><testcase classname="tests.resource.formats.test_twoda.TestTwoDA" name="test_read_raises" time="0.009" /><testcase classname="tests.resource.formats.test_twoda.TestTwoDA" name="test_row_max" time="0.000" /><testcase classname="tests.resource.formats.test_twoda.TestTwoDA" name="test_write_raises" time="0.001" /><testcase classname="tests.resource.formats.test_utm.TestUTM" name="test_io" time="0.002" /><testcase classname="tests.resource.formats.test_vis.TestVIS" name="test_binary_io" time="0.001" /><testcase classname="tests.resource.formats.test_vis.TestVIS" name="test_read_raises" time="0.002" /><testcase classname="tests.resource.formats.test_vis.TestVIS" name="test_write_raises" time="0.001" /><testcase classname="tests.resource.formats.test_wok.TestBWM" name="test_binary_io" time="0.554" /><testcase classname="tests.resource.generics.test_are.TestARE" name="test_gff_reconstruct" time="0.006"><failure message="AssertionError: False is not true : &#13;&#10;&#13;&#10;&#13;&#10;GFFStruct: number of fields have changed at 'GFFRoot': '74' --&gt; '58'&#13;&#10;Missing 'Int32' field at 'GFFRoot\DirtySizeOne': '1'&#13;&#10;Missing 'Int32' field at 'GFFRoot\DirtyFuncTwo': '1'&#13;&#10;Missing 'Int32' field at 'GFFRoot\DirtyFuncOne': '1'&#13;&#10;Missing 'Int32' field at 'GFFRoot\DirtyFormulaOne': '1'&#13;&#10;Missing 'Int32' field at 'GFFRoot\ChanceLightning': '99'&#13;&#10;Missing 'Int32' field at 'GFFRoot\DirtySizeTwo': '1'&#13;&#10;Missing 'Int32' field at 'GFFRoot\DirtyFormulaThre': '1'&#13;&#10;Missing 'Int32' field at 'GFFRoot\DirtyFormulaTwo': '1'&#13;&#10;Missing 'Int32' field at 'GFFRoot\ChanceSnow': '99'&#13;&#10;Missing 'Int32' field at 'GFFRoot\ChanceRain': '99'&#13;&#10;Missing 'UInt32' field at 'GFFRoot\Grass_Emissive': '16777215'&#13;&#10;Missing 'Int32' field at 'GFFRoot\DirtyARGBTwo': '1234'&#13;&#10;Missing 'Int32' field at 'GFFRoot\DirtyFuncThree': '1'&#13;&#10;Missing 'Int32' field at 'GFFRoot\DirtyARGBThree': '12345'&#13;&#10;&#13;&#10;GFFStruct: number of fields have changed at 'GFFRoot\Rooms\0': '5' --&gt; '3'&#13;&#10;Missing 'UInt8' field at 'GFFRoot\Rooms\0\DisableWeather': '1'&#13;&#10;Missing 'Int32' field at 'GFFRoot\Rooms\0\ForceRating': '1'&#13;&#10;&#13;&#10;GFFStruct: number of fields have changed at 'GFFRoot\Rooms\1': '5' --&gt; '3'&#13;&#10;Missing 'UInt8' field at 'GFFRoot\Rooms\1\DisableWeather': '0'&#13;&#10;Missing 'Int32' field at 'GFFRoot\Rooms\1\ForceRating': '2'&#13;&#10;Missing 'Int32' field at 'GFFRoot\DirtySizeThree': '1'&#13;&#10;Missing 'Int32' field at 'GFFRoot\DirtyARGBOne': '123'">E   AssertionError: False is not true : 
    
    
    GFFStruct: number of fields have changed at 'GFFRoot': '74' --&gt; '58'
    Missing 'Int32' field at 'GFFRoot\DirtySizeOne': '1'
    Missing 'Int32' field at 'GFFRoot\DirtyFuncTwo': '1'
    Missing 'Int32' field at 'GFFRoot\DirtyFuncOne': '1'
    Missing 'Int32' field at 'GFFRoot\DirtyFormulaOne': '1'
    Missing 'Int32' field at 'GFFRoot\ChanceLightning': '99'
    Missing 'Int32' field at 'GFFRoot\DirtySizeTwo': '1'
    Missing 'Int32' field at 'GFFRoot\DirtyFormulaThre': '1'
    Missing 'Int32' field at 'GFFRoot\DirtyFormulaTwo': '1'
    Missing 'Int32' field at 'GFFRoot\ChanceSnow': '99'
    Missing 'Int32' field at 'GFFRoot\ChanceRain': '99'
    Missing 'UInt32' field at 'GFFRoot\Grass_Emissive': '16777215'
    Missing 'Int32' field at 'GFFRoot\DirtyARGBTwo': '1234'
    Missing 'Int32' field at 'GFFRoot\DirtyFuncThree': '1'
    Missing 'Int32' field at 'GFFRoot\DirtyARGBThree': '12345'
    
    GFFStruct: number of fields have changed at 'GFFRoot\Rooms\0': '5' --&gt; '3'
    Missing 'UInt8' field at 'GFFRoot\Rooms\0\DisableWeather': '1'
    Missing 'Int32' field at 'GFFRoot\Rooms\0\ForceRating': '1'
    
    GFFStruct: number of fields have changed at 'GFFRoot\Rooms\1': '5' --&gt; '3'
    Missing 'UInt8' field at 'GFFRoot\Rooms\1\DisableWeather': '0'
    Missing 'Int32' field at 'GFFRoot\Rooms\1\ForceRating': '2'
    Missing 'Int32' field at 'GFFRoot\DirtySizeThree': '1'
    Missing 'Int32' field at 'GFFRoot\DirtyARGBOne': '123'</failure></testcase><testcase classname="tests.resource.generics.test_are.TestARE" name="test_gff_reconstruct_from_k1_installation" time="0.001"><skipped type="pytest.skip" message="K1_PATH environment variable is not set or not found on disk.">D:\a\PyKotor\PyKotor\tests\resource\generics\test_are.py:50: K1_PATH environment variable is not set or not found on disk.</skipped></testcase><testcase classname="tests.resource.generics.test_are.TestARE" name="test_gff_reconstruct_from_k2_installation" time="0.001"><skipped type="pytest.skip" message="K2_PATH environment variable is not set or not found on disk.">D:\a\PyKotor\PyKotor\tests\resource\generics\test_are.py:61: K2_PATH environment variable is not set or not found on disk.</skipped></testcase><testcase classname="tests.resource.generics.test_are.TestARE" name="test_io_construct" time="0.003" /><testcase classname="tests.resource.generics.test_are.TestARE" name="test_io_reconstruct" time="0.003" /><testcase classname="tests.resource.generics.test_dlg.TestDLG" name="test_gff_reconstruct_from_k1_installation" time="0.001"><skipped type="pytest.skip" message="K1_PATH environment variable is not set or not found on disk.">D:\a\PyKotor\PyKotor\tests\resource\generics\test_dlg.py:90: K1_PATH environment variable is not set or not found on disk.</skipped></testcase><testcase classname="tests.resource.generics.test_dlg.TestDLG" name="test_gff_reconstruct_from_k2_installation" time="0.000"><skipped type="pytest.skip" message="K2_PATH environment variable is not set or not found on disk.">D:\a\PyKotor\PyKotor\tests\resource\generics\test_dlg.py:101: K2_PATH environment variable is not set or not found on disk.</skipped></testcase><testcase classname="tests.resource.generics.test_dlg.TestDLG" name="test_io_construct" time="0.006" /><testcase classname="tests.resource.generics.test_dlg.TestDLG" name="test_io_reconstruct" time="0.007" /><testcase classname="tests.resource.generics.test_dlg.TestDLG" name="test_k1_reconstruct" time="0.012" /><testcase classname="tests.resource.generics.test_dlg.TestDLG" name="test_k1_reconstruct_from_reconstruct" time="0.013" /><testcase classname="tests.resource.generics.test_dlg.TestDLG" name="test_k2_reconstruct" time="0.018" /><testcase classname="tests.resource.generics.test_dlg.TestDLG" name="test_k2_reconstruct_from_reconstruct" time="0.020" /><testcase classname="tests.resource.generics.test_git.TestGIT" name="test_gff_reconstruct_from_k1_installation" time="0.001"><skipped type="pytest.skip" message="K1_PATH environment variable is not set or not found on disk.">D:\a\PyKotor\PyKotor\tests\resource\generics\test_git.py:47: K1_PATH environment variable is not set or not found on disk.</skipped></testcase><testcase classname="tests.resource.generics.test_git.TestGIT" name="test_gff_reconstruct_from_k2_installation" time="0.000"><skipped type="pytest.skip" message="K2_PATH environment variable is not set or not found on disk.">D:\a\PyKotor\PyKotor\tests\resource\generics\test_git.py:58: K2_PATH environment variable is not set or not found on disk.</skipped></testcase><testcase classname="tests.resource.generics.test_git.TestGIT" name="test_io_construct" time="0.003" /><testcase classname="tests.resource.generics.test_git.TestGIT" name="test_io_reconstruct" time="0.003" /><testcase classname="tests.resource.generics.test_git.TestGIT" name="test_k1_gff_reconstruct" time="0.000"><skipped type="pytest.skip" message="This test is known to fail - fixme">D:\a\PyKotor\PyKotor\tests\resource\generics\test_git.py:69: This test is known to fail - fixme</skipped></testcase><testcase classname="tests.resource.generics.test_git.TestGIT" name="test_k2_gff_reconstruct" time="0.007" /><testcase classname="tests.resource.generics.test_ifo.TestIFO" name="test_gff_reconstruct" time="0.003" /><testcase classname="tests.resource.generics.test_ifo.TestIFO" name="test_gff_reconstruct_from_k1_installation" time="0.000"><skipped type="pytest.skip" message="K1_PATH environment variable is not set or not found on disk.">D:\a\PyKotor\PyKotor\tests\resource\generics\test_ifo.py:46: K1_PATH environment variable is not set or not found on disk.</skipped></testcase><testcase classname="tests.resource.generics.test_ifo.TestIFO" name="test_gff_reconstruct_from_k2_installation" time="0.000"><skipped type="pytest.skip" message="K2_PATH environment variable is not set or not found on disk.">D:\a\PyKotor\PyKotor\tests\resource\generics\test_ifo.py:57: K2_PATH environment variable is not set or not found on disk.</skipped></testcase><testcase classname="tests.resource.generics.test_ifo.TestIFO" name="test_io_construct" time="0.002" /><testcase classname="tests.resource.generics.test_ifo.TestIFO" name="test_io_reconstruct" time="0.002" /><testcase classname="tests.resource.generics.test_jrl.TestJRL" name="test_gff_reconstruct" time="0.002" /><testcase classname="tests.resource.generics.test_jrl.TestJRL" name="test_gff_reconstruct_from_k1_installation" time="0.000"><skipped type="pytest.skip" message="K1_PATH environment variable is not set or not found on disk.">D:\a\PyKotor\PyKotor\tests\resource\generics\test_jrl.py:44: K1_PATH environment variable is not set or not found on disk.</skipped></testcase><testcase classname="tests.resource.generics.test_jrl.TestJRL" name="test_gff_reconstruct_from_k2_installation" time="0.000"><skipped type="pytest.skip" message="K2_PATH environment variable is not set or not found on disk.">D:\a\PyKotor\PyKotor\tests\resource\generics\test_jrl.py:55: K2_PATH environment variable is not set or not found on disk.</skipped></testcase><testcase classname="tests.resource.generics.test_jrl.TestJRL" name="test_io_construct" time="0.001" /><testcase classname="tests.resource.generics.test_jrl.TestJRL" name="test_io_reconstruct" time="0.001" /><testcase classname="tests.resource.generics.test_pth.TestPTH" name="test_gff_reconstruct" time="0.003" /><testcase classname="tests.resource.generics.test_pth.TestPTH" name="test_gff_reconstruct_from_k1_installation" time="0.000"><skipped type="pytest.skip" message="K1_PATH environment variable is not set or not found on disk.">D:\a\PyKotor\PyKotor\tests\resource\generics\test_pth.py:45: K1_PATH environment variable is not set or not found on disk.</skipped></testcase><testcase classname="tests.resource.generics.test_pth.TestPTH" name="test_gff_reconstruct_from_k2_installation" time="0.000"><skipped type="pytest.skip" message="K2_PATH environment variable is not set or not found on disk.">D:\a\PyKotor\PyKotor\tests\resource\generics\test_pth.py:56: K2_PATH environment variable is not set or not found on disk.</skipped></testcase><testcase classname="tests.resource.generics.test_pth.TestPTH" name="test_io_construct" time="0.001" /><testcase classname="tests.resource.generics.test_pth.TestPTH" name="test_io_reconstruct" time="0.001" /><testcase classname="tests.resource.generics.test_utc.TestUTC" name="test_gff_reconstruct" time="0.008" /><testcase classname="tests.resource.generics.test_utc.TestUTC" name="test_gff_reconstruct_from_k1_installation" time="0.000"><skipped type="pytest.skip" message="K1_PATH environment variable is not set or not found on disk.">D:\a\PyKotor\PyKotor\tests\resource\generics\test_utc.py:46: K1_PATH environment variable is not set or not found on disk.</skipped></testcase><testcase classname="tests.resource.generics.test_utc.TestUTC" name="test_gff_reconstruct_from_k2_installation" time="0.000"><skipped type="pytest.skip" message="K2_PATH environment variable is not set or not found on disk.">D:\a\PyKotor\PyKotor\tests\resource\generics\test_utc.py:58: K2_PATH environment variable is not set or not found on disk.</skipped></testcase><testcase classname="tests.resource.generics.test_utc.TestUTC" name="test_io_construct" time="0.003" /><testcase classname="tests.resource.generics.test_utc.TestUTC" name="test_io_reconstruct" time="0.003" /><testcase classname="tests.resource.generics.test_utd.TestUTD" name="test_gff_reconstruct" time="0.001"><skipped type="pytest.skip" message="This test is known to fail - fixme">D:\a\PyKotor\PyKotor\tests\resource\generics\test_utd.py:69: This test is known to fail - fixme</skipped></testcase><testcase classname="tests.resource.generics.test_utd.TestUTD" name="test_gff_reconstruct_from_k1_installation" time="0.000"><skipped type="pytest.skip" message="K1_PATH environment variable is not set or not found on disk.">D:\a\PyKotor\PyKotor\tests\resource\generics\test_utd.py:47: K1_PATH environment variable is not set or not found on disk.</skipped></testcase><testcase classname="tests.resource.generics.test_utd.TestUTD" name="test_gff_reconstruct_from_k2_installation" time="0.000"><skipped type="pytest.skip" message="K2_PATH environment variable is not set or not found on disk.">D:\a\PyKotor\PyKotor\tests\resource\generics\test_utd.py:58: K2_PATH environment variable is not set or not found on disk.</skipped></testcase><testcase classname="tests.resource.generics.test_utd.TestUTD" name="test_io_construct" time="0.002" /><testcase classname="tests.resource.generics.test_utd.TestUTD" name="test_io_reconstruct" time="0.002" /><testcase classname="tests.resource.generics.test_ute.TestUTE" name="test_gff_reconstruct_from_k1_installation" time="0.000"><skipped type="pytest.skip" message="K1_PATH environment variable is not set or not found on disk.">D:\a\PyKotor\PyKotor\tests\resource\generics\test_ute.py:47: K1_PATH environment variable is not set or not found on disk.</skipped></testcase><testcase classname="tests.resource.generics.test_ute.TestUTE" name="test_gff_reconstruct_from_k2_installation" time="0.000"><skipped type="pytest.skip" message="K2_PATH environment variable is not set or not found on disk.">D:\a\PyKotor\PyKotor\tests\resource\generics\test_ute.py:58: K2_PATH environment variable is not set or not found on disk.</skipped></testcase><testcase classname="tests.resource.generics.test_ute.TestUTE" name="test_io_construct" time="0.001" /><testcase classname="tests.resource.generics.test_ute.TestUTE" name="test_io_reconstruct" time="0.002" /><testcase classname="tests.resource.generics.test_ute.TestUTE" name="test_k2_reconstruct" time="0.003" /><testcase classname="tests.resource.generics.test_uti.TestUTI" name="test_gff_reconstruct" time="0.003" /><testcase classname="tests.resource.generics.test_uti.TestUTI" name="test_gff_reconstruct_from_k1_installation" time="0.000"><skipped type="pytest.skip" message="K1_PATH environment variable is not set or not found on disk.">D:\a\PyKotor\PyKotor\tests\resource\generics\test_uti.py:48: K1_PATH environment variable is not set or not found on disk.</skipped></testcase><testcase classname="tests.resource.generics.test_uti.TestUTI" name="test_gff_reconstruct_from_k2_installation" time="0.000"><skipped type="pytest.skip" message="K2_PATH environment variable is not set or not found on disk.">D:\a\PyKotor\PyKotor\tests\resource\generics\test_uti.py:59: K2_PATH environment variable is not set or not found on disk.</skipped></testcase><testcase classname="tests.resource.generics.test_uti.TestUTI" name="test_io_construct" time="0.001" /><testcase classname="tests.resource.generics.test_uti.TestUTI" name="test_io_reconstruct" time="0.002" /><testcase classname="tests.resource.generics.test_utp.Test" name="test_gff_reconstruct" time="0.000"><skipped type="pytest.skip" message="This test is known to fail - fixme">D:\a\PyKotor\PyKotor\tests\resource\generics\test_utp.py:70: This test is known to fail - fixme</skipped></testcase><testcase classname="tests.resource.generics.test_utp.Test" name="test_gff_reconstruct_from_k1_installation" time="0.000"><skipped type="pytest.skip" message="K1_PATH environment variable is not set or not found on disk.">D:\a\PyKotor\PyKotor\tests\resource\generics\test_utp.py:48: K1_PATH environment variable is not set or not found on disk.</skipped></testcase><testcase classname="tests.resource.generics.test_utp.Test" name="test_gff_reconstruct_from_k2_installation" time="0.000"><skipped type="pytest.skip" message="K2_PATH environment variable is not set or not found on disk.">D:\a\PyKotor\PyKotor\tests\resource\generics\test_utp.py:59: K2_PATH environment variable is not set or not found on disk.</skipped></testcase><testcase classname="tests.resource.generics.test_utp.Test" name="test_io_construct" time="0.002" /><testcase classname="tests.resource.generics.test_utp.Test" name="test_io_reconstruct" time="0.002" /><testcase classname="tests.resource.generics.test_uts.TestUTS" name="test_gff_reconstruct" time="0.003" /><testcase classname="tests.resource.generics.test_uts.TestUTS" name="test_gff_reconstruct_from_k1_installation" time="0.000"><skipped type="pytest.skip" message="K1_PATH environment variable is not set or not found on disk.">D:\a\PyKotor\PyKotor\tests\resource\generics\test_uts.py:49: K1_PATH environment variable is not set or not found on disk.</skipped></testcase><testcase classname="tests.resource.generics.test_uts.TestUTS" name="test_gff_reconstruct_from_k2_installation" time="0.000"><skipped type="pytest.skip" message="K2_PATH environment variable is not set or not found on disk.">D:\a\PyKotor\PyKotor\tests\resource\generics\test_uts.py:60: K2_PATH environment variable is not set or not found on disk.</skipped></testcase><testcase classname="tests.resource.generics.test_uts.TestUTS" name="test_io_construct" time="0.001" /><testcase classname="tests.resource.generics.test_uts.TestUTS" name="test_io_reconstruct" time="0.001" /><testcase classname="tests.resource.generics.test_uts.TestUTS" name="test_k1_gff_reconstruct" time="0.003" /><testcase classname="tests.resource.generics.test_utt.TestUTT" name="test_gff_reconstruct" time="0.002" /><testcase classname="tests.resource.generics.test_utt.TestUTT" name="test_gff_reconstruct_from_k1_installation" time="0.000"><skipped type="pytest.skip" message="K1_PATH environment variable is not set or not found on disk.">D:\a\PyKotor\PyKotor\tests\resource\generics\test_utt.py:48: K1_PATH environment variable is not set or not found on disk.</skipped></testcase><testcase classname="tests.resource.generics.test_utt.TestUTT" name="test_gff_reconstruct_from_k2_installation" time="0.000"><skipped type="pytest.skip" message="K2_PATH environment variable is not set or not found on disk.">D:\a\PyKotor\PyKotor\tests\resource\generics\test_utt.py:59: K2_PATH environment variable is not set or not found on disk.</skipped></testcase><testcase classname="tests.resource.generics.test_utt.TestUTT" name="test_io_construct" time="0.001" /><testcase classname="tests.resource.generics.test_utt.TestUTT" name="test_io_reconstruct" time="0.002" /><testcase classname="tests.resource.generics.test_utw.TestUTW" name="test_gff_reconstruct" time="0.002" /><testcase classname="tests.resource.generics.test_utw.TestUTW" name="test_gff_reconstruct_from_k1_installation" time="0.000"><skipped type="pytest.skip" message="K1_PATH environment variable is not set or not found on disk.">D:\a\PyKotor\PyKotor\tests\resource\generics\test_utw.py:47: K1_PATH environment variable is not set or not found on disk.</skipped></testcase><testcase classname="tests.resource.generics.test_utw.TestUTW" name="test_gff_reconstruct_from_k2_installation" time="0.000"><skipped type="pytest.skip" message="K2_PATH environment variable is not set or not found on disk.">D:\a\PyKotor\PyKotor\tests\resource\generics\test_utw.py:58: K2_PATH environment variable is not set or not found on disk.</skipped></testcase><testcase classname="tests.resource.generics.test_utw.TestUTW" name="test_io_construct" time="0.001" /><testcase classname="tests.resource.generics.test_utw.TestUTW" name="test_io_reconstruct" time="0.001" /><testcase classname="tests.resource.test_replace_module_extensions.TestReplaceModuleExtensions" name="testreplace_module_extensions" time="0.001" /><testcase classname="tests.resource.test_resource_from_path.TestResourceType" name="test_from_extension" time="0.001" /><testcase classname="tests.resource.test_resource_from_path.TestResourceType" name="test_from_id" time="0.000" /><testcase classname="tests.resource.test_resource_from_path.TestResourceType" name="test_from_invalid" time="0.000" /><testcase classname="tests.resource.test_resource_from_path.TestResourceType" name="test_from_invalid_with_valid_extension" time="0.000" /><testcase classname="tests.resource.test_resource_from_path.TestResourceType" name="test_from_path_long_extension" time="0.001" /><testcase classname="tests.resource.test_resource_from_path.TestResourceType" name="test_resource_type_hashing" time="0.001" /><testcase classname="tests.resource.test_resource_from_path.TestResourceIdentifier" name="test_from_path_empty_file_path" time="0.001" /><testcase classname="tests.resource.test_resource_from_path.TestResourceIdentifier" name="test_from_path_hidden_file" time="0.001" /><testcase classname="tests.resource.test_resource_from_path.TestResourceIdentifier" name="test_from_path_invalid_extension" time="0.001" /><testcase classname="tests.resource.test_resource_from_path.TestResourceIdentifier" name="test_from_path_long_extension" time="0.001" /><testcase classname="tests.resource.test_resource_from_path.TestResourceIdentifier" name="test_from_path_long_suffix_gff_xml" time="0.001" /><testcase classname="tests.resource.test_resource_from_path.TestResourceIdentifier" name="test_from_path_mdl" time="0.001" /><testcase classname="tests.resource.test_resource_from_path.TestResourceIdentifier" name="test_from_path_no_extension" time="0.001" /><testcase classname="tests.resource.test_resource_from_path.TestResourceIdentifier" name="test_from_path_none_file_path" time="0.001" /><testcase classname="tests.resource.test_resource_from_path.TestResourceIdentifier" name="test_from_path_tga" time="0.001" /><testcase classname="tests.resource.test_resource_from_path.TestResourceIdentifier" name="test_from_path_tlk_xml" time="0.001" /><testcase classname="tests.resource.test_resource_from_path.TestResourceIdentifier" name="test_from_path_trailing_dot" time="0.001" /><testcase classname="tests.resource.test_resource_from_path.TestResourceIdentifier" name="test_from_path_wav" time="0.001" /><testcase classname="tests.resource.test_resource_from_path.TestResourceIdentifier" name="test_hashing" time="0.003" /><testcase classname="tests.toolset_tests.gui.editors.test_are_editor.AREEditorTest" name="test_gff_reconstruct_from_k1_installation" time="0.001"><skipped type="pytest.skip" message="K2_PATH environment variable is not set or not found on disk.">D:\a\PyKotor\PyKotor\tests\toolset_tests\gui\editors\test_are_editor.py:91: K2_PATH environment variable is not set or not found on disk.</skipped></testcase><testcase classname="tests.toolset_tests.gui.editors.test_are_editor.AREEditorTest" name="test_gff_reconstruct_from_k2_installation" time="0.000"><skipped type="pytest.skip" message="K2_PATH environment variable is not set or not found on disk.">D:\a\PyKotor\PyKotor\tests\toolset_tests\gui\editors\test_are_editor.py:107: K2_PATH environment variable is not set or not found on disk.</skipped></testcase><testcase classname="tests.toolset_tests.gui.editors.test_are_editor.AREEditorTest" name="test_placeholder" time="0.000"><skipped type="pytest.skip" message="K2_PATH environment variable is not set or not found on disk.">D:\a\PyKotor\PyKotor\tests\toolset_tests\gui\editors\test_are_editor.py:123: K2_PATH environment variable is not set or not found on disk.</skipped></testcase><testcase classname="tests.toolset_tests.gui.editors.test_are_editor.AREEditorTest" name="test_save_and_load" time="0.000"><skipped type="pytest.skip" message="K2_PATH environment variable is not set or not found on disk.">D:\a\PyKotor\PyKotor\tests\toolset_tests\gui\editors\test_are_editor.py:78: K2_PATH environment variable is not set or not found on disk.</skipped></testcase><testcase classname="tests.toolset_tests.gui.editors.test_bwm_editor.BWMEditorTest" name="test_bwm_reconstruct_from_k1_installation" time="0.000"><skipped type="pytest.skip" message="K2_PATH environment variable is not set or not found on disk.">D:\a\PyKotor\PyKotor\tests\toolset_tests\gui\editors\test_bwm_editor.py:90: K2_PATH environment variable is not set or not found on disk.</skipped></testcase><testcase classname="tests.toolset_tests.gui.editors.test_bwm_editor.BWMEditorTest" name="test_bwm_reconstruct_from_k2_installation" time="0.000"><skipped type="pytest.skip" message="K2_PATH environment variable is not set or not found on disk.">D:\a\PyKotor\PyKotor\tests\toolset_tests\gui\editors\test_bwm_editor.py:105: K2_PATH environment variable is not set or not found on disk.</skipped></testcase><testcase classname="tests.toolset_tests.gui.editors.test_bwm_editor.BWMEditorTest" name="test_placeholder" time="0.001"><skipped type="pytest.skip" message="K2_PATH environment variable is not set or not found on disk.">D:\a\PyKotor\PyKotor\tests\toolset_tests\gui\editors\test_bwm_editor.py:139: K2_PATH environment variable is not set or not found on disk.</skipped></testcase><testcase classname="tests.toolset_tests.gui.editors.test_bwm_editor.BWMEditorTest" name="test_save_and_load" time="0.000"><skipped type="pytest.skip" message="K2_PATH environment variable is not set or not found on disk.">D:\a\PyKotor\PyKotor\tests\toolset_tests\gui\editors\test_bwm_editor.py:77: K2_PATH environment variable is not set or not found on disk.</skipped></testcase><testcase classname="tests.toolset_tests.gui.editors.test_dlg_editor.DLGEditorTest" name="test_gff_reconstruct_from_k1_installation" time="0.000"><skipped type="pytest.skip" message="K2_PATH environment variable is not set or not found on disk.">D:\a\PyKotor\PyKotor\tests\toolset_tests\gui\editors\test_dlg_editor.py:90: K2_PATH environment variable is not set or not found on disk.</skipped></testcase><testcase classname="tests.toolset_tests.gui.editors.test_dlg_editor.DLGEditorTest" name="test_gff_reconstruct_from_k2_installation" time="0.000"><skipped type="pytest.skip" message="K2_PATH environment variable is not set or not found on disk.">D:\a\PyKotor\PyKotor\tests\toolset_tests\gui\editors\test_dlg_editor.py:106: K2_PATH environment variable is not set or not found on disk.</skipped></testcase><testcase classname="tests.toolset_tests.gui.editors.test_dlg_editor.DLGEditorTest" name="test_placeholder" time="0.000"><skipped type="pytest.skip" message="K2_PATH environment variable is not set or not found on disk.">D:\a\PyKotor\PyKotor\tests\toolset_tests\gui\editors\test_dlg_editor.py:122: K2_PATH environment variable is not set or not found on disk.</skipped></testcase><testcase classname="tests.toolset_tests.gui.editors.test_dlg_editor.DLGEditorTest" name="test_save_and_load" time="0.000"><skipped type="pytest.skip" message="K2_PATH environment variable is not set or not found on disk.">D:\a\PyKotor\PyKotor\tests\toolset_tests\gui\editors\test_dlg_editor.py:77: K2_PATH environment variable is not set or not found on disk.</skipped></testcase><testcase classname="tests.toolset_tests.gui.editors.test_erf_editor.ERFEditorTest" name="test_gff_reconstruct_from_k1_installation" time="0.000"><skipped type="pytest.skip" message="K2_PATH environment variable is not set or not found on disk.">D:\a\PyKotor\PyKotor\tests\toolset_tests\gui\editors\test_erf_editor.py:90: K2_PATH environment variable is not set or not found on disk.</skipped></testcase><testcase classname="tests.toolset_tests.gui.editors.test_erf_editor.ERFEditorTest" name="test_gff_reconstruct_from_k2_installation" time="0.000"><skipped type="pytest.skip" message="K2_PATH environment variable is not set or not found on disk.">D:\a\PyKotor\PyKotor\tests\toolset_tests\gui\editors\test_erf_editor.py:105: K2_PATH environment variable is not set or not found on disk.</skipped></testcase><testcase classname="tests.toolset_tests.gui.editors.test_erf_editor.ERFEditorTest" name="test_placeholder" time="0.000"><skipped type="pytest.skip" message="K2_PATH environment variable is not set or not found on disk.">D:\a\PyKotor\PyKotor\tests\toolset_tests\gui\editors\test_erf_editor.py:139: K2_PATH environment variable is not set or not found on disk.</skipped></testcase><testcase classname="tests.toolset_tests.gui.editors.test_erf_editor.ERFEditorTest" name="test_save_and_load" time="0.001"><skipped type="pytest.skip" message="K2_PATH environment variable is not set or not found on disk.">D:\a\PyKotor\PyKotor\tests\toolset_tests\gui\editors\test_erf_editor.py:78: K2_PATH environment variable is not set or not found on disk.</skipped></testcase><testcase classname="tests.toolset_tests.gui.editors.test_gff_editor.GFFEditorTest" name="test_gff_reconstruct_from_k1_installation" time="0.000"><skipped type="pytest.skip" message="K2_PATH environment variable is not set or not found on disk.">D:\a\PyKotor\PyKotor\tests\toolset_tests\gui\editors\test_gff_editor.py:90: K2_PATH environment variable is not set or not found on disk.</skipped></testcase><testcase classname="tests.toolset_tests.gui.editors.test_gff_editor.GFFEditorTest" name="test_gff_reconstruct_from_k2_installation" time="0.000"><skipped type="pytest.skip" message="K2_PATH environment variable is not set or not found on disk.">D:\a\PyKotor\PyKotor\tests\toolset_tests\gui\editors\test_gff_editor.py:106: K2_PATH environment variable is not set or not found on disk.</skipped></testcase><testcase classname="tests.toolset_tests.gui.editors.test_gff_editor.GFFEditorTest" name="test_placeholder" time="0.000"><skipped type="pytest.skip" message="K2_PATH environment variable is not set or not found on disk.">D:\a\PyKotor\PyKotor\tests\toolset_tests\gui\editors\test_gff_editor.py:122: K2_PATH environment variable is not set or not found on disk.</skipped></testcase><testcase classname="tests.toolset_tests.gui.editors.test_gff_editor.GFFEditorTest" name="test_save_and_load" time="0.000"><skipped type="pytest.skip" message="K2_PATH environment variable is not set or not found on disk.">D:\a\PyKotor\PyKotor\tests\toolset_tests\gui\editors\test_gff_editor.py:77: K2_PATH environment variable is not set or not found on disk.</skipped></testcase><testcase classname="tests.toolset_tests.gui.editors.test_git_editor.GITEditorTest" name="test_gff_reconstruct_from_k1_installation" time="0.000"><skipped type="pytest.skip" message="K2_PATH environment variable is not set or not found on disk.">D:\a\PyKotor\PyKotor\tests\toolset_tests\gui\editors\test_git_editor.py:97: K2_PATH environment variable is not set or not found on disk.</skipped></testcase><testcase classname="tests.toolset_tests.gui.editors.test_git_editor.GITEditorTest" name="test_gff_reconstruct_from_k2_installation" time="0.000"><skipped type="pytest.skip" message="K2_PATH environment variable is not set or not found on disk.">D:\a\PyKotor\PyKotor\tests\toolset_tests\gui\editors\test_git_editor.py:113: K2_PATH environment variable is not set or not found on disk.</skipped></testcase><testcase classname="tests.toolset_tests.gui.editors.test_git_editor.GITEditorTest" name="test_placeholder" time="0.000"><skipped type="pytest.skip" message="K2_PATH environment variable is not set or not found on disk.">D:\a\PyKotor\PyKotor\tests\toolset_tests\gui\editors\test_git_editor.py:129: K2_PATH environment variable is not set or not found on disk.</skipped></testcase><testcase classname="tests.toolset_tests.gui.editors.test_git_editor.GITEditorTest" name="test_save_and_load" time="0.000"><skipped type="pytest.skip" message="K2_PATH environment variable is not set or not found on disk.">D:\a\PyKotor\PyKotor\tests\toolset_tests\gui\editors\test_git_editor.py:84: K2_PATH environment variable is not set or not found on disk.</skipped></testcase><testcase classname="tests.toolset_tests.gui.editors.test_jrl_editor.JRLEditorTest" name="test_editor_init" time="0.001"><skipped type="pytest.skip" message="K2_PATH environment variable is not set or not found on disk.">D:\a\PyKotor\PyKotor\tests\toolset_tests\gui\editors\test_jrl_editor.py:121: K2_PATH environment variable is not set or not found on disk.</skipped></testcase><testcase classname="tests.toolset_tests.gui.editors.test_jrl_editor.JRLEditorTest" name="test_gff_reconstruct_from_k1_installation" time="0.000"><skipped type="pytest.skip" message="K2_PATH environment variable is not set or not found on disk.">D:\a\PyKotor\PyKotor\tests\toolset_tests\gui\editors\test_jrl_editor.py:89: K2_PATH environment variable is not set or not found on disk.</skipped></testcase><testcase classname="tests.toolset_tests.gui.editors.test_jrl_editor.JRLEditorTest" name="test_gff_reconstruct_from_k2_installation" time="0.000"><skipped type="pytest.skip" message="K2_PATH environment variable is not set or not found on disk.">D:\a\PyKotor\PyKotor\tests\toolset_tests\gui\editors\test_jrl_editor.py:105: K2_PATH environment variable is not set or not found on disk.</skipped></testcase><testcase classname="tests.toolset_tests.gui.editors.test_jrl_editor.JRLEditorTest" name="test_save_and_load" time="0.000"><skipped type="pytest.skip" message="K2_PATH environment variable is not set or not found on disk.">D:\a\PyKotor\PyKotor\tests\toolset_tests\gui\editors\test_jrl_editor.py:76: K2_PATH environment variable is not set or not found on disk.</skipped></testcase><testcase classname="tests.toolset_tests.gui.editors.test_nss_editor.NSSEditorTest" name="test_placeholder" time="0.000"><skipped type="pytest.skip" message="K2_PATH environment variable is not set or not found on disk.">D:\a\PyKotor\PyKotor\tests\toolset_tests\gui\editors\test_nss_editor.py:108: K2_PATH environment variable is not set or not found on disk.</skipped></testcase><testcase classname="tests.toolset_tests.gui.editors.test_nss_editor.NSSEditorTest" name="test_save_and_load" time="0.000"><skipped type="pytest.skip" message="K2_PATH environment variable is not set or not found on disk.">D:\a\PyKotor\PyKotor\tests\toolset_tests\gui\editors\test_nss_editor.py:77: K2_PATH environment variable is not set or not found on disk.</skipped></testcase><testcase classname="tests.toolset_tests.gui.editors.test_ssf_editor.SSFEditorTest" name="test_placeholder" time="0.000"><skipped type="pytest.skip" message="K1_PATH environment variable is not set or not found on disk.">D:\a\PyKotor\PyKotor\tests\toolset_tests\gui\editors\test_ssf_editor.py:138: K1_PATH environment variable is not set or not found on disk.</skipped></testcase><testcase classname="tests.toolset_tests.gui.editors.test_ssf_editor.SSFEditorTest" name="test_save_and_load" time="0.000"><skipped type="pytest.skip" message="K1_PATH environment variable is not set or not found on disk.">D:\a\PyKotor\PyKotor\tests\toolset_tests\gui\editors\test_ssf_editor.py:77: K1_PATH environment variable is not set or not found on disk.</skipped></testcase><testcase classname="tests.toolset_tests.gui.editors.test_ssf_editor.SSFEditorTest" name="test_ssf_reconstruct_from_k1_installation" time="0.000"><skipped type="pytest.skip" message="K1_PATH environment variable is not set or not found on disk.">D:\a\PyKotor\PyKotor\tests\toolset_tests\gui\editors\test_ssf_editor.py:89: K1_PATH environment variable is not set or not found on disk.</skipped></testcase><testcase classname="tests.toolset_tests.gui.editors.test_ssf_editor.SSFEditorTest" name="test_ssf_reconstruct_from_k2_installation" time="0.000"><skipped type="pytest.skip" message="K1_PATH environment variable is not set or not found on disk.">D:\a\PyKotor\PyKotor\tests\toolset_tests\gui\editors\test_ssf_editor.py:104: K1_PATH environment variable is not set or not found on disk.</skipped></testcase><testcase classname="tests.toolset_tests.gui.editors.test_tlk_editor.TLKEditorTest" name="test_save_and_load" time="0.000"><skipped type="pytest.skip" message="K2_PATH environment variable is not set or not found on disk.">D:\a\PyKotor\PyKotor\tests\toolset_tests\gui\editors\test_tlk_editor.py:76: K2_PATH environment variable is not set or not found on disk.</skipped></testcase><testcase classname="tests.toolset_tests.gui.editors.test_tpc_editor.TPCEditorTest" name="test_placeholder" time="0.000"><skipped type="pytest.skip" message="K1_PATH environment variable is not set or not found on disk.">D:\a\PyKotor\PyKotor\tests\toolset_tests\gui\editors\test_tpc_editor.py:66: K1_PATH environment variable is not set or not found on disk.</skipped></testcase><testcase classname="tests.toolset_tests.gui.editors.test_twoda_editor.TwoDAEditorTest" name="test_2da_save_load_from_k1_installation" time="0.000"><skipped type="pytest.skip" message="K2_PATH environment variable is not set or not found on disk.">D:\a\PyKotor\PyKotor\tests\toolset_tests\gui\editors\test_twoda_editor.py:90: K2_PATH environment variable is not set or not found on disk.</skipped></testcase><testcase classname="tests.toolset_tests.gui.editors.test_twoda_editor.TwoDAEditorTest" name="test_2da_save_load_from_k2_installation" time="0.000"><skipped type="pytest.skip" message="K2_PATH environment variable is not set or not found on disk.">D:\a\PyKotor\PyKotor\tests\toolset_tests\gui\editors\test_twoda_editor.py:106: K2_PATH environment variable is not set or not found on disk.</skipped></testcase><testcase classname="tests.toolset_tests.gui.editors.test_twoda_editor.TwoDAEditorTest" name="test_placeholder" time="0.000"><skipped type="pytest.skip" message="K2_PATH environment variable is not set or not found on disk.">D:\a\PyKotor\PyKotor\tests\toolset_tests\gui\editors\test_twoda_editor.py:141: K2_PATH environment variable is not set or not found on disk.</skipped></testcase><testcase classname="tests.toolset_tests.gui.editors.test_twoda_editor.TwoDAEditorTest" name="test_save_and_load" time="0.000"><skipped type="pytest.skip" message="K2_PATH environment variable is not set or not found on disk.">D:\a\PyKotor\PyKotor\tests\toolset_tests\gui\editors\test_twoda_editor.py:76: K2_PATH environment variable is not set or not found on disk.</skipped></testcase><testcase classname="tests.toolset_tests.gui.editors.test_txt_editor.TXTEditorTest" name="test_placeholder" time="0.000"><skipped type="pytest.skip" message="K1_PATH environment variable is not set or not found on disk.">D:\a\PyKotor\PyKotor\tests\toolset_tests\gui\editors\test_txt_editor.py:57: K1_PATH environment variable is not set or not found on disk.</skipped></testcase><testcase classname="tests.toolset_tests.gui.editors.test_utd_editor.UTDEditorTest" name="test_gff_reconstruct_from_k1_installation" time="0.000"><skipped type="pytest.skip" message="K1_PATH environment variable is not set or not found on disk.">D:\a\PyKotor\PyKotor\tests\toolset_tests\gui\editors\test_utd_editor.py:92: K1_PATH environment variable is not set or not found on disk.</skipped></testcase><testcase classname="tests.toolset_tests.gui.editors.test_utd_editor.UTDEditorTest" name="test_gff_reconstruct_from_k2_installation" time="0.000"><skipped type="pytest.skip" message="K1_PATH environment variable is not set or not found on disk.">D:\a\PyKotor\PyKotor\tests\toolset_tests\gui\editors\test_utd_editor.py:108: K1_PATH environment variable is not set or not found on disk.</skipped></testcase><testcase classname="tests.toolset_tests.gui.editors.test_utd_editor.UTDEditorTest" name="test_placeholder" time="0.000"><skipped type="pytest.skip" message="K1_PATH environment variable is not set or not found on disk.">D:\a\PyKotor\PyKotor\tests\toolset_tests\gui\editors\test_utd_editor.py:124: K1_PATH environment variable is not set or not found on disk.</skipped></testcase><testcase classname="tests.toolset_tests.gui.editors.test_utd_editor.UTDEditorTest" name="test_save_and_load" time="0.000"><skipped type="pytest.skip" message="K1_PATH environment variable is not set or not found on disk.">D:\a\PyKotor\PyKotor\tests\toolset_tests\gui\editors\test_utd_editor.py:79: K1_PATH environment variable is not set or not found on disk.</skipped></testcase><testcase classname="tests.toolset_tests.gui.editors.test_ute_editor.UTEEditorTest" name="test_gff_reconstruct_from_k1_installation" time="0.000"><skipped type="pytest.skip" message="K2_PATH environment variable is not set or not found on disk.">D:\a\PyKotor\PyKotor\tests\toolset_tests\gui\editors\test_ute_editor.py:89: K2_PATH environment variable is not set or not found on disk.</skipped></testcase><testcase classname="tests.toolset_tests.gui.editors.test_ute_editor.UTEEditorTest" name="test_gff_reconstruct_from_k2_installation" time="0.000"><skipped type="pytest.skip" message="K2_PATH environment variable is not set or not found on disk.">D:\a\PyKotor\PyKotor\tests\toolset_tests\gui\editors\test_ute_editor.py:105: K2_PATH environment variable is not set or not found on disk.</skipped></testcase><testcase classname="tests.toolset_tests.gui.editors.test_ute_editor.UTEEditorTest" name="test_placeholder" time="0.000"><skipped type="pytest.skip" message="K2_PATH environment variable is not set or not found on disk.">D:\a\PyKotor\PyKotor\tests\toolset_tests\gui\editors\test_ute_editor.py:121: K2_PATH environment variable is not set or not found on disk.</skipped></testcase><testcase classname="tests.toolset_tests.gui.editors.test_ute_editor.UTEEditorTest" name="test_save_and_load" time="0.000"><skipped type="pytest.skip" message="K2_PATH environment variable is not set or not found on disk.">D:\a\PyKotor\PyKotor\tests\toolset_tests\gui\editors\test_ute_editor.py:76: K2_PATH environment variable is not set or not found on disk.</skipped></testcase><testcase classname="tests.toolset_tests.gui.editors.test_uti_editor.UTIEditorTest" name="test_gff_reconstruct_from_k1_installation" time="0.000"><skipped type="pytest.skip" message="K2_PATH environment variable is not set or not found on disk.">D:\a\PyKotor\PyKotor\tests\toolset_tests\gui\editors\test_uti_editor.py:90: K2_PATH environment variable is not set or not found on disk.</skipped></testcase><testcase classname="tests.toolset_tests.gui.editors.test_uti_editor.UTIEditorTest" name="test_gff_reconstruct_from_k2_installation" time="0.000"><skipped type="pytest.skip" message="K2_PATH environment variable is not set or not found on disk.">D:\a\PyKotor\PyKotor\tests\toolset_tests\gui\editors\test_uti_editor.py:106: K2_PATH environment variable is not set or not found on disk.</skipped></testcase><testcase classname="tests.toolset_tests.gui.editors.test_uti_editor.UTIEditorTest" name="test_open_and_save" time="0.001"><skipped type="pytest.skip" message="K2_PATH environment variable is not set or not found on disk.">D:\a\PyKotor\PyKotor\tests\toolset_tests\gui\editors\test_uti_editor.py:122: K2_PATH environment variable is not set or not found on disk.</skipped></testcase><testcase classname="tests.toolset_tests.gui.editors.test_uti_editor.UTIEditorTest" name="test_save_and_load" time="0.000"><skipped type="pytest.skip" message="K2_PATH environment variable is not set or not found on disk.">D:\a\PyKotor\PyKotor\tests\toolset_tests\gui\editors\test_uti_editor.py:77: K2_PATH environment variable is not set or not found on disk.</skipped></testcase><testcase classname="tests.toolset_tests.gui.editors.test_utm_editor.UTMEditorTest" name="test_gff_reconstruct_from_k1_installation" time="0.000"><skipped type="pytest.skip" message="K2_PATH environment variable is not set or not found on disk.">D:\a\PyKotor\PyKotor\tests\toolset_tests\gui\editors\test_utm_editor.py:91: K2_PATH environment variable is not set or not found on disk.</skipped></testcase><testcase classname="tests.toolset_tests.gui.editors.test_utm_editor.UTMEditorTest" name="test_gff_reconstruct_from_k2_installation" time="0.000"><skipped type="pytest.skip" message="K2_PATH environment variable is not set or not found on disk.">D:\a\PyKotor\PyKotor\tests\toolset_tests\gui\editors\test_utm_editor.py:107: K2_PATH environment variable is not set or not found on disk.</skipped></testcase><testcase classname="tests.toolset_tests.gui.editors.test_utm_editor.UTMEditorTest" name="test_placeholder" time="0.000"><skipped type="pytest.skip" message="K2_PATH environment variable is not set or not found on disk.">D:\a\PyKotor\PyKotor\tests\toolset_tests\gui\editors\test_utm_editor.py:123: K2_PATH environment variable is not set or not found on disk.</skipped></testcase><testcase classname="tests.toolset_tests.gui.editors.test_utm_editor.UTMEditorTest" name="test_save_and_load" time="0.000"><skipped type="pytest.skip" message="K2_PATH environment variable is not set or not found on disk.">D:\a\PyKotor\PyKotor\tests\toolset_tests\gui\editors\test_utm_editor.py:78: K2_PATH environment variable is not set or not found on disk.</skipped></testcase><testcase classname="tests.toolset_tests.gui.editors.test_utp_editor.UTPEditorTest" name="test_gff_reconstruct_from_k1_installation" time="0.000"><skipped type="pytest.skip" message="K2_PATH environment variable is not set or not found on disk.">D:\a\PyKotor\PyKotor\tests\toolset_tests\gui\editors\test_utp_editor.py:90: K2_PATH environment variable is not set or not found on disk.</skipped></testcase><testcase classname="tests.toolset_tests.gui.editors.test_utp_editor.UTPEditorTest" name="test_gff_reconstruct_from_k2_installation" time="0.000"><skipped type="pytest.skip" message="K2_PATH environment variable is not set or not found on disk.">D:\a\PyKotor\PyKotor\tests\toolset_tests\gui\editors\test_utp_editor.py:106: K2_PATH environment variable is not set or not found on disk.</skipped></testcase><testcase classname="tests.toolset_tests.gui.editors.test_utp_editor.UTPEditorTest" name="test_open_and_save" time="0.000"><skipped type="pytest.skip" message="K2_PATH environment variable is not set or not found on disk.">D:\a\PyKotor\PyKotor\tests\toolset_tests\gui\editors\test_utp_editor.py:122: K2_PATH environment variable is not set or not found on disk.</skipped></testcase><testcase classname="tests.toolset_tests.gui.editors.test_utp_editor.UTPEditorTest" name="test_save_and_load" time="0.001"><skipped type="pytest.skip" message="K2_PATH environment variable is not set or not found on disk.">D:\a\PyKotor\PyKotor\tests\toolset_tests\gui\editors\test_utp_editor.py:77: K2_PATH environment variable is not set or not found on disk.</skipped></testcase><testcase classname="tests.toolset_tests.gui.editors.test_uts_editor.UTSEditorTest" name="test_gff_reconstruct_from_k1_installation" time="0.000"><skipped type="pytest.skip" message="K2_PATH environment variable is not set or not found on disk.">D:\a\PyKotor\PyKotor\tests\toolset_tests\gui\editors\test_uts_editor.py:89: K2_PATH environment variable is not set or not found on disk.</skipped></testcase><testcase classname="tests.toolset_tests.gui.editors.test_uts_editor.UTSEditorTest" name="test_gff_reconstruct_from_k2_installation" time="0.000"><skipped type="pytest.skip" message="K2_PATH environment variable is not set or not found on disk.">D:\a\PyKotor\PyKotor\tests\toolset_tests\gui\editors\test_uts_editor.py:105: K2_PATH environment variable is not set or not found on disk.</skipped></testcase><testcase classname="tests.toolset_tests.gui.editors.test_uts_editor.UTSEditorTest" name="test_placeholder" time="0.000"><skipped type="pytest.skip" message="K2_PATH environment variable is not set or not found on disk.">D:\a\PyKotor\PyKotor\tests\toolset_tests\gui\editors\test_uts_editor.py:121: K2_PATH environment variable is not set or not found on disk.</skipped></testcase><testcase classname="tests.toolset_tests.gui.editors.test_uts_editor.UTSEditorTest" name="test_save_and_load" time="0.000"><skipped type="pytest.skip" message="K2_PATH environment variable is not set or not found on disk.">D:\a\PyKotor\PyKotor\tests\toolset_tests\gui\editors\test_uts_editor.py:76: K2_PATH environment variable is not set or not found on disk.</skipped></testcase><testcase classname="tests.toolset_tests.gui.editors.test_utt_editor.UTTEditorTest" name="test_editor_init" time="0.000"><skipped type="pytest.skip" message="K2_PATH environment variable is not set or not found on disk.">D:\a\PyKotor\PyKotor\tests\toolset_tests\gui\editors\test_utt_editor.py:123: K2_PATH environment variable is not set or not found on disk.</skipped></testcase><testcase classname="tests.toolset_tests.gui.editors.test_utt_editor.UTTEditorTest" name="test_gff_reconstruct_from_k1_installation" time="0.000"><skipped type="pytest.skip" message="K2_PATH environment variable is not set or not found on disk.">D:\a\PyKotor\PyKotor\tests\toolset_tests\gui\editors\test_utt_editor.py:91: K2_PATH environment variable is not set or not found on disk.</skipped></testcase><testcase classname="tests.toolset_tests.gui.editors.test_utt_editor.UTTEditorTest" name="test_gff_reconstruct_from_k2_installation" time="0.000"><skipped type="pytest.skip" message="K2_PATH environment variable is not set or not found on disk.">D:\a\PyKotor\PyKotor\tests\toolset_tests\gui\editors\test_utt_editor.py:107: K2_PATH environment variable is not set or not found on disk.</skipped></testcase><testcase classname="tests.toolset_tests.gui.editors.test_utt_editor.UTTEditorTest" name="test_save_and_load" time="0.000"><skipped type="pytest.skip" message="K2_PATH environment variable is not set or not found on disk.">D:\a\PyKotor\PyKotor\tests\toolset_tests\gui\editors\test_utt_editor.py:78: K2_PATH environment variable is not set or not found on disk.</skipped></testcase><testcase classname="tests.toolset_tests.gui.editors.test_utw_editor.UTWEditorTest" name="test_editor_init" time="0.001"><skipped type="pytest.skip" message="K2_PATH environment variable is not set or not found on disk.">D:\a\PyKotor\PyKotor\tests\toolset_tests\gui\editors\test_utw_editor.py:120: K2_PATH environment variable is not set or not found on disk.</skipped></testcase><testcase classname="tests.toolset_tests.gui.editors.test_utw_editor.UTWEditorTest" name="test_gff_reconstruct_from_k1_installation" time="0.000"><skipped type="pytest.skip" message="K2_PATH environment variable is not set or not found on disk.">D:\a\PyKotor\PyKotor\tests\toolset_tests\gui\editors\test_utw_editor.py:88: K2_PATH environment variable is not set or not found on disk.</skipped></testcase><testcase classname="tests.toolset_tests.gui.editors.test_utw_editor.UTWEditorTest" name="test_gff_reconstruct_from_k2_installation" time="0.000"><skipped type="pytest.skip" message="K2_PATH environment variable is not set or not found on disk.">D:\a\PyKotor\PyKotor\tests\toolset_tests\gui\editors\test_utw_editor.py:104: K2_PATH environment variable is not set or not found on disk.</skipped></testcase><testcase classname="tests.toolset_tests.gui.editors.test_utw_editor.UTWEditorTest" name="test_save_and_load" time="0.000"><skipped type="pytest.skip" message="K2_PATH environment variable is not set or not found on disk.">D:\a\PyKotor\PyKotor\tests\toolset_tests\gui\editors\test_utw_editor.py:75: K2_PATH environment variable is not set or not found on disk.</skipped></testcase><testcase classname="tests.tslpatcher.test_config.TestLookupResourceFunction" name="test_lookup_resource_capsule_exists_false" time="0.001"><skipped type="pytest.skip" message="broken test">D:\a\PyKotor\PyKotor\tests\tslpatcher\test_config.py:109: broken test</skipped></testcase><testcase classname="tests.tslpatcher.test_config.TestLookupResourceFunction" name="test_lookup_resource_capsule_exists_true" time="0.215" /><testcase classname="tests.tslpatcher.test_config.TestLookupResourceFunction" name="test_lookup_resource_capsule_exists_true_no_file" time="0.217" /><testcase classname="tests.tslpatcher.test_config.TestLookupResourceFunction" name="test_lookup_resource_no_capsule_exists_false" time="0.001"><skipped type="pytest.skip" message="broken test">D:\a\PyKotor\PyKotor\tests\tslpatcher\test_config.py:92: broken test</skipped></testcase><testcase classname="tests.tslpatcher.test_config.TestLookupResourceFunction" name="test_lookup_resource_no_capsule_exists_false_no_file" time="0.217" /><testcase classname="tests.tslpatcher.test_config.TestLookupResourceFunction" name="test_lookup_resource_no_capsule_exists_true" time="0.001"><skipped type="pytest.skip" message="broken test">D:\a\PyKotor\PyKotor\tests\tslpatcher\test_config.py:75: broken test</skipped></testcase><testcase classname="tests.tslpatcher.test_config.TestLookupResourceFunction" name="test_lookup_resource_no_capsule_exists_true_no_file" time="0.221" /><testcase classname="tests.tslpatcher.test_config.TestLookupResourceFunction" name="test_lookup_resource_replace_file_true" time="0.001"><skipped type="pytest.skip" message="broken test">D:\a\PyKotor\PyKotor\tests\tslpatcher\test_config.py:43: broken test</skipped></testcase><testcase classname="tests.tslpatcher.test_config.TestLookupResourceFunction" name="test_lookup_resource_replace_file_true_no_file" time="0.234" /><testcase classname="tests.tslpatcher.test_config.TestShouldPatchFunction" name="test_capsule_not_exist" time="0.219" /><testcase classname="tests.tslpatcher.test_config.TestShouldPatchFunction" name="test_default_behavior" time="0.216" /><testcase classname="tests.tslpatcher.test_config.TestShouldPatchFunction" name="test_not_replace_file_exists_skip_false" time="0.219" /><testcase classname="tests.tslpatcher.test_config.TestShouldPatchFunction" name="test_replace_file_exists_destination_capsule" time="0.217" /><testcase classname="tests.tslpatcher.test_config.TestShouldPatchFunction" name="test_replace_file_exists_destination_dot" time="0.218" /><testcase classname="tests.tslpatcher.test_config.TestShouldPatchFunction" name="test_replace_file_exists_destination_override" time="0.218" /><testcase classname="tests.tslpatcher.test_config.TestShouldPatchFunction" name="test_replace_file_exists_saveas_destination_capsule" time="0.215" /><testcase classname="tests.tslpatcher.test_config.TestShouldPatchFunction" name="test_replace_file_exists_saveas_destination_dot" time="0.217" /><testcase classname="tests.tslpatcher.test_config.TestShouldPatchFunction" name="test_replace_file_exists_saveas_destination_override" time="0.219" /><testcase classname="tests.tslpatcher.test_config.TestShouldPatchFunction" name="test_replace_file_not_exists_destination_capsule" time="0.219" /><testcase classname="tests.tslpatcher.test_config.TestShouldPatchFunction" name="test_replace_file_not_exists_destination_override" time="0.220" /><testcase classname="tests.tslpatcher.test_config.TestShouldPatchFunction" name="test_replace_file_not_exists_saveas_destination_capsule" time="0.222" /><testcase classname="tests.tslpatcher.test_config.TestShouldPatchFunction" name="test_replace_file_not_exists_saveas_destination_override" time="0.220" /><testcase classname="tests.tslpatcher.test_config.TestShouldPatchFunction" name="test_skip_if_not_replace_not_replace_file_exists" time="0.220" /><testcase classname="tests.tslpatcher.test_memory.TestLocalizedStringDelta" name="test_apply_stringref_2damemory" time="0.001" /><testcase classname="tests.tslpatcher.test_memory.TestLocalizedStringDelta" name="test_apply_stringref_int" time="0.001" /><testcase classname="tests.tslpatcher.test_memory.TestLocalizedStringDelta" name="test_apply_stringref_none" time="0.000" /><testcase classname="tests.tslpatcher.test_memory.TestLocalizedStringDelta" name="test_apply_stringref_tlkmemory" time="0.000" /><testcase classname="tests.tslpatcher.test_memory.TestLocalizedStringDelta" name="test_apply_substring" time="0.001" /><testcase classname="tests.tslpatcher.test_mods.TestManipulateTLK" name="test_apply_append" time="0.001" /><testcase classname="tests.tslpatcher.test_mods.TestManipulateTLK" name="test_apply_replace" time="0.001" /><testcase classname="tests.tslpatcher.test_mods.TestManipulate2DA" name="test_add_2damemory_rowindex" time="0.001" /><testcase classname="tests.tslpatcher.test_mods.TestManipulate2DA" name="test_add_assign_2damemory" time="0.000" /><testcase classname="tests.tslpatcher.test_mods.TestManipulate2DA" name="test_add_assign_high" time="0.000" /><testcase classname="tests.tslpatcher.test_mods.TestManipulate2DA" name="test_add_assign_tlkmemory" time="0.000" /><testcase classname="tests.tslpatcher.test_mods.TestManipulate2DA" name="test_add_exclusive_badcolumn" time="0.000" /><testcase classname="tests.tslpatcher.test_mods.TestManipulate2DA" name="test_add_exclusive_exists" time="0.000" /><testcase classname="tests.tslpatcher.test_mods.TestManipulate2DA" name="test_add_exclusive_none" time="0.000" /><testcase classname="tests.tslpatcher.test_mods.TestManipulate2DA" name="test_add_exclusive_notexists" time="0.000" /><testcase classname="tests.tslpatcher.test_mods.TestManipulate2DA" name="test_add_rowlabel_existing" time="0.001" /><testcase classname="tests.tslpatcher.test_mods.TestManipulate2DA" name="test_add_rowlabel_use_constant" time="0.000" /><testcase classname="tests.tslpatcher.test_mods.TestManipulate2DA" name="test_add_rowlabel_use_maxrowlabel" time="0.000" /><testcase classname="tests.tslpatcher.test_mods.TestManipulate2DA" name="test_addcolumn_2damemory_index" time="0.000" /><testcase classname="tests.tslpatcher.test_mods.TestManipulate2DA" name="test_addcolumn_2damemory_line" time="0.000" /><testcase classname="tests.tslpatcher.test_mods.TestManipulate2DA" name="test_addcolumn_default" time="0.000" /><testcase classname="tests.tslpatcher.test_mods.TestManipulate2DA" name="test_addcolumn_empty" time="0.000" /><testcase classname="tests.tslpatcher.test_mods.TestManipulate2DA" name="test_addcolumn_rowindex_constant" time="0.001" /><testcase classname="tests.tslpatcher.test_mods.TestManipulate2DA" name="test_addcolumn_rowlabel_2damemory" time="0.000" /><testcase classname="tests.tslpatcher.test_mods.TestManipulate2DA" name="test_addcolumn_rowlabel_tlkmemory" time="0.000" /><testcase classname="tests.tslpatcher.test_mods.TestManipulate2DA" name="test_change_assign_2damemory" time="0.001" /><testcase classname="tests.tslpatcher.test_mods.TestManipulate2DA" name="test_change_assign_high" time="0.000" /><testcase classname="tests.tslpatcher.test_mods.TestManipulate2DA" name="test_change_assign_tlkmemory" time="0.001" /><testcase classname="tests.tslpatcher.test_mods.TestManipulate2DA" name="test_change_existing_labelindex" time="0.000" /><testcase classname="tests.tslpatcher.test_mods.TestManipulate2DA" name="test_change_existing_rowindex" time="0.000" /><testcase classname="tests.tslpatcher.test_mods.TestManipulate2DA" name="test_change_existing_rowlabel" time="0.000" /><testcase classname="tests.tslpatcher.test_mods.TestManipulate2DA" name="test_copy_2damemory_rowindex" time="0.000" /><testcase classname="tests.tslpatcher.test_mods.TestManipulate2DA" name="test_copy_assign_2damemory" time="0.000" /><testcase classname="tests.tslpatcher.test_mods.TestManipulate2DA" name="test_copy_assign_high" time="0.001" /><testcase classname="tests.tslpatcher.test_mods.TestManipulate2DA" name="test_copy_assign_tlkmemory" time="0.000" /><testcase classname="tests.tslpatcher.test_mods.TestManipulate2DA" name="test_copy_exclusive_exists" time="0.000" /><testcase classname="tests.tslpatcher.test_mods.TestManipulate2DA" name="test_copy_exclusive_none" time="0.000" /><testcase classname="tests.tslpatcher.test_mods.TestManipulate2DA" name="test_copy_exclusive_notexists" time="0.000" /><testcase classname="tests.tslpatcher.test_mods.TestManipulate2DA" name="test_copy_existing_rowindex" time="0.001" /><testcase classname="tests.tslpatcher.test_mods.TestManipulate2DA" name="test_copy_existing_rowlabel" time="0.000" /><testcase classname="tests.tslpatcher.test_mods.TestManipulate2DA" name="test_copy_set_newrowlabel" time="0.000" /><testcase classname="tests.tslpatcher.test_mods.TestManipulate2DA" name="test_set_2damemory_columnlabel" time="0.000" /><testcase classname="tests.tslpatcher.test_mods.TestManipulate2DA" name="test_set_2damemory_rowindex" time="0.000" /><testcase classname="tests.tslpatcher.test_mods.TestManipulate2DA" name="test_set_2damemory_rowlabel" time="0.001" /><testcase classname="tests.tslpatcher.test_mods.TestManipulateGFF" name="test_add_field_locstring" time="0.001" /><testcase classname="tests.tslpatcher.test_mods.TestManipulateGFF" name="test_add_nested" time="0.001" /><testcase classname="tests.tslpatcher.test_mods.TestManipulateGFF" name="test_add_newnested" time="0.001" /><testcase classname="tests.tslpatcher.test_mods.TestManipulateGFF" name="test_add_use_2damemory" time="0.001" /><testcase classname="tests.tslpatcher.test_mods.TestManipulateGFF" name="test_add_use_tlkmemory" time="0.001" /><testcase classname="tests.tslpatcher.test_mods.TestManipulateGFF" name="test_addlist_listindex" time="0.001" /><testcase classname="tests.tslpatcher.test_mods.TestManipulateGFF" name="test_addlist_store_2damemory" time="0.001" /><testcase classname="tests.tslpatcher.test_mods.TestManipulateGFF" name="test_modify_2damemory" time="0.001" /><testcase classname="tests.tslpatcher.test_mods.TestManipulateGFF" name="test_modify_field_double" time="0.001" /><testcase classname="tests.tslpatcher.test_mods.TestManipulateGFF" name="test_modify_field_int16" time="0.001" /><testcase classname="tests.tslpatcher.test_mods.TestManipulateGFF" name="test_modify_field_int32" time="0.001" /><testcase classname="tests.tslpatcher.test_mods.TestManipulateGFF" name="test_modify_field_int64" time="0.001" /><testcase classname="tests.tslpatcher.test_mods.TestManipulateGFF" name="test_modify_field_int8" time="0.001" /><testcase classname="tests.tslpatcher.test_mods.TestManipulateGFF" name="test_modify_field_locstring" time="0.001" /><testcase classname="tests.tslpatcher.test_mods.TestManipulateGFF" name="test_modify_field_single" time="0.001" /><testcase classname="tests.tslpatcher.test_mods.TestManipulateGFF" name="test_modify_field_string" time="0.001" /><testcase classname="tests.tslpatcher.test_mods.TestManipulateGFF" name="test_modify_field_uint16" time="0.001" /><testcase classname="tests.tslpatcher.test_mods.TestManipulateGFF" name="test_modify_field_uint32" time="0.001" /><testcase classname="tests.tslpatcher.test_mods.TestManipulateGFF" name="test_modify_field_uint64" time="0.001" /><testcase classname="tests.tslpatcher.test_mods.TestManipulateGFF" name="test_modify_field_uint8" time="0.001" /><testcase classname="tests.tslpatcher.test_mods.TestManipulateGFF" name="test_modify_field_vector3" time="0.001" /><testcase classname="tests.tslpatcher.test_mods.TestManipulateGFF" name="test_modify_field_vector4" time="0.001" /><testcase classname="tests.tslpatcher.test_mods.TestManipulateGFF" name="test_modify_nested" time="0.001" /><testcase classname="tests.tslpatcher.test_mods.TestManipulateGFF" name="test_modify_tlkmemory" time="0.001" /><testcase classname="tests.tslpatcher.test_mods.TestManipulateSSF" name="test_assign_2datoken" time="0.001" /><testcase classname="tests.tslpatcher.test_mods.TestManipulateSSF" name="test_assign_int" time="0.001" /><testcase classname="tests.tslpatcher.test_mods.TestManipulateSSF" name="test_assign_tlktoken" time="0.001" /><testcase classname="tests.tslpatcher.test_reader.TestConfigReader" name="test_2da_addcolumn_2damemory" time="0.007" /><testcase classname="tests.tslpatcher.test_reader.TestConfigReader" name="test_2da_addcolumn_basic" time="0.006" /><testcase classname="tests.tslpatcher.test_reader.TestConfigReader" name="test_2da_addcolumn_indexinsert" time="0.006" /><testcase classname="tests.tslpatcher.test_reader.TestConfigReader" name="test_2da_addcolumn_labelinsert" time="0.007" /><testcase classname="tests.tslpatcher.test_reader.TestConfigReader" name="test_2da_addrow_cells" time="0.007" /><testcase classname="tests.tslpatcher.test_reader.TestConfigReader" name="test_2da_addrow_exclusivecolumn" time="0.006" /><testcase classname="tests.tslpatcher.test_reader.TestConfigReader" name="test_2da_addrow_identifier" time="0.006" /><testcase classname="tests.tslpatcher.test_reader.TestConfigReader" name="test_2da_addrow_rowlabel" time="0.006" /><testcase classname="tests.tslpatcher.test_reader.TestConfigReader" name="test_2da_addrow_store2da" time="0.006" /><testcase classname="tests.tslpatcher.test_reader.TestConfigReader" name="test_2da_changerow_cells" time="0.006" /><testcase classname="tests.tslpatcher.test_reader.TestConfigReader" name="test_2da_changerow_identifier" time="0.006" /><testcase classname="tests.tslpatcher.test_reader.TestConfigReader" name="test_2da_changerow_store2da" time="0.006" /><testcase classname="tests.tslpatcher.test_reader.TestConfigReader" name="test_2da_changerow_targets" time="0.006" /><testcase classname="tests.tslpatcher.test_reader.TestConfigReader" name="test_2da_copyrow_cells" time="0.006" /><testcase classname="tests.tslpatcher.test_reader.TestConfigReader" name="test_2da_copyrow_exclusivecolumn" time="0.006" /><testcase classname="tests.tslpatcher.test_reader.TestConfigReader" name="test_2da_copyrow_high" time="0.006" /><testcase classname="tests.tslpatcher.test_reader.TestConfigReader" name="test_2da_copyrow_identifier" time="0.006" /><testcase classname="tests.tslpatcher.test_reader.TestConfigReader" name="test_2da_copyrow_rowlabel" time="0.006" /><testcase classname="tests.tslpatcher.test_reader.TestConfigReader" name="test_2da_copyrow_store2da" time="0.006" /><testcase classname="tests.tslpatcher.test_reader.TestConfigReader" name="test_2da_copyrow_target" time="0.006" /><testcase classname="tests.tslpatcher.test_reader.TestConfigReader" name="test_gff_add_floats" time="0.006" /><testcase classname="tests.tslpatcher.test_reader.TestConfigReader" name="test_gff_add_inside_list" time="0.006" /><testcase classname="tests.tslpatcher.test_reader.TestConfigReader" name="test_gff_add_inside_struct" time="0.006" /><testcase classname="tests.tslpatcher.test_reader.TestConfigReader" name="test_gff_add_ints" time="0.007" /><testcase classname="tests.tslpatcher.test_reader.TestConfigReader" name="test_gff_add_locstring" time="0.006" /><testcase classname="tests.tslpatcher.test_reader.TestConfigReader" name="test_gff_add_resref" time="0.006" /><testcase classname="tests.tslpatcher.test_reader.TestConfigReader" name="test_gff_add_string" time="0.006" /><testcase classname="tests.tslpatcher.test_reader.TestConfigReader" name="test_gff_add_vector3" time="0.007" /><testcase classname="tests.tslpatcher.test_reader.TestConfigReader" name="test_gff_add_vector4" time="0.006" /><testcase classname="tests.tslpatcher.test_reader.TestConfigReader" name="test_gff_modify_2damemory" time="0.006" /><testcase classname="tests.tslpatcher.test_reader.TestConfigReader" name="test_gff_modify_pathing" time="0.006" /><testcase classname="tests.tslpatcher.test_reader.TestConfigReader" name="test_gff_modify_tlkmemory" time="0.006" /><testcase classname="tests.tslpatcher.test_reader.TestConfigReader" name="test_gff_modify_type_int" time="0.006" /><testcase classname="tests.tslpatcher.test_reader.TestConfigReader" name="test_gff_modify_type_locstring" time="0.006" /><testcase classname="tests.tslpatcher.test_reader.TestConfigReader" name="test_gff_modify_type_string" time="0.006" /><testcase classname="tests.tslpatcher.test_reader.TestConfigReader" name="test_gff_modify_type_vector3" time="0.006" /><testcase classname="tests.tslpatcher.test_reader.TestConfigReader" name="test_gff_modify_type_vector4" time="0.006" /><testcase classname="tests.tslpatcher.test_reader.TestConfigReader" name="test_ssf_replace" time="0.006" /><testcase classname="tests.tslpatcher.test_reader.TestConfigReader" name="test_ssf_set" time="0.007" /><testcase classname="tests.tslpatcher.test_reader.TestConfigReader" name="test_ssf_stored_2da" time="0.006" /><testcase classname="tests.tslpatcher.test_reader.TestConfigReader" name="test_ssf_stored_constant" time="0.006" /><testcase classname="tests.tslpatcher.test_reader.TestConfigReader" name="test_ssf_stored_tlk" time="0.006" /><testcase classname="tests.tslpatcher.test_reader.TestConfigReader" name="test_tlk_complex_changes" time="0.030" /><testcase classname="tests.tslpatcher.test_reader.TestConfigReader" name="test_tlk_file_ignore_functionality" time="0.008" /><testcase classname="tests.tslpatcher.test_reader.TestConfigReader" name="test_tlk_file_range_functionality" time="0.008" /><testcase classname="tests.tslpatcher.test_reader.TestConfigReader" name="test_tlk_range_functionality" time="0.008" /><testcase classname="tests.tslpatcher.test_reader.TestConfigReader" name="test_tlk_strref_default_functionality" time="0.010" /><testcase classname="tests.tslpatcher.test_reader.TestConfigReader" name="test_tlk_strref_ignore_functionality" time="0.008" /><testcase classname="tests.tslpatcher.test_reader.TestConfigReader" name="test_tlk_strref_range_functionality" time="0.009" /></testsuite></testsuites>