<?xml version="1.0" encoding="utf-8"?><testsuites><testsuite name="pytest" errors="1" failures="15" skipped="131" tests="678" time="4.853" timestamp="2024-07-01T05:18:44.537536" hostname="fv-az1534-15"><testcase classname="" name="tests.toolset_tests.gui.editors.test_dlg_editor" time="0.000"><error message="collection failure">ImportError while importing test module '/home/runner/work/PyKotor/PyKotor/tests/toolset_tests/gui/editors/test_dlg_editor.py'.
Hint: make sure your test modules/packages have valid Python names.
Traceback:
/usr/local/lib/python3.9/importlib/__init__.py:127: in import_module
    return _bootstrap._gcd_import(name[level:], package, level)
tests/toolset_tests/gui/editors/test_dlg_editor.py:11: in &lt;module&gt;
    from toolset.gui.editors.dlg import DLGEditor, DLGStandardItemModel, DLGStandardItem, DLGNode, DLGLink, DLGEntry, DLGReply, DLGTreeView
Tools/HolocronToolset/src/toolset/gui/editors/dlg.py:95: in &lt;module&gt;
    from toolset.data.installation import HTInstallation
Tools/HolocronToolset/src/toolset/data/installation.py:15: in &lt;module&gt;
    from toolset.utils.window import addWindow
Tools/HolocronToolset/src/toolset/utils/window.py:9: in &lt;module&gt;
    from toolset.gui.editors.mdl import MDLEditor
Tools/HolocronToolset/src/toolset/gui/editors/mdl.py:17: in &lt;module&gt;
    from toolset.gui.editor import Editor
Tools/HolocronToolset/src/toolset/gui/editor.py:14: in &lt;module&gt;
    from qtpy.QtMultimedia import QMediaPlayer
.venv_ubuntu-20.04_python_3.9_x64/lib/python3.9/site-packages/qtpy/QtMultimedia.py:13: in &lt;module&gt;
    from PyQt5.QtMultimedia import *
E   ImportError: libpulse-mainloop-glib.so.0: cannot open shared object file: No such file or directory</error></testcase><testcase classname="tests.common.test_case_aware_path.TestCaseAwarePath" name="test_endswith" time="0.002" /><testcase classname="tests.common.test_case_aware_path.TestCaseAwarePath" name="test_find_closest_match" time="0.000" /><testcase classname="tests.common.test_case_aware_path.TestCaseAwarePath" name="test_fix_path_formatting" time="0.000" /><testcase classname="tests.common.test_case_aware_path.TestCaseAwarePath" name="test_get_matching_characters_count" time="0.000" /><testcase classname="tests.common.test_case_aware_path.TestCaseAwarePath" name="test_hashing" time="0.000" /><testcase classname="tests.common.test_case_aware_path.TestCaseAwarePath" name="test_new_invalid_argument" time="0.000" /><testcase classname="tests.common.test_case_aware_path.TestCaseAwarePath" name="test_new_valid_str_argument" time="0.000" /><testcase classname="tests.common.test_case_aware_path.TestCaseAwarePath" name="test_relative_to_abspath" time="0.007" /><testcase classname="tests.common.test_case_aware_path.TestCaseAwarePath" name="test_relative_to_abspath_case_sensitive" time="0.002" /><testcase classname="tests.common.test_case_aware_path.TestCaseAwarePath" name="test_relative_to_relpath" time="0.007" /><testcase classname="tests.common.test_case_aware_path.TestCaseAwarePath" name="test_relative_to_relpath_case_sensitive" time="0.002" /><testcase classname="tests.common.test_case_aware_path.TestCaseAwarePath" name="test_valid_name_property" time="0.003" /><testcase classname="tests.common.test_case_aware_path.TestCaseAwarePath" name="test_valid_name_property_on_pathlib_path" time="0.001" /><testcase classname="tests.common.test_case_aware_path.TestSplitFilename" name="test_invalid_dots" time="0.000" /><testcase classname="tests.common.test_case_aware_path.TestSplitFilename" name="test_more_dots_than_parts" time="0.000" /><testcase classname="tests.common.test_case_aware_path.TestSplitFilename" name="test_multiple_dots" time="0.000" /><testcase classname="tests.common.test_case_aware_path.TestSplitFilename" name="test_negative_dots" time="0.000" /><testcase classname="tests.common.test_case_aware_path.TestSplitFilename" name="test_no_dots" time="0.000" /><testcase classname="tests.common.test_case_aware_path.TestSplitFilename" name="test_normal" time="0.000" /><testcase classname="tests.common.test_case_aware_path.TestIsRelativeTo" name="test_basic" time="0.000" /><testcase classname="tests.common.test_case_aware_path.TestIsRelativeTo" name="test_case_insensitive" time="0.001" /><testcase classname="tests.common.test_case_aware_path.TestIsRelativeTo" name="test_different_paths" time="0.000" /><testcase classname="tests.common.test_case_aware_path.TestIsRelativeTo" name="test_not_path" time="0.000" /><testcase classname="tests.common.test_case_aware_path.TestIsRelativeTo" name="test_relative_paths" time="0.001" /><testcase classname="tests.common.test_case_aware_path.TestIsRelativeTo" name="test_same_path" time="0.001" /><testcase classname="tests.common.test_decode_fallbacks.TestDecodeBytes" name="test_8bit_encoding_only" time="0.041" /><testcase classname="tests.common.test_decode_fallbacks.TestDecodeBytes" name="test_basic" time="0.001" /><testcase classname="tests.common.test_decode_fallbacks.TestDecodeBytes" name="test_bom" time="0.001" /><testcase classname="tests.common.test_decode_fallbacks.TestDecodeBytes" name="test_errors_replace" time="0.001" /><testcase classname="tests.common.test_decode_fallbacks.TestDecodeBytes" name="test_fallback_to_detected_encoding" time="0.006" /><testcase classname="tests.common.test_decode_fallbacks.TestDecodeBytes" name="test_invalid_bytes_for_encoding" time="0.000" /><testcase classname="tests.common.test_decode_fallbacks.TestDecodeBytes" name="test_known_encoding" time="0.000" /><testcase classname="tests.common.test_decode_fallbacks.TestDecodeBytes" name="test_language_detect" time="0.001" /><testcase classname="tests.common.test_decode_fallbacks.TestDecodeBytes" name="test_language_provided" time="0.000" /><testcase classname="tests.common.test_decode_fallbacks.TestDecodeBytes" name="test_no_valid_encoding_found_strict_errors" time="0.006" /><testcase classname="tests.common.test_decode_fallbacks.TestDecodeBytes" name="test_non_ascii" time="0.001" /><testcase classname="tests.common.test_decode_fallbacks.TestDecodeBytes" name="test_strict_error_handling_decoding_failure" time="0.000"><failure message="UnicodeDecodeError: 'ascii' codec can't decode byte 0x80 in position 0: ordinal not in range(128)">E   UnicodeDecodeError: 'ascii' codec can't decode byte 0x80 in position 0: ordinal not in range(128)</failure></testcase><testcase classname="tests.common.test_decode_fallbacks.TestDecodeBytes" name="test_undetectable_encoding_replace_errors" time="0.001" /><testcase classname="tests.common.test_decode_fallbacks.TestDecodeBytes" name="test_unknown_encoding" time="0.001" /><testcase classname="tests.common.test_decode_fallbacks.TestDecodeBytes" name="test_with_BOM_included" time="0.001" /><testcase classname="tests.common.test_geometry.TestVector2" name="test_from_vector2" time="0.000" /><testcase classname="tests.common.test_geometry.TestVector2" name="test_from_vector3" time="0.000" /><testcase classname="tests.common.test_geometry.TestVector2" name="test_from_vector4" time="0.000" /><testcase classname="tests.common.test_geometry.TestVector2" name="test_unpacking" time="0.000" /><testcase classname="tests.common.test_geometry.TestVector3" name="test_from_vector2" time="0.000" /><testcase classname="tests.common.test_geometry.TestVector3" name="test_from_vector3" time="0.000" /><testcase classname="tests.common.test_geometry.TestVector3" name="test_from_vector4" time="0.000" /><testcase classname="tests.common.test_geometry.TestVector3" name="test_unpacking" time="0.000" /><testcase classname="tests.common.test_geometry.TestVector4" name="test_from_euler" time="0.000" /><testcase classname="tests.common.test_geometry.TestVector4" name="test_from_vector2" time="0.000" /><testcase classname="tests.common.test_geometry.TestVector4" name="test_from_vector3" time="0.000" /><testcase classname="tests.common.test_geometry.TestVector4" name="test_from_vector4" time="0.000" /><testcase classname="tests.common.test_geometry.TestVector4" name="test_unpacking" time="0.000" /><testcase classname="tests.common.test_geometry.TestFace" name="test_determine_z" time="0.000" /><testcase classname="tests.common.test_geometry.TestPolygon2" name="test_area" time="0.000" /><testcase classname="tests.common.test_geometry.TestPolygon2" name="test_inside" time="0.000" /><testcase classname="tests.common.test_get_case_sensitive_path.TestCaseAwarePath" name="test_cascading_file_creation" time="0.001" /><testcase classname="tests.common.test_get_case_sensitive_path.TestCaseAwarePath" name="test_case_change_after_creation" time="0.001" /><testcase classname="tests.common.test_get_case_sensitive_path.TestCaseAwarePath" name="test_chmod" time="0.000"><skipped type="pytest.skip" message="unfinished">/home/runner/work/PyKotor/PyKotor/tests/common/test_get_case_sensitive_path.py:206: unfinished</skipped></testcase><testcase classname="tests.common.test_get_case_sensitive_path.TestCaseAwarePath" name="test_complex_case_changes" time="0.001" /><testcase classname="tests.common.test_get_case_sensitive_path.TestCaseAwarePath" name="test_deep_directory_truediv" time="0.004" /><testcase classname="tests.common.test_get_case_sensitive_path.TestCaseAwarePath" name="test_hardlink_to" time="0.000"><skipped type="pytest.skip" message="unfinished">/home/runner/work/PyKotor/PyKotor/tests/common/test_get_case_sensitive_path.py:284: unfinished</skipped></testcase><testcase classname="tests.common.test_get_case_sensitive_path.TestCaseAwarePath" name="test_join_with_nonexistent_path" time="0.000" /><testcase classname="tests.common.test_get_case_sensitive_path.TestCaseAwarePath" name="test_joinpath_chain" time="0.003" /><testcase classname="tests.common.test_get_case_sensitive_path.TestCaseAwarePath" name="test_make_and_parse_uri" time="0.003" /><testcase classname="tests.common.test_get_case_sensitive_path.TestCaseAwarePath" name="test_mixed_case_creation_and_deletion" time="0.001" /><testcase classname="tests.common.test_get_case_sensitive_path.TestCaseAwarePath" name="test_open_read_write" time="0.001" /><testcase classname="tests.common.test_get_case_sensitive_path.TestCaseAwarePath" name="test_recursive_directory_creation" time="0.001" /><testcase classname="tests.common.test_get_case_sensitive_path.TestCaseAwarePath" name="test_relative_to" time="0.004" /><testcase classname="tests.common.test_get_case_sensitive_path.TestCaseAwarePath" name="test_rename" time="0.001" /><testcase classname="tests.common.test_get_case_sensitive_path.TestCaseAwarePath" name="test_replace" time="0.001" /><testcase classname="tests.common.test_get_case_sensitive_path.TestCaseAwarePath" name="test_rtruediv" time="0.003" /><testcase classname="tests.common.test_get_case_sensitive_path.TestCaseAwarePath" name="test_samefile" time="0.001" /><testcase classname="tests.common.test_get_case_sensitive_path.TestCaseAwarePath" name="test_symlink_to" time="0.000"><skipped type="pytest.skip" message="unfinished">/home/runner/work/PyKotor/PyKotor/tests/common/test_get_case_sensitive_path.py:272: unfinished</skipped></testcase><testcase classname="tests.common.test_get_case_sensitive_path.TestCaseAwarePath" name="test_touch" time="0.001" /><testcase classname="tests.common.test_get_case_sensitive_path.TestCaseAwarePath" name="test_truediv_equivalent_to_joinpath" time="0.004" /><testcase classname="tests.common.test_path_extras.TestPathExtras" name="test_gain_file_access" time="0.000"><skipped type="pytest.skip" message="This test can only run on Windows.">/home/runner/work/PyKotor/PyKotor/tests/common/test_path_extras.py:76: This test can only run on Windows.</skipped></testcase><testcase classname="tests.common.test_path_isinstance.TestPathInheritance" name="test_nt_case_hashing" time="0.001" /><testcase classname="tests.common.test_path_isinstance.TestPathInheritance" name="test_path_attributes" time="0.000" /><testcase classname="tests.common.test_path_isinstance.TestPathInheritance" name="test_path_hashing" time="0.000" /><testcase classname="tests.common.test_path_isinstance.TestPathInheritance" name="test_path_isinstance" time="0.000" /><testcase classname="tests.common.test_path_isinstance.TestPathInheritance" name="test_pathlib_path_isinstance" time="0.000" /><testcase classname="tests.common.test_path_isinstance.TestPathInheritance" name="test_pathlib_posix_path_isinstance" time="0.000" /><testcase classname="tests.common.test_path_isinstance.TestPathInheritance" name="test_pathlib_posix_path_isinstance_path" time="0.000" /><testcase classname="tests.common.test_path_isinstance.TestPathInheritance" name="test_pathlib_pure_posix_path_isinstance" time="0.000" /><testcase classname="tests.common.test_path_isinstance.TestPathInheritance" name="test_pathlib_pure_windows_path_isinstance" time="0.000" /><testcase classname="tests.common.test_path_isinstance.TestPathInheritance" name="test_pathlib_purepath_not_isinstance_path" time="0.000" /><testcase classname="tests.common.test_path_isinstance.TestPathInheritance" name="test_pathlib_purepath_not_isinstance_posix_path" time="0.000" /><testcase classname="tests.common.test_path_isinstance.TestPathInheritance" name="test_pathlib_purepath_not_isinstance_windows_path" time="0.000"><skipped type="pytest.skip" message="Test must be run on Windows os">/home/runner/work/PyKotor/PyKotor/tests/common/test_path_isinstance.py:164: Test must be run on Windows os</skipped></testcase><testcase classname="tests.common.test_path_isinstance.TestPathInheritance" name="test_pathlib_windows_path_isinstance" time="0.000"><skipped type="pytest.skip" message="Test must be run on Windows os">/home/runner/work/PyKotor/PyKotor/tests/common/test_path_isinstance.py:136: Test must be run on Windows os</skipped></testcase><testcase classname="tests.common.test_path_isinstance.TestPathInheritance" name="test_pathlib_windows_path_isinstance_path" time="0.000"><skipped type="pytest.skip" message="Test must be run on Windows os">/home/runner/work/PyKotor/PyKotor/tests/common/test_path_isinstance.py:150: Test must be run on Windows os</skipped></testcase><testcase classname="tests.common.test_path_isinstance.TestPathInheritance" name="test_posix_path_isinstance" time="0.000" /><testcase classname="tests.common.test_path_isinstance.TestPathInheritance" name="test_posix_path_isinstance_path" time="0.000" /><testcase classname="tests.common.test_path_isinstance.TestPathInheritance" name="test_pure_posix_path_isinstance" time="0.000" /><testcase classname="tests.common.test_path_isinstance.TestPathInheritance" name="test_pure_windows_path_isinstance" time="0.000" /><testcase classname="tests.common.test_path_isinstance.TestPathInheritance" name="test_purepath_not_isinstance_path" time="0.000" /><testcase classname="tests.common.test_path_isinstance.TestPathInheritance" name="test_purepath_not_isinstance_posix_path" time="0.000" /><testcase classname="tests.common.test_path_isinstance.TestPathInheritance" name="test_purepath_not_isinstance_windows_path" time="0.000"><skipped type="pytest.skip" message="Test must be run on Windows os">/home/runner/work/PyKotor/PyKotor/tests/common/test_path_isinstance.py:103: Test must be run on Windows os</skipped></testcase><testcase classname="tests.common.test_path_isinstance.TestPathInheritance" name="test_windows_path_isinstance" time="0.000"><skipped type="pytest.skip" message="Test must be run on Windows os">/home/runner/work/PyKotor/PyKotor/tests/common/test_path_isinstance.py:83: Test must be run on Windows os</skipped></testcase><testcase classname="tests.common.test_path_isinstance.TestPathInheritance" name="test_windows_path_isinstance_path" time="0.000"><skipped type="pytest.skip" message="Test must be run on Windows os">/home/runner/work/PyKotor/PyKotor/tests/common/test_path_isinstance.py:93: Test must be run on Windows os</skipped></testcase><testcase classname="tests.common.test_path_mixed_slash_handling.TestPathlibMixedSlashes" name="test_custom_path_edge_cases_os_specific_case_aware_path" time="0.015" /><testcase classname="tests.common.test_path_mixed_slash_handling.TestPathlibMixedSlashes" name="test_custom_path_edge_cases_os_specific_custom_path" time="0.001" /><testcase classname="tests.common.test_path_mixed_slash_handling.TestPathlibMixedSlashes" name="test_custom_path_edge_cases_os_specific_custom_pure_path" time="0.001" /><testcase classname="tests.common.test_path_mixed_slash_handling.TestPathlibMixedSlashes" name="test_custom_path_edge_cases_posix_custom_posix_path" time="0.001" /><testcase classname="tests.common.test_path_mixed_slash_handling.TestPathlibMixedSlashes" name="test_custom_path_edge_cases_posix_custom_pure_posix_path" time="0.001" /><testcase classname="tests.common.test_path_mixed_slash_handling.TestPathlibMixedSlashes" name="test_custom_path_edge_cases_windows_custom_pure_windows_path" time="0.001"><failure message="AssertionError: 'C:Users\\test' != 'C:\\Users\\test'&#10;- C:Users\test&#10;+ C:\Users\test&#10;?   +">E   AssertionError: 'C:Users\\test' != 'C:\\Users\\test'
    - C:Users\test
    + C:\Users\test
    ?   +</failure></testcase><testcase classname="tests.common.test_path_mixed_slash_handling.TestPathlibMixedSlashes" name="test_custom_path_edge_cases_windows_custom_windows_path" time="0.000"><skipped type="pytest.skip" message="Test only supported on NT systems.">/home/runner/work/PyKotor/PyKotor/tests/common/test_path_mixed_slash_handling.py:458: Test only supported on NT systems.</skipped></testcase><testcase classname="tests.common.test_path_mixed_slash_handling.TestPathlibMixedSlashes" name="test_low_granular_path_usage" time="0.000"><skipped type="pytest.skip" message="Test can only be run on Windows.">/home/runner/work/PyKotor/PyKotor/tests/common/test_path_mixed_slash_handling.py:58: Test can only be run on Windows.</skipped></testcase><testcase classname="tests.common.test_path_mixed_slash_handling.TestPathlibMixedSlashes" name="test_pathlib_path_edge_cases_os_specific_path" time="0.000" /><testcase classname="tests.common.test_path_mixed_slash_handling.TestPathlibMixedSlashes" name="test_pathlib_path_edge_cases_os_specific_pure_path" time="0.000" /><testcase classname="tests.common.test_path_mixed_slash_handling.TestPathlibMixedSlashes" name="test_pathlib_path_edge_cases_posix_posix_path" time="0.000" /><testcase classname="tests.common.test_path_mixed_slash_handling.TestPathlibMixedSlashes" name="test_pathlib_path_edge_cases_posix_pure_posix_path" time="0.000" /><testcase classname="tests.common.test_path_mixed_slash_handling.TestPathlibMixedSlashes" name="test_pathlib_path_edge_cases_windows_pure_windows_path" time="0.000" /><testcase classname="tests.common.test_path_mixed_slash_handling.TestPathlibMixedSlashes" name="test_pathlib_path_edge_cases_windows_windows_path" time="0.000"><skipped type="pytest.skip" message="Test only supported on NT systems.">/home/runner/work/PyKotor/PyKotor/tests/common/test_path_mixed_slash_handling.py:243: Test only supported on NT systems.</skipped></testcase><testcase classname="tests.common.test_path_mixed_slash_handling.TestPathlibMixedSlashes" name="test_posix_case_hashing_custom_path" time="0.000" /><testcase classname="tests.common.test_path_mixed_slash_handling.TestPathlibMixedSlashes" name="test_posix_case_hashing_custom_posix_path" time="0.000" /><testcase classname="tests.common.test_path_mixed_slash_handling.TestPathlibMixedSlashes" name="test_posix_case_hashing_custom_pure_posix_path" time="0.000" /><testcase classname="tests.common.test_path_mixed_slash_handling.TestPathlibMixedSlashes" name="test_posix_exists_alternatives" time="0.001" /><testcase classname="tests.common.test_path_mixed_slash_handling.TestPathlibMixedSlashes" name="test_windows_case_hashing_custom_path" time="0.000" /><testcase classname="tests.common.test_stream.TestBinaryReader" name="test_peek" time="0.000" /><testcase classname="tests.common.test_stream.TestBinaryReader" name="test_position" time="0.000" /><testcase classname="tests.common.test_stream.TestBinaryReader" name="test_read" time="0.001" /><testcase classname="tests.common.test_stream.TestBinaryReader" name="test_remaining" time="0.000" /><testcase classname="tests.common.test_stream.TestBinaryReader" name="test_seek" time="0.000" /><testcase classname="tests.common.test_stream.TestBinaryReader" name="test_size" time="0.000" /><testcase classname="tests.common.test_stream.TestBinaryReader" name="test_skip" time="0.000" /><testcase classname="tests.common.test_stream.TestBinaryReader" name="test_true_size" time="0.000" /><testcase classname="tests.extract.test_capsule.TestCapsule" name="test_add_to_erf_file" time="0.005" /><testcase classname="tests.extract.test_capsule.TestCapsule" name="test_add_to_rim_file" time="0.005" /><testcase classname="tests.extract.test_capsule.TestCapsule" name="test_erf_capsule" time="0.002" /><testcase classname="tests.extract.test_capsule.TestCapsule" name="test_rim_capsule" time="0.002" /><testcase classname="tests.extract.test_chitin.TestCapsule" name="test_k1_chitin" time="0.000"><skipped type="pytest.skip" message="K1_PATH environment variable is not set or not found on disk.">/home/runner/work/PyKotor/PyKotor/tests/extract/test_chitin.py:44: K1_PATH environment variable is not set or not found on disk.</skipped></testcase><testcase classname="tests.extract.test_chitin.TestCapsule" name="test_k2_chitin" time="0.000"><skipped type="pytest.skip" message="K2_PATH environment variable is not set or not found on disk.">/home/runner/work/PyKotor/PyKotor/tests/extract/test_chitin.py:51: K2_PATH environment variable is not set or not found on disk.</skipped></testcase><testcase classname="tests.extract.test_chitin.TestCapsule" name="test_nwn_chitin" time="0.000"><skipped type="pytest.skip" message="K1_PATH environment variable is not set or not found on disk.">/home/runner/work/PyKotor/PyKotor/tests/extract/test_chitin.py:37: K1_PATH environment variable is not set or not found on disk.</skipped></testcase><testcase classname="tests.extract.test_installation.TestInstallation" name="test_location" time="0.000"><skipped type="pytest.skip" message="K1_PATH environment variable is not set or not found on disk.">/home/runner/work/PyKotor/PyKotor/tests/extract/test_installation.py:163: K1_PATH environment variable is not set or not found on disk.</skipped></testcase><testcase classname="tests.extract.test_installation.TestInstallation" name="test_locations" time="0.000"><skipped type="pytest.skip" message="K1_PATH environment variable is not set or not found on disk.">/home/runner/work/PyKotor/PyKotor/tests/extract/test_installation.py:195: K1_PATH environment variable is not set or not found on disk.</skipped></testcase><testcase classname="tests.extract.test_installation.TestInstallation" name="test_resource" time="0.000"><skipped type="pytest.skip" message="K1_PATH environment variable is not set or not found on disk.">/home/runner/work/PyKotor/PyKotor/tests/extract/test_installation.py:47: K1_PATH environment variable is not set or not found on disk.</skipped></testcase><testcase classname="tests.extract.test_installation.TestInstallation" name="test_resources" time="0.000"><skipped type="pytest.skip" message="K1_PATH environment variable is not set or not found on disk.">/home/runner/work/PyKotor/PyKotor/tests/extract/test_installation.py:86: K1_PATH environment variable is not set or not found on disk.</skipped></testcase><testcase classname="tests.extract.test_installation.TestInstallation" name="test_sounds" time="0.000"><skipped type="pytest.skip" message="K1_PATH environment variable is not set or not found on disk.">/home/runner/work/PyKotor/PyKotor/tests/extract/test_installation.py:329: K1_PATH environment variable is not set or not found on disk.</skipped></testcase><testcase classname="tests.extract.test_installation.TestInstallation" name="test_string" time="0.000"><skipped type="pytest.skip" message="K1_PATH environment variable is not set or not found on disk.">/home/runner/work/PyKotor/PyKotor/tests/extract/test_installation.py:357: K1_PATH environment variable is not set or not found on disk.</skipped></testcase><testcase classname="tests.extract.test_installation.TestInstallation" name="test_strings" time="0.000"><skipped type="pytest.skip" message="K1_PATH environment variable is not set or not found on disk.">/home/runner/work/PyKotor/PyKotor/tests/extract/test_installation.py:372: K1_PATH environment variable is not set or not found on disk.</skipped></testcase><testcase classname="tests.extract.test_installation.TestInstallation" name="test_texture" time="0.000"><skipped type="pytest.skip" message="K1_PATH environment variable is not set or not found on disk.">/home/runner/work/PyKotor/PyKotor/tests/extract/test_installation.py:278: K1_PATH environment variable is not set or not found on disk.</skipped></testcase><testcase classname="tests.extract.test_installation.TestInstallation" name="test_textures" time="0.000"><skipped type="pytest.skip" message="K1_PATH environment variable is not set or not found on disk.">/home/runner/work/PyKotor/PyKotor/tests/extract/test_installation.py:296: K1_PATH environment variable is not set or not found on disk.</skipped></testcase><testcase classname="tests.extract.test_talktable.TestTalkTable" name="test_batch" time="0.001" /><testcase classname="tests.extract.test_talktable.TestTalkTable" name="test_language" time="0.000" /><testcase classname="tests.extract.test_talktable.TestTalkTable" name="test_size" time="0.000" /><testcase classname="tests.extract.test_talktable.TestTalkTable" name="test_string" time="0.001" /><testcase classname="tests.extract.test_talktable.TestTalkTable" name="test_voiceover" time="0.001" /><testcase classname="tests.resource.formats.test_erf.TestERF" name="test_binary_io" time="0.001" /><testcase classname="tests.resource.formats.test_erf.TestERF" name="test_read_raises" time="0.001" /><testcase classname="tests.resource.formats.test_erf.TestERF" name="test_write_raises" time="0.000" /><testcase classname="tests.resource.formats.test_gff.TestGFF" name="test_binary_io" time="0.002" /><testcase classname="tests.resource.formats.test_gff.TestGFF" name="test_read_raises" time="0.002" /><testcase classname="tests.resource.formats.test_gff.TestGFF" name="test_write_raises" time="0.000" /><testcase classname="tests.resource.formats.test_gff.TestGFF" name="test_xml_io" time="0.001" /><testcase classname="tests.resource.formats.test_lip.TestLIP" name="test_binary_io" time="0.001" /><testcase classname="tests.resource.formats.test_lip.TestLIP" name="test_read_raises" time="0.001" /><testcase classname="tests.resource.formats.test_lip.TestLIP" name="test_write_raises" time="0.000" /><testcase classname="tests.resource.formats.test_lip.TestLIP" name="test_xml_io" time="0.001" /><testcase classname="tests.resource.formats.test_lyt.TestLYT" name="test_binary_io" time="0.001" /><testcase classname="tests.resource.formats.test_lyt.TestLYT" name="test_read_raises" time="0.001" /><testcase classname="tests.resource.formats.test_lyt.TestLYT" name="test_write_raises" time="0.000" /><testcase classname="tests.resource.formats.test_ncs_compile_installation.TestCompileInstallation" name="test_k1_bizarre_compiler" time="0.000"><failure message=" Exception 'K1_PATH/K2_PATH/NWNNSSCOMP_PATH environment variable is not set or not found on disk.' of type '&lt;class 'Skipped'&gt;' occurred.&#10;Stack Trace Variables:&#10;&#10;Function 'addSkip' at /home/runner/work/PyKotor/PyKotor/.venv_ubuntu-20.04_python_3.9_x64/lib/python3.9/site-packages/_pytest/unittest.py:277:&#10;  self = &lt;TestCaseFunction test_k1_bizarre_compiler&gt;&#10;  testcase = &lt;resource.formats.test_ncs_compile_installation.TestCompileInstallation testMethod=test_k1_bizarre_compiler&gt;&#10;  reason = 'K1_PATH/K2_PATH/NWNNSSCOMP_PATH environment variable is not set or not found on disk.'&#10;Traceback (most recent call last):&#10;  File &quot;/home/runner/work/PyKotor/PyKotor/.venv_ubuntu-20.04_python_3.9_x64/lib/python3.9/site-packages/_pytest/unittest.py&quot;, line 277, in addSkip&#10;    raise pytest.skip.Exception(reason, _use_item_location=True)&#10;Skipped: K1_PATH/K2_PATH/NWNNSSCOMP_PATH environment variable is not set or not found on disk.&#10;"> Exception 'K1_PATH/K2_PATH/NWNNSSCOMP_PATH environment variable is not set or not found on disk.' of type '&lt;class 'Skipped'&gt;' occurred.
Stack Trace Variables:

Function 'addSkip' at /home/runner/work/PyKotor/PyKotor/.venv_ubuntu-20.04_python_3.9_x64/lib/python3.9/site-packages/_pytest/unittest.py:277:
  self = &lt;TestCaseFunction test_k1_bizarre_compiler&gt;
  testcase = &lt;resource.formats.test_ncs_compile_installation.TestCompileInstallation testMethod=test_k1_bizarre_compiler&gt;
  reason = 'K1_PATH/K2_PATH/NWNNSSCOMP_PATH environment variable is not set or not found on disk.'
Traceback (most recent call last):
  File "/home/runner/work/PyKotor/PyKotor/.venv_ubuntu-20.04_python_3.9_x64/lib/python3.9/site-packages/_pytest/unittest.py", line 277, in addSkip
    raise pytest.skip.Exception(reason, _use_item_location=True)
Skipped: K1_PATH/K2_PATH/NWNNSSCOMP_PATH environment variable is not set or not found on disk.
</failure></testcase><testcase classname="tests.resource.formats.test_ncs_compile_installation.TestCompileInstallation" name="test_k1_compile_nss" time="0.000"><failure message=" Exception 'K1_PATH/K2_PATH/NWNNSSCOMP_PATH environment variable is not set or not found on disk.' of type '&lt;class 'Skipped'&gt;' occurred.&#10;Stack Trace Variables:&#10;&#10;Function 'addSkip' at /home/runner/work/PyKotor/PyKotor/.venv_ubuntu-20.04_python_3.9_x64/lib/python3.9/site-packages/_pytest/unittest.py:277:&#10;  self = &lt;TestCaseFunction test_k1_compile_nss&gt;&#10;  testcase = &lt;resource.formats.test_ncs_compile_installation.TestCompileInstallation testMethod=test_k1_compile_nss&gt;&#10;  reason = 'K1_PATH/K2_PATH/NWNNSSCOMP_PATH environment variable is not set or not found on disk.'&#10;Traceback (most recent call last):&#10;  File &quot;/home/runner/work/PyKotor/PyKotor/.venv_ubuntu-20.04_python_3.9_x64/lib/python3.9/site-packages/_pytest/unittest.py&quot;, line 277, in addSkip&#10;    raise pytest.skip.Exception(reason, _use_item_location=True)&#10;Skipped: K1_PATH/K2_PATH/NWNNSSCOMP_PATH environment variable is not set or not found on disk.&#10;"> Exception 'K1_PATH/K2_PATH/NWNNSSCOMP_PATH environment variable is not set or not found on disk.' of type '&lt;class 'Skipped'&gt;' occurred.
Stack Trace Variables:

Function 'addSkip' at /home/runner/work/PyKotor/PyKotor/.venv_ubuntu-20.04_python_3.9_x64/lib/python3.9/site-packages/_pytest/unittest.py:277:
  self = &lt;TestCaseFunction test_k1_compile_nss&gt;
  testcase = &lt;resource.formats.test_ncs_compile_installation.TestCompileInstallation testMethod=test_k1_compile_nss&gt;
  reason = 'K1_PATH/K2_PATH/NWNNSSCOMP_PATH environment variable is not set or not found on disk.'
Traceback (most recent call last):
  File "/home/runner/work/PyKotor/PyKotor/.venv_ubuntu-20.04_python_3.9_x64/lib/python3.9/site-packages/_pytest/unittest.py", line 277, in addSkip
    raise pytest.skip.Exception(reason, _use_item_location=True)
Skipped: K1_PATH/K2_PATH/NWNNSSCOMP_PATH environment variable is not set or not found on disk.
</failure></testcase><testcase classname="tests.resource.formats.test_ncs_compile_installation.TestCompileInstallation" name="test_k1_inbuilt_compiler" time="0.000"><failure message=" Exception 'K1_PATH/K2_PATH/NWNNSSCOMP_PATH environment variable is not set or not found on disk.' of type '&lt;class 'Skipped'&gt;' occurred.&#10;Stack Trace Variables:&#10;&#10;Function 'addSkip' at /home/runner/work/PyKotor/PyKotor/.venv_ubuntu-20.04_python_3.9_x64/lib/python3.9/site-packages/_pytest/unittest.py:277:&#10;  self = &lt;TestCaseFunction test_k1_inbuilt_compiler&gt;&#10;  testcase = &lt;resource.formats.test_ncs_compile_installation.TestCompileInstallation testMethod=test_k1_inbuilt_compiler&gt;&#10;  reason = 'K1_PATH/K2_PATH/NWNNSSCOMP_PATH environment variable is not set or not found on disk.'&#10;Traceback (most recent call last):&#10;  File &quot;/home/runner/work/PyKotor/PyKotor/.venv_ubuntu-20.04_python_3.9_x64/lib/python3.9/site-packages/_pytest/unittest.py&quot;, line 277, in addSkip&#10;    raise pytest.skip.Exception(reason, _use_item_location=True)&#10;Skipped: K1_PATH/K2_PATH/NWNNSSCOMP_PATH environment variable is not set or not found on disk.&#10;"> Exception 'K1_PATH/K2_PATH/NWNNSSCOMP_PATH environment variable is not set or not found on disk.' of type '&lt;class 'Skipped'&gt;' occurred.
Stack Trace Variables:

Function 'addSkip' at /home/runner/work/PyKotor/PyKotor/.venv_ubuntu-20.04_python_3.9_x64/lib/python3.9/site-packages/_pytest/unittest.py:277:
  self = &lt;TestCaseFunction test_k1_inbuilt_compiler&gt;
  testcase = &lt;resource.formats.test_ncs_compile_installation.TestCompileInstallation testMethod=test_k1_inbuilt_compiler&gt;
  reason = 'K1_PATH/K2_PATH/NWNNSSCOMP_PATH environment variable is not set or not found on disk.'
Traceback (most recent call last):
  File "/home/runner/work/PyKotor/PyKotor/.venv_ubuntu-20.04_python_3.9_x64/lib/python3.9/site-packages/_pytest/unittest.py", line 277, in addSkip
    raise pytest.skip.Exception(reason, _use_item_location=True)
Skipped: K1_PATH/K2_PATH/NWNNSSCOMP_PATH environment variable is not set or not found on disk.
</failure></testcase><testcase classname="tests.resource.formats.test_ncs_compile_installation.TestCompileInstallation" name="test_k1_nwnnsscomp_compiles" time="0.000"><failure message=" Exception 'K1_PATH/K2_PATH/NWNNSSCOMP_PATH environment variable is not set or not found on disk.' of type '&lt;class 'Skipped'&gt;' occurred.&#10;Stack Trace Variables:&#10;&#10;Function 'addSkip' at /home/runner/work/PyKotor/PyKotor/.venv_ubuntu-20.04_python_3.9_x64/lib/python3.9/site-packages/_pytest/unittest.py:277:&#10;  self = &lt;TestCaseFunction test_k1_nwnnsscomp_compiles&gt;&#10;  testcase = &lt;resource.formats.test_ncs_compile_installation.TestCompileInstallation testMethod=test_k1_nwnnsscomp_compiles&gt;&#10;  reason = 'K1_PATH/K2_PATH/NWNNSSCOMP_PATH environment variable is not set or not found on disk.'&#10;Traceback (most recent call last):&#10;  File &quot;/home/runner/work/PyKotor/PyKotor/.venv_ubuntu-20.04_python_3.9_x64/lib/python3.9/site-packages/_pytest/unittest.py&quot;, line 277, in addSkip&#10;    raise pytest.skip.Exception(reason, _use_item_location=True)&#10;Skipped: K1_PATH/K2_PATH/NWNNSSCOMP_PATH environment variable is not set or not found on disk.&#10;"> Exception 'K1_PATH/K2_PATH/NWNNSSCOMP_PATH environment variable is not set or not found on disk.' of type '&lt;class 'Skipped'&gt;' occurred.
Stack Trace Variables:

Function 'addSkip' at /home/runner/work/PyKotor/PyKotor/.venv_ubuntu-20.04_python_3.9_x64/lib/python3.9/site-packages/_pytest/unittest.py:277:
  self = &lt;TestCaseFunction test_k1_nwnnsscomp_compiles&gt;
  testcase = &lt;resource.formats.test_ncs_compile_installation.TestCompileInstallation testMethod=test_k1_nwnnsscomp_compiles&gt;
  reason = 'K1_PATH/K2_PATH/NWNNSSCOMP_PATH environment variable is not set or not found on disk.'
Traceback (most recent call last):
  File "/home/runner/work/PyKotor/PyKotor/.venv_ubuntu-20.04_python_3.9_x64/lib/python3.9/site-packages/_pytest/unittest.py", line 277, in addSkip
    raise pytest.skip.Exception(reason, _use_item_location=True)
Skipped: K1_PATH/K2_PATH/NWNNSSCOMP_PATH environment variable is not set or not found on disk.
</failure></testcase><testcase classname="tests.resource.formats.test_ncs_compile_installation.TestCompileInstallation" name="test_k2_bizarre_compiler" time="0.000"><failure message=" Exception 'K1_PATH/K2_PATH/NWNNSSCOMP_PATH environment variable is not set or not found on disk.' of type '&lt;class 'Skipped'&gt;' occurred.&#10;Stack Trace Variables:&#10;&#10;Function 'addSkip' at /home/runner/work/PyKotor/PyKotor/.venv_ubuntu-20.04_python_3.9_x64/lib/python3.9/site-packages/_pytest/unittest.py:277:&#10;  self = &lt;TestCaseFunction test_k2_bizarre_compiler&gt;&#10;  testcase = &lt;resource.formats.test_ncs_compile_installation.TestCompileInstallation testMethod=test_k2_bizarre_compiler&gt;&#10;  reason = 'K1_PATH/K2_PATH/NWNNSSCOMP_PATH environment variable is not set or not found on disk.'&#10;Traceback (most recent call last):&#10;  File &quot;/home/runner/work/PyKotor/PyKotor/.venv_ubuntu-20.04_python_3.9_x64/lib/python3.9/site-packages/_pytest/unittest.py&quot;, line 277, in addSkip&#10;    raise pytest.skip.Exception(reason, _use_item_location=True)&#10;Skipped: K1_PATH/K2_PATH/NWNNSSCOMP_PATH environment variable is not set or not found on disk.&#10;"> Exception 'K1_PATH/K2_PATH/NWNNSSCOMP_PATH environment variable is not set or not found on disk.' of type '&lt;class 'Skipped'&gt;' occurred.
Stack Trace Variables:

Function 'addSkip' at /home/runner/work/PyKotor/PyKotor/.venv_ubuntu-20.04_python_3.9_x64/lib/python3.9/site-packages/_pytest/unittest.py:277:
  self = &lt;TestCaseFunction test_k2_bizarre_compiler&gt;
  testcase = &lt;resource.formats.test_ncs_compile_installation.TestCompileInstallation testMethod=test_k2_bizarre_compiler&gt;
  reason = 'K1_PATH/K2_PATH/NWNNSSCOMP_PATH environment variable is not set or not found on disk.'
Traceback (most recent call last):
  File "/home/runner/work/PyKotor/PyKotor/.venv_ubuntu-20.04_python_3.9_x64/lib/python3.9/site-packages/_pytest/unittest.py", line 277, in addSkip
    raise pytest.skip.Exception(reason, _use_item_location=True)
Skipped: K1_PATH/K2_PATH/NWNNSSCOMP_PATH environment variable is not set or not found on disk.
</failure></testcase><testcase classname="tests.resource.formats.test_ncs_compile_installation.TestCompileInstallation" name="test_k2_compile_nss" time="0.000"><failure message=" Exception 'K1_PATH/K2_PATH/NWNNSSCOMP_PATH environment variable is not set or not found on disk.' of type '&lt;class 'Skipped'&gt;' occurred.&#10;Stack Trace Variables:&#10;&#10;Function 'addSkip' at /home/runner/work/PyKotor/PyKotor/.venv_ubuntu-20.04_python_3.9_x64/lib/python3.9/site-packages/_pytest/unittest.py:277:&#10;  self = &lt;TestCaseFunction test_k2_compile_nss&gt;&#10;  testcase = &lt;resource.formats.test_ncs_compile_installation.TestCompileInstallation testMethod=test_k2_compile_nss&gt;&#10;  reason = 'K1_PATH/K2_PATH/NWNNSSCOMP_PATH environment variable is not set or not found on disk.'&#10;Traceback (most recent call last):&#10;  File &quot;/home/runner/work/PyKotor/PyKotor/.venv_ubuntu-20.04_python_3.9_x64/lib/python3.9/site-packages/_pytest/unittest.py&quot;, line 277, in addSkip&#10;    raise pytest.skip.Exception(reason, _use_item_location=True)&#10;Skipped: K1_PATH/K2_PATH/NWNNSSCOMP_PATH environment variable is not set or not found on disk.&#10;"> Exception 'K1_PATH/K2_PATH/NWNNSSCOMP_PATH environment variable is not set or not found on disk.' of type '&lt;class 'Skipped'&gt;' occurred.
Stack Trace Variables:

Function 'addSkip' at /home/runner/work/PyKotor/PyKotor/.venv_ubuntu-20.04_python_3.9_x64/lib/python3.9/site-packages/_pytest/unittest.py:277:
  self = &lt;TestCaseFunction test_k2_compile_nss&gt;
  testcase = &lt;resource.formats.test_ncs_compile_installation.TestCompileInstallation testMethod=test_k2_compile_nss&gt;
  reason = 'K1_PATH/K2_PATH/NWNNSSCOMP_PATH environment variable is not set or not found on disk.'
Traceback (most recent call last):
  File "/home/runner/work/PyKotor/PyKotor/.venv_ubuntu-20.04_python_3.9_x64/lib/python3.9/site-packages/_pytest/unittest.py", line 277, in addSkip
    raise pytest.skip.Exception(reason, _use_item_location=True)
Skipped: K1_PATH/K2_PATH/NWNNSSCOMP_PATH environment variable is not set or not found on disk.
</failure></testcase><testcase classname="tests.resource.formats.test_ncs_compile_installation.TestCompileInstallation" name="test_k2_inbuilt_compiler" time="0.000"><failure message=" Exception 'K1_PATH/K2_PATH/NWNNSSCOMP_PATH environment variable is not set or not found on disk.' of type '&lt;class 'Skipped'&gt;' occurred.&#10;Stack Trace Variables:&#10;&#10;Function 'addSkip' at /home/runner/work/PyKotor/PyKotor/.venv_ubuntu-20.04_python_3.9_x64/lib/python3.9/site-packages/_pytest/unittest.py:277:&#10;  self = &lt;TestCaseFunction test_k2_inbuilt_compiler&gt;&#10;  testcase = &lt;resource.formats.test_ncs_compile_installation.TestCompileInstallation testMethod=test_k2_inbuilt_compiler&gt;&#10;  reason = 'K1_PATH/K2_PATH/NWNNSSCOMP_PATH environment variable is not set or not found on disk.'&#10;Traceback (most recent call last):&#10;  File &quot;/home/runner/work/PyKotor/PyKotor/.venv_ubuntu-20.04_python_3.9_x64/lib/python3.9/site-packages/_pytest/unittest.py&quot;, line 277, in addSkip&#10;    raise pytest.skip.Exception(reason, _use_item_location=True)&#10;Skipped: K1_PATH/K2_PATH/NWNNSSCOMP_PATH environment variable is not set or not found on disk.&#10;"> Exception 'K1_PATH/K2_PATH/NWNNSSCOMP_PATH environment variable is not set or not found on disk.' of type '&lt;class 'Skipped'&gt;' occurred.
Stack Trace Variables:

Function 'addSkip' at /home/runner/work/PyKotor/PyKotor/.venv_ubuntu-20.04_python_3.9_x64/lib/python3.9/site-packages/_pytest/unittest.py:277:
  self = &lt;TestCaseFunction test_k2_inbuilt_compiler&gt;
  testcase = &lt;resource.formats.test_ncs_compile_installation.TestCompileInstallation testMethod=test_k2_inbuilt_compiler&gt;
  reason = 'K1_PATH/K2_PATH/NWNNSSCOMP_PATH environment variable is not set or not found on disk.'
Traceback (most recent call last):
  File "/home/runner/work/PyKotor/PyKotor/.venv_ubuntu-20.04_python_3.9_x64/lib/python3.9/site-packages/_pytest/unittest.py", line 277, in addSkip
    raise pytest.skip.Exception(reason, _use_item_location=True)
Skipped: K1_PATH/K2_PATH/NWNNSSCOMP_PATH environment variable is not set or not found on disk.
</failure></testcase><testcase classname="tests.resource.formats.test_ncs_compile_installation.TestCompileInstallation" name="test_k2_nwnnsscomp_compiles" time="0.000"><failure message=" Exception 'K1_PATH/K2_PATH/NWNNSSCOMP_PATH environment variable is not set or not found on disk.' of type '&lt;class 'Skipped'&gt;' occurred.&#10;Stack Trace Variables:&#10;&#10;Function 'addSkip' at /home/runner/work/PyKotor/PyKotor/.venv_ubuntu-20.04_python_3.9_x64/lib/python3.9/site-packages/_pytest/unittest.py:277:&#10;  self = &lt;TestCaseFunction test_k2_nwnnsscomp_compiles&gt;&#10;  testcase = &lt;resource.formats.test_ncs_compile_installation.TestCompileInstallation testMethod=test_k2_nwnnsscomp_compiles&gt;&#10;  reason = 'K1_PATH/K2_PATH/NWNNSSCOMP_PATH environment variable is not set or not found on disk.'&#10;Traceback (most recent call last):&#10;  File &quot;/home/runner/work/PyKotor/PyKotor/.venv_ubuntu-20.04_python_3.9_x64/lib/python3.9/site-packages/_pytest/unittest.py&quot;, line 277, in addSkip&#10;    raise pytest.skip.Exception(reason, _use_item_location=True)&#10;Skipped: K1_PATH/K2_PATH/NWNNSSCOMP_PATH environment variable is not set or not found on disk.&#10;"> Exception 'K1_PATH/K2_PATH/NWNNSSCOMP_PATH environment variable is not set or not found on disk.' of type '&lt;class 'Skipped'&gt;' occurred.
Stack Trace Variables:

Function 'addSkip' at /home/runner/work/PyKotor/PyKotor/.venv_ubuntu-20.04_python_3.9_x64/lib/python3.9/site-packages/_pytest/unittest.py:277:
  self = &lt;TestCaseFunction test_k2_nwnnsscomp_compiles&gt;
  testcase = &lt;resource.formats.test_ncs_compile_installation.TestCompileInstallation testMethod=test_k2_nwnnsscomp_compiles&gt;
  reason = 'K1_PATH/K2_PATH/NWNNSSCOMP_PATH environment variable is not set or not found on disk.'
Traceback (most recent call last):
  File "/home/runner/work/PyKotor/PyKotor/.venv_ubuntu-20.04_python_3.9_x64/lib/python3.9/site-packages/_pytest/unittest.py", line 277, in addSkip
    raise pytest.skip.Exception(reason, _use_item_location=True)
Skipped: K1_PATH/K2_PATH/NWNNSSCOMP_PATH environment variable is not set or not found on disk.
</failure></testcase><testcase classname="tests.resource.formats.test_ncs_compiler.TestNSSCompiler" name="test_addition_assignment_float_float" time="0.030" /><testcase classname="tests.resource.formats.test_ncs_compiler.TestNSSCompiler" name="test_addition_assignment_float_int" time="0.002" /><testcase classname="tests.resource.formats.test_ncs_compiler.TestNSSCompiler" name="test_addition_assignment_int_float" time="0.002" /><testcase classname="tests.resource.formats.test_ncs_compiler.TestNSSCompiler" name="test_addition_assignment_int_int" time="0.002" /><testcase classname="tests.resource.formats.test_ncs_compiler.TestNSSCompiler" name="test_addition_assignment_string_string" time="0.002" /><testcase classname="tests.resource.formats.test_ncs_compiler.TestNSSCompiler" name="test_addop_float_float" time="0.002" /><testcase classname="tests.resource.formats.test_ncs_compiler.TestNSSCompiler" name="test_addop_int_int" time="0.002" /><testcase classname="tests.resource.formats.test_ncs_compiler.TestNSSCompiler" name="test_addop_string_string" time="0.002" /><testcase classname="tests.resource.formats.test_ncs_compiler.TestNSSCompiler" name="test_assignment" time="0.002" /><testcase classname="tests.resource.formats.test_ncs_compiler.TestNSSCompiler" name="test_assignment_complex" time="0.002" /><testcase classname="tests.resource.formats.test_ncs_compiler.TestNSSCompiler" name="test_assignment_string_constant" time="0.002" /><testcase classname="tests.resource.formats.test_ncs_compiler.TestNSSCompiler" name="test_assignment_string_enginecall" time="0.002" /><testcase classname="tests.resource.formats.test_ncs_compiler.TestNSSCompiler" name="test_assignmentless_expression" time="0.003" /><testcase classname="tests.resource.formats.test_ncs_compiler.TestNSSCompiler" name="test_bidmas" time="0.003" /><testcase classname="tests.resource.formats.test_ncs_compiler.TestNSSCompiler" name="test_bitwise_and_op" time="0.002" /><testcase classname="tests.resource.formats.test_ncs_compiler.TestNSSCompiler" name="test_bitwise_not_int" time="0.002" /><testcase classname="tests.resource.formats.test_ncs_compiler.TestNSSCompiler" name="test_bitwise_or_op" time="0.002" /><testcase classname="tests.resource.formats.test_ncs_compiler.TestNSSCompiler" name="test_bitwise_shiftleft_op" time="0.002" /><testcase classname="tests.resource.formats.test_ncs_compiler.TestNSSCompiler" name="test_bitwise_shiftright_op" time="0.002" /><testcase classname="tests.resource.formats.test_ncs_compiler.TestNSSCompiler" name="test_bitwise_xor_op" time="0.002" /><testcase classname="tests.resource.formats.test_ncs_compiler.TestNSSCompiler" name="test_call_int_with_no_args" time="0.003" /><testcase classname="tests.resource.formats.test_ncs_compiler.TestNSSCompiler" name="test_call_int_with_no_args_and_forward_declared" time="0.003" /><testcase classname="tests.resource.formats.test_ncs_compiler.TestNSSCompiler" name="test_call_param_mismatch" time="0.002" /><testcase classname="tests.resource.formats.test_ncs_compiler.TestNSSCompiler" name="test_call_undefined" time="0.002" /><testcase classname="tests.resource.formats.test_ncs_compiler.TestNSSCompiler" name="test_call_void_with_no_args" time="0.002" /><testcase classname="tests.resource.formats.test_ncs_compiler.TestNSSCompiler" name="test_call_void_with_one_arg" time="0.002" /><testcase classname="tests.resource.formats.test_ncs_compiler.TestNSSCompiler" name="test_call_void_with_two_args" time="0.003" /><testcase classname="tests.resource.formats.test_ncs_compiler.TestNSSCompiler" name="test_comment" time="0.002" /><testcase classname="tests.resource.formats.test_ncs_compiler.TestNSSCompiler" name="test_compare_greaterthan_op" time="0.003" /><testcase classname="tests.resource.formats.test_ncs_compiler.TestNSSCompiler" name="test_compare_greaterthanorequal_op" time="0.003" /><testcase classname="tests.resource.formats.test_ncs_compiler.TestNSSCompiler" name="test_compare_lessthan_op" time="0.003" /><testcase classname="tests.resource.formats.test_ncs_compiler.TestNSSCompiler" name="test_compare_lessthanorequal_op" time="0.003" /><testcase classname="tests.resource.formats.test_ncs_compiler.TestNSSCompiler" name="test_declaration_float" time="0.002" /><testcase classname="tests.resource.formats.test_ncs_compiler.TestNSSCompiler" name="test_declaration_int" time="0.002" /><testcase classname="tests.resource.formats.test_ncs_compiler.TestNSSCompiler" name="test_declaration_string" time="0.002" /><testcase classname="tests.resource.formats.test_ncs_compiler.TestNSSCompiler" name="test_division_assignment" time="0.002" /><testcase classname="tests.resource.formats.test_ncs_compiler.TestNSSCompiler" name="test_divop_float_float" time="0.003" /><testcase classname="tests.resource.formats.test_ncs_compiler.TestNSSCompiler" name="test_divop_int_int" time="0.002" /><testcase classname="tests.resource.formats.test_ncs_compiler.TestNSSCompiler" name="test_do_while_loop" time="0.003" /><testcase classname="tests.resource.formats.test_ncs_compiler.TestNSSCompiler" name="test_do_while_loop_scope" time="0.003" /><testcase classname="tests.resource.formats.test_ncs_compiler.TestNSSCompiler" name="test_do_while_loop_with_break" time="0.002" /><testcase classname="tests.resource.formats.test_ncs_compiler.TestNSSCompiler" name="test_do_while_loop_with_continue" time="0.003" /><testcase classname="tests.resource.formats.test_ncs_compiler.TestNSSCompiler" name="test_double_prototype" time="0.002" /><testcase classname="tests.resource.formats.test_ncs_compiler.TestNSSCompiler" name="test_enginecall" time="0.002" /><testcase classname="tests.resource.formats.test_ncs_compiler.TestNSSCompiler" name="test_enginecall_GetFactionEqual" time="0.002" /><testcase classname="tests.resource.formats.test_ncs_compiler.TestNSSCompiler" name="test_enginecall_GetFirstObjectInShape_defaults" time="0.003" /><testcase classname="tests.resource.formats.test_ncs_compiler.TestNSSCompiler" name="test_enginecall_delay_command_1" time="0.002" /><testcase classname="tests.resource.formats.test_ncs_compiler.TestNSSCompiler" name="test_enginecall_return_value" time="0.002" /><testcase classname="tests.resource.formats.test_ncs_compiler.TestNSSCompiler" name="test_enginecall_with_default_params" time="0.002" /><testcase classname="tests.resource.formats.test_ncs_compiler.TestNSSCompiler" name="test_enginecall_with_missing_params" time="0.002" /><testcase classname="tests.resource.formats.test_ncs_compiler.TestNSSCompiler" name="test_enginecall_with_params" time="0.002" /><testcase classname="tests.resource.formats.test_ncs_compiler.TestNSSCompiler" name="test_enginecall_with_too_many_params" time="0.002" /><testcase classname="tests.resource.formats.test_ncs_compiler.TestNSSCompiler" name="test_float_notations" time="0.004" /><testcase classname="tests.resource.formats.test_ncs_compiler.TestNSSCompiler" name="test_for_loop" time="0.024" /><testcase classname="tests.resource.formats.test_ncs_compiler.TestNSSCompiler" name="test_for_loop_scope" time="0.003" /><testcase classname="tests.resource.formats.test_ncs_compiler.TestNSSCompiler" name="test_for_loop_with_break" time="0.003" /><testcase classname="tests.resource.formats.test_ncs_compiler.TestNSSCompiler" name="test_for_loop_with_continue" time="0.003" /><testcase classname="tests.resource.formats.test_ncs_compiler.TestNSSCompiler" name="test_global_declarations" time="0.002" /><testcase classname="tests.resource.formats.test_ncs_compiler.TestNSSCompiler" name="test_global_initialization_with_unary" time="0.002" /><testcase classname="tests.resource.formats.test_ncs_compiler.TestNSSCompiler" name="test_global_initializations" time="0.003" /><testcase classname="tests.resource.formats.test_ncs_compiler.TestNSSCompiler" name="test_global_int_addition_assignment" time="0.003" /><testcase classname="tests.resource.formats.test_ncs_compiler.TestNSSCompiler" name="test_global_int_division_assignment" time="0.003" /><testcase classname="tests.resource.formats.test_ncs_compiler.TestNSSCompiler" name="test_global_int_multiplication_assignment" time="0.003" /><testcase classname="tests.resource.formats.test_ncs_compiler.TestNSSCompiler" name="test_global_int_subtraction_assignment" time="0.003" /><testcase classname="tests.resource.formats.test_ncs_compiler.TestNSSCompiler" name="test_if" time="0.002" /><testcase classname="tests.resource.formats.test_ncs_compiler.TestNSSCompiler" name="test_if_else" time="0.002" /><testcase classname="tests.resource.formats.test_ncs_compiler.TestNSSCompiler" name="test_if_else_if" time="0.004" /><testcase classname="tests.resource.formats.test_ncs_compiler.TestNSSCompiler" name="test_if_else_if_else" time="0.004" /><testcase classname="tests.resource.formats.test_ncs_compiler.TestNSSCompiler" name="test_if_multiple_conditions" time="0.002" /><testcase classname="tests.resource.formats.test_ncs_compiler.TestNSSCompiler" name="test_imported_global_variable" time="0.003" /><testcase classname="tests.resource.formats.test_ncs_compiler.TestNSSCompiler" name="test_include_builtin" time="0.003" /><testcase classname="tests.resource.formats.test_ncs_compiler.TestNSSCompiler" name="test_include_lookup" time="0.003" /><testcase classname="tests.resource.formats.test_ncs_compiler.TestNSSCompiler" name="test_int_parenthesis_declaration" time="0.002" /><testcase classname="tests.resource.formats.test_ncs_compiler.TestNSSCompiler" name="test_local_declarations" time="0.002" /><testcase classname="tests.resource.formats.test_ncs_compiler.TestNSSCompiler" name="test_logical_and_op" time="0.002" /><testcase classname="tests.resource.formats.test_ncs_compiler.TestNSSCompiler" name="test_logical_equals" time="0.002" /><testcase classname="tests.resource.formats.test_ncs_compiler.TestNSSCompiler" name="test_logical_notequals_op" time="0.002" /><testcase classname="tests.resource.formats.test_ncs_compiler.TestNSSCompiler" name="test_logical_or_op" time="0.002" /><testcase classname="tests.resource.formats.test_ncs_compiler.TestNSSCompiler" name="test_missing_include" time="0.002" /><testcase classname="tests.resource.formats.test_ncs_compiler.TestNSSCompiler" name="test_modop_int_int" time="0.003" /><testcase classname="tests.resource.formats.test_ncs_compiler.TestNSSCompiler" name="test_mulop_float_float" time="0.002" /><testcase classname="tests.resource.formats.test_ncs_compiler.TestNSSCompiler" name="test_mulop_int_int" time="0.002" /><testcase classname="tests.resource.formats.test_ncs_compiler.TestNSSCompiler" name="test_multi_declarations" time="0.003" /><testcase classname="tests.resource.formats.test_ncs_compiler.TestNSSCompiler" name="test_multiline_comment" time="0.002" /><testcase classname="tests.resource.formats.test_ncs_compiler.TestNSSCompiler" name="test_multiplication_assignment" time="0.002" /><testcase classname="tests.resource.formats.test_ncs_compiler.TestNSSCompiler" name="test_negop_float" time="0.002" /><testcase classname="tests.resource.formats.test_ncs_compiler.TestNSSCompiler" name="test_negop_int" time="0.002" /><testcase classname="tests.resource.formats.test_ncs_compiler.TestNSSCompiler" name="test_nested_include" time="0.004" /><testcase classname="tests.resource.formats.test_ncs_compiler.TestNSSCompiler" name="test_not_op" time="0.002" /><testcase classname="tests.resource.formats.test_ncs_compiler.TestNSSCompiler" name="test_op_with_variables" time="0.003" /><testcase classname="tests.resource.formats.test_ncs_compiler.TestNSSCompiler" name="test_postfix_decrement_bp_int" time="0.002" /><testcase classname="tests.resource.formats.test_ncs_compiler.TestNSSCompiler" name="test_postfix_decrement_sp_int" time="0.002" /><testcase classname="tests.resource.formats.test_ncs_compiler.TestNSSCompiler" name="test_postfix_increment_bp_int" time="0.002" /><testcase classname="tests.resource.formats.test_ncs_compiler.TestNSSCompiler" name="test_postfix_increment_sp_int" time="0.004" /><testcase classname="tests.resource.formats.test_ncs_compiler.TestNSSCompiler" name="test_prefix_decrement_bp_int" time="0.002" /><testcase classname="tests.resource.formats.test_ncs_compiler.TestNSSCompiler" name="test_prefix_decrement_sp_int" time="0.002" /><testcase classname="tests.resource.formats.test_ncs_compiler.TestNSSCompiler" name="test_prefix_increment_bp_int" time="0.003" /><testcase classname="tests.resource.formats.test_ncs_compiler.TestNSSCompiler" name="test_prefix_increment_sp_int" time="0.002" /><testcase classname="tests.resource.formats.test_ncs_compiler.TestNSSCompiler" name="test_prototype_after_definition" time="0.002" /><testcase classname="tests.resource.formats.test_ncs_compiler.TestNSSCompiler" name="test_prototype_and_definition_default_param_mismatch" time="0.000" /><testcase classname="tests.resource.formats.test_ncs_compiler.TestNSSCompiler" name="test_prototype_and_definition_param_mismatch" time="0.002" /><testcase classname="tests.resource.formats.test_ncs_compiler.TestNSSCompiler" name="test_prototype_and_definition_return_mismatch" time="0.002" /><testcase classname="tests.resource.formats.test_ncs_compiler.TestNSSCompiler" name="test_prototype_default_before_required" time="0.002" /><testcase classname="tests.resource.formats.test_ncs_compiler.TestNSSCompiler" name="test_prototype_missing_arg" time="0.002" /><testcase classname="tests.resource.formats.test_ncs_compiler.TestNSSCompiler" name="test_prototype_missing_arg_and_default" time="0.002" /><testcase classname="tests.resource.formats.test_ncs_compiler.TestNSSCompiler" name="test_prototype_no_args" time="0.002" /><testcase classname="tests.resource.formats.test_ncs_compiler.TestNSSCompiler" name="test_prototype_with_arg" time="0.002" /><testcase classname="tests.resource.formats.test_ncs_compiler.TestNSSCompiler" name="test_prototype_with_default_arg" time="0.003" /><testcase classname="tests.resource.formats.test_ncs_compiler.TestNSSCompiler" name="test_prototype_with_default_constant_arg" time="0.003" /><testcase classname="tests.resource.formats.test_ncs_compiler.TestNSSCompiler" name="test_prototype_with_many_args" time="0.005" /><testcase classname="tests.resource.formats.test_ncs_compiler.TestNSSCompiler" name="test_prototype_with_three_args" time="0.003" /><testcase classname="tests.resource.formats.test_ncs_compiler.TestNSSCompiler" name="test_redefine_function" time="0.002" /><testcase classname="tests.resource.formats.test_ncs_compiler.TestNSSCompiler" name="test_return" time="0.003" /><testcase classname="tests.resource.formats.test_ncs_compiler.TestNSSCompiler" name="test_return_parenthesis" time="0.003" /><testcase classname="tests.resource.formats.test_ncs_compiler.TestNSSCompiler" name="test_return_parenthesis_constant" time="0.002" /><testcase classname="tests.resource.formats.test_ncs_compiler.TestNSSCompiler" name="test_scope" time="0.002" /><testcase classname="tests.resource.formats.test_ncs_compiler.TestNSSCompiler" name="test_scoped_block" time="0.002" /><testcase classname="tests.resource.formats.test_ncs_compiler.TestNSSCompiler" name="test_single_statement_else_if_else" time="0.002" /><testcase classname="tests.resource.formats.test_ncs_compiler.TestNSSCompiler" name="test_single_statement_if" time="0.002" /><testcase classname="tests.resource.formats.test_ncs_compiler.TestNSSCompiler" name="test_struct_get_invalid_member" time="0.002" /><testcase classname="tests.resource.formats.test_ncs_compiler.TestNSSCompiler" name="test_struct_get_members" time="0.003" /><testcase classname="tests.resource.formats.test_ncs_compiler.TestNSSCompiler" name="test_struct_set_members" time="0.003" /><testcase classname="tests.resource.formats.test_ncs_compiler.TestNSSCompiler" name="test_subop_float_float" time="0.002" /><testcase classname="tests.resource.formats.test_ncs_compiler.TestNSSCompiler" name="test_subop_int_int" time="0.002" /><testcase classname="tests.resource.formats.test_ncs_compiler.TestNSSCompiler" name="test_subtraction_assignment_float_float" time="0.002" /><testcase classname="tests.resource.formats.test_ncs_compiler.TestNSSCompiler" name="test_subtraction_assignment_float_int" time="0.004" /><testcase classname="tests.resource.formats.test_ncs_compiler.TestNSSCompiler" name="test_subtraction_assignment_int_float" time="0.002" /><testcase classname="tests.resource.formats.test_ncs_compiler.TestNSSCompiler" name="test_subtraction_assignment_int_int" time="0.002" /><testcase classname="tests.resource.formats.test_ncs_compiler.TestNSSCompiler" name="test_switch_jump_over" time="0.002" /><testcase classname="tests.resource.formats.test_ncs_compiler.TestNSSCompiler" name="test_switch_no_breaks" time="0.002" /><testcase classname="tests.resource.formats.test_ncs_compiler.TestNSSCompiler" name="test_switch_scope_a" time="0.004" /><testcase classname="tests.resource.formats.test_ncs_compiler.TestNSSCompiler" name="test_switch_scope_b" time="0.005" /><testcase classname="tests.resource.formats.test_ncs_compiler.TestNSSCompiler" name="test_switch_scoped_blocks" time="0.003" /><testcase classname="tests.resource.formats.test_ncs_compiler.TestNSSCompiler" name="test_switch_with_breaks" time="0.003" /><testcase classname="tests.resource.formats.test_ncs_compiler.TestNSSCompiler" name="test_switch_with_default" time="0.003" /><testcase classname="tests.resource.formats.test_ncs_compiler.TestNSSCompiler" name="test_vector" time="0.003" /><testcase classname="tests.resource.formats.test_ncs_compiler.TestNSSCompiler" name="test_vector_get_components" time="0.003" /><testcase classname="tests.resource.formats.test_ncs_compiler.TestNSSCompiler" name="test_vector_notation" time="0.003" /><testcase classname="tests.resource.formats.test_ncs_compiler.TestNSSCompiler" name="test_vector_set_components" time="0.003" /><testcase classname="tests.resource.formats.test_ncs_compiler.TestNSSCompiler" name="test_while_loop" time="0.004" /><testcase classname="tests.resource.formats.test_ncs_compiler.TestNSSCompiler" name="test_while_loop_scope" time="0.003" /><testcase classname="tests.resource.formats.test_ncs_compiler.TestNSSCompiler" name="test_while_loop_with_break" time="0.002" /><testcase classname="tests.resource.formats.test_ncs_compiler.TestNSSCompiler" name="test_while_loop_with_continue" time="0.003" /><testcase classname="tests.resource.formats.test_ncs_interpreter.TestStack" name="test_copy_down_many" time="0.000" /><testcase classname="tests.resource.formats.test_ncs_interpreter.TestStack" name="test_copy_down_single" time="0.000" /><testcase classname="tests.resource.formats.test_ncs_interpreter.TestStack" name="test_move_negative" time="0.000" /><testcase classname="tests.resource.formats.test_ncs_interpreter.TestStack" name="test_move_zero" time="0.000" /><testcase classname="tests.resource.formats.test_ncs_interpreter.TestStack" name="test_peek_past_vector" time="0.000" /><testcase classname="tests.resource.formats.test_ncs_optimizer.TestNCSOptimizers" name="test_no_op_optimizer" time="0.003" /><testcase classname="tests.resource.formats.test_rim.TestRIM" name="test_binary_io" time="0.001" /><testcase classname="tests.resource.formats.test_rim.TestRIM" name="test_read_raises" time="0.001" /><testcase classname="tests.resource.formats.test_rim.TestRIM" name="test_write_raises" time="0.000" /><testcase classname="tests.resource.formats.test_ssf.TestSSF" name="test_binary_io" time="0.001" /><testcase classname="tests.resource.formats.test_ssf.TestSSF" name="test_read_raises" time="0.007" /><testcase classname="tests.resource.formats.test_ssf.TestSSF" name="test_write_raises" time="0.000" /><testcase classname="tests.resource.formats.test_ssf.TestSSF" name="test_xml_io" time="0.008" /><testcase classname="tests.resource.formats.test_tlk.TestTLK" name="test_binary_io" time="0.001" /><testcase classname="tests.resource.formats.test_tlk.TestTLK" name="test_json_io" time="0.002" /><testcase classname="tests.resource.formats.test_tlk.TestTLK" name="test_read_raises" time="0.005" /><testcase classname="tests.resource.formats.test_tlk.TestTLK" name="test_resize" time="0.001" /><testcase classname="tests.resource.formats.test_tlk.TestTLK" name="test_write_raises" time="0.000" /><testcase classname="tests.resource.formats.test_tlk.TestTLK" name="test_xml_io" time="0.004" /><testcase classname="tests.resource.formats.test_twoda.TestTwoDA" name="test_binary_io" time="0.001" /><testcase classname="tests.resource.formats.test_twoda.TestTwoDA" name="test_csv_io" time="0.001" /><testcase classname="tests.resource.formats.test_twoda.TestTwoDA" name="test_json_io" time="0.002" /><testcase classname="tests.resource.formats.test_twoda.TestTwoDA" name="test_read_raises" time="0.005" /><testcase classname="tests.resource.formats.test_twoda.TestTwoDA" name="test_row_max" time="0.000" /><testcase classname="tests.resource.formats.test_twoda.TestTwoDA" name="test_write_raises" time="0.000" /><testcase classname="tests.resource.formats.test_utm.TestUTM" name="test_io" time="0.001" /><testcase classname="tests.resource.formats.test_vis.TestVIS" name="test_binary_io" time="0.001" /><testcase classname="tests.resource.formats.test_vis.TestVIS" name="test_read_raises" time="0.001" /><testcase classname="tests.resource.formats.test_vis.TestVIS" name="test_write_raises" time="0.000" /><testcase classname="tests.resource.formats.test_wok.TestBWM" name="test_binary_io" time="0.433" /><testcase classname="tests.resource.generics.test_are.TestARE" name="test_gff_reconstruct" time="0.005"><failure message="AssertionError: False is not true : &#10;&#10;&#10;GFFStruct: number of fields have changed at 'GFFRoot': '74' --&gt; '58'&#10;Missing 'Int32' field at 'GFFRoot\DirtyFormulaThre': '1'&#10;Missing 'Int32' field at 'GFFRoot\DirtyARGBThree': '12345'&#10;Missing 'Int32' field at 'GFFRoot\DirtySizeThree': '1'&#10;Missing 'Int32' field at 'GFFRoot\DirtyFuncThree': '1'&#10;Missing 'Int32' field at 'GFFRoot\ChanceLightning': '99'&#10;Missing 'Int32' field at 'GFFRoot\DirtyFuncTwo': '1'&#10;Missing 'Int32' field at 'GFFRoot\DirtyFuncOne': '1'&#10;Missing 'UInt32' field at 'GFFRoot\Grass_Emissive': '16777215'&#10;Missing 'Int32' field at 'GFFRoot\DirtyARGBOne': '123'&#10;Missing 'Int32' field at 'GFFRoot\DirtyARGBTwo': '1234'&#10;Missing 'Int32' field at 'GFFRoot\DirtyFormulaTwo': '1'&#10;Missing 'Int32' field at 'GFFRoot\ChanceRain': '99'&#10;Missing 'Int32' field at 'GFFRoot\DirtyFormulaOne': '1'&#10;&#10;GFFStruct: number of fields have changed at 'GFFRoot\Rooms\0': '5' --&gt; '3'&#10;Missing 'Int32' field at 'GFFRoot\Rooms\0\ForceRating': '1'&#10;Missing 'UInt8' field at 'GFFRoot\Rooms\0\DisableWeather': '1'&#10;&#10;GFFStruct: number of fields have changed at 'GFFRoot\Rooms\1': '5' --&gt; '3'&#10;Missing 'Int32' field at 'GFFRoot\Rooms\1\ForceRating': '2'&#10;Missing 'UInt8' field at 'GFFRoot\Rooms\1\DisableWeather': '0'&#10;Missing 'Int32' field at 'GFFRoot\DirtySizeTwo': '1'&#10;Missing 'Int32' field at 'GFFRoot\DirtySizeOne': '1'&#10;Missing 'Int32' field at 'GFFRoot\ChanceSnow': '99'">E   AssertionError: False is not true : 
    
    
    GFFStruct: number of fields have changed at 'GFFRoot': '74' --&gt; '58'
    Missing 'Int32' field at 'GFFRoot\DirtyFormulaThre': '1'
    Missing 'Int32' field at 'GFFRoot\DirtyARGBThree': '12345'
    Missing 'Int32' field at 'GFFRoot\DirtySizeThree': '1'
    Missing 'Int32' field at 'GFFRoot\DirtyFuncThree': '1'
    Missing 'Int32' field at 'GFFRoot\ChanceLightning': '99'
    Missing 'Int32' field at 'GFFRoot\DirtyFuncTwo': '1'
    Missing 'Int32' field at 'GFFRoot\DirtyFuncOne': '1'
    Missing 'UInt32' field at 'GFFRoot\Grass_Emissive': '16777215'
    Missing 'Int32' field at 'GFFRoot\DirtyARGBOne': '123'
    Missing 'Int32' field at 'GFFRoot\DirtyARGBTwo': '1234'
    Missing 'Int32' field at 'GFFRoot\DirtyFormulaTwo': '1'
    Missing 'Int32' field at 'GFFRoot\ChanceRain': '99'
    Missing 'Int32' field at 'GFFRoot\DirtyFormulaOne': '1'
    
    GFFStruct: number of fields have changed at 'GFFRoot\Rooms\0': '5' --&gt; '3'
    Missing 'Int32' field at 'GFFRoot\Rooms\0\ForceRating': '1'
    Missing 'UInt8' field at 'GFFRoot\Rooms\0\DisableWeather': '1'
    
    GFFStruct: number of fields have changed at 'GFFRoot\Rooms\1': '5' --&gt; '3'
    Missing 'Int32' field at 'GFFRoot\Rooms\1\ForceRating': '2'
    Missing 'UInt8' field at 'GFFRoot\Rooms\1\DisableWeather': '0'
    Missing 'Int32' field at 'GFFRoot\DirtySizeTwo': '1'
    Missing 'Int32' field at 'GFFRoot\DirtySizeOne': '1'
    Missing 'Int32' field at 'GFFRoot\ChanceSnow': '99'</failure></testcase><testcase classname="tests.resource.generics.test_are.TestARE" name="test_gff_reconstruct_from_k1_installation" time="0.001"><skipped type="pytest.skip" message="K1_PATH environment variable is not set or not found on disk.">/home/runner/work/PyKotor/PyKotor/tests/resource/generics/test_are.py:54: K1_PATH environment variable is not set or not found on disk.</skipped></testcase><testcase classname="tests.resource.generics.test_are.TestARE" name="test_gff_reconstruct_from_k2_installation" time="0.000"><skipped type="pytest.skip" message="K2_PATH environment variable is not set or not found on disk.">/home/runner/work/PyKotor/PyKotor/tests/resource/generics/test_are.py:65: K2_PATH environment variable is not set or not found on disk.</skipped></testcase><testcase classname="tests.resource.generics.test_are.TestARE" name="test_io_construct" time="0.003" /><testcase classname="tests.resource.generics.test_are.TestARE" name="test_io_reconstruct" time="0.002" /><testcase classname="tests.resource.generics.test_dlg.TestDLG" name="test_gff_reconstruct_from_k1_installation" time="0.000"><skipped type="pytest.skip" message="K1_PATH environment variable is not set or not found on disk.">/home/runner/work/PyKotor/PyKotor/tests/resource/generics/test_dlg.py:99: K1_PATH environment variable is not set or not found on disk.</skipped></testcase><testcase classname="tests.resource.generics.test_dlg.TestDLG" name="test_gff_reconstruct_from_k2_installation" time="0.000"><skipped type="pytest.skip" message="K2_PATH environment variable is not set or not found on disk.">/home/runner/work/PyKotor/PyKotor/tests/resource/generics/test_dlg.py:113: K2_PATH environment variable is not set or not found on disk.</skipped></testcase><testcase classname="tests.resource.generics.test_dlg.TestDLG" name="test_io_construct" time="0.005" /><testcase classname="tests.resource.generics.test_dlg.TestDLG" name="test_io_reconstruct" time="0.006" /><testcase classname="tests.resource.generics.test_dlg.TestDLG" name="test_k1_reconstruct" time="0.008" /><testcase classname="tests.resource.generics.test_dlg.TestDLG" name="test_k1_reconstruct_from_reconstruct" time="0.009" /><testcase classname="tests.resource.generics.test_dlg.TestDLG" name="test_k1_serialization" time="0.004" /><testcase classname="tests.resource.generics.test_dlg.TestDLG" name="test_k2_reconstruct" time="0.012" /><testcase classname="tests.resource.generics.test_dlg.TestDLG" name="test_k2_reconstruct_from_reconstruct" time="0.011" /><testcase classname="tests.resource.generics.test_dlg.TestDLG" name="test_k2_serialization" time="0.005" /><testcase classname="tests.resource.generics.test_dlg.TestDLGEntrySerialization" name="test_dlg_entry_serialization_all_attributes" time="0.000" /><testcase classname="tests.resource.generics.test_dlg.TestDLGEntrySerialization" name="test_dlg_entry_serialization_basic" time="0.000" /><testcase classname="tests.resource.generics.test_dlg.TestDLGEntrySerialization" name="test_dlg_entry_serialization_with_links" time="0.000" /><testcase classname="tests.resource.generics.test_dlg.TestDLGEntrySerialization" name="test_dlg_entry_with_circular_reference" time="0.001" /><testcase classname="tests.resource.generics.test_dlg.TestDLGEntrySerialization" name="test_dlg_entry_with_multiple_levels" time="0.001" /><testcase classname="tests.resource.generics.test_dlg.TestDLGEntrySerialization" name="test_dlg_entry_with_nested_replies" time="0.001" /><testcase classname="tests.resource.generics.test_dlg.TestDLGReplySerialization" name="test_dlg_reply_serialization_all_attributes" time="0.000" /><testcase classname="tests.resource.generics.test_dlg.TestDLGReplySerialization" name="test_dlg_reply_serialization_basic" time="0.000" /><testcase classname="tests.resource.generics.test_dlg.TestDLGReplySerialization" name="test_dlg_reply_serialization_with_links" time="0.000" /><testcase classname="tests.resource.generics.test_dlg.TestDLGReplySerialization" name="test_dlg_reply_with_circular_reference" time="0.001" /><testcase classname="tests.resource.generics.test_dlg.TestDLGReplySerialization" name="test_dlg_reply_with_multiple_levels" time="0.001" /><testcase classname="tests.resource.generics.test_dlg.TestDLGReplySerialization" name="test_dlg_reply_with_nested_entries" time="0.001"><failure message="IndexError: list index out of range">E   IndexError: list index out of range</failure></testcase><testcase classname="tests.resource.generics.test_dlg.TestDLGAnimationSerialization" name="test_dlg_animation_serialization_basic" time="0.000" /><testcase classname="tests.resource.generics.test_dlg.TestDLGAnimationSerialization" name="test_dlg_animation_serialization_default" time="0.000" /><testcase classname="tests.resource.generics.test_dlg.TestDLGAnimationSerialization" name="test_dlg_animation_serialization_with_custom_values" time="0.000" /><testcase classname="tests.resource.generics.test_dlg.TestDLGStuntSerialization" name="test_dlg_stunt_serialization_basic" time="0.000" /><testcase classname="tests.resource.generics.test_dlg.TestDLGStuntSerialization" name="test_dlg_stunt_serialization_default" time="0.000" /><testcase classname="tests.resource.generics.test_dlg.TestDLGStuntSerialization" name="test_dlg_stunt_serialization_with_custom_values" time="0.000" /><testcase classname="tests.resource.generics.test_dlg.TestDLGLinkSerialization" name="test_dlg_link_serialization_all_attributes" time="0.000" /><testcase classname="tests.resource.generics.test_dlg.TestDLGLinkSerialization" name="test_dlg_link_serialization_basic" time="0.001" /><testcase classname="tests.resource.generics.test_dlg.TestDLGLinkSerialization" name="test_dlg_link_serialization_with_node" time="0.000" /><testcase classname="tests.resource.generics.test_dlg.TestDLGLinkSerialization" name="test_dlg_link_with_circular_references" time="0.001" /><testcase classname="tests.resource.generics.test_dlg.TestDLGLinkSerialization" name="test_dlg_link_with_multiple_levels" time="0.001" /><testcase classname="tests.resource.generics.test_dlg.TestDLGLinkSerialization" name="test_dlg_link_with_nested_entries_and_replies" time="0.001"><failure message="AssertionError: 0 != 1">E   AssertionError: 0 != 1</failure></testcase><testcase classname="tests.resource.generics.test_git.TestGIT" name="test_gff_reconstruct_from_k1_installation" time="0.000"><skipped type="pytest.skip" message="K1_PATH environment variable is not set or not found on disk.">/home/runner/work/PyKotor/PyKotor/tests/resource/generics/test_git.py:51: K1_PATH environment variable is not set or not found on disk.</skipped></testcase><testcase classname="tests.resource.generics.test_git.TestGIT" name="test_gff_reconstruct_from_k2_installation" time="0.000"><skipped type="pytest.skip" message="K2_PATH environment variable is not set or not found on disk.">/home/runner/work/PyKotor/PyKotor/tests/resource/generics/test_git.py:62: K2_PATH environment variable is not set or not found on disk.</skipped></testcase><testcase classname="tests.resource.generics.test_git.TestGIT" name="test_io_construct" time="0.002" /><testcase classname="tests.resource.generics.test_git.TestGIT" name="test_io_reconstruct" time="0.002" /><testcase classname="tests.resource.generics.test_git.TestGIT" name="test_k1_gff_reconstruct" time="0.034"><failure message="AssertionError: False is not true : &#10;&#10;Field 'Int32' is different at 'GFFRoot\AreaProperties\AmbientSndNitVol':&#10;--- (old)AmbientSndNitVol&#10;+++ (new)AmbientSndNitVol&#10;@@ -1 +1 @@&#10;-60&#10;+82&#10;&#10;GFFStruct: number of fields have changed at 'GFFRoot\Placeable List\0': '7' --&gt; '5'&#10;Missing 'UInt8' field at 'GFFRoot\Placeable List\0\UseTweakColor': '0'&#10;Missing 'UInt32' field at 'GFFRoot\Placeable List\0\TweakColor': '16777215'&#10;&#10;GFFStruct: number of fields have changed at 'GFFRoot\Placeable List\1': '7' --&gt; '5'&#10;Missing 'UInt8' field at 'GFFRoot\Placeable List\1\UseTweakColor': '0'&#10;Missing 'UInt32' field at 'GFFRoot\Placeable List\1\TweakColor': '16777215'&#10;&#10;GFFStruct: number of fields have changed at 'GFFRoot\Placeable List\2': '7' --&gt; '5'&#10;Missing 'UInt8' field at 'GFFRoot\Placeable List\2\UseTweakColor': '0'&#10;Missing 'UInt32' field at 'GFFRoot\Placeable List\2\TweakColor': '16777215'&#10;&#10;GFFStruct: number of fields have changed at 'GFFRoot\Placeable List\3': '7' --&gt; '5'&#10;Missing 'UInt8' field at 'GFFRoot\Placeable List\3\UseTweakColor': '0'&#10;Missing 'UInt32' field at 'GFFRoot\Placeable List\3\TweakColor': '16777215'&#10;&#10;GFFStruct: number of fields have changed at 'GFFRoot\Placeable List\4': '7' --&gt; '5'&#10;Missing 'UInt8' field at 'GFFRoot\Placeable List\4\UseTweakColor': '0'&#10;Missing 'UInt32' field at 'GFFRoot\Placeable List\4\TweakColor': '16777215'&#10;&#10;GFFStruct: number of fields have changed at 'GFFRoot\Placeable List\5': '7' --&gt; '5'&#10;Missing 'UInt8' field at 'GFFRoot\Placeable List\5\UseTweakColor': '0'&#10;Missing 'UInt32' field at 'GFFRoot\Placeable List\5\TweakColor': '16777215'&#10;&#10;GFFStruct: number of fields have changed at 'GFFRoot\Placeable List\6': '7' --&gt; '5'&#10;Missing 'UInt8' field at 'GFFRoot\Placeable List\6\UseTweakColor': '0'&#10;Missing 'UInt32' field at 'GFFRoot\Placeable List\6\TweakColor': '16777215'&#10;&#10;GFFStruct: number of fields have changed at 'GFFRoot\Placeable List\7': '7' --&gt; '5'&#10;Missing 'UInt8' field at 'GFFRoot\Placeable List\7\UseTweakColor': '0'&#10;Missing 'UInt32' field at 'GFFRoot\Placeable List\7\TweakColor': '16777215'&#10;&#10;GFFStruct: number of fields have changed at 'GFFRoot\Placeable List\8': '7' --&gt; '5'&#10;Missing 'UInt8' field at 'GFFRoot\Placeable List\8\UseTweakColor': '0'&#10;Missing 'UInt32' field at 'GFFRoot\Placeable List\8\TweakColor': '16777215'&#10;&#10;GFFStruct: number of fields have changed at 'GFFRoot\Placeable List\9': '7' --&gt; '5'&#10;Missing 'UInt8' field at 'GFFRoot\Placeable List\9\UseTweakColor': '0'&#10;Missing 'UInt32' field at 'GFFRoot\Placeable List\9\TweakColor': '16777215'&#10;&#10;GFFStruct: number of fields have changed at 'GFFRoot\Placeable List\10': '7' --&gt; '5'&#10;Missing 'UInt8' field at 'GFFRoot\Placeable List\10\UseTweakColor': '0'&#10;Missing 'UInt32' field at 'GFFRoot\Placeable List\10\TweakColor': '16777215'&#10;&#10;GFFStruct: number of fields have changed at 'GFFRoot\Placeable List\11': '7' --&gt; '5'&#10;Missing 'UInt8' field at 'GFFRoot\Placeable List\11\UseTweakColor': '0'&#10;Missing 'UInt32' field at 'GFFRoot\Placeable List\11\TweakColor': '16777215'&#10;&#10;GFFStruct: number of fields have changed at 'GFFRoot\Placeable List\12': '7' --&gt; '5'&#10;Missing 'UInt8' field at 'GFFRoot\Placeable List\12\UseTweakColor': '0'&#10;Missing 'UInt32' field at 'GFFRoot\Placeable List\12\TweakColor': '16777215'&#10;&#10;GFFStruct: number of fields have changed at 'GFFRoot\Placeable List\13': '7' --&gt; '5'&#10;Missing 'UInt8' field at 'GFFRoot\Placeable List\13\UseTweakColor': '0'&#10;Missing 'UInt32' field at 'GFFRoot\Placeable List\13\TweakColor': '16777215'&#10;&#10;GFFStruct: number of fields have changed at 'GFFRoot\Placeable List\14': '7' --&gt; '5'&#10;Missing 'UInt8' field at 'GFFRoot\Placeable List\14\UseTweakColor': '0'&#10;Missing 'UInt32' field at 'GFFRoot\Placeable List\14\TweakColor': '16777215'&#10;&#10;GFFStruct: number of fields have changed at 'GFFRoot\Placeable List\15': '7' --&gt; '5'&#10;Missing 'UInt8' field at 'GFFRoot\Placeable List\15\UseTweakColor': '0'&#10;Missing 'UInt32' field at 'GFFRoot\Placeable List\15\TweakColor': '16777215'&#10;&#10;GFFStruct: number of fields have changed at 'GFFRoot\Placeable List\16': '7' --&gt; '5'&#10;Missing 'UInt8' field at 'GFFRoot\Placeable List\16\UseTweakColor': '0'&#10;Missing 'UInt32' field at 'GFFRoot\Placeable List\16\TweakColor': '16777215'&#10;&#10;GFFStruct: number of fields have changed at 'GFFRoot\Placeable List\17': '7' --&gt; '5'&#10;Missing 'UInt8' field at 'GFFRoot\Placeable List\17\UseTweakColor': '0'&#10;Missing 'UInt32' field at 'GFFRoot\Placeable List\17\TweakColor': '16777215'&#10;&#10;GFFStruct: number of fields have changed at 'GFFRoot\Placeable List\18': '7' --&gt; '5'&#10;Missing 'UInt8' field at 'GFFRoot\Placeable List\18\UseTweakColor': '0'&#10;Missing 'UInt32' field at 'GFFRoot\Placeable List\18\TweakColor': '16777215'&#10;&#10;GFFStruct: number of fields have changed at 'GFFRoot\Placeable List\19': '7' --&gt; '5'&#10;Missing 'UInt8' field at 'GFFRoot\Placeable List\19\UseTweakColor': '0'&#10;Missing 'UInt32' field at 'GFFRoot\Placeable List\19\TweakColor': '16777215'&#10;&#10;GFFStruct: number of fields have changed at 'GFFRoot\Placeable List\20': '7' --&gt; '5'&#10;Missing 'UInt8' field at 'GFFRoot\Placeable List\20\UseTweakColor': '0'&#10;Missing 'UInt32' field at 'GFFRoot\Placeable List\20\TweakColor': '16777215'&#10;&#10;GFFStruct: number of fields have changed at 'GFFRoot\Placeable List\21': '7' --&gt; '5'&#10;Missing 'UInt8' field at 'GFFRoot\Placeable List\21\UseTweakColor': '0'&#10;Missing 'UInt32' field at 'GFFRoot\Placeable List\21\TweakColor': '16777215'&#10;&#10;GFFStruct: number of fields have changed at 'GFFRoot\Placeable List\22': '7' --&gt; '5'&#10;Missing 'UInt8' field at 'GFFRoot\Placeable List\22\UseTweakColor': '0'&#10;Missing 'UInt32' field at 'GFFRoot\Placeable List\22\TweakColor': '16777215'&#10;&#10;GFFStruct: number of fields have changed at 'GFFRoot\Placeable List\23': '7' --&gt; '5'&#10;Missing 'UInt8' field at 'GFFRoot\Placeable List\23\UseTweakColor': '0'&#10;Missing 'UInt32' field at 'GFFRoot\Placeable List\23\TweakColor': '16777215'&#10;&#10;GFFStruct: number of fields have changed at 'GFFRoot\Placeable List\24': '7' --&gt; '5'&#10;Missing 'UInt8' field at 'GFFRoot\Placeable List\24\UseTweakColor': '0'&#10;Missing 'UInt32' field at 'GFFRoot\Placeable List\24\TweakColor': '16777215'&#10;&#10;GFFStruct: number of fields have changed at 'GFFRoot\Placeable List\25': '7' --&gt; '5'&#10;Missing 'UInt8' field at 'GFFRoot\Placeable List\25\UseTweakColor': '0'&#10;Missing 'UInt32' field at 'GFFRoot\Placeable List\25\TweakColor': '16777215'&#10;&#10;GFFStruct: number of fields have changed at 'GFFRoot\Placeable List\26': '7' --&gt; '5'&#10;Missing 'UInt8' field at 'GFFRoot\Placeable List\26\UseTweakColor': '0'&#10;Missing 'UInt32' field at 'GFFRoot\Placeable List\26\TweakColor': '16777215'&#10;&#10;GFFStruct: number of fields have changed at 'GFFRoot\Placeable List\27': '7' --&gt; '5'&#10;Missing 'UInt8' field at 'GFFRoot\Placeable List\27\UseTweakColor': '0'&#10;Missing 'UInt32' field at 'GFFRoot\Placeable List\27\TweakColor': '16777215'&#10;&#10;GFFStruct: number of fields have changed at 'GFFRoot\Placeable List\28': '7' --&gt; '5'&#10;Missing 'UInt8' field at 'GFFRoot\Placeable List\28\UseTweakColor': '0'&#10;Missing 'UInt32' field at 'GFFRoot\Placeable List\28\TweakColor': '16777215'&#10;&#10;GFFStruct: number of fields have changed at 'GFFRoot\Placeable List\29': '7' --&gt; '5'&#10;Missing 'UInt8' field at 'GFFRoot\Placeable List\29\UseTweakColor': '0'&#10;Missing 'UInt32' field at 'GFFRoot\Placeable List\29\TweakColor': '16777215'&#10;&#10;GFFStruct: number of fields have changed at 'GFFRoot\Placeable List\30': '7' --&gt; '5'&#10;Missing 'UInt8' field at 'GFFRoot\Placeable List\30\UseTweakColor': '0'&#10;Missing 'UInt32' field at 'GFFRoot\Placeable List\30\TweakColor': '16777215'&#10;&#10;GFFStruct: number of fields have changed at 'GFFRoot\Placeable List\31': '7' --&gt; '5'&#10;Missing 'UInt8' field at 'GFFRoot\Placeable List\31\UseTweakColor': '0'&#10;Missing 'UInt32' field at 'GFFRoot\Placeable List\31\TweakColor': '16777215'&#10;&#10;GFFStruct: number of fields have changed at 'GFFRoot\Placeable List\32': '7' --&gt; '5'&#10;Missing 'UInt8' field at 'GFFRoot\Placeable List\32\UseTweakColor': '0'&#10;Missing 'UInt32' field at 'GFFRoot\Placeable List\32\TweakColor': '16777215'&#10;&#10;GFFStruct: number of fields have changed at 'GFFRoot\Placeable List\33': '7' --&gt; '5'&#10;Missing 'UInt8' field at 'GFFRoot\Placeable List\33\UseTweakColor': '0'&#10;Missing 'UInt32' field at 'GFFRoot\Placeable List\33\TweakColor': '16777215'&#10;&#10;GFFStruct: number of fields have changed at 'GFFRoot\Placeable List\34': '7' --&gt; '5'&#10;Missing 'UInt8' field at 'GFFRoot\Placeable List\34\UseTweakColor': '0'&#10;Missing 'UInt32' field at 'GFFRoot\Placeable List\34\TweakColor': '16777215'&#10;&#10;GFFStruct: number of fields have changed at 'GFFRoot\Placeable List\35': '7' --&gt; '5'&#10;Missing 'UInt8' field at 'GFFRoot\Placeable List\35\UseTweakColor': '0'&#10;Missing 'UInt32' field at 'GFFRoot\Placeable List\35\TweakColor': '16777215'&#10;&#10;GFFStruct: number of fields have changed at 'GFFRoot\Placeable List\36': '7' --&gt; '5'&#10;Missing 'UInt8' field at 'GFFRoot\Placeable List\36\UseTweakColor': '0'&#10;Missing 'UInt32' field at 'GFFRoot\Placeable List\36\TweakColor': '16777215'&#10;&#10;GFFStruct: number of fields have changed at 'GFFRoot\Placeable List\37': '7' --&gt; '5'&#10;Missing 'UInt8' field at 'GFFRoot\Placeable List\37\UseTweakColor': '0'&#10;Missing 'UInt32' field at 'GFFRoot\Placeable List\37\TweakColor': '16777215'&#10;&#10;GFFStruct: number of fields have changed at 'GFFRoot\Placeable List\38': '7' --&gt; '5'&#10;Missing 'UInt8' field at 'GFFRoot\Placeable List\38\UseTweakColor': '0'&#10;Missing 'UInt32' field at 'GFFRoot\Placeable List\38\TweakColor': '16777215'&#10;&#10;GFFStruct: number of fields have changed at 'GFFRoot\Placeable List\39': '7' --&gt; '5'&#10;Missing 'UInt8' field at 'GFFRoot\Placeable List\39\UseTweakColor': '0'&#10;Missing 'UInt32' field at 'GFFRoot\Placeable List\39\TweakColor': '16777215'&#10;&#10;GFFStruct: number of fields have changed at 'GFFRoot\Placeable List\40': '7' --&gt; '5'&#10;Missing 'UInt8' field at 'GFFRoot\Placeable List\40\UseTweakColor': '0'&#10;Missing 'UInt32' field at 'GFFRoot\Placeable List\40\TweakColor': '16777215'&#10;&#10;GFFStruct: number of fields have changed at 'GFFRoot\Placeable List\41': '7' --&gt; '5'&#10;Missing 'UInt8' field at 'GFFRoot\Placeable List\41\UseTweakColor': '0'&#10;Missing 'UInt32' field at 'GFFRoot\Placeable List\41\TweakColor': '16777215'&#10;&#10;GFFStruct: number of fields have changed at 'GFFRoot\Placeable List\42': '7' --&gt; '5'&#10;Missing 'UInt8' field at 'GFFRoot\Placeable List\42\UseTweakColor': '0'&#10;Missing 'UInt32' field at 'GFFRoot\Placeable List\42\TweakColor': '16777215'&#10;&#10;GFFStruct: number of fields have changed at 'GFFRoot\Placeable List\43': '7' --&gt; '5'&#10;Missing 'UInt8' field at 'GFFRoot\Placeable List\43\UseTweakColor': '0'&#10;Missing 'UInt32' field at 'GFFRoot\Placeable List\43\TweakColor': '16777215'&#10;&#10;GFFStruct: number of fields have changed at 'GFFRoot\Placeable List\44': '7' --&gt; '5'&#10;Missing 'UInt8' field at 'GFFRoot\Placeable List\44\UseTweakColor': '0'&#10;Missing 'UInt32' field at 'GFFRoot\Placeable List\44\TweakColor': '16777215'&#10;&#10;GFFStruct: number of fields have changed at 'GFFRoot\Placeable List\45': '7' --&gt; '5'&#10;Missing 'UInt8' field at 'GFFRoot\Placeable List\45\UseTweakColor': '0'&#10;Missing 'UInt32' field at 'GFFRoot\Placeable List\45\TweakColor': '16777215'&#10;&#10;GFFStruct: number of fields have changed at 'GFFRoot\Placeable List\46': '7' --&gt; '5'&#10;Missing 'UInt8' field at 'GFFRoot\Placeable List\46\UseTweakColor': '0'&#10;Missing 'UInt32' field at 'GFFRoot\Placeable List\46\TweakColor': '16777215'&#10;&#10;GFFStruct: number of fields have changed at 'GFFRoot\Placeable List\47': '7' --&gt; '5'&#10;Missing 'UInt8' field at 'GFFRoot\Placeable List\47\UseTweakColor': '0'&#10;Missing 'UInt32' field at 'GFFRoot\Placeable List\47\TweakColor': '16777215'&#10;&#10;GFFStruct: number of fields have changed at 'GFFRoot\Placeable List\48': '7' --&gt; '5'&#10;Missing 'UInt8' field at 'GFFRoot\Placeable List\48\UseTweakColor': '0'&#10;Missing 'UInt32' field at 'GFFRoot\Placeable List\48\TweakColor': '16777215'&#10;&#10;GFFStruct: number of fields have changed at 'GFFRoot\Placeable List\49': '7' --&gt; '5'&#10;Missing 'UInt8' field at 'GFFRoot\Placeable List\49\UseTweakColor': '0'&#10;Missing 'UInt32' field at 'GFFRoot\Placeable List\49\TweakColor': '16777215'&#10;&#10;GFFStruct: number of fields have changed at 'GFFRoot\Placeable List\50': '7' --&gt; '5'&#10;Missing 'UInt8' field at 'GFFRoot\Placeable List\50\UseTweakColor': '0'&#10;Missing 'UInt32' field at 'GFFRoot\Placeable List\50\TweakColor': '16777215'&#10;&#10;GFFStruct: number of fields have changed at 'GFFRoot\Placeable List\51': '7' --&gt; '5'&#10;Missing 'UInt8' field at 'GFFRoot\Placeable List\51\UseTweakColor': '0'&#10;Missing 'UInt32' field at 'GFFRoot\Placeable List\51\TweakColor': '16777215'&#10;&#10;GFFStruct: number of fields have changed at 'GFFRoot\Placeable List\52': '7' --&gt; '5'&#10;Missing 'UInt8' field at 'GFFRoot\Placeable List\52\UseTweakColor': '0'&#10;Missing 'UInt32' field at 'GFFRoot\Placeable List\52\TweakColor': '16777215'&#10;&#10;GFFStruct: number of fields have changed at 'GFFRoot\Placeable List\53': '7' --&gt; '5'&#10;Missing 'UInt8' field at 'GFFRoot\Placeable List\53\UseTweakColor': '0'&#10;Missing 'UInt32' field at 'GFFRoot\Placeable List\53\TweakColor': '16777215'&#10;&#10;GFFStruct: number of fields have changed at 'GFFRoot\Placeable List\54': '7' --&gt; '5'&#10;Missing 'UInt8' field at 'GFFRoot\Placeable List\54\UseTweakColor': '0'&#10;Missing 'UInt32' field at 'GFFRoot\Placeable List\54\TweakColor': '16777215'&#10;&#10;GFFStruct: number of fields have changed at 'GFFRoot\Placeable List\55': '7' --&gt; '5'&#10;Missing 'UInt8' field at 'GFFRoot\Placeable List\55\UseTweakColor': '0'&#10;Missing 'UInt32' field at 'GFFRoot\Placeable List\55\TweakColor': '16777215'&#10;&#10;GFFStruct: number of fields have changed at 'GFFRoot\Placeable List\56': '7' --&gt; '5'&#10;Missing 'UInt8' field at 'GFFRoot\Placeable List\56\UseTweakColor': '0'&#10;Missing 'UInt32' field at 'GFFRoot\Placeable List\56\TweakColor': '16777215'&#10;&#10;GFFStruct: number of fields have changed at 'GFFRoot\Placeable List\57': '7' --&gt; '5'&#10;Missing 'UInt8' field at 'GFFRoot\Placeable List\57\UseTweakColor': '0'&#10;Missing 'UInt32' field at 'GFFRoot\Placeable List\57\TweakColor': '16777215'&#10;&#10;GFFStruct: number of fields have changed at 'GFFRoot\Placeable List\58': '7' --&gt; '5'&#10;Missing 'UInt8' field at 'GFFRoot\Placeable List\58\UseTweakColor': '0'&#10;Missing 'UInt32' field at 'GFFRoot\Placeable List\58\TweakColor': '16777215'&#10;&#10;GFFStruct: number of fields have changed at 'GFFRoot\Placeable List\59': '7' --&gt; '5'&#10;Missing 'UInt8' field at 'GFFRoot\Placeable List\59\UseTweakColor': '0'&#10;Missing 'UInt32' field at 'GFFRoot\Placeable List\59\TweakColor': '16777215'&#10;&#10;GFFStruct: number of fields have changed at 'GFFRoot\Placeable List\60': '7' --&gt; '5'&#10;Missing 'UInt8' field at 'GFFRoot\Placeable List\60\UseTweakColor': '0'&#10;Missing 'UInt32' field at 'GFFRoot\Placeable List\60\TweakColor': '16777215'&#10;&#10;GFFStruct: number of fields have changed at 'GFFRoot\Placeable List\61': '7' --&gt; '5'&#10;Missing 'UInt8' field at 'GFFRoot\Placeable List\61\UseTweakColor': '0'&#10;Missing 'UInt32' field at 'GFFRoot\Placeable List\61\TweakColor': '16777215'&#10;&#10;GFFStruct: number of fields have changed at 'GFFRoot\Placeable List\62': '7' --&gt; '5'&#10;Missing 'UInt8' field at 'GFFRoot\Placeable List\62\UseTweakColor': '0'&#10;Missing 'UInt32' field at 'GFFRoot\Placeable List\62\TweakColor': '16777215'&#10;&#10;GFFStruct: number of fields have changed at 'GFFRoot\Placeable List\63': '7' --&gt; '5'&#10;Missing 'UInt8' field at 'GFFRoot\Placeable List\63\UseTweakColor': '0'&#10;Missing 'UInt32' field at 'GFFRoot\Placeable List\63\TweakColor': '16777215'&#10;&#10;GFFStruct: number of fields have changed at 'GFFRoot\Placeable List\64': '7' --&gt; '5'&#10;Missing 'UInt8' field at 'GFFRoot\Placeable List\64\UseTweakColor': '0'&#10;Missing 'UInt32' field at 'GFFRoot\Placeable List\64\TweakColor': '16777215'&#10;&#10;GFFStruct: number of fields have changed at 'GFFRoot\Door List\0': '12' --&gt; '10'&#10;Missing 'UInt8' field at 'GFFRoot\Door List\0\UseTweakColor': '1'&#10;Missing 'UInt32' field at 'GFFRoot\Door List\0\TweakColor': '3224629'&#10;&#10;GFFStruct: number of fields have changed at 'GFFRoot\Door List\1': '12' --&gt; '10'&#10;Missing 'UInt8' field at 'GFFRoot\Door List\1\UseTweakColor': '1'&#10;Missing 'UInt32' field at 'GFFRoot\Door List\1\TweakColor': '3224629'&#10;&#10;GFFStruct: number of fields have changed at 'GFFRoot\Door List\2': '12' --&gt; '10'&#10;Missing 'UInt8' field at 'GFFRoot\Door List\2\UseTweakColor': '1'&#10;Missing 'UInt32' field at 'GFFRoot\Door List\2\TweakColor': '5855577'&#10;&#10;GFFStruct: number of fields have changed at 'GFFRoot\Door List\3': '12' --&gt; '10'&#10;Missing 'UInt8' field at 'GFFRoot\Door List\3\UseTweakColor': '1'&#10;Missing 'UInt32' field at 'GFFRoot\Door List\3\TweakColor': '3817023'&#10;&#10;GFFStruct: number of fields have changed at 'GFFRoot\Door List\4': '12' --&gt; '10'&#10;Missing 'UInt8' field at 'GFFRoot\Door List\4\UseTweakColor': '1'&#10;Missing 'UInt32' field at 'GFFRoot\Door List\4\TweakColor': '3817023'&#10;&#10;GFFStruct: number of fields have changed at 'GFFRoot\Door List\5': '12' --&gt; '10'&#10;Missing 'UInt8' field at 'GFFRoot\Door List\5\UseTweakColor': '1'&#10;Missing 'UInt32' field at 'GFFRoot\Door List\5\TweakColor': '5855577'&#10;&#10;GFFStruct: number of fields have changed at 'GFFRoot\Door List\6': '12' --&gt; '10'&#10;Missing 'UInt8' field at 'GFFRoot\Door List\6\UseTweakColor': '1'&#10;Missing 'UInt32' field at 'GFFRoot\Door List\6\TweakColor': '3948352'&#10;&#10;GFFStruct: number of fields have changed at 'GFFRoot\Door List\7': '12' --&gt; '10'&#10;Missing 'UInt8' field at 'GFFRoot\Door List\7\UseTweakColor': '1'&#10;Missing 'UInt32' field at 'GFFRoot\Door List\7\TweakColor': '4540489'&#10;&#10;GFFStruct: number of fields have changed at 'GFFRoot\Door List\8': '12' --&gt; '10'&#10;Missing 'UInt8' field at 'GFFRoot\Door List\8\UseTweakColor': '1'&#10;Missing 'UInt32' field at 'GFFRoot\Door List\8\TweakColor': '4540489'&#10;&#10;GFFStruct: number of fields have changed at 'GFFRoot\Door List\9': '12' --&gt; '10'&#10;Missing 'UInt8' field at 'GFFRoot\Door List\9\UseTweakColor': '1'&#10;Missing 'UInt32' field at 'GFFRoot\Door List\9\TweakColor': '3948352'&#10;&#10;GFFStruct: number of fields have changed at 'GFFRoot\Door List\10': '12' --&gt; '10'&#10;Missing 'UInt8' field at 'GFFRoot\Door List\10\UseTweakColor': '1'&#10;Missing 'UInt32' field at 'GFFRoot\Door List\10\TweakColor': '4409159'&#10;&#10;GFFStruct: number of fields have changed at 'GFFRoot\Door List\11': '12' --&gt; '10'&#10;Missing 'UInt8' field at 'GFFRoot\Door List\11\UseTweakColor': '1'&#10;Missing 'UInt32' field at 'GFFRoot\Door List\11\TweakColor': '3948352'&#10;&#10;GFFStruct: number of fields have changed at 'GFFRoot\Door List\12': '12' --&gt; '10'&#10;Missing 'UInt8' field at 'GFFRoot\Door List\12\UseTweakColor': '1'&#10;Missing 'UInt32' field at 'GFFRoot\Door List\12\TweakColor': '3224629'&#10;&#10;GFFStruct: number of fields have changed at 'GFFRoot\Door List\13': '12' --&gt; '10'&#10;Missing 'UInt8' field at 'GFFRoot\Door List\13\UseTweakColor': '1'&#10;Missing 'UInt32' field at 'GFFRoot\Door List\13\TweakColor': '3224629'&#10;&#10;GFFStruct: number of fields have changed at 'GFFRoot\Door List\14': '12' --&gt; '10'&#10;Missing 'UInt8' field at 'GFFRoot\Door List\14\UseTweakColor': '1'&#10;Missing 'UInt32' field at 'GFFRoot\Door List\14\TweakColor': '3224629'&#10;&#10;GFFStruct: number of fields have changed at 'GFFRoot\Door List\15': '12' --&gt; '10'&#10;Missing 'UInt8' field at 'GFFRoot\Door List\15\UseTweakColor': '1'&#10;Missing 'UInt32' field at 'GFFRoot\Door List\15\TweakColor': '3224629'&#10;&#10;GFFStruct: number of fields have changed at 'GFFRoot\Door List\16': '12' --&gt; '10'&#10;Missing 'UInt8' field at 'GFFRoot\Door List\16\UseTweakColor': '1'&#10;Missing 'UInt32' field at 'GFFRoot\Door List\16\TweakColor': '3224629'&#10;&#10;GFFStruct: number of fields have changed at 'GFFRoot\Door List\17': '12' --&gt; '10'&#10;Missing 'UInt8' field at 'GFFRoot\Door List\17\UseTweakColor': '1'&#10;Missing 'UInt32' field at 'GFFRoot\Door List\17\TweakColor': '5855577'&#10;&#10;GFFStruct: number of fields have changed at 'GFFRoot\Door List\18': '12' --&gt; '10'&#10;Missing 'UInt8' field at 'GFFRoot\Door List\18\UseTweakColor': '1'&#10;Missing 'UInt32' field at 'GFFRoot\Door List\18\TweakColor': '3948352'&#10;&#10;GFFStruct: number of fields have changed at 'GFFRoot\Door List\19': '12' --&gt; '10'&#10;Missing 'UInt8' field at 'GFFRoot\Door List\19\UseTweakColor': '1'&#10;Missing 'UInt32' field at 'GFFRoot\Door List\19\TweakColor': '3224629'">E   AssertionError: False is not true : 
    
    Field 'Int32' is different at 'GFFRoot\AreaProperties\AmbientSndNitVol':
    --- (old)AmbientSndNitVol
    +++ (new)AmbientSndNitVol
    @@ -1 +1 @@
    -60
    +82
    
    GFFStruct: number of fields have changed at 'GFFRoot\Placeable List\0': '7' --&gt; '5'
    Missing 'UInt8' field at 'GFFRoot\Placeable List\0\UseTweakColor': '0'
    Missing 'UInt32' field at 'GFFRoot\Placeable List\0\TweakColor': '16777215'
    
    GFFStruct: number of fields have changed at 'GFFRoot\Placeable List\1': '7' --&gt; '5'
    Missing 'UInt8' field at 'GFFRoot\Placeable List\1\UseTweakColor': '0'
    Missing 'UInt32' field at 'GFFRoot\Placeable List\1\TweakColor': '16777215'
    
    GFFStruct: number of fields have changed at 'GFFRoot\Placeable List\2': '7' --&gt; '5'
    Missing 'UInt8' field at 'GFFRoot\Placeable List\2\UseTweakColor': '0'
    Missing 'UInt32' field at 'GFFRoot\Placeable List\2\TweakColor': '16777215'
    
    GFFStruct: number of fields have changed at 'GFFRoot\Placeable List\3': '7' --&gt; '5'
    Missing 'UInt8' field at 'GFFRoot\Placeable List\3\UseTweakColor': '0'
    Missing 'UInt32' field at 'GFFRoot\Placeable List\3\TweakColor': '16777215'
    
    GFFStruct: number of fields have changed at 'GFFRoot\Placeable List\4': '7' --&gt; '5'
    Missing 'UInt8' field at 'GFFRoot\Placeable List\4\UseTweakColor': '0'
    Missing 'UInt32' field at 'GFFRoot\Placeable List\4\TweakColor': '16777215'
    
    GFFStruct: number of fields have changed at 'GFFRoot\Placeable List\5': '7' --&gt; '5'
    Missing 'UInt8' field at 'GFFRoot\Placeable List\5\UseTweakColor': '0'
    Missing 'UInt32' field at 'GFFRoot\Placeable List\5\TweakColor': '16777215'
    
    GFFStruct: number of fields have changed at 'GFFRoot\Placeable List\6': '7' --&gt; '5'
    Missing 'UInt8' field at 'GFFRoot\Placeable List\6\UseTweakColor': '0'
    Missing 'UInt32' field at 'GFFRoot\Placeable List\6\TweakColor': '16777215'
    
    GFFStruct: number of fields have changed at 'GFFRoot\Placeable List\7': '7' --&gt; '5'
    Missing 'UInt8' field at 'GFFRoot\Placeable List\7\UseTweakColor': '0'
    Missing 'UInt32' field at 'GFFRoot\Placeable List\7\TweakColor': '16777215'
    
    GFFStruct: number of fields have changed at 'GFFRoot\Placeable List\8': '7' --&gt; '5'
    Missing 'UInt8' field at 'GFFRoot\Placeable List\8\UseTweakColor': '0'
    Missing 'UInt32' field at 'GFFRoot\Placeable List\8\TweakColor': '16777215'
    
    GFFStruct: number of fields have changed at 'GFFRoot\Placeable List\9': '7' --&gt; '5'
    Missing 'UInt8' field at 'GFFRoot\Placeable List\9\UseTweakColor': '0'
    Missing 'UInt32' field at 'GFFRoot\Placeable List\9\TweakColor': '16777215'
    
    GFFStruct: number of fields have changed at 'GFFRoot\Placeable List\10': '7' --&gt; '5'
    Missing 'UInt8' field at 'GFFRoot\Placeable List\10\UseTweakColor': '0'
    Missing 'UInt32' field at 'GFFRoot\Placeable List\10\TweakColor': '16777215'
    
    GFFStruct: number of fields have changed at 'GFFRoot\Placeable List\11': '7' --&gt; '5'
    Missing 'UInt8' field at 'GFFRoot\Placeable List\11\UseTweakColor': '0'
    Missing 'UInt32' field at 'GFFRoot\Placeable List\11\TweakColor': '16777215'
    
    GFFStruct: number of fields have changed at 'GFFRoot\Placeable List\12': '7' --&gt; '5'
    Missing 'UInt8' field at 'GFFRoot\Placeable List\12\UseTweakColor': '0'
    Missing 'UInt32' field at 'GFFRoot\Placeable List\12\TweakColor': '16777215'
    
    GFFStruct: number of fields have changed at 'GFFRoot\Placeable List\13': '7' --&gt; '5'
    Missing 'UInt8' field at 'GFFRoot\Placeable List\13\UseTweakColor': '0'
    Missing 'UInt32' field at 'GFFRoot\Placeable List\13\TweakColor': '16777215'
    
    GFFStruct: number of fields have changed at 'GFFRoot\Placeable List\14': '7' --&gt; '5'
    Missing 'UInt8' field at 'GFFRoot\Placeable List\14\UseTweakColor': '0'
    Missing 'UInt32' field at 'GFFRoot\Placeable List\14\TweakColor': '16777215'
    
    GFFStruct: number of fields have changed at 'GFFRoot\Placeable List\15': '7' --&gt; '5'
    Missing 'UInt8' field at 'GFFRoot\Placeable List\15\UseTweakColor': '0'
    Missing 'UInt32' field at 'GFFRoot\Placeable List\15\TweakColor': '16777215'
    
    GFFStruct: number of fields have changed at 'GFFRoot\Placeable List\16': '7' --&gt; '5'
    Missing 'UInt8' field at 'GFFRoot\Placeable List\16\UseTweakColor': '0'
    Missing 'UInt32' field at 'GFFRoot\Placeable List\16\TweakColor': '16777215'
    
    GFFStruct: number of fields have changed at 'GFFRoot\Placeable List\17': '7' --&gt; '5'
    Missing 'UInt8' field at 'GFFRoot\Placeable List\17\UseTweakColor': '0'
    Missing 'UInt32' field at 'GFFRoot\Placeable List\17\TweakColor': '16777215'
    
    GFFStruct: number of fields have changed at 'GFFRoot\Placeable List\18': '7' --&gt; '5'
    Missing 'UInt8' field at 'GFFRoot\Placeable List\18\UseTweakColor': '0'
    Missing 'UInt32' field at 'GFFRoot\Placeable List\18\TweakColor': '16777215'
    
    GFFStruct: number of fields have changed at 'GFFRoot\Placeable List\19': '7' --&gt; '5'
    Missing 'UInt8' field at 'GFFRoot\Placeable List\19\UseTweakColor': '0'
    Missing 'UInt32' field at 'GFFRoot\Placeable List\19\TweakColor': '16777215'
    
    GFFStruct: number of fields have changed at 'GFFRoot\Placeable List\20': '7' --&gt; '5'
    Missing 'UInt8' field at 'GFFRoot\Placeable List\20\UseTweakColor': '0'
    Missing 'UInt32' field at 'GFFRoot\Placeable List\20\TweakColor': '16777215'
    
    GFFStruct: number of fields have changed at 'GFFRoot\Placeable List\21': '7' --&gt; '5'
    Missing 'UInt8' field at 'GFFRoot\Placeable List\21\UseTweakColor': '0'
    Missing 'UInt32' field at 'GFFRoot\Placeable List\21\TweakColor': '16777215'
    
    GFFStruct: number of fields have changed at 'GFFRoot\Placeable List\22': '7' --&gt; '5'
    Missing 'UInt8' field at 'GFFRoot\Placeable List\22\UseTweakColor': '0'
    Missing 'UInt32' field at 'GFFRoot\Placeable List\22\TweakColor': '16777215'
    
    GFFStruct: number of fields have changed at 'GFFRoot\Placeable List\23': '7' --&gt; '5'
    Missing 'UInt8' field at 'GFFRoot\Placeable List\23\UseTweakColor': '0'
    Missing 'UInt32' field at 'GFFRoot\Placeable List\23\TweakColor': '16777215'
    
    GFFStruct: number of fields have changed at 'GFFRoot\Placeable List\24': '7' --&gt; '5'
    Missing 'UInt8' field at 'GFFRoot\Placeable List\24\UseTweakColor': '0'
    Missing 'UInt32' field at 'GFFRoot\Placeable List\24\TweakColor': '16777215'
    
    GFFStruct: number of fields have changed at 'GFFRoot\Placeable List\25': '7' --&gt; '5'
    Missing 'UInt8' field at 'GFFRoot\Placeable List\25\UseTweakColor': '0'
    Missing 'UInt32' field at 'GFFRoot\Placeable List\25\TweakColor': '16777215'
    
    GFFStruct: number of fields have changed at 'GFFRoot\Placeable List\26': '7' --&gt; '5'
    Missing 'UInt8' field at 'GFFRoot\Placeable List\26\UseTweakColor': '0'
    Missing 'UInt32' field at 'GFFRoot\Placeable List\26\TweakColor': '16777215'
    
    GFFStruct: number of fields have changed at 'GFFRoot\Placeable List\27': '7' --&gt; '5'
    Missing 'UInt8' field at 'GFFRoot\Placeable List\27\UseTweakColor': '0'
    Missing 'UInt32' field at 'GFFRoot\Placeable List\27\TweakColor': '16777215'
    
    GFFStruct: number of fields have changed at 'GFFRoot\Placeable List\28': '7' --&gt; '5'
    Missing 'UInt8' field at 'GFFRoot\Placeable List\28\UseTweakColor': '0'
    Missing 'UInt32' field at 'GFFRoot\Placeable List\28\TweakColor': '16777215'
    
    GFFStruct: number of fields have changed at 'GFFRoot\Placeable List\29': '7' --&gt; '5'
    Missing 'UInt8' field at 'GFFRoot\Placeable List\29\UseTweakColor': '0'
    Missing 'UInt32' field at 'GFFRoot\Placeable List\29\TweakColor': '16777215'
    
    GFFStruct: number of fields have changed at 'GFFRoot\Placeable List\30': '7' --&gt; '5'
    Missing 'UInt8' field at 'GFFRoot\Placeable List\30\UseTweakColor': '0'
    Missing 'UInt32' field at 'GFFRoot\Placeable List\30\TweakColor': '16777215'
    
    GFFStruct: number of fields have changed at 'GFFRoot\Placeable List\31': '7' --&gt; '5'
    Missing 'UInt8' field at 'GFFRoot\Placeable List\31\UseTweakColor': '0'
    Missing 'UInt32' field at 'GFFRoot\Placeable List\31\TweakColor': '16777215'
    
    GFFStruct: number of fields have changed at 'GFFRoot\Placeable List\32': '7' --&gt; '5'
    Missing 'UInt8' field at 'GFFRoot\Placeable List\32\UseTweakColor': '0'
    Missing 'UInt32' field at 'GFFRoot\Placeable List\32\TweakColor': '16777215'
    
    GFFStruct: number of fields have changed at 'GFFRoot\Placeable List\33': '7' --&gt; '5'
    Missing 'UInt8' field at 'GFFRoot\Placeable List\33\UseTweakColor': '0'
    Missing 'UInt32' field at 'GFFRoot\Placeable List\33\TweakColor': '16777215'
    
    GFFStruct: number of fields have changed at 'GFFRoot\Placeable List\34': '7' --&gt; '5'
    Missing 'UInt8' field at 'GFFRoot\Placeable List\34\UseTweakColor': '0'
    Missing 'UInt32' field at 'GFFRoot\Placeable List\34\TweakColor': '16777215'
    
    GFFStruct: number of fields have changed at 'GFFRoot\Placeable List\35': '7' --&gt; '5'
    Missing 'UInt8' field at 'GFFRoot\Placeable List\35\UseTweakColor': '0'
    Missing 'UInt32' field at 'GFFRoot\Placeable List\35\TweakColor': '16777215'
    
    GFFStruct: number of fields have changed at 'GFFRoot\Placeable List\36': '7' --&gt; '5'
    Missing 'UInt8' field at 'GFFRoot\Placeable List\36\UseTweakColor': '0'
    Missing 'UInt32' field at 'GFFRoot\Placeable List\36\TweakColor': '16777215'
    
    GFFStruct: number of fields have changed at 'GFFRoot\Placeable List\37': '7' --&gt; '5'
    Missing 'UInt8' field at 'GFFRoot\Placeable List\37\UseTweakColor': '0'
    Missing 'UInt32' field at 'GFFRoot\Placeable List\37\TweakColor': '16777215'
    
    GFFStruct: number of fields have changed at 'GFFRoot\Placeable List\38': '7' --&gt; '5'
    Missing 'UInt8' field at 'GFFRoot\Placeable List\38\UseTweakColor': '0'
    Missing 'UInt32' field at 'GFFRoot\Placeable List\38\TweakColor': '16777215'
    
    GFFStruct: number of fields have changed at 'GFFRoot\Placeable List\39': '7' --&gt; '5'
    Missing 'UInt8' field at 'GFFRoot\Placeable List\39\UseTweakColor': '0'
    Missing 'UInt32' field at 'GFFRoot\Placeable List\39\TweakColor': '16777215'
    
    GFFStruct: number of fields have changed at 'GFFRoot\Placeable List\40': '7' --&gt; '5'
    Missing 'UInt8' field at 'GFFRoot\Placeable List\40\UseTweakColor': '0'
    Missing 'UInt32' field at 'GFFRoot\Placeable List\40\TweakColor': '16777215'
    
    GFFStruct: number of fields have changed at 'GFFRoot\Placeable List\41': '7' --&gt; '5'
    Missing 'UInt8' field at 'GFFRoot\Placeable List\41\UseTweakColor': '0'
    Missing 'UInt32' field at 'GFFRoot\Placeable List\41\TweakColor': '16777215'
    
    GFFStruct: number of fields have changed at 'GFFRoot\Placeable List\42': '7' --&gt; '5'
    Missing 'UInt8' field at 'GFFRoot\Placeable List\42\UseTweakColor': '0'
    Missing 'UInt32' field at 'GFFRoot\Placeable List\42\TweakColor': '16777215'
    
    GFFStruct: number of fields have changed at 'GFFRoot\Placeable List\43': '7' --&gt; '5'
    Missing 'UInt8' field at 'GFFRoot\Placeable List\43\UseTweakColor': '0'
    Missing 'UInt32' field at 'GFFRoot\Placeable List\43\TweakColor': '16777215'
    
    GFFStruct: number of fields have changed at 'GFFRoot\Placeable List\44': '7' --&gt; '5'
    Missing 'UInt8' field at 'GFFRoot\Placeable List\44\UseTweakColor': '0'
    Missing 'UInt32' field at 'GFFRoot\Placeable List\44\TweakColor': '16777215'
    
    GFFStruct: number of fields have changed at 'GFFRoot\Placeable List\45': '7' --&gt; '5'
    Missing 'UInt8' field at 'GFFRoot\Placeable List\45\UseTweakColor': '0'
    Missing 'UInt32' field at 'GFFRoot\Placeable List\45\TweakColor': '16777215'
    
    GFFStruct: number of fields have changed at 'GFFRoot\Placeable List\46': '7' --&gt; '5'
    Missing 'UInt8' field at 'GFFRoot\Placeable List\46\UseTweakColor': '0'
    Missing 'UInt32' field at 'GFFRoot\Placeable List\46\TweakColor': '16777215'
    
    GFFStruct: number of fields have changed at 'GFFRoot\Placeable List\47': '7' --&gt; '5'
    Missing 'UInt8' field at 'GFFRoot\Placeable List\47\UseTweakColor': '0'
    Missing 'UInt32' field at 'GFFRoot\Placeable List\47\TweakColor': '16777215'
    
    GFFStruct: number of fields have changed at 'GFFRoot\Placeable List\48': '7' --&gt; '5'
    Missing 'UInt8' field at 'GFFRoot\Placeable List\48\UseTweakColor': '0'
    Missing 'UInt32' field at 'GFFRoot\Placeable List\48\TweakColor': '16777215'
    
    GFFStruct: number of fields have changed at 'GFFRoot\Placeable List\49': '7' --&gt; '5'
    Missing 'UInt8' field at 'GFFRoot\Placeable List\49\UseTweakColor': '0'
    Missing 'UInt32' field at 'GFFRoot\Placeable List\49\TweakColor': '16777215'
    
    GFFStruct: number of fields have changed at 'GFFRoot\Placeable List\50': '7' --&gt; '5'
    Missing 'UInt8' field at 'GFFRoot\Placeable List\50\UseTweakColor': '0'
    Missing 'UInt32' field at 'GFFRoot\Placeable List\50\TweakColor': '16777215'
    
    GFFStruct: number of fields have changed at 'GFFRoot\Placeable List\51': '7' --&gt; '5'
    Missing 'UInt8' field at 'GFFRoot\Placeable List\51\UseTweakColor': '0'
    Missing 'UInt32' field at 'GFFRoot\Placeable List\51\TweakColor': '16777215'
    
    GFFStruct: number of fields have changed at 'GFFRoot\Placeable List\52': '7' --&gt; '5'
    Missing 'UInt8' field at 'GFFRoot\Placeable List\52\UseTweakColor': '0'
    Missing 'UInt32' field at 'GFFRoot\Placeable List\52\TweakColor': '16777215'
    
    GFFStruct: number of fields have changed at 'GFFRoot\Placeable List\53': '7' --&gt; '5'
    Missing 'UInt8' field at 'GFFRoot\Placeable List\53\UseTweakColor': '0'
    Missing 'UInt32' field at 'GFFRoot\Placeable List\53\TweakColor': '16777215'
    
    GFFStruct: number of fields have changed at 'GFFRoot\Placeable List\54': '7' --&gt; '5'
    Missing 'UInt8' field at 'GFFRoot\Placeable List\54\UseTweakColor': '0'
    Missing 'UInt32' field at 'GFFRoot\Placeable List\54\TweakColor': '16777215'
    
    GFFStruct: number of fields have changed at 'GFFRoot\Placeable List\55': '7' --&gt; '5'
    Missing 'UInt8' field at 'GFFRoot\Placeable List\55\UseTweakColor': '0'
    Missing 'UInt32' field at 'GFFRoot\Placeable List\55\TweakColor': '16777215'
    
    GFFStruct: number of fields have changed at 'GFFRoot\Placeable List\56': '7' --&gt; '5'
    Missing 'UInt8' field at 'GFFRoot\Placeable List\56\UseTweakColor': '0'
    Missing 'UInt32' field at 'GFFRoot\Placeable List\56\TweakColor': '16777215'
    
    GFFStruct: number of fields have changed at 'GFFRoot\Placeable List\57': '7' --&gt; '5'
    Missing 'UInt8' field at 'GFFRoot\Placeable List\57\UseTweakColor': '0'
    Missing 'UInt32' field at 'GFFRoot\Placeable List\57\TweakColor': '16777215'
    
    GFFStruct: number of fields have changed at 'GFFRoot\Placeable List\58': '7' --&gt; '5'
    Missing 'UInt8' field at 'GFFRoot\Placeable List\58\UseTweakColor': '0'
    Missing 'UInt32' field at 'GFFRoot\Placeable List\58\TweakColor': '16777215'
    
    GFFStruct: number of fields have changed at 'GFFRoot\Placeable List\59': '7' --&gt; '5'
    Missing 'UInt8' field at 'GFFRoot\Placeable List\59\UseTweakColor': '0'
    Missing 'UInt32' field at 'GFFRoot\Placeable List\59\TweakColor': '16777215'
    
    GFFStruct: number of fields have changed at 'GFFRoot\Placeable List\60': '7' --&gt; '5'
    Missing 'UInt8' field at 'GFFRoot\Placeable List\60\UseTweakColor': '0'
    Missing 'UInt32' field at 'GFFRoot\Placeable List\60\TweakColor': '16777215'
    
    GFFStruct: number of fields have changed at 'GFFRoot\Placeable List\61': '7' --&gt; '5'
    Missing 'UInt8' field at 'GFFRoot\Placeable List\61\UseTweakColor': '0'
    Missing 'UInt32' field at 'GFFRoot\Placeable List\61\TweakColor': '16777215'
    
    GFFStruct: number of fields have changed at 'GFFRoot\Placeable List\62': '7' --&gt; '5'
    Missing 'UInt8' field at 'GFFRoot\Placeable List\62\UseTweakColor': '0'
    Missing 'UInt32' field at 'GFFRoot\Placeable List\62\TweakColor': '16777215'
    
    GFFStruct: number of fields have changed at 'GFFRoot\Placeable List\63': '7' --&gt; '5'
    Missing 'UInt8' field at 'GFFRoot\Placeable List\63\UseTweakColor': '0'
    Missing 'UInt32' field at 'GFFRoot\Placeable List\63\TweakColor': '16777215'
    
    GFFStruct: number of fields have changed at 'GFFRoot\Placeable List\64': '7' --&gt; '5'
    Missing 'UInt8' field at 'GFFRoot\Placeable List\64\UseTweakColor': '0'
    Missing 'UInt32' field at 'GFFRoot\Placeable List\64\TweakColor': '16777215'
    
    GFFStruct: number of fields have changed at 'GFFRoot\Door List\0': '12' --&gt; '10'
    Missing 'UInt8' field at 'GFFRoot\Door List\0\UseTweakColor': '1'
    Missing 'UInt32' field at 'GFFRoot\Door List\0\TweakColor': '3224629'
    
    GFFStruct: number of fields have changed at 'GFFRoot\Door List\1': '12' --&gt; '10'
    Missing 'UInt8' field at 'GFFRoot\Door List\1\UseTweakColor': '1'
    Missing 'UInt32' field at 'GFFRoot\Door List\1\TweakColor': '3224629'
    
    GFFStruct: number of fields have changed at 'GFFRoot\Door List\2': '12' --&gt; '10'
    Missing 'UInt8' field at 'GFFRoot\Door List\2\UseTweakColor': '1'
    Missing 'UInt32' field at 'GFFRoot\Door List\2\TweakColor': '5855577'
    
    GFFStruct: number of fields have changed at 'GFFRoot\Door List\3': '12' --&gt; '10'
    Missing 'UInt8' field at 'GFFRoot\Door List\3\UseTweakColor': '1'
    Missing 'UInt32' field at 'GFFRoot\Door List\3\TweakColor': '3817023'
    
    GFFStruct: number of fields have changed at 'GFFRoot\Door List\4': '12' --&gt; '10'
    Missing 'UInt8' field at 'GFFRoot\Door List\4\UseTweakColor': '1'
    Missing 'UInt32' field at 'GFFRoot\Door List\4\TweakColor': '3817023'
    
    GFFStruct: number of fields have changed at 'GFFRoot\Door List\5': '12' --&gt; '10'
    Missing 'UInt8' field at 'GFFRoot\Door List\5\UseTweakColor': '1'
    Missing 'UInt32' field at 'GFFRoot\Door List\5\TweakColor': '5855577'
    
    GFFStruct: number of fields have changed at 'GFFRoot\Door List\6': '12' --&gt; '10'
    Missing 'UInt8' field at 'GFFRoot\Door List\6\UseTweakColor': '1'
    Missing 'UInt32' field at 'GFFRoot\Door List\6\TweakColor': '3948352'
    
    GFFStruct: number of fields have changed at 'GFFRoot\Door List\7': '12' --&gt; '10'
    Missing 'UInt8' field at 'GFFRoot\Door List\7\UseTweakColor': '1'
    Missing 'UInt32' field at 'GFFRoot\Door List\7\TweakColor': '4540489'
    
    GFFStruct: number of fields have changed at 'GFFRoot\Door List\8': '12' --&gt; '10'
    Missing 'UInt8' field at 'GFFRoot\Door List\8\UseTweakColor': '1'
    Missing 'UInt32' field at 'GFFRoot\Door List\8\TweakColor': '4540489'
    
    GFFStruct: number of fields have changed at 'GFFRoot\Door List\9': '12' --&gt; '10'
    Missing 'UInt8' field at 'GFFRoot\Door List\9\UseTweakColor': '1'
    Missing 'UInt32' field at 'GFFRoot\Door List\9\TweakColor': '3948352'
    
    GFFStruct: number of fields have changed at 'GFFRoot\Door List\10': '12' --&gt; '10'
    Missing 'UInt8' field at 'GFFRoot\Door List\10\UseTweakColor': '1'
    Missing 'UInt32' field at 'GFFRoot\Door List\10\TweakColor': '4409159'
    
    GFFStruct: number of fields have changed at 'GFFRoot\Door List\11': '12' --&gt; '10'
    Missing 'UInt8' field at 'GFFRoot\Door List\11\UseTweakColor': '1'
    Missing 'UInt32' field at 'GFFRoot\Door List\11\TweakColor': '3948352'
    
    GFFStruct: number of fields have changed at 'GFFRoot\Door List\12': '12' --&gt; '10'
    Missing 'UInt8' field at 'GFFRoot\Door List\12\UseTweakColor': '1'
    Missing 'UInt32' field at 'GFFRoot\Door List\12\TweakColor': '3224629'
    
    GFFStruct: number of fields have changed at 'GFFRoot\Door List\13': '12' --&gt; '10'
    Missing 'UInt8' field at 'GFFRoot\Door List\13\UseTweakColor': '1'
    Missing 'UInt32' field at 'GFFRoot\Door List\13\TweakColor': '3224629'
    
    GFFStruct: number of fields have changed at 'GFFRoot\Door List\14': '12' --&gt; '10'
    Missing 'UInt8' field at 'GFFRoot\Door List\14\UseTweakColor': '1'
    Missing 'UInt32' field at 'GFFRoot\Door List\14\TweakColor': '3224629'
    
    GFFStruct: number of fields have changed at 'GFFRoot\Door List\15': '12' --&gt; '10'
    Missing 'UInt8' field at 'GFFRoot\Door List\15\UseTweakColor': '1'
    Missing 'UInt32' field at 'GFFRoot\Door List\15\TweakColor': '3224629'
    
    GFFStruct: number of fields have changed at 'GFFRoot\Door List\16': '12' --&gt; '10'
    Missing 'UInt8' field at 'GFFRoot\Door List\16\UseTweakColor': '1'
    Missing 'UInt32' field at 'GFFRoot\Door List\16\TweakColor': '3224629'
    
    GFFStruct: number of fields have changed at 'GFFRoot\Door List\17': '12' --&gt; '10'
    Missing 'UInt8' field at 'GFFRoot\Door List\17\UseTweakColor': '1'
    Missing 'UInt32' field at 'GFFRoot\Door List\17\TweakColor': '5855577'
    
    GFFStruct: number of fields have changed at 'GFFRoot\Door List\18': '12' --&gt; '10'
    Missing 'UInt8' field at 'GFFRoot\Door List\18\UseTweakColor': '1'
    Missing 'UInt32' field at 'GFFRoot\Door List\18\TweakColor': '3948352'
    
    GFFStruct: number of fields have changed at 'GFFRoot\Door List\19': '12' --&gt; '10'
    Missing 'UInt8' field at 'GFFRoot\Door List\19\UseTweakColor': '1'
    Missing 'UInt32' field at 'GFFRoot\Door List\19\TweakColor': '3224629'</failure></testcase><testcase classname="tests.resource.generics.test_git.TestGIT" name="test_k2_gff_reconstruct" time="0.005" /><testcase classname="tests.resource.generics.test_ifo.TestIFO" name="test_gff_reconstruct" time="0.002" /><testcase classname="tests.resource.generics.test_ifo.TestIFO" name="test_gff_reconstruct_from_k1_installation" time="0.000"><skipped type="pytest.skip" message="K1_PATH environment variable is not set or not found on disk.">/home/runner/work/PyKotor/PyKotor/tests/resource/generics/test_ifo.py:50: K1_PATH environment variable is not set or not found on disk.</skipped></testcase><testcase classname="tests.resource.generics.test_ifo.TestIFO" name="test_gff_reconstruct_from_k2_installation" time="0.000"><skipped type="pytest.skip" message="K2_PATH environment variable is not set or not found on disk.">/home/runner/work/PyKotor/PyKotor/tests/resource/generics/test_ifo.py:61: K2_PATH environment variable is not set or not found on disk.</skipped></testcase><testcase classname="tests.resource.generics.test_ifo.TestIFO" name="test_io_construct" time="0.001" /><testcase classname="tests.resource.generics.test_ifo.TestIFO" name="test_io_reconstruct" time="0.001" /><testcase classname="tests.resource.generics.test_jrl.TestJRL" name="test_gff_reconstruct" time="0.001" /><testcase classname="tests.resource.generics.test_jrl.TestJRL" name="test_gff_reconstruct_from_k1_installation" time="0.000"><skipped type="pytest.skip" message="K1_PATH environment variable is not set or not found on disk.">/home/runner/work/PyKotor/PyKotor/tests/resource/generics/test_jrl.py:48: K1_PATH environment variable is not set or not found on disk.</skipped></testcase><testcase classname="tests.resource.generics.test_jrl.TestJRL" name="test_gff_reconstruct_from_k2_installation" time="0.000"><skipped type="pytest.skip" message="K2_PATH environment variable is not set or not found on disk.">/home/runner/work/PyKotor/PyKotor/tests/resource/generics/test_jrl.py:59: K2_PATH environment variable is not set or not found on disk.</skipped></testcase><testcase classname="tests.resource.generics.test_jrl.TestJRL" name="test_io_construct" time="0.001" /><testcase classname="tests.resource.generics.test_jrl.TestJRL" name="test_io_reconstruct" time="0.001" /><testcase classname="tests.resource.generics.test_pth.TestPTH" name="test_gff_reconstruct" time="0.002" /><testcase classname="tests.resource.generics.test_pth.TestPTH" name="test_gff_reconstruct_from_k1_installation" time="0.000"><skipped type="pytest.skip" message="K1_PATH environment variable is not set or not found on disk.">/home/runner/work/PyKotor/PyKotor/tests/resource/generics/test_pth.py:49: K1_PATH environment variable is not set or not found on disk.</skipped></testcase><testcase classname="tests.resource.generics.test_pth.TestPTH" name="test_gff_reconstruct_from_k2_installation" time="0.000"><skipped type="pytest.skip" message="K2_PATH environment variable is not set or not found on disk.">/home/runner/work/PyKotor/PyKotor/tests/resource/generics/test_pth.py:60: K2_PATH environment variable is not set or not found on disk.</skipped></testcase><testcase classname="tests.resource.generics.test_pth.TestPTH" name="test_io_construct" time="0.001" /><testcase classname="tests.resource.generics.test_pth.TestPTH" name="test_io_reconstruct" time="0.001" /><testcase classname="tests.resource.generics.test_utc.TestUTC" name="test_gff_reconstruct" time="0.006" /><testcase classname="tests.resource.generics.test_utc.TestUTC" name="test_gff_reconstruct_from_k1_installation" time="0.000"><skipped type="pytest.skip" message="K1_PATH environment variable is not set or not found on disk.">/home/runner/work/PyKotor/PyKotor/tests/resource/generics/test_utc.py:50: K1_PATH environment variable is not set or not found on disk.</skipped></testcase><testcase classname="tests.resource.generics.test_utc.TestUTC" name="test_gff_reconstruct_from_k2_installation" time="0.000"><skipped type="pytest.skip" message="K2_PATH environment variable is not set or not found on disk.">/home/runner/work/PyKotor/PyKotor/tests/resource/generics/test_utc.py:62: K2_PATH environment variable is not set or not found on disk.</skipped></testcase><testcase classname="tests.resource.generics.test_utc.TestUTC" name="test_io_construct" time="0.002" /><testcase classname="tests.resource.generics.test_utc.TestUTC" name="test_io_reconstruct" time="0.003" /><testcase classname="tests.resource.generics.test_utd.TestUTD" name="test_gff_reconstruct" time="0.000"><skipped type="pytest.skip" message="This test is known to fail - fixme">/home/runner/work/PyKotor/PyKotor/tests/resource/generics/test_utd.py:73: This test is known to fail - fixme</skipped></testcase><testcase classname="tests.resource.generics.test_utd.TestUTD" name="test_gff_reconstruct_from_k1_installation" time="0.000"><skipped type="pytest.skip" message="K1_PATH environment variable is not set or not found on disk.">/home/runner/work/PyKotor/PyKotor/tests/resource/generics/test_utd.py:51: K1_PATH environment variable is not set or not found on disk.</skipped></testcase><testcase classname="tests.resource.generics.test_utd.TestUTD" name="test_gff_reconstruct_from_k2_installation" time="0.000"><skipped type="pytest.skip" message="K2_PATH environment variable is not set or not found on disk.">/home/runner/work/PyKotor/PyKotor/tests/resource/generics/test_utd.py:62: K2_PATH environment variable is not set or not found on disk.</skipped></testcase><testcase classname="tests.resource.generics.test_utd.TestUTD" name="test_io_construct" time="0.001" /><testcase classname="tests.resource.generics.test_utd.TestUTD" name="test_io_reconstruct" time="0.001" /><testcase classname="tests.resource.generics.test_ute.TestUTE" name="test_gff_reconstruct_from_k1_installation" time="0.000"><skipped type="pytest.skip" message="K1_PATH environment variable is not set or not found on disk.">/home/runner/work/PyKotor/PyKotor/tests/resource/generics/test_ute.py:51: K1_PATH environment variable is not set or not found on disk.</skipped></testcase><testcase classname="tests.resource.generics.test_ute.TestUTE" name="test_gff_reconstruct_from_k2_installation" time="0.000"><skipped type="pytest.skip" message="K2_PATH environment variable is not set or not found on disk.">/home/runner/work/PyKotor/PyKotor/tests/resource/generics/test_ute.py:62: K2_PATH environment variable is not set or not found on disk.</skipped></testcase><testcase classname="tests.resource.generics.test_ute.TestUTE" name="test_io_construct" time="0.001" /><testcase classname="tests.resource.generics.test_ute.TestUTE" name="test_io_reconstruct" time="0.001" /><testcase classname="tests.resource.generics.test_ute.TestUTE" name="test_k2_reconstruct" time="0.002" /><testcase classname="tests.resource.generics.test_uti.TestUTI" name="test_gff_reconstruct" time="0.002" /><testcase classname="tests.resource.generics.test_uti.TestUTI" name="test_gff_reconstruct_from_k1_installation" time="0.000"><skipped type="pytest.skip" message="K1_PATH environment variable is not set or not found on disk.">/home/runner/work/PyKotor/PyKotor/tests/resource/generics/test_uti.py:52: K1_PATH environment variable is not set or not found on disk.</skipped></testcase><testcase classname="tests.resource.generics.test_uti.TestUTI" name="test_gff_reconstruct_from_k2_installation" time="0.000"><skipped type="pytest.skip" message="K2_PATH environment variable is not set or not found on disk.">/home/runner/work/PyKotor/PyKotor/tests/resource/generics/test_uti.py:63: K2_PATH environment variable is not set or not found on disk.</skipped></testcase><testcase classname="tests.resource.generics.test_uti.TestUTI" name="test_io_construct" time="0.001" /><testcase classname="tests.resource.generics.test_uti.TestUTI" name="test_io_reconstruct" time="0.001" /><testcase classname="tests.resource.generics.test_utp.Test" name="test_gff_reconstruct" time="0.003"><failure message="AssertionError: False is not true : &#10;&#10;Missing 'UInt16' field at 'GFFRoot\ItemList\0\Repos_Posy': '0'&#10;Extra 'UInt16' field found at 'GFFRoot\ItemList\0\Repos_PosY': '0'&#10;Missing 'UInt16' field at 'GFFRoot\ItemList\1\Repos_Posy': '0'&#10;Extra 'UInt16' field found at 'GFFRoot\ItemList\1\Repos_PosY': '0'">E   AssertionError: False is not true : 
    
    Missing 'UInt16' field at 'GFFRoot\ItemList\0\Repos_Posy': '0'
    Extra 'UInt16' field found at 'GFFRoot\ItemList\0\Repos_PosY': '0'
    Missing 'UInt16' field at 'GFFRoot\ItemList\1\Repos_Posy': '0'
    Extra 'UInt16' field found at 'GFFRoot\ItemList\1\Repos_PosY': '0'</failure></testcase><testcase classname="tests.resource.generics.test_utp.Test" name="test_gff_reconstruct_from_k1_installation" time="0.000"><skipped type="pytest.skip" message="K1_PATH environment variable is not set or not found on disk.">/home/runner/work/PyKotor/PyKotor/tests/resource/generics/test_utp.py:52: K1_PATH environment variable is not set or not found on disk.</skipped></testcase><testcase classname="tests.resource.generics.test_utp.Test" name="test_gff_reconstruct_from_k2_installation" time="0.000"><skipped type="pytest.skip" message="K2_PATH environment variable is not set or not found on disk.">/home/runner/work/PyKotor/PyKotor/tests/resource/generics/test_utp.py:63: K2_PATH environment variable is not set or not found on disk.</skipped></testcase><testcase classname="tests.resource.generics.test_utp.Test" name="test_io_construct" time="0.001" /><testcase classname="tests.resource.generics.test_utp.Test" name="test_io_reconstruct" time="0.002" /><testcase classname="tests.resource.generics.test_uts.TestUTS" name="test_gff_reconstruct" time="0.002" /><testcase classname="tests.resource.generics.test_uts.TestUTS" name="test_gff_reconstruct_from_k1_installation" time="0.000"><skipped type="pytest.skip" message="K1_PATH environment variable is not set or not found on disk.">/home/runner/work/PyKotor/PyKotor/tests/resource/generics/test_uts.py:53: K1_PATH environment variable is not set or not found on disk.</skipped></testcase><testcase classname="tests.resource.generics.test_uts.TestUTS" name="test_gff_reconstruct_from_k2_installation" time="0.000"><skipped type="pytest.skip" message="K2_PATH environment variable is not set or not found on disk.">/home/runner/work/PyKotor/PyKotor/tests/resource/generics/test_uts.py:64: K2_PATH environment variable is not set or not found on disk.</skipped></testcase><testcase classname="tests.resource.generics.test_uts.TestUTS" name="test_io_construct" time="0.001" /><testcase classname="tests.resource.generics.test_uts.TestUTS" name="test_io_reconstruct" time="0.001" /><testcase classname="tests.resource.generics.test_uts.TestUTS" name="test_k1_gff_reconstruct" time="0.002" /><testcase classname="tests.resource.generics.test_utt.TestUTT" name="test_gff_reconstruct" time="0.001" /><testcase classname="tests.resource.generics.test_utt.TestUTT" name="test_gff_reconstruct_from_k1_installation" time="0.000"><skipped type="pytest.skip" message="K1_PATH environment variable is not set or not found on disk.">/home/runner/work/PyKotor/PyKotor/tests/resource/generics/test_utt.py:52: K1_PATH environment variable is not set or not found on disk.</skipped></testcase><testcase classname="tests.resource.generics.test_utt.TestUTT" name="test_gff_reconstruct_from_k2_installation" time="0.000"><skipped type="pytest.skip" message="K2_PATH environment variable is not set or not found on disk.">/home/runner/work/PyKotor/PyKotor/tests/resource/generics/test_utt.py:63: K2_PATH environment variable is not set or not found on disk.</skipped></testcase><testcase classname="tests.resource.generics.test_utt.TestUTT" name="test_io_construct" time="0.001" /><testcase classname="tests.resource.generics.test_utt.TestUTT" name="test_io_reconstruct" time="0.001" /><testcase classname="tests.resource.generics.test_utw.TestUTW" name="test_gff_reconstruct" time="0.001" /><testcase classname="tests.resource.generics.test_utw.TestUTW" name="test_gff_reconstruct_from_k1_installation" time="0.000"><skipped type="pytest.skip" message="K1_PATH environment variable is not set or not found on disk.">/home/runner/work/PyKotor/PyKotor/tests/resource/generics/test_utw.py:51: K1_PATH environment variable is not set or not found on disk.</skipped></testcase><testcase classname="tests.resource.generics.test_utw.TestUTW" name="test_gff_reconstruct_from_k2_installation" time="0.000"><skipped type="pytest.skip" message="K2_PATH environment variable is not set or not found on disk.">/home/runner/work/PyKotor/PyKotor/tests/resource/generics/test_utw.py:62: K2_PATH environment variable is not set or not found on disk.</skipped></testcase><testcase classname="tests.resource.generics.test_utw.TestUTW" name="test_io_construct" time="0.001" /><testcase classname="tests.resource.generics.test_utw.TestUTW" name="test_io_reconstruct" time="0.001" /><testcase classname="tests.resource.test_replace_module_extensions.TestReplaceModuleExtensions" name="testreplace_module_extensions" time="0.001" /><testcase classname="tests.resource.test_resource_from_path.TestResourceType" name="test_from_extension" time="0.000" /><testcase classname="tests.resource.test_resource_from_path.TestResourceType" name="test_from_id" time="0.000" /><testcase classname="tests.resource.test_resource_from_path.TestResourceType" name="test_from_invalid" time="0.000" /><testcase classname="tests.resource.test_resource_from_path.TestResourceType" name="test_from_invalid_with_valid_extension" time="0.000" /><testcase classname="tests.resource.test_resource_from_path.TestResourceType" name="test_from_path_long_extension" time="0.001" /><testcase classname="tests.resource.test_resource_from_path.TestResourceType" name="test_resource_type_hashing" time="0.001" /><testcase classname="tests.resource.test_resource_from_path.TestResourceIdentifier" name="test_from_path_empty_file_path" time="0.000" /><testcase classname="tests.resource.test_resource_from_path.TestResourceIdentifier" name="test_from_path_hidden_file" time="0.000" /><testcase classname="tests.resource.test_resource_from_path.TestResourceIdentifier" name="test_from_path_invalid_extension" time="0.001" /><testcase classname="tests.resource.test_resource_from_path.TestResourceIdentifier" name="test_from_path_long_extension" time="0.001" /><testcase classname="tests.resource.test_resource_from_path.TestResourceIdentifier" name="test_from_path_long_suffix_gff_xml" time="0.000" /><testcase classname="tests.resource.test_resource_from_path.TestResourceIdentifier" name="test_from_path_mdl" time="0.000" /><testcase classname="tests.resource.test_resource_from_path.TestResourceIdentifier" name="test_from_path_no_extension" time="0.000" /><testcase classname="tests.resource.test_resource_from_path.TestResourceIdentifier" name="test_from_path_none_file_path" time="0.000" /><testcase classname="tests.resource.test_resource_from_path.TestResourceIdentifier" name="test_from_path_tga" time="0.000" /><testcase classname="tests.resource.test_resource_from_path.TestResourceIdentifier" name="test_from_path_tlk_xml" time="0.000" /><testcase classname="tests.resource.test_resource_from_path.TestResourceIdentifier" name="test_from_path_trailing_dot" time="0.000" /><testcase classname="tests.resource.test_resource_from_path.TestResourceIdentifier" name="test_from_path_wav" time="0.000" /><testcase classname="tests.resource.test_resource_from_path.TestResourceIdentifier" name="test_hashing" time="0.002" /><testcase classname="tests.toolset_tests.gui.editors.test_are_editor.AREEditorTest" name="test_gff_reconstruct_from_k1_installation" time="0.001"><skipped type="pytest.skip" message="K2_PATH environment variable is not set or not found on disk.">/home/runner/work/PyKotor/PyKotor/tests/toolset_tests/gui/editors/test_are_editor.py:94: K2_PATH environment variable is not set or not found on disk.</skipped></testcase><testcase classname="tests.toolset_tests.gui.editors.test_are_editor.AREEditorTest" name="test_gff_reconstruct_from_k2_installation" time="0.000"><skipped type="pytest.skip" message="K2_PATH environment variable is not set or not found on disk.">/home/runner/work/PyKotor/PyKotor/tests/toolset_tests/gui/editors/test_are_editor.py:114: K2_PATH environment variable is not set or not found on disk.</skipped></testcase><testcase classname="tests.toolset_tests.gui.editors.test_are_editor.AREEditorTest" name="test_placeholder" time="0.000"><skipped type="pytest.skip" message="K2_PATH environment variable is not set or not found on disk.">/home/runner/work/PyKotor/PyKotor/tests/toolset_tests/gui/editors/test_are_editor.py:130: K2_PATH environment variable is not set or not found on disk.</skipped></testcase><testcase classname="tests.toolset_tests.gui.editors.test_are_editor.AREEditorTest" name="test_save_and_load" time="0.000"><skipped type="pytest.skip" message="K2_PATH environment variable is not set or not found on disk.">/home/runner/work/PyKotor/PyKotor/tests/toolset_tests/gui/editors/test_are_editor.py:81: K2_PATH environment variable is not set or not found on disk.</skipped></testcase><testcase classname="tests.toolset_tests.gui.editors.test_bwm_editor.BWMEditorTest" name="test_bwm_reconstruct_from_k1_installation" time="0.000"><skipped type="pytest.skip" message="K2_PATH environment variable is not set or not found on disk.">/home/runner/work/PyKotor/PyKotor/tests/toolset_tests/gui/editors/test_bwm_editor.py:94: K2_PATH environment variable is not set or not found on disk.</skipped></testcase><testcase classname="tests.toolset_tests.gui.editors.test_bwm_editor.BWMEditorTest" name="test_bwm_reconstruct_from_k2_installation" time="0.000"><skipped type="pytest.skip" message="K2_PATH environment variable is not set or not found on disk.">/home/runner/work/PyKotor/PyKotor/tests/toolset_tests/gui/editors/test_bwm_editor.py:109: K2_PATH environment variable is not set or not found on disk.</skipped></testcase><testcase classname="tests.toolset_tests.gui.editors.test_bwm_editor.BWMEditorTest" name="test_placeholder" time="0.000"><skipped type="pytest.skip" message="K2_PATH environment variable is not set or not found on disk.">/home/runner/work/PyKotor/PyKotor/tests/toolset_tests/gui/editors/test_bwm_editor.py:143: K2_PATH environment variable is not set or not found on disk.</skipped></testcase><testcase classname="tests.toolset_tests.gui.editors.test_bwm_editor.BWMEditorTest" name="test_save_and_load" time="0.000"><skipped type="pytest.skip" message="K2_PATH environment variable is not set or not found on disk.">/home/runner/work/PyKotor/PyKotor/tests/toolset_tests/gui/editors/test_bwm_editor.py:81: K2_PATH environment variable is not set or not found on disk.</skipped></testcase><testcase classname="tests.toolset_tests.gui.editors.test_erf_editor.ERFEditorTest" name="test_erf_reconstruct_from_k1_installation" time="0.000"><skipped type="pytest.skip" message="K2_PATH environment variable is not set or not found on disk.">/home/runner/work/PyKotor/PyKotor/tests/toolset_tests/gui/editors/test_erf_editor.py:96: K2_PATH environment variable is not set or not found on disk.</skipped></testcase><testcase classname="tests.toolset_tests.gui.editors.test_erf_editor.ERFEditorTest" name="test_erf_reconstruct_from_k2_installation" time="0.000"><skipped type="pytest.skip" message="K2_PATH environment variable is not set or not found on disk.">/home/runner/work/PyKotor/PyKotor/tests/toolset_tests/gui/editors/test_erf_editor.py:111: K2_PATH environment variable is not set or not found on disk.</skipped></testcase><testcase classname="tests.toolset_tests.gui.editors.test_erf_editor.ERFEditorTest" name="test_placeholder" time="0.000"><skipped type="pytest.skip" message="K2_PATH environment variable is not set or not found on disk.">/home/runner/work/PyKotor/PyKotor/tests/toolset_tests/gui/editors/test_erf_editor.py:145: K2_PATH environment variable is not set or not found on disk.</skipped></testcase><testcase classname="tests.toolset_tests.gui.editors.test_erf_editor.ERFEditorTest" name="test_save_and_load" time="0.000"><skipped type="pytest.skip" message="K2_PATH environment variable is not set or not found on disk.">/home/runner/work/PyKotor/PyKotor/tests/toolset_tests/gui/editors/test_erf_editor.py:84: K2_PATH environment variable is not set or not found on disk.</skipped></testcase><testcase classname="tests.toolset_tests.gui.editors.test_gff_editor.GFFEditorTest" name="test_gff_reconstruct_from_k1_installation" time="0.000"><skipped type="pytest.skip" message="K2_PATH environment variable is not set or not found on disk.">/home/runner/work/PyKotor/PyKotor/tests/toolset_tests/gui/editors/test_gff_editor.py:168: K2_PATH environment variable is not set or not found on disk.</skipped></testcase><testcase classname="tests.toolset_tests.gui.editors.test_gff_editor.GFFEditorTest" name="test_gff_reconstruct_from_k2_installation" time="0.000"><skipped type="pytest.skip" message="K2_PATH environment variable is not set or not found on disk.">/home/runner/work/PyKotor/PyKotor/tests/toolset_tests/gui/editors/test_gff_editor.py:185: K2_PATH environment variable is not set or not found on disk.</skipped></testcase><testcase classname="tests.toolset_tests.gui.editors.test_gff_editor.GFFEditorTest" name="test_placeholder" time="0.000"><skipped type="pytest.skip" message="K2_PATH environment variable is not set or not found on disk.">/home/runner/work/PyKotor/PyKotor/tests/toolset_tests/gui/editors/test_gff_editor.py:202: K2_PATH environment variable is not set or not found on disk.</skipped></testcase><testcase classname="tests.toolset_tests.gui.editors.test_gff_editor.GFFEditorTest" name="test_save_and_load" time="0.000"><skipped type="pytest.skip" message="K2_PATH environment variable is not set or not found on disk.">/home/runner/work/PyKotor/PyKotor/tests/toolset_tests/gui/editors/test_gff_editor.py:154: K2_PATH environment variable is not set or not found on disk.</skipped></testcase><testcase classname="tests.toolset_tests.gui.editors.test_git_editor.GITEditorTest" name="test_gff_reconstruct_from_k1_installation" time="0.000"><skipped type="pytest.skip" message="K2_PATH environment variable is not set or not found on disk.">/home/runner/work/PyKotor/PyKotor/tests/toolset_tests/gui/editors/test_git_editor.py:99: K2_PATH environment variable is not set or not found on disk.</skipped></testcase><testcase classname="tests.toolset_tests.gui.editors.test_git_editor.GITEditorTest" name="test_gff_reconstruct_from_k2_installation" time="0.000"><skipped type="pytest.skip" message="K2_PATH environment variable is not set or not found on disk.">/home/runner/work/PyKotor/PyKotor/tests/toolset_tests/gui/editors/test_git_editor.py:115: K2_PATH environment variable is not set or not found on disk.</skipped></testcase><testcase classname="tests.toolset_tests.gui.editors.test_git_editor.GITEditorTest" name="test_placeholder" time="0.000"><skipped type="pytest.skip" message="K2_PATH environment variable is not set or not found on disk.">/home/runner/work/PyKotor/PyKotor/tests/toolset_tests/gui/editors/test_git_editor.py:131: K2_PATH environment variable is not set or not found on disk.</skipped></testcase><testcase classname="tests.toolset_tests.gui.editors.test_git_editor.GITEditorTest" name="test_save_and_load" time="0.000"><skipped type="pytest.skip" message="K2_PATH environment variable is not set or not found on disk.">/home/runner/work/PyKotor/PyKotor/tests/toolset_tests/gui/editors/test_git_editor.py:86: K2_PATH environment variable is not set or not found on disk.</skipped></testcase><testcase classname="tests.toolset_tests.gui.editors.test_jrl_editor.JRLEditorTest" name="test_editor_init" time="0.000"><skipped type="pytest.skip" message="K2_PATH environment variable is not set or not found on disk.">/home/runner/work/PyKotor/PyKotor/tests/toolset_tests/gui/editors/test_jrl_editor.py:125: K2_PATH environment variable is not set or not found on disk.</skipped></testcase><testcase classname="tests.toolset_tests.gui.editors.test_jrl_editor.JRLEditorTest" name="test_gff_reconstruct_from_k1_installation" time="0.000"><skipped type="pytest.skip" message="K2_PATH environment variable is not set or not found on disk.">/home/runner/work/PyKotor/PyKotor/tests/toolset_tests/gui/editors/test_jrl_editor.py:93: K2_PATH environment variable is not set or not found on disk.</skipped></testcase><testcase classname="tests.toolset_tests.gui.editors.test_jrl_editor.JRLEditorTest" name="test_gff_reconstruct_from_k2_installation" time="0.000"><skipped type="pytest.skip" message="K2_PATH environment variable is not set or not found on disk.">/home/runner/work/PyKotor/PyKotor/tests/toolset_tests/gui/editors/test_jrl_editor.py:109: K2_PATH environment variable is not set or not found on disk.</skipped></testcase><testcase classname="tests.toolset_tests.gui.editors.test_jrl_editor.JRLEditorTest" name="test_save_and_load" time="0.000"><skipped type="pytest.skip" message="K2_PATH environment variable is not set or not found on disk.">/home/runner/work/PyKotor/PyKotor/tests/toolset_tests/gui/editors/test_jrl_editor.py:80: K2_PATH environment variable is not set or not found on disk.</skipped></testcase><testcase classname="tests.toolset_tests.gui.editors.test_nss_editor.NSSEditorTest" name="test_placeholder" time="0.000"><skipped type="pytest.skip" message="K2_PATH environment variable is not set or not found on disk.">/home/runner/work/PyKotor/PyKotor/tests/toolset_tests/gui/editors/test_nss_editor.py:112: K2_PATH environment variable is not set or not found on disk.</skipped></testcase><testcase classname="tests.toolset_tests.gui.editors.test_nss_editor.NSSEditorTest" name="test_save_and_load" time="0.000"><skipped type="pytest.skip" message="K2_PATH environment variable is not set or not found on disk.">/home/runner/work/PyKotor/PyKotor/tests/toolset_tests/gui/editors/test_nss_editor.py:81: K2_PATH environment variable is not set or not found on disk.</skipped></testcase><testcase classname="tests.toolset_tests.gui.editors.test_ssf_editor.SSFEditorTest" name="test_placeholder" time="0.000"><skipped type="pytest.skip" message="K1_PATH environment variable is not set or not found on disk.">/home/runner/work/PyKotor/PyKotor/tests/toolset_tests/gui/editors/test_ssf_editor.py:142: K1_PATH environment variable is not set or not found on disk.</skipped></testcase><testcase classname="tests.toolset_tests.gui.editors.test_ssf_editor.SSFEditorTest" name="test_save_and_load" time="0.000"><skipped type="pytest.skip" message="K1_PATH environment variable is not set or not found on disk.">/home/runner/work/PyKotor/PyKotor/tests/toolset_tests/gui/editors/test_ssf_editor.py:81: K1_PATH environment variable is not set or not found on disk.</skipped></testcase><testcase classname="tests.toolset_tests.gui.editors.test_ssf_editor.SSFEditorTest" name="test_ssf_reconstruct_from_k1_installation" time="0.000"><skipped type="pytest.skip" message="K1_PATH environment variable is not set or not found on disk.">/home/runner/work/PyKotor/PyKotor/tests/toolset_tests/gui/editors/test_ssf_editor.py:93: K1_PATH environment variable is not set or not found on disk.</skipped></testcase><testcase classname="tests.toolset_tests.gui.editors.test_ssf_editor.SSFEditorTest" name="test_ssf_reconstruct_from_k2_installation" time="0.000"><skipped type="pytest.skip" message="K1_PATH environment variable is not set or not found on disk.">/home/runner/work/PyKotor/PyKotor/tests/toolset_tests/gui/editors/test_ssf_editor.py:108: K1_PATH environment variable is not set or not found on disk.</skipped></testcase><testcase classname="tests.toolset_tests.gui.editors.test_tlk_editor.TLKEditorTest" name="test_save_and_load" time="0.000"><skipped type="pytest.skip" message="K2_PATH environment variable is not set or not found on disk.">/home/runner/work/PyKotor/PyKotor/tests/toolset_tests/gui/editors/test_tlk_editor.py:80: K2_PATH environment variable is not set or not found on disk.</skipped></testcase><testcase classname="tests.toolset_tests.gui.editors.test_tpc_editor.TPCEditorTest" name="test_placeholder" time="0.000"><skipped type="pytest.skip" message="K1_PATH environment variable is not set or not found on disk.">/home/runner/work/PyKotor/PyKotor/tests/toolset_tests/gui/editors/test_tpc_editor.py:70: K1_PATH environment variable is not set or not found on disk.</skipped></testcase><testcase classname="tests.toolset_tests.gui.editors.test_twoda_editor.TwoDAEditorTest" name="test_2da_save_load_from_k1_installation" time="0.000"><skipped type="pytest.skip" message="K2_PATH environment variable is not set or not found on disk.">/home/runner/work/PyKotor/PyKotor/tests/toolset_tests/gui/editors/test_twoda_editor.py:94: K2_PATH environment variable is not set or not found on disk.</skipped></testcase><testcase classname="tests.toolset_tests.gui.editors.test_twoda_editor.TwoDAEditorTest" name="test_2da_save_load_from_k2_installation" time="0.000"><skipped type="pytest.skip" message="K2_PATH environment variable is not set or not found on disk.">/home/runner/work/PyKotor/PyKotor/tests/toolset_tests/gui/editors/test_twoda_editor.py:110: K2_PATH environment variable is not set or not found on disk.</skipped></testcase><testcase classname="tests.toolset_tests.gui.editors.test_twoda_editor.TwoDAEditorTest" name="test_placeholder" time="0.000"><skipped type="pytest.skip" message="K2_PATH environment variable is not set or not found on disk.">/home/runner/work/PyKotor/PyKotor/tests/toolset_tests/gui/editors/test_twoda_editor.py:145: K2_PATH environment variable is not set or not found on disk.</skipped></testcase><testcase classname="tests.toolset_tests.gui.editors.test_twoda_editor.TwoDAEditorTest" name="test_save_and_load" time="0.000"><skipped type="pytest.skip" message="K2_PATH environment variable is not set or not found on disk.">/home/runner/work/PyKotor/PyKotor/tests/toolset_tests/gui/editors/test_twoda_editor.py:80: K2_PATH environment variable is not set or not found on disk.</skipped></testcase><testcase classname="tests.toolset_tests.gui.editors.test_txt_editor.TXTEditorTest" name="test_placeholder" time="0.000"><skipped type="pytest.skip" message="K1_PATH environment variable is not set or not found on disk.">/home/runner/work/PyKotor/PyKotor/tests/toolset_tests/gui/editors/test_txt_editor.py:52: K1_PATH environment variable is not set or not found on disk.</skipped></testcase><testcase classname="tests.toolset_tests.gui.editors.test_utc_editor.UTCEditorTest" name="test_gff_reconstruct_from_k1_installation" time="0.000"><skipped type="pytest.skip" message="K2_PATH environment variable is not set or not found on disk.">/home/runner/work/PyKotor/PyKotor/tests/toolset_tests/gui/editors/test_utc_editor.py:107: K2_PATH environment variable is not set or not found on disk.</skipped></testcase><testcase classname="tests.toolset_tests.gui.editors.test_utc_editor.UTCEditorTest" name="test_gff_reconstruct_from_k2_installation" time="0.000"><skipped type="pytest.skip" message="K2_PATH environment variable is not set or not found on disk.">/home/runner/work/PyKotor/PyKotor/tests/toolset_tests/gui/editors/test_utc_editor.py:128: K2_PATH environment variable is not set or not found on disk.</skipped></testcase><testcase classname="tests.toolset_tests.gui.editors.test_utc_editor.UTCEditorTest" name="test_save_and_load" time="0.000"><skipped type="pytest.skip" message="K2_PATH environment variable is not set or not found on disk.">/home/runner/work/PyKotor/PyKotor/tests/toolset_tests/gui/editors/test_utc_editor.py:79: K2_PATH environment variable is not set or not found on disk.</skipped></testcase><testcase classname="tests.toolset_tests.gui.editors.test_utc_editor.UTCEditorTest" name="test_save_and_load_validate" time="0.000"><skipped type="pytest.skip" message="K2_PATH environment variable is not set or not found on disk.">/home/runner/work/PyKotor/PyKotor/tests/toolset_tests/gui/editors/test_utc_editor.py:92: K2_PATH environment variable is not set or not found on disk.</skipped></testcase><testcase classname="tests.toolset_tests.gui.editors.test_utd_editor.UTDEditorTest" name="test_gff_reconstruct_from_k1_installation" time="0.000"><skipped type="pytest.skip" message="K1_PATH environment variable is not set or not found on disk.">/home/runner/work/PyKotor/PyKotor/tests/toolset_tests/gui/editors/test_utd_editor.py:95: K1_PATH environment variable is not set or not found on disk.</skipped></testcase><testcase classname="tests.toolset_tests.gui.editors.test_utd_editor.UTDEditorTest" name="test_gff_reconstruct_from_k2_installation" time="0.000"><skipped type="pytest.skip" message="K1_PATH environment variable is not set or not found on disk.">/home/runner/work/PyKotor/PyKotor/tests/toolset_tests/gui/editors/test_utd_editor.py:111: K1_PATH environment variable is not set or not found on disk.</skipped></testcase><testcase classname="tests.toolset_tests.gui.editors.test_utd_editor.UTDEditorTest" name="test_placeholder" time="0.000"><skipped type="pytest.skip" message="K1_PATH environment variable is not set or not found on disk.">/home/runner/work/PyKotor/PyKotor/tests/toolset_tests/gui/editors/test_utd_editor.py:127: K1_PATH environment variable is not set or not found on disk.</skipped></testcase><testcase classname="tests.toolset_tests.gui.editors.test_utd_editor.UTDEditorTest" name="test_save_and_load" time="0.000"><skipped type="pytest.skip" message="K1_PATH environment variable is not set or not found on disk.">/home/runner/work/PyKotor/PyKotor/tests/toolset_tests/gui/editors/test_utd_editor.py:82: K1_PATH environment variable is not set or not found on disk.</skipped></testcase><testcase classname="tests.toolset_tests.gui.editors.test_ute_editor.UTEEditorTest" name="test_gff_reconstruct_from_k1_installation" time="0.000"><skipped type="pytest.skip" message="K2_PATH environment variable is not set or not found on disk.">/home/runner/work/PyKotor/PyKotor/tests/toolset_tests/gui/editors/test_ute_editor.py:93: K2_PATH environment variable is not set or not found on disk.</skipped></testcase><testcase classname="tests.toolset_tests.gui.editors.test_ute_editor.UTEEditorTest" name="test_gff_reconstruct_from_k2_installation" time="0.000"><skipped type="pytest.skip" message="K2_PATH environment variable is not set or not found on disk.">/home/runner/work/PyKotor/PyKotor/tests/toolset_tests/gui/editors/test_ute_editor.py:109: K2_PATH environment variable is not set or not found on disk.</skipped></testcase><testcase classname="tests.toolset_tests.gui.editors.test_ute_editor.UTEEditorTest" name="test_placeholder" time="0.000"><skipped type="pytest.skip" message="K2_PATH environment variable is not set or not found on disk.">/home/runner/work/PyKotor/PyKotor/tests/toolset_tests/gui/editors/test_ute_editor.py:125: K2_PATH environment variable is not set or not found on disk.</skipped></testcase><testcase classname="tests.toolset_tests.gui.editors.test_ute_editor.UTEEditorTest" name="test_save_and_load" time="0.000"><skipped type="pytest.skip" message="K2_PATH environment variable is not set or not found on disk.">/home/runner/work/PyKotor/PyKotor/tests/toolset_tests/gui/editors/test_ute_editor.py:80: K2_PATH environment variable is not set or not found on disk.</skipped></testcase><testcase classname="tests.toolset_tests.gui.editors.test_uti_editor.UTIEditorTest" name="test_gff_reconstruct_from_k1_installation" time="0.000"><skipped type="pytest.skip" message="K2_PATH environment variable is not set or not found on disk.">/home/runner/work/PyKotor/PyKotor/tests/toolset_tests/gui/editors/test_uti_editor.py:94: K2_PATH environment variable is not set or not found on disk.</skipped></testcase><testcase classname="tests.toolset_tests.gui.editors.test_uti_editor.UTIEditorTest" name="test_gff_reconstruct_from_k2_installation" time="0.000"><skipped type="pytest.skip" message="K2_PATH environment variable is not set or not found on disk.">/home/runner/work/PyKotor/PyKotor/tests/toolset_tests/gui/editors/test_uti_editor.py:110: K2_PATH environment variable is not set or not found on disk.</skipped></testcase><testcase classname="tests.toolset_tests.gui.editors.test_uti_editor.UTIEditorTest" name="test_open_and_save" time="0.000"><skipped type="pytest.skip" message="K2_PATH environment variable is not set or not found on disk.">/home/runner/work/PyKotor/PyKotor/tests/toolset_tests/gui/editors/test_uti_editor.py:126: K2_PATH environment variable is not set or not found on disk.</skipped></testcase><testcase classname="tests.toolset_tests.gui.editors.test_uti_editor.UTIEditorTest" name="test_save_and_load" time="0.000"><skipped type="pytest.skip" message="K2_PATH environment variable is not set or not found on disk.">/home/runner/work/PyKotor/PyKotor/tests/toolset_tests/gui/editors/test_uti_editor.py:81: K2_PATH environment variable is not set or not found on disk.</skipped></testcase><testcase classname="tests.toolset_tests.gui.editors.test_utm_editor.UTMEditorTest" name="test_gff_reconstruct_from_k1_installation" time="0.000"><skipped type="pytest.skip" message="K2_PATH environment variable is not set or not found on disk.">/home/runner/work/PyKotor/PyKotor/tests/toolset_tests/gui/editors/test_utm_editor.py:94: K2_PATH environment variable is not set or not found on disk.</skipped></testcase><testcase classname="tests.toolset_tests.gui.editors.test_utm_editor.UTMEditorTest" name="test_gff_reconstruct_from_k2_installation" time="0.000"><skipped type="pytest.skip" message="K2_PATH environment variable is not set or not found on disk.">/home/runner/work/PyKotor/PyKotor/tests/toolset_tests/gui/editors/test_utm_editor.py:110: K2_PATH environment variable is not set or not found on disk.</skipped></testcase><testcase classname="tests.toolset_tests.gui.editors.test_utm_editor.UTMEditorTest" name="test_placeholder" time="0.000"><skipped type="pytest.skip" message="K2_PATH environment variable is not set or not found on disk.">/home/runner/work/PyKotor/PyKotor/tests/toolset_tests/gui/editors/test_utm_editor.py:126: K2_PATH environment variable is not set or not found on disk.</skipped></testcase><testcase classname="tests.toolset_tests.gui.editors.test_utm_editor.UTMEditorTest" name="test_save_and_load" time="0.000"><skipped type="pytest.skip" message="K2_PATH environment variable is not set or not found on disk.">/home/runner/work/PyKotor/PyKotor/tests/toolset_tests/gui/editors/test_utm_editor.py:81: K2_PATH environment variable is not set or not found on disk.</skipped></testcase><testcase classname="tests.toolset_tests.gui.editors.test_utp_editor.UTPEditorTest" name="test_gff_reconstruct_from_k1_installation" time="0.000"><skipped type="pytest.skip" message="K2_PATH environment variable is not set or not found on disk.">/home/runner/work/PyKotor/PyKotor/tests/toolset_tests/gui/editors/test_utp_editor.py:93: K2_PATH environment variable is not set or not found on disk.</skipped></testcase><testcase classname="tests.toolset_tests.gui.editors.test_utp_editor.UTPEditorTest" name="test_gff_reconstruct_from_k2_installation" time="0.000"><skipped type="pytest.skip" message="K2_PATH environment variable is not set or not found on disk.">/home/runner/work/PyKotor/PyKotor/tests/toolset_tests/gui/editors/test_utp_editor.py:109: K2_PATH environment variable is not set or not found on disk.</skipped></testcase><testcase classname="tests.toolset_tests.gui.editors.test_utp_editor.UTPEditorTest" name="test_open_and_save" time="0.000"><skipped type="pytest.skip" message="K2_PATH environment variable is not set or not found on disk.">/home/runner/work/PyKotor/PyKotor/tests/toolset_tests/gui/editors/test_utp_editor.py:125: K2_PATH environment variable is not set or not found on disk.</skipped></testcase><testcase classname="tests.toolset_tests.gui.editors.test_utp_editor.UTPEditorTest" name="test_save_and_load" time="0.000"><skipped type="pytest.skip" message="K2_PATH environment variable is not set or not found on disk.">/home/runner/work/PyKotor/PyKotor/tests/toolset_tests/gui/editors/test_utp_editor.py:80: K2_PATH environment variable is not set or not found on disk.</skipped></testcase><testcase classname="tests.toolset_tests.gui.editors.test_uts_editor.UTSEditorTest" name="test_gff_reconstruct_from_k1_installation" time="0.000"><skipped type="pytest.skip" message="K2_PATH environment variable is not set or not found on disk.">/home/runner/work/PyKotor/PyKotor/tests/toolset_tests/gui/editors/test_uts_editor.py:93: K2_PATH environment variable is not set or not found on disk.</skipped></testcase><testcase classname="tests.toolset_tests.gui.editors.test_uts_editor.UTSEditorTest" name="test_gff_reconstruct_from_k2_installation" time="0.000"><skipped type="pytest.skip" message="K2_PATH environment variable is not set or not found on disk.">/home/runner/work/PyKotor/PyKotor/tests/toolset_tests/gui/editors/test_uts_editor.py:109: K2_PATH environment variable is not set or not found on disk.</skipped></testcase><testcase classname="tests.toolset_tests.gui.editors.test_uts_editor.UTSEditorTest" name="test_placeholder" time="0.000"><skipped type="pytest.skip" message="K2_PATH environment variable is not set or not found on disk.">/home/runner/work/PyKotor/PyKotor/tests/toolset_tests/gui/editors/test_uts_editor.py:125: K2_PATH environment variable is not set or not found on disk.</skipped></testcase><testcase classname="tests.toolset_tests.gui.editors.test_uts_editor.UTSEditorTest" name="test_save_and_load" time="0.000"><skipped type="pytest.skip" message="K2_PATH environment variable is not set or not found on disk.">/home/runner/work/PyKotor/PyKotor/tests/toolset_tests/gui/editors/test_uts_editor.py:80: K2_PATH environment variable is not set or not found on disk.</skipped></testcase><testcase classname="tests.toolset_tests.gui.editors.test_utt_editor.UTTEditorTest" name="test_editor_init" time="0.000"><skipped type="pytest.skip" message="K2_PATH environment variable is not set or not found on disk.">/home/runner/work/PyKotor/PyKotor/tests/toolset_tests/gui/editors/test_utt_editor.py:127: K2_PATH environment variable is not set or not found on disk.</skipped></testcase><testcase classname="tests.toolset_tests.gui.editors.test_utt_editor.UTTEditorTest" name="test_gff_reconstruct_from_k1_installation" time="0.000"><skipped type="pytest.skip" message="K2_PATH environment variable is not set or not found on disk.">/home/runner/work/PyKotor/PyKotor/tests/toolset_tests/gui/editors/test_utt_editor.py:95: K2_PATH environment variable is not set or not found on disk.</skipped></testcase><testcase classname="tests.toolset_tests.gui.editors.test_utt_editor.UTTEditorTest" name="test_gff_reconstruct_from_k2_installation" time="0.000"><skipped type="pytest.skip" message="K2_PATH environment variable is not set or not found on disk.">/home/runner/work/PyKotor/PyKotor/tests/toolset_tests/gui/editors/test_utt_editor.py:111: K2_PATH environment variable is not set or not found on disk.</skipped></testcase><testcase classname="tests.toolset_tests.gui.editors.test_utt_editor.UTTEditorTest" name="test_save_and_load" time="0.000"><skipped type="pytest.skip" message="K2_PATH environment variable is not set or not found on disk.">/home/runner/work/PyKotor/PyKotor/tests/toolset_tests/gui/editors/test_utt_editor.py:82: K2_PATH environment variable is not set or not found on disk.</skipped></testcase><testcase classname="tests.toolset_tests.gui.editors.test_utw_editor.UTWEditorTest" name="test_editor_init" time="0.000"><skipped type="pytest.skip" message="K2_PATH environment variable is not set or not found on disk.">/home/runner/work/PyKotor/PyKotor/tests/toolset_tests/gui/editors/test_utw_editor.py:123: K2_PATH environment variable is not set or not found on disk.</skipped></testcase><testcase classname="tests.toolset_tests.gui.editors.test_utw_editor.UTWEditorTest" name="test_gff_reconstruct_from_k1_installation" time="0.000"><skipped type="pytest.skip" message="K2_PATH environment variable is not set or not found on disk.">/home/runner/work/PyKotor/PyKotor/tests/toolset_tests/gui/editors/test_utw_editor.py:91: K2_PATH environment variable is not set or not found on disk.</skipped></testcase><testcase classname="tests.toolset_tests.gui.editors.test_utw_editor.UTWEditorTest" name="test_gff_reconstruct_from_k2_installation" time="0.000"><skipped type="pytest.skip" message="K2_PATH environment variable is not set or not found on disk.">/home/runner/work/PyKotor/PyKotor/tests/toolset_tests/gui/editors/test_utw_editor.py:107: K2_PATH environment variable is not set or not found on disk.</skipped></testcase><testcase classname="tests.toolset_tests.gui.editors.test_utw_editor.UTWEditorTest" name="test_save_and_load" time="0.000"><skipped type="pytest.skip" message="K2_PATH environment variable is not set or not found on disk.">/home/runner/work/PyKotor/PyKotor/tests/toolset_tests/gui/editors/test_utw_editor.py:78: K2_PATH environment variable is not set or not found on disk.</skipped></testcase><testcase classname="tests.tslpatcher.test_config.TestLookupResourceFunction" name="test_lookup_resource_capsule_exists_false" time="0.001"><skipped type="pytest.skip" message="broken test">/home/runner/work/PyKotor/PyKotor/tests/tslpatcher/test_config.py:112: broken test</skipped></testcase><testcase classname="tests.tslpatcher.test_config.TestLookupResourceFunction" name="test_lookup_resource_capsule_exists_true" time="0.088" /><testcase classname="tests.tslpatcher.test_config.TestLookupResourceFunction" name="test_lookup_resource_capsule_exists_true_no_file" time="0.083" /><testcase classname="tests.tslpatcher.test_config.TestLookupResourceFunction" name="test_lookup_resource_no_capsule_exists_false" time="0.000"><skipped type="pytest.skip" message="broken test">/home/runner/work/PyKotor/PyKotor/tests/tslpatcher/test_config.py:95: broken test</skipped></testcase><testcase classname="tests.tslpatcher.test_config.TestLookupResourceFunction" name="test_lookup_resource_no_capsule_exists_false_no_file" time="0.082" /><testcase classname="tests.tslpatcher.test_config.TestLookupResourceFunction" name="test_lookup_resource_no_capsule_exists_true" time="0.000"><skipped type="pytest.skip" message="broken test">/home/runner/work/PyKotor/PyKotor/tests/tslpatcher/test_config.py:78: broken test</skipped></testcase><testcase classname="tests.tslpatcher.test_config.TestLookupResourceFunction" name="test_lookup_resource_no_capsule_exists_true_no_file" time="0.083" /><testcase classname="tests.tslpatcher.test_config.TestLookupResourceFunction" name="test_lookup_resource_replace_file_true" time="0.000"><skipped type="pytest.skip" message="broken test">/home/runner/work/PyKotor/PyKotor/tests/tslpatcher/test_config.py:47: broken test</skipped></testcase><testcase classname="tests.tslpatcher.test_config.TestLookupResourceFunction" name="test_lookup_resource_replace_file_true_no_file" time="0.083" /><testcase classname="tests.tslpatcher.test_config.TestShouldPatchFunction" name="test_capsule_not_exist" time="0.084" /><testcase classname="tests.tslpatcher.test_config.TestShouldPatchFunction" name="test_default_behavior" time="0.083" /><testcase classname="tests.tslpatcher.test_config.TestShouldPatchFunction" name="test_not_replace_file_exists_skip_false" time="0.083" /><testcase classname="tests.tslpatcher.test_config.TestShouldPatchFunction" name="test_replace_file_exists_destination_capsule" time="0.089" /><testcase classname="tests.tslpatcher.test_config.TestShouldPatchFunction" name="test_replace_file_exists_destination_dot" time="0.083" /><testcase classname="tests.tslpatcher.test_config.TestShouldPatchFunction" name="test_replace_file_exists_destination_override" time="0.082" /><testcase classname="tests.tslpatcher.test_config.TestShouldPatchFunction" name="test_replace_file_exists_saveas_destination_capsule" time="0.082" /><testcase classname="tests.tslpatcher.test_config.TestShouldPatchFunction" name="test_replace_file_exists_saveas_destination_dot" time="0.081" /><testcase classname="tests.tslpatcher.test_config.TestShouldPatchFunction" name="test_replace_file_exists_saveas_destination_override" time="0.082" /><testcase classname="tests.tslpatcher.test_config.TestShouldPatchFunction" name="test_replace_file_not_exists_destination_capsule" time="0.084" /><testcase classname="tests.tslpatcher.test_config.TestShouldPatchFunction" name="test_replace_file_not_exists_destination_override" time="0.083" /><testcase classname="tests.tslpatcher.test_config.TestShouldPatchFunction" name="test_replace_file_not_exists_saveas_destination_capsule" time="0.084" /><testcase classname="tests.tslpatcher.test_config.TestShouldPatchFunction" name="test_replace_file_not_exists_saveas_destination_override" time="0.084" /><testcase classname="tests.tslpatcher.test_config.TestShouldPatchFunction" name="test_skip_if_not_replace_not_replace_file_exists" time="0.082" /><testcase classname="tests.tslpatcher.test_memory.TestLocalizedStringDelta" name="test_apply_stringref_2damemory" time="0.001" /><testcase classname="tests.tslpatcher.test_memory.TestLocalizedStringDelta" name="test_apply_stringref_int" time="0.000" /><testcase classname="tests.tslpatcher.test_memory.TestLocalizedStringDelta" name="test_apply_stringref_none" time="0.000" /><testcase classname="tests.tslpatcher.test_memory.TestLocalizedStringDelta" name="test_apply_stringref_tlkmemory" time="0.000" /><testcase classname="tests.tslpatcher.test_memory.TestLocalizedStringDelta" name="test_apply_substring" time="0.000" /><testcase classname="tests.tslpatcher.test_mods.TestManipulateTLK" name="test_apply_append" time="0.000" /><testcase classname="tests.tslpatcher.test_mods.TestManipulateTLK" name="test_apply_replace" time="0.000" /><testcase classname="tests.tslpatcher.test_mods.TestManipulate2DA" name="test_add_2damemory_rowindex" time="0.000" /><testcase classname="tests.tslpatcher.test_mods.TestManipulate2DA" name="test_add_assign_2damemory" time="0.000" /><testcase classname="tests.tslpatcher.test_mods.TestManipulate2DA" name="test_add_assign_high" time="0.000" /><testcase classname="tests.tslpatcher.test_mods.TestManipulate2DA" name="test_add_assign_tlkmemory" time="0.000" /><testcase classname="tests.tslpatcher.test_mods.TestManipulate2DA" name="test_add_exclusive_badcolumn" time="0.000" /><testcase classname="tests.tslpatcher.test_mods.TestManipulate2DA" name="test_add_exclusive_exists" time="0.000" /><testcase classname="tests.tslpatcher.test_mods.TestManipulate2DA" name="test_add_exclusive_none" time="0.000" /><testcase classname="tests.tslpatcher.test_mods.TestManipulate2DA" name="test_add_exclusive_notexists" time="0.000" /><testcase classname="tests.tslpatcher.test_mods.TestManipulate2DA" name="test_add_rowlabel_existing" time="0.001" /><testcase classname="tests.tslpatcher.test_mods.TestManipulate2DA" name="test_add_rowlabel_use_constant" time="0.000" /><testcase classname="tests.tslpatcher.test_mods.TestManipulate2DA" name="test_add_rowlabel_use_maxrowlabel" time="0.000" /><testcase classname="tests.tslpatcher.test_mods.TestManipulate2DA" name="test_addcolumn_2damemory_index" time="0.000" /><testcase classname="tests.tslpatcher.test_mods.TestManipulate2DA" name="test_addcolumn_2damemory_line" time="0.000" /><testcase classname="tests.tslpatcher.test_mods.TestManipulate2DA" name="test_addcolumn_default" time="0.000" /><testcase classname="tests.tslpatcher.test_mods.TestManipulate2DA" name="test_addcolumn_empty" time="0.000" /><testcase classname="tests.tslpatcher.test_mods.TestManipulate2DA" name="test_addcolumn_rowindex_constant" time="0.000" /><testcase classname="tests.tslpatcher.test_mods.TestManipulate2DA" name="test_addcolumn_rowlabel_2damemory" time="0.000" /><testcase classname="tests.tslpatcher.test_mods.TestManipulate2DA" name="test_addcolumn_rowlabel_tlkmemory" time="0.000" /><testcase classname="tests.tslpatcher.test_mods.TestManipulate2DA" name="test_change_assign_2damemory" time="0.000" /><testcase classname="tests.tslpatcher.test_mods.TestManipulate2DA" name="test_change_assign_high" time="0.000" /><testcase classname="tests.tslpatcher.test_mods.TestManipulate2DA" name="test_change_assign_tlkmemory" time="0.001" /><testcase classname="tests.tslpatcher.test_mods.TestManipulate2DA" name="test_change_existing_labelindex" time="0.000" /><testcase classname="tests.tslpatcher.test_mods.TestManipulate2DA" name="test_change_existing_rowindex" time="0.000" /><testcase classname="tests.tslpatcher.test_mods.TestManipulate2DA" name="test_change_existing_rowlabel" time="0.000" /><testcase classname="tests.tslpatcher.test_mods.TestManipulate2DA" name="test_copy_2damemory_rowindex" time="0.000" /><testcase classname="tests.tslpatcher.test_mods.TestManipulate2DA" name="test_copy_assign_2damemory" time="0.000" /><testcase classname="tests.tslpatcher.test_mods.TestManipulate2DA" name="test_copy_assign_high" time="0.000" /><testcase classname="tests.tslpatcher.test_mods.TestManipulate2DA" name="test_copy_assign_tlkmemory" time="0.000" /><testcase classname="tests.tslpatcher.test_mods.TestManipulate2DA" name="test_copy_exclusive_exists" time="0.000" /><testcase classname="tests.tslpatcher.test_mods.TestManipulate2DA" name="test_copy_exclusive_none" time="0.000" /><testcase classname="tests.tslpatcher.test_mods.TestManipulate2DA" name="test_copy_exclusive_notexists" time="0.000" /><testcase classname="tests.tslpatcher.test_mods.TestManipulate2DA" name="test_copy_existing_rowindex" time="0.001" /><testcase classname="tests.tslpatcher.test_mods.TestManipulate2DA" name="test_copy_existing_rowlabel" time="0.000" /><testcase classname="tests.tslpatcher.test_mods.TestManipulate2DA" name="test_copy_set_newrowlabel" time="0.000" /><testcase classname="tests.tslpatcher.test_mods.TestManipulate2DA" name="test_set_2damemory_columnlabel" time="0.000" /><testcase classname="tests.tslpatcher.test_mods.TestManipulate2DA" name="test_set_2damemory_rowindex" time="0.000" /><testcase classname="tests.tslpatcher.test_mods.TestManipulate2DA" name="test_set_2damemory_rowlabel" time="0.000" /><testcase classname="tests.tslpatcher.test_mods.TestManipulateGFF" name="test_add_field_locstring" time="0.001" /><testcase classname="tests.tslpatcher.test_mods.TestManipulateGFF" name="test_add_nested" time="0.001" /><testcase classname="tests.tslpatcher.test_mods.TestManipulateGFF" name="test_add_newnested" time="0.001" /><testcase classname="tests.tslpatcher.test_mods.TestManipulateGFF" name="test_add_use_2damemory" time="0.001" /><testcase classname="tests.tslpatcher.test_mods.TestManipulateGFF" name="test_add_use_tlkmemory" time="0.001" /><testcase classname="tests.tslpatcher.test_mods.TestManipulateGFF" name="test_addlist_listindex" time="0.001" /><testcase classname="tests.tslpatcher.test_mods.TestManipulateGFF" name="test_addlist_store_2damemory" time="0.001" /><testcase classname="tests.tslpatcher.test_mods.TestManipulateGFF" name="test_modify_2damemory" time="0.001" /><testcase classname="tests.tslpatcher.test_mods.TestManipulateGFF" name="test_modify_field_double" time="0.001" /><testcase classname="tests.tslpatcher.test_mods.TestManipulateGFF" name="test_modify_field_int16" time="0.001" /><testcase classname="tests.tslpatcher.test_mods.TestManipulateGFF" name="test_modify_field_int32" time="0.001" /><testcase classname="tests.tslpatcher.test_mods.TestManipulateGFF" name="test_modify_field_int64" time="0.001" /><testcase classname="tests.tslpatcher.test_mods.TestManipulateGFF" name="test_modify_field_int8" time="0.001" /><testcase classname="tests.tslpatcher.test_mods.TestManipulateGFF" name="test_modify_field_locstring" time="0.001" /><testcase classname="tests.tslpatcher.test_mods.TestManipulateGFF" name="test_modify_field_single" time="0.001" /><testcase classname="tests.tslpatcher.test_mods.TestManipulateGFF" name="test_modify_field_string" time="0.001" /><testcase classname="tests.tslpatcher.test_mods.TestManipulateGFF" name="test_modify_field_uint16" time="0.001" /><testcase classname="tests.tslpatcher.test_mods.TestManipulateGFF" name="test_modify_field_uint32" time="0.001" /><testcase classname="tests.tslpatcher.test_mods.TestManipulateGFF" name="test_modify_field_uint64" time="0.001" /><testcase classname="tests.tslpatcher.test_mods.TestManipulateGFF" name="test_modify_field_uint8" time="0.001" /><testcase classname="tests.tslpatcher.test_mods.TestManipulateGFF" name="test_modify_field_vector3" time="0.001" /><testcase classname="tests.tslpatcher.test_mods.TestManipulateGFF" name="test_modify_field_vector4" time="0.001" /><testcase classname="tests.tslpatcher.test_mods.TestManipulateGFF" name="test_modify_nested" time="0.001" /><testcase classname="tests.tslpatcher.test_mods.TestManipulateGFF" name="test_modify_tlkmemory" time="0.001" /><testcase classname="tests.tslpatcher.test_mods.TestManipulateSSF" name="test_assign_2datoken" time="0.001" /><testcase classname="tests.tslpatcher.test_mods.TestManipulateSSF" name="test_assign_int" time="0.001" /><testcase classname="tests.tslpatcher.test_mods.TestManipulateSSF" name="test_assign_tlktoken" time="0.001" /><testcase classname="tests.tslpatcher.test_reader.TestConfigReader" name="test_2da_addcolumn_2damemory" time="0.004" /><testcase classname="tests.tslpatcher.test_reader.TestConfigReader" name="test_2da_addcolumn_basic" time="0.002" /><testcase classname="tests.tslpatcher.test_reader.TestConfigReader" name="test_2da_addcolumn_indexinsert" time="0.002" /><testcase classname="tests.tslpatcher.test_reader.TestConfigReader" name="test_2da_addcolumn_labelinsert" time="0.002" /><testcase classname="tests.tslpatcher.test_reader.TestConfigReader" name="test_2da_addrow_cells" time="0.036" /><testcase classname="tests.tslpatcher.test_reader.TestConfigReader" name="test_2da_addrow_exclusivecolumn" time="0.002" /><testcase classname="tests.tslpatcher.test_reader.TestConfigReader" name="test_2da_addrow_identifier" time="0.002" /><testcase classname="tests.tslpatcher.test_reader.TestConfigReader" name="test_2da_addrow_rowlabel" time="0.002" /><testcase classname="tests.tslpatcher.test_reader.TestConfigReader" name="test_2da_addrow_store2da" time="0.002" /><testcase classname="tests.tslpatcher.test_reader.TestConfigReader" name="test_2da_changerow_cells" time="0.002" /><testcase classname="tests.tslpatcher.test_reader.TestConfigReader" name="test_2da_changerow_identifier" time="0.002" /><testcase classname="tests.tslpatcher.test_reader.TestConfigReader" name="test_2da_changerow_store2da" time="0.002" /><testcase classname="tests.tslpatcher.test_reader.TestConfigReader" name="test_2da_changerow_targets" time="0.002" /><testcase classname="tests.tslpatcher.test_reader.TestConfigReader" name="test_2da_copyrow_cells" time="0.002" /><testcase classname="tests.tslpatcher.test_reader.TestConfigReader" name="test_2da_copyrow_exclusivecolumn" time="0.002" /><testcase classname="tests.tslpatcher.test_reader.TestConfigReader" name="test_2da_copyrow_high" time="0.002" /><testcase classname="tests.tslpatcher.test_reader.TestConfigReader" name="test_2da_copyrow_identifier" time="0.002" /><testcase classname="tests.tslpatcher.test_reader.TestConfigReader" name="test_2da_copyrow_rowlabel" time="0.002" /><testcase classname="tests.tslpatcher.test_reader.TestConfigReader" name="test_2da_copyrow_store2da" time="0.003" /><testcase classname="tests.tslpatcher.test_reader.TestConfigReader" name="test_2da_copyrow_target" time="0.002" /><testcase classname="tests.tslpatcher.test_reader.TestConfigReader" name="test_gff_add_floats" time="0.002" /><testcase classname="tests.tslpatcher.test_reader.TestConfigReader" name="test_gff_add_inside_list" time="0.002" /><testcase classname="tests.tslpatcher.test_reader.TestConfigReader" name="test_gff_add_inside_struct" time="0.002" /><testcase classname="tests.tslpatcher.test_reader.TestConfigReader" name="test_gff_add_ints" time="0.003" /><testcase classname="tests.tslpatcher.test_reader.TestConfigReader" name="test_gff_add_locstring" time="0.002" /><testcase classname="tests.tslpatcher.test_reader.TestConfigReader" name="test_gff_add_resref" time="0.002" /><testcase classname="tests.tslpatcher.test_reader.TestConfigReader" name="test_gff_add_string" time="0.002" /><testcase classname="tests.tslpatcher.test_reader.TestConfigReader" name="test_gff_add_vector3" time="0.002" /><testcase classname="tests.tslpatcher.test_reader.TestConfigReader" name="test_gff_add_vector4" time="0.002" /><testcase classname="tests.tslpatcher.test_reader.TestConfigReader" name="test_gff_modify_2damemory" time="0.002" /><testcase classname="tests.tslpatcher.test_reader.TestConfigReader" name="test_gff_modify_pathing" time="0.002" /><testcase classname="tests.tslpatcher.test_reader.TestConfigReader" name="test_gff_modify_tlkmemory" time="0.002" /><testcase classname="tests.tslpatcher.test_reader.TestConfigReader" name="test_gff_modify_type_int" time="0.002" /><testcase classname="tests.tslpatcher.test_reader.TestConfigReader" name="test_gff_modify_type_locstring" time="0.002" /><testcase classname="tests.tslpatcher.test_reader.TestConfigReader" name="test_gff_modify_type_string" time="0.002" /><testcase classname="tests.tslpatcher.test_reader.TestConfigReader" name="test_gff_modify_type_vector3" time="0.002" /><testcase classname="tests.tslpatcher.test_reader.TestConfigReader" name="test_gff_modify_type_vector4" time="0.002" /><testcase classname="tests.tslpatcher.test_reader.TestConfigReader" name="test_ssf_replace" time="0.002" /><testcase classname="tests.tslpatcher.test_reader.TestConfigReader" name="test_ssf_set" time="0.003" /><testcase classname="tests.tslpatcher.test_reader.TestConfigReader" name="test_ssf_stored_2da" time="0.002" /><testcase classname="tests.tslpatcher.test_reader.TestConfigReader" name="test_ssf_stored_constant" time="0.002" /><testcase classname="tests.tslpatcher.test_reader.TestConfigReader" name="test_ssf_stored_tlk" time="0.002" /><testcase classname="tests.tslpatcher.test_reader.TestConfigReader" name="test_tlk_appendfile_functionality" time="0.003" /><testcase classname="tests.tslpatcher.test_reader.TestConfigReader" name="test_tlk_complex_changes" time="0.009" /><testcase classname="tests.tslpatcher.test_reader.TestConfigReader" name="test_tlk_replacefile_functionality" time="0.003" /><testcase classname="tests.tslpatcher.test_reader.TestConfigReader" name="test_tlk_strref_default_functionality" time="0.003" /></testsuite></testsuites>