<?xml version="1.0" encoding="utf-8"?><testsuites><testsuite name="pytest" errors="44" failures="0" skipped="3" tests="117" time="3.434" timestamp="2024-03-02T23:22:36.028083" hostname="Mac-1709420773380.local"><testcase classname="" name="tests.common.test_case_aware_path" time="0.000"><error message="collection failure">E   NameError: name 'InternalPosixPath' is not defined</error></testcase><testcase classname="" name="tests.common.test_get_case_sensitive_path" time="0.000"><error message="collection failure">E   NameError: name 'InternalPosixPath' is not defined</error></testcase><testcase classname="" name="tests.common.test_path_isinstance" time="0.000"><error message="collection failure">E   NameError: name 'InternalPosixPath' is not defined</error></testcase><testcase classname="" name="tests.common.test_path_mixed_slash_handling" time="0.000"><error message="collection failure">E   NameError: name 'InternalPosixPath' is not defined</error></testcase><testcase classname="" name="tests.extract.test_chitin" time="0.000"><error message="collection failure">E   NameError: name 'InternalPosixPath' is not defined</error></testcase><testcase classname="" name="tests.extract.test_installation" time="0.000"><error message="collection failure">E   NameError: name 'InternalPosixPath' is not defined</error></testcase><testcase classname="" name="tests.resource.formats" time="0.000"><error message="collection failure">E   NameError: name 'InternalPosixPath' is not defined</error></testcase><testcase classname="" name="tests.resource.generics.test_are" time="0.000"><error message="collection failure">E   NameError: name 'InternalPosixPath' is not defined</error></testcase><testcase classname="" name="tests.resource.generics.test_dlg" time="0.000"><error message="collection failure">E   NameError: name 'InternalPosixPath' is not defined</error></testcase><testcase classname="" name="tests.resource.generics.test_git" time="0.000"><error message="collection failure">E   NameError: name 'InternalPosixPath' is not defined</error></testcase><testcase classname="" name="tests.resource.generics.test_ifo" time="0.000"><error message="collection failure">E   NameError: name 'InternalPosixPath' is not defined</error></testcase><testcase classname="" name="tests.resource.generics.test_jrl" time="0.000"><error message="collection failure">E   NameError: name 'InternalPosixPath' is not defined</error></testcase><testcase classname="" name="tests.resource.generics.test_pth" time="0.000"><error message="collection failure">E   NameError: name 'InternalPosixPath' is not defined</error></testcase><testcase classname="" name="tests.resource.generics.test_utc" time="0.000"><error message="collection failure">E   NameError: name 'InternalPosixPath' is not defined</error></testcase><testcase classname="" name="tests.resource.generics.test_utd" time="0.000"><error message="collection failure">E   NameError: name 'InternalPosixPath' is not defined</error></testcase><testcase classname="" name="tests.resource.generics.test_ute" time="0.000"><error message="collection failure">E   NameError: name 'InternalPosixPath' is not defined</error></testcase><testcase classname="" name="tests.resource.generics.test_uti" time="0.000"><error message="collection failure">E   NameError: name 'InternalPosixPath' is not defined</error></testcase><testcase classname="" name="tests.resource.generics.test_utp" time="0.000"><error message="collection failure">E   NameError: name 'InternalPosixPath' is not defined</error></testcase><testcase classname="" name="tests.resource.generics.test_uts" time="0.000"><error message="collection failure">E   NameError: name 'InternalPosixPath' is not defined</error></testcase><testcase classname="" name="tests.resource.generics.test_utt" time="0.000"><error message="collection failure">E   NameError: name 'InternalPosixPath' is not defined</error></testcase><testcase classname="" name="tests.resource.generics.test_utw" time="0.000"><error message="collection failure">E   NameError: name 'InternalPosixPath' is not defined</error></testcase><testcase classname="" name="tests.resource.test_replace_module_extensions" time="0.000"><error message="collection failure">E   NameError: name 'InternalPosixPath' is not defined</error></testcase><testcase classname="" name="tests.toolset_tests.gui.editors.test_are_editor" time="0.000"><error message="collection failure">E   NameError: name 'InternalPosixPath' is not defined</error></testcase><testcase classname="" name="tests.toolset_tests.gui.editors.test_bwm_editor" time="0.000"><error message="collection failure">E   NameError: name 'InternalPosixPath' is not defined</error></testcase><testcase classname="" name="tests.toolset_tests.gui.editors.test_dlg_editor" time="0.000"><error message="collection failure">E   NameError: name 'InternalPosixPath' is not defined</error></testcase><testcase classname="" name="tests.toolset_tests.gui.editors.test_erf_editor" time="0.000"><error message="collection failure">E   NameError: name 'InternalPosixPath' is not defined</error></testcase><testcase classname="" name="tests.toolset_tests.gui.editors.test_gff_editor" time="0.000"><error message="collection failure">E   NameError: name 'InternalPosixPath' is not defined</error></testcase><testcase classname="" name="tests.toolset_tests.gui.editors.test_git_editor" time="0.000"><error message="collection failure">E   NameError: name 'InternalPosixPath' is not defined</error></testcase><testcase classname="" name="tests.toolset_tests.gui.editors.test_jrl_editor" time="0.000"><error message="collection failure">E   NameError: name 'InternalPosixPath' is not defined</error></testcase><testcase classname="" name="tests.toolset_tests.gui.editors.test_nss_editor" time="0.000"><error message="collection failure">E   NameError: name 'InternalPosixPath' is not defined</error></testcase><testcase classname="" name="tests.toolset_tests.gui.editors.test_ssf_editor" time="0.000"><error message="collection failure">E   NameError: name 'InternalPosixPath' is not defined</error></testcase><testcase classname="" name="tests.toolset_tests.gui.editors.test_twoda_editor" time="0.000"><error message="collection failure">E   NameError: name 'InternalPosixPath' is not defined</error></testcase><testcase classname="" name="tests.toolset_tests.gui.editors.test_utc_editor" time="0.000"><error message="collection failure">E   StopIteration</error></testcase><testcase classname="" name="tests.toolset_tests.gui.editors.test_utd_editor" time="0.000"><error message="collection failure">E   NameError: name 'InternalPosixPath' is not defined</error></testcase><testcase classname="" name="tests.toolset_tests.gui.editors.test_ute_editor" time="0.000"><error message="collection failure">E   NameError: name 'InternalPosixPath' is not defined</error></testcase><testcase classname="" name="tests.toolset_tests.gui.editors.test_uti_editor" time="0.000"><error message="collection failure">E   NameError: name 'InternalPosixPath' is not defined</error></testcase><testcase classname="" name="tests.toolset_tests.gui.editors.test_utm_editor" time="0.000"><error message="collection failure">E   NameError: name 'InternalPosixPath' is not defined</error></testcase><testcase classname="" name="tests.toolset_tests.gui.editors.test_utp_editor" time="0.000"><error message="collection failure">E   NameError: name 'InternalPosixPath' is not defined</error></testcase><testcase classname="" name="tests.toolset_tests.gui.editors.test_uts_editor" time="0.000"><error message="collection failure">E   NameError: name 'InternalPosixPath' is not defined</error></testcase><testcase classname="" name="tests.toolset_tests.gui.editors.test_utt_editor" time="0.000"><error message="collection failure">E   NameError: name 'InternalPosixPath' is not defined</error></testcase><testcase classname="" name="tests.toolset_tests.gui.editors.test_utw_editor" time="0.000"><error message="collection failure">E   NameError: name 'InternalPosixPath' is not defined</error></testcase><testcase classname="" name="tests.tslpatcher.test_config" time="0.000"><error message="collection failure">E   NameError: name 'InternalPosixPath' is not defined</error></testcase><testcase classname="" name="tests.tslpatcher.test_mods" time="0.000"><error message="collection failure">E   NameError: name 'InternalPosixPath' is not defined</error></testcase><testcase classname="" name="tests.tslpatcher.test_reader" time="0.000"><error message="collection failure">E   NameError: name 'InternalPosixPath' is not defined</error></testcase><testcase classname="tests.common.test_decode_fallbacks.TestDecodeBytes" name="test_8bit_encoding_only" time="0.902" /><testcase classname="tests.common.test_decode_fallbacks.TestDecodeBytes" name="test_basic" time="0.001" /><testcase classname="tests.common.test_decode_fallbacks.TestDecodeBytes" name="test_bom" time="0.011" /><testcase classname="tests.common.test_decode_fallbacks.TestDecodeBytes" name="test_errors_replace" time="0.001" /><testcase classname="tests.common.test_decode_fallbacks.TestDecodeBytes" name="test_fallback_to_detected_encoding" time="0.009" /><testcase classname="tests.common.test_decode_fallbacks.TestDecodeBytes" name="test_invalid_bytes_for_encoding" time="0.001" /><testcase classname="tests.common.test_decode_fallbacks.TestDecodeBytes" name="test_known_encoding" time="0.000" /><testcase classname="tests.common.test_decode_fallbacks.TestDecodeBytes" name="test_language_detect" time="0.001" /><testcase classname="tests.common.test_decode_fallbacks.TestDecodeBytes" name="test_language_provided" time="0.000" /><testcase classname="tests.common.test_decode_fallbacks.TestDecodeBytes" name="test_no_valid_encoding_found_strict_errors" time="0.009" /><testcase classname="tests.common.test_decode_fallbacks.TestDecodeBytes" name="test_non_ascii" time="0.001" /><testcase classname="tests.common.test_decode_fallbacks.TestDecodeBytes" name="test_strict_error_handling_decoding_failure" time="0.004" /><testcase classname="tests.common.test_decode_fallbacks.TestDecodeBytes" name="test_undetectable_encoding_replace_errors" time="0.002" /><testcase classname="tests.common.test_decode_fallbacks.TestDecodeBytes" name="test_unknown_encoding" time="0.002" /><testcase classname="tests.common.test_decode_fallbacks.TestDecodeBytes" name="test_with_BOM_included" time="0.001" /><testcase classname="tests.common.test_geometry.TestVector2" name="test_from_vector2" time="0.001" /><testcase classname="tests.common.test_geometry.TestVector2" name="test_from_vector3" time="0.000" /><testcase classname="tests.common.test_geometry.TestVector2" name="test_from_vector4" time="0.001" /><testcase classname="tests.common.test_geometry.TestVector2" name="test_unpacking" time="0.001" /><testcase classname="tests.common.test_geometry.TestVector3" name="test_from_vector2" time="0.000" /><testcase classname="tests.common.test_geometry.TestVector3" name="test_from_vector3" time="0.000" /><testcase classname="tests.common.test_geometry.TestVector3" name="test_from_vector4" time="0.000" /><testcase classname="tests.common.test_geometry.TestVector3" name="test_unpacking" time="0.001" /><testcase classname="tests.common.test_geometry.TestVector4" name="test_from_euler" time="0.001" /><testcase classname="tests.common.test_geometry.TestVector4" name="test_from_vector2" time="0.000" /><testcase classname="tests.common.test_geometry.TestVector4" name="test_from_vector3" time="0.000" /><testcase classname="tests.common.test_geometry.TestVector4" name="test_from_vector4" time="0.000" /><testcase classname="tests.common.test_geometry.TestVector4" name="test_unpacking" time="0.001" /><testcase classname="tests.common.test_geometry.TestFace" name="test_determine_z" time="0.001" /><testcase classname="tests.common.test_geometry.TestPolygon2" name="test_area" time="0.001" /><testcase classname="tests.common.test_geometry.TestPolygon2" name="test_inside" time="0.001" /><testcase classname="tests.common.test_stream.TestBinaryReader" name="test_peek" time="0.001" /><testcase classname="tests.common.test_stream.TestBinaryReader" name="test_position" time="0.000" /><testcase classname="tests.common.test_stream.TestBinaryReader" name="test_read" time="0.001" /><testcase classname="tests.common.test_stream.TestBinaryReader" name="test_remaining" time="0.000" /><testcase classname="tests.common.test_stream.TestBinaryReader" name="test_seek" time="0.000" /><testcase classname="tests.common.test_stream.TestBinaryReader" name="test_size" time="0.000" /><testcase classname="tests.common.test_stream.TestBinaryReader" name="test_skip" time="0.000" /><testcase classname="tests.common.test_stream.TestBinaryReader" name="test_true_size" time="0.001" /><testcase classname="tests.extract.test_capsule.TestCapsule" name="test_erf_capsule" time="0.015" /><testcase classname="tests.extract.test_capsule.TestCapsule" name="test_rim_capsule" time="0.005" /><testcase classname="tests.extract.test_talktable.TestTalkTable" name="test_batch" time="0.001" /><testcase classname="tests.extract.test_talktable.TestTalkTable" name="test_language" time="0.001" /><testcase classname="tests.extract.test_talktable.TestTalkTable" name="test_size" time="0.001" /><testcase classname="tests.extract.test_talktable.TestTalkTable" name="test_string" time="0.001" /><testcase classname="tests.extract.test_talktable.TestTalkTable" name="test_voiceover" time="0.001" /><testcase classname="tests.resource.test_resource_from_path.TestResourceType" name="test_from_extension" time="0.001" /><testcase classname="tests.resource.test_resource_from_path.TestResourceType" name="test_from_id" time="0.001" /><testcase classname="tests.resource.test_resource_from_path.TestResourceType" name="test_from_invalid" time="0.000" /><testcase classname="tests.resource.test_resource_from_path.TestResourceType" name="test_from_invalid_with_valid_extension" time="0.000" /><testcase classname="tests.resource.test_resource_from_path.TestResourceType" name="test_from_path_long_extension" time="0.001" /><testcase classname="tests.resource.test_resource_from_path.TestResourceType" name="test_resource_type_hashing" time="0.001" /><testcase classname="tests.resource.test_resource_from_path.TestResourceIdentifier" name="test_from_path_empty_file_path" time="0.001" /><testcase classname="tests.resource.test_resource_from_path.TestResourceIdentifier" name="test_from_path_hidden_file" time="0.001" /><testcase classname="tests.resource.test_resource_from_path.TestResourceIdentifier" name="test_from_path_invalid_extension" time="0.001" /><testcase classname="tests.resource.test_resource_from_path.TestResourceIdentifier" name="test_from_path_long_extension" time="0.001" /><testcase classname="tests.resource.test_resource_from_path.TestResourceIdentifier" name="test_from_path_long_suffix_gff_xml" time="0.001" /><testcase classname="tests.resource.test_resource_from_path.TestResourceIdentifier" name="test_from_path_mdl" time="0.001" /><testcase classname="tests.resource.test_resource_from_path.TestResourceIdentifier" name="test_from_path_no_extension" time="0.001" /><testcase classname="tests.resource.test_resource_from_path.TestResourceIdentifier" name="test_from_path_none_file_path" time="0.001" /><testcase classname="tests.resource.test_resource_from_path.TestResourceIdentifier" name="test_from_path_tga" time="0.001" /><testcase classname="tests.resource.test_resource_from_path.TestResourceIdentifier" name="test_from_path_tlk_xml" time="0.001" /><testcase classname="tests.resource.test_resource_from_path.TestResourceIdentifier" name="test_from_path_trailing_dot" time="0.001" /><testcase classname="tests.resource.test_resource_from_path.TestResourceIdentifier" name="test_from_path_wav" time="0.001" /><testcase classname="tests.resource.test_resource_from_path.TestResourceIdentifier" name="test_hashing" time="0.003" /><testcase classname="tests.toolset_tests.gui.editors.test_tlk_editor.TLKEditorTest" name="test_save_and_load" time="0.001"><skipped type="pytest.skip" message="K2_PATH environment variable is not set or not found on disk.">/Users/runner/work/PyKotor/PyKotor/tests/toolset_tests/gui/editors/test_tlk_editor.py:76: K2_PATH environment variable is not set or not found on disk.</skipped></testcase><testcase classname="tests.toolset_tests.gui.editors.test_tpc_editor.TPCEditorTest" name="test_placeholder" time="0.000"><skipped type="pytest.skip" message="K1_PATH environment variable is not set or not found on disk.">/Users/runner/work/PyKotor/PyKotor/tests/toolset_tests/gui/editors/test_tpc_editor.py:66: K1_PATH environment variable is not set or not found on disk.</skipped></testcase><testcase classname="tests.toolset_tests.gui.editors.test_txt_editor.TXTEditorTest" name="test_placeholder" time="0.000"><skipped type="pytest.skip" message="K1_PATH environment variable is not set or not found on disk.">/Users/runner/work/PyKotor/PyKotor/tests/toolset_tests/gui/editors/test_txt_editor.py:57: K1_PATH environment variable is not set or not found on disk.</skipped></testcase><testcase classname="tests.tslpatcher.test_memory.TestLocalizedStringDelta" name="test_apply_stringref_2damemory" time="0.001" /><testcase classname="tests.tslpatcher.test_memory.TestLocalizedStringDelta" name="test_apply_stringref_int" time="0.000" /><testcase classname="tests.tslpatcher.test_memory.TestLocalizedStringDelta" name="test_apply_stringref_none" time="0.000" /><testcase classname="tests.tslpatcher.test_memory.TestLocalizedStringDelta" name="test_apply_stringref_tlkmemory" time="0.000" /><testcase classname="tests.tslpatcher.test_memory.TestLocalizedStringDelta" name="test_apply_substring" time="0.001" /></testsuite></testsuites>