<?xml version="1.0" encoding="utf-8"?><testsuites><testsuite name="pytest" errors="36" failures="1" skipped="37" tests="304" time="10.242" timestamp="2024-03-11T08:37:23.623344" hostname="fv-az1387-742"><testcase classname="" name="tests.extract.test_installation" time="0.000"><error message="collection failure">.venv_windows-2019_3.12_x86\Lib\site-packages\_pytest\python.py:520: in importtestmodule
    mod = import_path(
.venv_windows-2019_3.12_x86\Lib\site-packages\_pytest\pathlib.py:584: in import_path
    importlib.import_module(module_name)
C:\hostedtoolcache\windows\Python\3.12.2\x86\Lib\importlib\__init__.py:90: in import_module
    return _bootstrap._gcd_import(name[level:], package, level)
&lt;frozen importlib._bootstrap&gt;:1387: in _gcd_import
    ???
&lt;frozen importlib._bootstrap&gt;:1360: in _find_and_load
    ???
&lt;frozen importlib._bootstrap&gt;:1331: in _find_and_load_unlocked
    ???
&lt;frozen importlib._bootstrap&gt;:935: in _load_unlocked
    ???
.venv_windows-2019_3.12_x86\Lib\site-packages\_pytest\assertion\rewrite.py:178: in exec_module
    exec(co, module.__dict__)
tests\extract\test_installation.py:25: in &lt;module&gt;
    from pykotor.extract.installation import Installation, SearchLocation
E     File "D:\a\PyKotor\PyKotor\Libraries\PyKotor\src\pykotor\extract\installation.py", line 2222
E       return CaseInsensitiveDict(module: self.module_id(module, use_hardcoded=use_hardcoded) for module in self.modules_list())
E                                        ^
E   SyntaxError: invalid syntax</error></testcase><testcase classname="" name="tests.resource.formats" time="0.000"><error message="collection failure">E     File "D:\a\PyKotor\PyKotor\Libraries\PyKotor\src\pykotor\extract\installation.py", line 2222
        return CaseInsensitiveDict(module: self.module_id(module, use_hardcoded=use_hardcoded) for module in self.modules_list())
                                         ^
    SyntaxError: invalid syntax</error></testcase><testcase classname="" name="tests.resource.generics.test_are" time="0.000"><error message="collection failure">.venv_windows-2019_3.12_x86\Lib\site-packages\_pytest\python.py:520: in importtestmodule
    mod = import_path(
.venv_windows-2019_3.12_x86\Lib\site-packages\_pytest\pathlib.py:584: in import_path
    importlib.import_module(module_name)
C:\hostedtoolcache\windows\Python\3.12.2\x86\Lib\importlib\__init__.py:90: in import_module
    return _bootstrap._gcd_import(name[level:], package, level)
&lt;frozen importlib._bootstrap&gt;:1387: in _gcd_import
    ???
&lt;frozen importlib._bootstrap&gt;:1360: in _find_and_load
    ???
&lt;frozen importlib._bootstrap&gt;:1331: in _find_and_load_unlocked
    ???
&lt;frozen importlib._bootstrap&gt;:935: in _load_unlocked
    ???
.venv_windows-2019_3.12_x86\Lib\site-packages\_pytest\assertion\rewrite.py:178: in exec_module
    exec(co, module.__dict__)
tests\resource\generics\test_are.py:25: in &lt;module&gt;
    from pykotor.extract.installation import Installation
E     File "D:\a\PyKotor\PyKotor\Libraries\PyKotor\src\pykotor\extract\installation.py", line 2222
E       return CaseInsensitiveDict(module: self.module_id(module, use_hardcoded=use_hardcoded) for module in self.modules_list())
E                                        ^
E   SyntaxError: invalid syntax</error></testcase><testcase classname="" name="tests.resource.generics.test_dlg" time="0.000"><error message="collection failure">.venv_windows-2019_3.12_x86\Lib\site-packages\_pytest\python.py:520: in importtestmodule
    mod = import_path(
.venv_windows-2019_3.12_x86\Lib\site-packages\_pytest\pathlib.py:584: in import_path
    importlib.import_module(module_name)
C:\hostedtoolcache\windows\Python\3.12.2\x86\Lib\importlib\__init__.py:90: in import_module
    return _bootstrap._gcd_import(name[level:], package, level)
&lt;frozen importlib._bootstrap&gt;:1387: in _gcd_import
    ???
&lt;frozen importlib._bootstrap&gt;:1360: in _find_and_load
    ???
&lt;frozen importlib._bootstrap&gt;:1331: in _find_and_load_unlocked
    ???
&lt;frozen importlib._bootstrap&gt;:935: in _load_unlocked
    ???
.venv_windows-2019_3.12_x86\Lib\site-packages\_pytest\assertion\rewrite.py:178: in exec_module
    exec(co, module.__dict__)
tests\resource\generics\test_dlg.py:25: in &lt;module&gt;
    from pykotor.extract.installation import Installation
E     File "D:\a\PyKotor\PyKotor\Libraries\PyKotor\src\pykotor\extract\installation.py", line 2222
E       return CaseInsensitiveDict(module: self.module_id(module, use_hardcoded=use_hardcoded) for module in self.modules_list())
E                                        ^
E   SyntaxError: invalid syntax</error></testcase><testcase classname="" name="tests.resource.generics.test_git" time="0.000"><error message="collection failure">.venv_windows-2019_3.12_x86\Lib\site-packages\_pytest\python.py:520: in importtestmodule
    mod = import_path(
.venv_windows-2019_3.12_x86\Lib\site-packages\_pytest\pathlib.py:584: in import_path
    importlib.import_module(module_name)
C:\hostedtoolcache\windows\Python\3.12.2\x86\Lib\importlib\__init__.py:90: in import_module
    return _bootstrap._gcd_import(name[level:], package, level)
&lt;frozen importlib._bootstrap&gt;:1387: in _gcd_import
    ???
&lt;frozen importlib._bootstrap&gt;:1360: in _find_and_load
    ???
&lt;frozen importlib._bootstrap&gt;:1331: in _find_and_load_unlocked
    ???
&lt;frozen importlib._bootstrap&gt;:935: in _load_unlocked
    ???
.venv_windows-2019_3.12_x86\Lib\site-packages\_pytest\assertion\rewrite.py:178: in exec_module
    exec(co, module.__dict__)
tests\resource\generics\test_git.py:25: in &lt;module&gt;
    from pykotor.extract.installation import Installation
E     File "D:\a\PyKotor\PyKotor\Libraries\PyKotor\src\pykotor\extract\installation.py", line 2222
E       return CaseInsensitiveDict(module: self.module_id(module, use_hardcoded=use_hardcoded) for module in self.modules_list())
E                                        ^
E   SyntaxError: invalid syntax</error></testcase><testcase classname="" name="tests.resource.generics.test_ifo" time="0.000"><error message="collection failure">.venv_windows-2019_3.12_x86\Lib\site-packages\_pytest\python.py:520: in importtestmodule
    mod = import_path(
.venv_windows-2019_3.12_x86\Lib\site-packages\_pytest\pathlib.py:584: in import_path
    importlib.import_module(module_name)
C:\hostedtoolcache\windows\Python\3.12.2\x86\Lib\importlib\__init__.py:90: in import_module
    return _bootstrap._gcd_import(name[level:], package, level)
&lt;frozen importlib._bootstrap&gt;:1387: in _gcd_import
    ???
&lt;frozen importlib._bootstrap&gt;:1360: in _find_and_load
    ???
&lt;frozen importlib._bootstrap&gt;:1331: in _find_and_load_unlocked
    ???
&lt;frozen importlib._bootstrap&gt;:935: in _load_unlocked
    ???
.venv_windows-2019_3.12_x86\Lib\site-packages\_pytest\assertion\rewrite.py:178: in exec_module
    exec(co, module.__dict__)
tests\resource\generics\test_ifo.py:25: in &lt;module&gt;
    from pykotor.extract.installation import Installation
E     File "D:\a\PyKotor\PyKotor\Libraries\PyKotor\src\pykotor\extract\installation.py", line 2222
E       return CaseInsensitiveDict(module: self.module_id(module, use_hardcoded=use_hardcoded) for module in self.modules_list())
E                                        ^
E   SyntaxError: invalid syntax</error></testcase><testcase classname="" name="tests.resource.generics.test_jrl" time="0.000"><error message="collection failure">.venv_windows-2019_3.12_x86\Lib\site-packages\_pytest\python.py:520: in importtestmodule
    mod = import_path(
.venv_windows-2019_3.12_x86\Lib\site-packages\_pytest\pathlib.py:584: in import_path
    importlib.import_module(module_name)
C:\hostedtoolcache\windows\Python\3.12.2\x86\Lib\importlib\__init__.py:90: in import_module
    return _bootstrap._gcd_import(name[level:], package, level)
&lt;frozen importlib._bootstrap&gt;:1387: in _gcd_import
    ???
&lt;frozen importlib._bootstrap&gt;:1360: in _find_and_load
    ???
&lt;frozen importlib._bootstrap&gt;:1331: in _find_and_load_unlocked
    ???
&lt;frozen importlib._bootstrap&gt;:935: in _load_unlocked
    ???
.venv_windows-2019_3.12_x86\Lib\site-packages\_pytest\assertion\rewrite.py:178: in exec_module
    exec(co, module.__dict__)
tests\resource\generics\test_jrl.py:23: in &lt;module&gt;
    from pykotor.extract.installation import Installation
E     File "D:\a\PyKotor\PyKotor\Libraries\PyKotor\src\pykotor\extract\installation.py", line 2222
E       return CaseInsensitiveDict(module: self.module_id(module, use_hardcoded=use_hardcoded) for module in self.modules_list())
E                                        ^
E   SyntaxError: invalid syntax</error></testcase><testcase classname="" name="tests.resource.generics.test_pth" time="0.000"><error message="collection failure">.venv_windows-2019_3.12_x86\Lib\site-packages\_pytest\python.py:520: in importtestmodule
    mod = import_path(
.venv_windows-2019_3.12_x86\Lib\site-packages\_pytest\pathlib.py:584: in import_path
    importlib.import_module(module_name)
C:\hostedtoolcache\windows\Python\3.12.2\x86\Lib\importlib\__init__.py:90: in import_module
    return _bootstrap._gcd_import(name[level:], package, level)
&lt;frozen importlib._bootstrap&gt;:1387: in _gcd_import
    ???
&lt;frozen importlib._bootstrap&gt;:1360: in _find_and_load
    ???
&lt;frozen importlib._bootstrap&gt;:1331: in _find_and_load_unlocked
    ???
&lt;frozen importlib._bootstrap&gt;:935: in _load_unlocked
    ???
.venv_windows-2019_3.12_x86\Lib\site-packages\_pytest\assertion\rewrite.py:178: in exec_module
    exec(co, module.__dict__)
tests\resource\generics\test_pth.py:24: in &lt;module&gt;
    from pykotor.extract.installation import Installation
E     File "D:\a\PyKotor\PyKotor\Libraries\PyKotor\src\pykotor\extract\installation.py", line 2222
E       return CaseInsensitiveDict(module: self.module_id(module, use_hardcoded=use_hardcoded) for module in self.modules_list())
E                                        ^
E   SyntaxError: invalid syntax</error></testcase><testcase classname="" name="tests.resource.generics.test_utc" time="0.000"><error message="collection failure">.venv_windows-2019_3.12_x86\Lib\site-packages\_pytest\python.py:520: in importtestmodule
    mod = import_path(
.venv_windows-2019_3.12_x86\Lib\site-packages\_pytest\pathlib.py:584: in import_path
    importlib.import_module(module_name)
C:\hostedtoolcache\windows\Python\3.12.2\x86\Lib\importlib\__init__.py:90: in import_module
    return _bootstrap._gcd_import(name[level:], package, level)
&lt;frozen importlib._bootstrap&gt;:1387: in _gcd_import
    ???
&lt;frozen importlib._bootstrap&gt;:1360: in _find_and_load
    ???
&lt;frozen importlib._bootstrap&gt;:1331: in _find_and_load_unlocked
    ???
&lt;frozen importlib._bootstrap&gt;:935: in _load_unlocked
    ???
.venv_windows-2019_3.12_x86\Lib\site-packages\_pytest\assertion\rewrite.py:178: in exec_module
    exec(co, module.__dict__)
tests\resource\generics\test_utc.py:25: in &lt;module&gt;
    from pykotor.extract.installation import Installation
E     File "D:\a\PyKotor\PyKotor\Libraries\PyKotor\src\pykotor\extract\installation.py", line 2222
E       return CaseInsensitiveDict(module: self.module_id(module, use_hardcoded=use_hardcoded) for module in self.modules_list())
E                                        ^
E   SyntaxError: invalid syntax</error></testcase><testcase classname="" name="tests.resource.generics.test_utd" time="0.000"><error message="collection failure">.venv_windows-2019_3.12_x86\Lib\site-packages\_pytest\python.py:520: in importtestmodule
    mod = import_path(
.venv_windows-2019_3.12_x86\Lib\site-packages\_pytest\pathlib.py:584: in import_path
    importlib.import_module(module_name)
C:\hostedtoolcache\windows\Python\3.12.2\x86\Lib\importlib\__init__.py:90: in import_module
    return _bootstrap._gcd_import(name[level:], package, level)
&lt;frozen importlib._bootstrap&gt;:1387: in _gcd_import
    ???
&lt;frozen importlib._bootstrap&gt;:1360: in _find_and_load
    ???
&lt;frozen importlib._bootstrap&gt;:1331: in _find_and_load_unlocked
    ???
&lt;frozen importlib._bootstrap&gt;:935: in _load_unlocked
    ???
.venv_windows-2019_3.12_x86\Lib\site-packages\_pytest\assertion\rewrite.py:178: in exec_module
    exec(co, module.__dict__)
tests\resource\generics\test_utd.py:25: in &lt;module&gt;
    from pykotor.extract.installation import Installation
E     File "D:\a\PyKotor\PyKotor\Libraries\PyKotor\src\pykotor\extract\installation.py", line 2222
E       return CaseInsensitiveDict(module: self.module_id(module, use_hardcoded=use_hardcoded) for module in self.modules_list())
E                                        ^
E   SyntaxError: invalid syntax</error></testcase><testcase classname="" name="tests.resource.generics.test_ute" time="0.000"><error message="collection failure">.venv_windows-2019_3.12_x86\Lib\site-packages\_pytest\python.py:520: in importtestmodule
    mod = import_path(
.venv_windows-2019_3.12_x86\Lib\site-packages\_pytest\pathlib.py:584: in import_path
    importlib.import_module(module_name)
C:\hostedtoolcache\windows\Python\3.12.2\x86\Lib\importlib\__init__.py:90: in import_module
    return _bootstrap._gcd_import(name[level:], package, level)
&lt;frozen importlib._bootstrap&gt;:1387: in _gcd_import
    ???
&lt;frozen importlib._bootstrap&gt;:1360: in _find_and_load
    ???
&lt;frozen importlib._bootstrap&gt;:1331: in _find_and_load_unlocked
    ???
&lt;frozen importlib._bootstrap&gt;:935: in _load_unlocked
    ???
.venv_windows-2019_3.12_x86\Lib\site-packages\_pytest\assertion\rewrite.py:178: in exec_module
    exec(co, module.__dict__)
tests\resource\generics\test_ute.py:27: in &lt;module&gt;
    from pykotor.extract.installation import Installation
E     File "D:\a\PyKotor\PyKotor\Libraries\PyKotor\src\pykotor\extract\installation.py", line 2222
E       return CaseInsensitiveDict(module: self.module_id(module, use_hardcoded=use_hardcoded) for module in self.modules_list())
E                                        ^
E   SyntaxError: invalid syntax</error></testcase><testcase classname="" name="tests.resource.generics.test_uti" time="0.000"><error message="collection failure">.venv_windows-2019_3.12_x86\Lib\site-packages\_pytest\python.py:520: in importtestmodule
    mod = import_path(
.venv_windows-2019_3.12_x86\Lib\site-packages\_pytest\pathlib.py:584: in import_path
    importlib.import_module(module_name)
C:\hostedtoolcache\windows\Python\3.12.2\x86\Lib\importlib\__init__.py:90: in import_module
    return _bootstrap._gcd_import(name[level:], package, level)
&lt;frozen importlib._bootstrap&gt;:1387: in _gcd_import
    ???
&lt;frozen importlib._bootstrap&gt;:1360: in _find_and_load
    ???
&lt;frozen importlib._bootstrap&gt;:1331: in _find_and_load_unlocked
    ???
&lt;frozen importlib._bootstrap&gt;:935: in _load_unlocked
    ???
.venv_windows-2019_3.12_x86\Lib\site-packages\_pytest\assertion\rewrite.py:178: in exec_module
    exec(co, module.__dict__)
tests\resource\generics\test_uti.py:27: in &lt;module&gt;
    from pykotor.extract.installation import Installation
E     File "D:\a\PyKotor\PyKotor\Libraries\PyKotor\src\pykotor\extract\installation.py", line 2222
E       return CaseInsensitiveDict(module: self.module_id(module, use_hardcoded=use_hardcoded) for module in self.modules_list())
E                                        ^
E   SyntaxError: invalid syntax</error></testcase><testcase classname="" name="tests.resource.generics.test_utp" time="0.000"><error message="collection failure">.venv_windows-2019_3.12_x86\Lib\site-packages\_pytest\python.py:520: in importtestmodule
    mod = import_path(
.venv_windows-2019_3.12_x86\Lib\site-packages\_pytest\pathlib.py:584: in import_path
    importlib.import_module(module_name)
C:\hostedtoolcache\windows\Python\3.12.2\x86\Lib\importlib\__init__.py:90: in import_module
    return _bootstrap._gcd_import(name[level:], package, level)
&lt;frozen importlib._bootstrap&gt;:1387: in _gcd_import
    ???
&lt;frozen importlib._bootstrap&gt;:1360: in _find_and_load
    ???
&lt;frozen importlib._bootstrap&gt;:1331: in _find_and_load_unlocked
    ???
&lt;frozen importlib._bootstrap&gt;:935: in _load_unlocked
    ???
.venv_windows-2019_3.12_x86\Lib\site-packages\_pytest\assertion\rewrite.py:178: in exec_module
    exec(co, module.__dict__)
tests\resource\generics\test_utp.py:27: in &lt;module&gt;
    from pykotor.extract.installation import Installation
E     File "D:\a\PyKotor\PyKotor\Libraries\PyKotor\src\pykotor\extract\installation.py", line 2222
E       return CaseInsensitiveDict(module: self.module_id(module, use_hardcoded=use_hardcoded) for module in self.modules_list())
E                                        ^
E   SyntaxError: invalid syntax</error></testcase><testcase classname="" name="tests.resource.generics.test_uts" time="0.000"><error message="collection failure">.venv_windows-2019_3.12_x86\Lib\site-packages\_pytest\python.py:520: in importtestmodule
    mod = import_path(
.venv_windows-2019_3.12_x86\Lib\site-packages\_pytest\pathlib.py:584: in import_path
    importlib.import_module(module_name)
C:\hostedtoolcache\windows\Python\3.12.2\x86\Lib\importlib\__init__.py:90: in import_module
    return _bootstrap._gcd_import(name[level:], package, level)
&lt;frozen importlib._bootstrap&gt;:1387: in _gcd_import
    ???
&lt;frozen importlib._bootstrap&gt;:1360: in _find_and_load
    ???
&lt;frozen importlib._bootstrap&gt;:1331: in _find_and_load_unlocked
    ???
&lt;frozen importlib._bootstrap&gt;:935: in _load_unlocked
    ???
.venv_windows-2019_3.12_x86\Lib\site-packages\_pytest\assertion\rewrite.py:178: in exec_module
    exec(co, module.__dict__)
tests\resource\generics\test_uts.py:27: in &lt;module&gt;
    from pykotor.extract.installation import Installation
E     File "D:\a\PyKotor\PyKotor\Libraries\PyKotor\src\pykotor\extract\installation.py", line 2222
E       return CaseInsensitiveDict(module: self.module_id(module, use_hardcoded=use_hardcoded) for module in self.modules_list())
E                                        ^
E   SyntaxError: invalid syntax</error></testcase><testcase classname="" name="tests.resource.generics.test_utt" time="0.000"><error message="collection failure">.venv_windows-2019_3.12_x86\Lib\site-packages\_pytest\python.py:520: in importtestmodule
    mod = import_path(
.venv_windows-2019_3.12_x86\Lib\site-packages\_pytest\pathlib.py:584: in import_path
    importlib.import_module(module_name)
C:\hostedtoolcache\windows\Python\3.12.2\x86\Lib\importlib\__init__.py:90: in import_module
    return _bootstrap._gcd_import(name[level:], package, level)
&lt;frozen importlib._bootstrap&gt;:1387: in _gcd_import
    ???
&lt;frozen importlib._bootstrap&gt;:1360: in _find_and_load
    ???
&lt;frozen importlib._bootstrap&gt;:1331: in _find_and_load_unlocked
    ???
&lt;frozen importlib._bootstrap&gt;:935: in _load_unlocked
    ???
.venv_windows-2019_3.12_x86\Lib\site-packages\_pytest\assertion\rewrite.py:178: in exec_module
    exec(co, module.__dict__)
tests\resource\generics\test_utt.py:27: in &lt;module&gt;
    from pykotor.extract.installation import Installation
E     File "D:\a\PyKotor\PyKotor\Libraries\PyKotor\src\pykotor\extract\installation.py", line 2222
E       return CaseInsensitiveDict(module: self.module_id(module, use_hardcoded=use_hardcoded) for module in self.modules_list())
E                                        ^
E   SyntaxError: invalid syntax</error></testcase><testcase classname="" name="tests.resource.generics.test_utw" time="0.000"><error message="collection failure">.venv_windows-2019_3.12_x86\Lib\site-packages\_pytest\python.py:520: in importtestmodule
    mod = import_path(
.venv_windows-2019_3.12_x86\Lib\site-packages\_pytest\pathlib.py:584: in import_path
    importlib.import_module(module_name)
C:\hostedtoolcache\windows\Python\3.12.2\x86\Lib\importlib\__init__.py:90: in import_module
    return _bootstrap._gcd_import(name[level:], package, level)
&lt;frozen importlib._bootstrap&gt;:1387: in _gcd_import
    ???
&lt;frozen importlib._bootstrap&gt;:1360: in _find_and_load
    ???
&lt;frozen importlib._bootstrap&gt;:1331: in _find_and_load_unlocked
    ???
&lt;frozen importlib._bootstrap&gt;:935: in _load_unlocked
    ???
.venv_windows-2019_3.12_x86\Lib\site-packages\_pytest\assertion\rewrite.py:178: in exec_module
    exec(co, module.__dict__)
tests\resource\generics\test_utw.py:27: in &lt;module&gt;
    from pykotor.extract.installation import Installation
E     File "D:\a\PyKotor\PyKotor\Libraries\PyKotor\src\pykotor\extract\installation.py", line 2222
E       return CaseInsensitiveDict(module: self.module_id(module, use_hardcoded=use_hardcoded) for module in self.modules_list())
E                                        ^
E   SyntaxError: invalid syntax</error></testcase><testcase classname="" name="tests.resource.test_replace_module_extensions" time="0.000"><error message="collection failure">.venv_windows-2019_3.12_x86\Lib\site-packages\_pytest\python.py:520: in importtestmodule
    mod = import_path(
.venv_windows-2019_3.12_x86\Lib\site-packages\_pytest\pathlib.py:584: in import_path
    importlib.import_module(module_name)
C:\hostedtoolcache\windows\Python\3.12.2\x86\Lib\importlib\__init__.py:90: in import_module
    return _bootstrap._gcd_import(name[level:], package, level)
&lt;frozen importlib._bootstrap&gt;:1387: in _gcd_import
    ???
&lt;frozen importlib._bootstrap&gt;:1360: in _find_and_load
    ???
&lt;frozen importlib._bootstrap&gt;:1331: in _find_and_load_unlocked
    ???
&lt;frozen importlib._bootstrap&gt;:935: in _load_unlocked
    ???
.venv_windows-2019_3.12_x86\Lib\site-packages\_pytest\assertion\rewrite.py:178: in exec_module
    exec(co, module.__dict__)
tests\resource\test_replace_module_extensions.py:20: in &lt;module&gt;
    from pykotor.extract.installation import Installation
E     File "D:\a\PyKotor\PyKotor\Libraries\PyKotor\src\pykotor\extract\installation.py", line 2222
E       return CaseInsensitiveDict(module: self.module_id(module, use_hardcoded=use_hardcoded) for module in self.modules_list())
E                                        ^
E   SyntaxError: invalid syntax</error></testcase><testcase classname="" name="tests.toolset_tests.gui.editors.test_are_editor" time="0.000"><error message="collection failure">.venv_windows-2019_3.12_x86\Lib\site-packages\_pytest\python.py:520: in importtestmodule
    mod = import_path(
.venv_windows-2019_3.12_x86\Lib\site-packages\_pytest\pathlib.py:584: in import_path
    importlib.import_module(module_name)
C:\hostedtoolcache\windows\Python\3.12.2\x86\Lib\importlib\__init__.py:90: in import_module
    return _bootstrap._gcd_import(name[level:], package, level)
&lt;frozen importlib._bootstrap&gt;:1387: in _gcd_import
    ???
&lt;frozen importlib._bootstrap&gt;:1360: in _find_and_load
    ???
&lt;frozen importlib._bootstrap&gt;:1331: in _find_and_load_unlocked
    ???
&lt;frozen importlib._bootstrap&gt;:935: in _load_unlocked
    ???
.venv_windows-2019_3.12_x86\Lib\site-packages\_pytest\assertion\rewrite.py:178: in exec_module
    exec(co, module.__dict__)
tests\toolset_tests\gui\editors\test_are_editor.py:45: in &lt;module&gt;
    from pykotor.extract.installation import Installation
E     File "D:\a\PyKotor\PyKotor\Libraries\PyKotor\src\pykotor\extract\installation.py", line 2222
E       return CaseInsensitiveDict(module: self.module_id(module, use_hardcoded=use_hardcoded) for module in self.modules_list())
E                                        ^
E   SyntaxError: invalid syntax</error></testcase><testcase classname="" name="tests.toolset_tests.gui.editors.test_bwm_editor" time="0.000"><error message="collection failure">.venv_windows-2019_3.12_x86\Lib\site-packages\_pytest\python.py:520: in importtestmodule
    mod = import_path(
.venv_windows-2019_3.12_x86\Lib\site-packages\_pytest\pathlib.py:584: in import_path
    importlib.import_module(module_name)
C:\hostedtoolcache\windows\Python\3.12.2\x86\Lib\importlib\__init__.py:90: in import_module
    return _bootstrap._gcd_import(name[level:], package, level)
&lt;frozen importlib._bootstrap&gt;:1387: in _gcd_import
    ???
&lt;frozen importlib._bootstrap&gt;:1360: in _find_and_load
    ???
&lt;frozen importlib._bootstrap&gt;:1331: in _find_and_load_unlocked
    ???
&lt;frozen importlib._bootstrap&gt;:935: in _load_unlocked
    ???
.venv_windows-2019_3.12_x86\Lib\site-packages\_pytest\assertion\rewrite.py:178: in exec_module
    exec(co, module.__dict__)
tests\toolset_tests\gui\editors\test_bwm_editor.py:43: in &lt;module&gt;
    from pykotor.extract.installation import Installation
E     File "D:\a\PyKotor\PyKotor\Libraries\PyKotor\src\pykotor\extract\installation.py", line 2222
E       return CaseInsensitiveDict(module: self.module_id(module, use_hardcoded=use_hardcoded) for module in self.modules_list())
E                                        ^
E   SyntaxError: invalid syntax</error></testcase><testcase classname="" name="tests.toolset_tests.gui.editors.test_dlg_editor" time="0.000"><error message="collection failure">.venv_windows-2019_3.12_x86\Lib\site-packages\_pytest\python.py:520: in importtestmodule
    mod = import_path(
.venv_windows-2019_3.12_x86\Lib\site-packages\_pytest\pathlib.py:584: in import_path
    importlib.import_module(module_name)
C:\hostedtoolcache\windows\Python\3.12.2\x86\Lib\importlib\__init__.py:90: in import_module
    return _bootstrap._gcd_import(name[level:], package, level)
&lt;frozen importlib._bootstrap&gt;:1387: in _gcd_import
    ???
&lt;frozen importlib._bootstrap&gt;:1360: in _find_and_load
    ???
&lt;frozen importlib._bootstrap&gt;:1331: in _find_and_load_unlocked
    ???
&lt;frozen importlib._bootstrap&gt;:935: in _load_unlocked
    ???
.venv_windows-2019_3.12_x86\Lib\site-packages\_pytest\assertion\rewrite.py:178: in exec_module
    exec(co, module.__dict__)
tests\toolset_tests\gui\editors\test_dlg_editor.py:44: in &lt;module&gt;
    from pykotor.extract.installation import Installation
E     File "D:\a\PyKotor\PyKotor\Libraries\PyKotor\src\pykotor\extract\installation.py", line 2222
E       return CaseInsensitiveDict(module: self.module_id(module, use_hardcoded=use_hardcoded) for module in self.modules_list())
E                                        ^
E   SyntaxError: invalid syntax</error></testcase><testcase classname="" name="tests.toolset_tests.gui.editors.test_erf_editor" time="0.000"><error message="collection failure">.venv_windows-2019_3.12_x86\Lib\site-packages\_pytest\python.py:520: in importtestmodule
    mod = import_path(
.venv_windows-2019_3.12_x86\Lib\site-packages\_pytest\pathlib.py:584: in import_path
    importlib.import_module(module_name)
C:\hostedtoolcache\windows\Python\3.12.2\x86\Lib\importlib\__init__.py:90: in import_module
    return _bootstrap._gcd_import(name[level:], package, level)
&lt;frozen importlib._bootstrap&gt;:1387: in _gcd_import
    ???
&lt;frozen importlib._bootstrap&gt;:1360: in _find_and_load
    ???
&lt;frozen importlib._bootstrap&gt;:1331: in _find_and_load_unlocked
    ???
&lt;frozen importlib._bootstrap&gt;:935: in _load_unlocked
    ???
.venv_windows-2019_3.12_x86\Lib\site-packages\_pytest\assertion\rewrite.py:178: in exec_module
    exec(co, module.__dict__)
tests\toolset_tests\gui\editors\test_erf_editor.py:44: in &lt;module&gt;
    from pykotor.extract.installation import Installation
E     File "D:\a\PyKotor\PyKotor\Libraries\PyKotor\src\pykotor\extract\installation.py", line 2222
E       return CaseInsensitiveDict(module: self.module_id(module, use_hardcoded=use_hardcoded) for module in self.modules_list())
E                                        ^
E   SyntaxError: invalid syntax</error></testcase><testcase classname="" name="tests.toolset_tests.gui.editors.test_gff_editor" time="0.000"><error message="collection failure">.venv_windows-2019_3.12_x86\Lib\site-packages\_pytest\python.py:520: in importtestmodule
    mod = import_path(
.venv_windows-2019_3.12_x86\Lib\site-packages\_pytest\pathlib.py:584: in import_path
    importlib.import_module(module_name)
C:\hostedtoolcache\windows\Python\3.12.2\x86\Lib\importlib\__init__.py:90: in import_module
    return _bootstrap._gcd_import(name[level:], package, level)
&lt;frozen importlib._bootstrap&gt;:1387: in _gcd_import
    ???
&lt;frozen importlib._bootstrap&gt;:1360: in _find_and_load
    ???
&lt;frozen importlib._bootstrap&gt;:1331: in _find_and_load_unlocked
    ???
&lt;frozen importlib._bootstrap&gt;:935: in _load_unlocked
    ???
.venv_windows-2019_3.12_x86\Lib\site-packages\_pytest\assertion\rewrite.py:178: in exec_module
    exec(co, module.__dict__)
tests\toolset_tests\gui\editors\test_gff_editor.py:44: in &lt;module&gt;
    from pykotor.extract.installation import Installation
E     File "D:\a\PyKotor\PyKotor\Libraries\PyKotor\src\pykotor\extract\installation.py", line 2222
E       return CaseInsensitiveDict(module: self.module_id(module, use_hardcoded=use_hardcoded) for module in self.modules_list())
E                                        ^
E   SyntaxError: invalid syntax</error></testcase><testcase classname="" name="tests.toolset_tests.gui.editors.test_git_editor" time="0.000"><error message="collection failure">.venv_windows-2019_3.12_x86\Lib\site-packages\_pytest\python.py:520: in importtestmodule
    mod = import_path(
.venv_windows-2019_3.12_x86\Lib\site-packages\_pytest\pathlib.py:584: in import_path
    importlib.import_module(module_name)
C:\hostedtoolcache\windows\Python\3.12.2\x86\Lib\importlib\__init__.py:90: in import_module
    return _bootstrap._gcd_import(name[level:], package, level)
&lt;frozen importlib._bootstrap&gt;:1387: in _gcd_import
    ???
&lt;frozen importlib._bootstrap&gt;:1360: in _find_and_load
    ???
&lt;frozen importlib._bootstrap&gt;:1331: in _find_and_load_unlocked
    ???
&lt;frozen importlib._bootstrap&gt;:935: in _load_unlocked
    ???
.venv_windows-2019_3.12_x86\Lib\site-packages\_pytest\assertion\rewrite.py:178: in exec_module
    exec(co, module.__dict__)
tests\toolset_tests\gui\editors\test_git_editor.py:50: in &lt;module&gt;
    from pykotor.extract.installation import Installation
E     File "D:\a\PyKotor\PyKotor\Libraries\PyKotor\src\pykotor\extract\installation.py", line 2222
E       return CaseInsensitiveDict(module: self.module_id(module, use_hardcoded=use_hardcoded) for module in self.modules_list())
E                                        ^
E   SyntaxError: invalid syntax</error></testcase><testcase classname="" name="tests.toolset_tests.gui.editors.test_jrl_editor" time="0.000"><error message="collection failure">.venv_windows-2019_3.12_x86\Lib\site-packages\_pytest\python.py:520: in importtestmodule
    mod = import_path(
.venv_windows-2019_3.12_x86\Lib\site-packages\_pytest\pathlib.py:584: in import_path
    importlib.import_module(module_name)
C:\hostedtoolcache\windows\Python\3.12.2\x86\Lib\importlib\__init__.py:90: in import_module
    return _bootstrap._gcd_import(name[level:], package, level)
&lt;frozen importlib._bootstrap&gt;:1387: in _gcd_import
    ???
&lt;frozen importlib._bootstrap&gt;:1360: in _find_and_load
    ???
&lt;frozen importlib._bootstrap&gt;:1331: in _find_and_load_unlocked
    ???
&lt;frozen importlib._bootstrap&gt;:935: in _load_unlocked
    ???
.venv_windows-2019_3.12_x86\Lib\site-packages\_pytest\assertion\rewrite.py:178: in exec_module
    exec(co, module.__dict__)
tests\toolset_tests\gui\editors\test_jrl_editor.py:42: in &lt;module&gt;
    from pykotor.extract.installation import Installation
E     File "D:\a\PyKotor\PyKotor\Libraries\PyKotor\src\pykotor\extract\installation.py", line 2222
E       return CaseInsensitiveDict(module: self.module_id(module, use_hardcoded=use_hardcoded) for module in self.modules_list())
E                                        ^
E   SyntaxError: invalid syntax</error></testcase><testcase classname="" name="tests.toolset_tests.gui.editors.test_ssf_editor" time="0.000"><error message="collection failure">.venv_windows-2019_3.12_x86\Lib\site-packages\_pytest\python.py:520: in importtestmodule
    mod = import_path(
.venv_windows-2019_3.12_x86\Lib\site-packages\_pytest\pathlib.py:584: in import_path
    importlib.import_module(module_name)
C:\hostedtoolcache\windows\Python\3.12.2\x86\Lib\importlib\__init__.py:90: in import_module
    return _bootstrap._gcd_import(name[level:], package, level)
&lt;frozen importlib._bootstrap&gt;:1387: in _gcd_import
    ???
&lt;frozen importlib._bootstrap&gt;:1360: in _find_and_load
    ???
&lt;frozen importlib._bootstrap&gt;:1331: in _find_and_load_unlocked
    ???
&lt;frozen importlib._bootstrap&gt;:935: in _load_unlocked
    ???
.venv_windows-2019_3.12_x86\Lib\site-packages\_pytest\assertion\rewrite.py:178: in exec_module
    exec(co, module.__dict__)
tests\toolset_tests\gui\editors\test_ssf_editor.py:44: in &lt;module&gt;
    from pykotor.extract.installation import Installation
E     File "D:\a\PyKotor\PyKotor\Libraries\PyKotor\src\pykotor\extract\installation.py", line 2222
E       return CaseInsensitiveDict(module: self.module_id(module, use_hardcoded=use_hardcoded) for module in self.modules_list())
E                                        ^
E   SyntaxError: invalid syntax</error></testcase><testcase classname="" name="tests.toolset_tests.gui.editors.test_twoda_editor" time="0.000"><error message="collection failure">.venv_windows-2019_3.12_x86\Lib\site-packages\_pytest\python.py:520: in importtestmodule
    mod = import_path(
.venv_windows-2019_3.12_x86\Lib\site-packages\_pytest\pathlib.py:584: in import_path
    importlib.import_module(module_name)
C:\hostedtoolcache\windows\Python\3.12.2\x86\Lib\importlib\__init__.py:90: in import_module
    return _bootstrap._gcd_import(name[level:], package, level)
&lt;frozen importlib._bootstrap&gt;:1387: in _gcd_import
    ???
&lt;frozen importlib._bootstrap&gt;:1360: in _find_and_load
    ???
&lt;frozen importlib._bootstrap&gt;:1331: in _find_and_load_unlocked
    ???
&lt;frozen importlib._bootstrap&gt;:935: in _load_unlocked
    ???
.venv_windows-2019_3.12_x86\Lib\site-packages\_pytest\assertion\rewrite.py:178: in exec_module
    exec(co, module.__dict__)
tests\toolset_tests\gui\editors\test_twoda_editor.py:44: in &lt;module&gt;
    from pykotor.extract.installation import Installation
E     File "D:\a\PyKotor\PyKotor\Libraries\PyKotor\src\pykotor\extract\installation.py", line 2222
E       return CaseInsensitiveDict(module: self.module_id(module, use_hardcoded=use_hardcoded) for module in self.modules_list())
E                                        ^
E   SyntaxError: invalid syntax</error></testcase><testcase classname="" name="tests.toolset_tests.gui.editors.test_utc_editor" time="0.000"><error message="collection failure">E   StopIteration</error></testcase><testcase classname="" name="tests.toolset_tests.gui.editors.test_utd_editor" time="0.000"><error message="collection failure">.venv_windows-2019_3.12_x86\Lib\site-packages\_pytest\python.py:520: in importtestmodule
    mod = import_path(
.venv_windows-2019_3.12_x86\Lib\site-packages\_pytest\pathlib.py:584: in import_path
    importlib.import_module(module_name)
C:\hostedtoolcache\windows\Python\3.12.2\x86\Lib\importlib\__init__.py:90: in import_module
    return _bootstrap._gcd_import(name[level:], package, level)
&lt;frozen importlib._bootstrap&gt;:1387: in _gcd_import
    ???
&lt;frozen importlib._bootstrap&gt;:1360: in _find_and_load
    ???
&lt;frozen importlib._bootstrap&gt;:1331: in _find_and_load_unlocked
    ???
&lt;frozen importlib._bootstrap&gt;:935: in _load_unlocked
    ???
.venv_windows-2019_3.12_x86\Lib\site-packages\_pytest\assertion\rewrite.py:178: in exec_module
    exec(co, module.__dict__)
tests\toolset_tests\gui\editors\test_utd_editor.py:44: in &lt;module&gt;
    from pykotor.extract.installation import Installation
E     File "D:\a\PyKotor\PyKotor\Libraries\PyKotor\src\pykotor\extract\installation.py", line 2222
E       return CaseInsensitiveDict(module: self.module_id(module, use_hardcoded=use_hardcoded) for module in self.modules_list())
E                                        ^
E   SyntaxError: invalid syntax</error></testcase><testcase classname="" name="tests.toolset_tests.gui.editors.test_ute_editor" time="0.000"><error message="collection failure">.venv_windows-2019_3.12_x86\Lib\site-packages\_pytest\python.py:520: in importtestmodule
    mod = import_path(
.venv_windows-2019_3.12_x86\Lib\site-packages\_pytest\pathlib.py:584: in import_path
    importlib.import_module(module_name)
C:\hostedtoolcache\windows\Python\3.12.2\x86\Lib\importlib\__init__.py:90: in import_module
    return _bootstrap._gcd_import(name[level:], package, level)
&lt;frozen importlib._bootstrap&gt;:1387: in _gcd_import
    ???
&lt;frozen importlib._bootstrap&gt;:1360: in _find_and_load
    ???
&lt;frozen importlib._bootstrap&gt;:1331: in _find_and_load_unlocked
    ???
&lt;frozen importlib._bootstrap&gt;:935: in _load_unlocked
    ???
.venv_windows-2019_3.12_x86\Lib\site-packages\_pytest\assertion\rewrite.py:178: in exec_module
    exec(co, module.__dict__)
tests\toolset_tests\gui\editors\test_ute_editor.py:44: in &lt;module&gt;
    from pykotor.extract.installation import Installation
E     File "D:\a\PyKotor\PyKotor\Libraries\PyKotor\src\pykotor\extract\installation.py", line 2222
E       return CaseInsensitiveDict(module: self.module_id(module, use_hardcoded=use_hardcoded) for module in self.modules_list())
E                                        ^
E   SyntaxError: invalid syntax</error></testcase><testcase classname="" name="tests.toolset_tests.gui.editors.test_uti_editor" time="0.000"><error message="collection failure">.venv_windows-2019_3.12_x86\Lib\site-packages\_pytest\python.py:520: in importtestmodule
    mod = import_path(
.venv_windows-2019_3.12_x86\Lib\site-packages\_pytest\pathlib.py:584: in import_path
    importlib.import_module(module_name)
C:\hostedtoolcache\windows\Python\3.12.2\x86\Lib\importlib\__init__.py:90: in import_module
    return _bootstrap._gcd_import(name[level:], package, level)
&lt;frozen importlib._bootstrap&gt;:1387: in _gcd_import
    ???
&lt;frozen importlib._bootstrap&gt;:1360: in _find_and_load
    ???
&lt;frozen importlib._bootstrap&gt;:1331: in _find_and_load_unlocked
    ???
&lt;frozen importlib._bootstrap&gt;:935: in _load_unlocked
    ???
.venv_windows-2019_3.12_x86\Lib\site-packages\_pytest\assertion\rewrite.py:178: in exec_module
    exec(co, module.__dict__)
tests\toolset_tests\gui\editors\test_uti_editor.py:44: in &lt;module&gt;
    from pykotor.extract.installation import Installation
E     File "D:\a\PyKotor\PyKotor\Libraries\PyKotor\src\pykotor\extract\installation.py", line 2222
E       return CaseInsensitiveDict(module: self.module_id(module, use_hardcoded=use_hardcoded) for module in self.modules_list())
E                                        ^
E   SyntaxError: invalid syntax</error></testcase><testcase classname="" name="tests.toolset_tests.gui.editors.test_utm_editor" time="0.000"><error message="collection failure">.venv_windows-2019_3.12_x86\Lib\site-packages\_pytest\python.py:520: in importtestmodule
    mod = import_path(
.venv_windows-2019_3.12_x86\Lib\site-packages\_pytest\pathlib.py:584: in import_path
    importlib.import_module(module_name)
C:\hostedtoolcache\windows\Python\3.12.2\x86\Lib\importlib\__init__.py:90: in import_module
    return _bootstrap._gcd_import(name[level:], package, level)
&lt;frozen importlib._bootstrap&gt;:1387: in _gcd_import
    ???
&lt;frozen importlib._bootstrap&gt;:1360: in _find_and_load
    ???
&lt;frozen importlib._bootstrap&gt;:1331: in _find_and_load_unlocked
    ???
&lt;frozen importlib._bootstrap&gt;:935: in _load_unlocked
    ???
.venv_windows-2019_3.12_x86\Lib\site-packages\_pytest\assertion\rewrite.py:178: in exec_module
    exec(co, module.__dict__)
tests\toolset_tests\gui\editors\test_utm_editor.py:44: in &lt;module&gt;
    from pykotor.extract.installation import Installation
E     File "D:\a\PyKotor\PyKotor\Libraries\PyKotor\src\pykotor\extract\installation.py", line 2222
E       return CaseInsensitiveDict(module: self.module_id(module, use_hardcoded=use_hardcoded) for module in self.modules_list())
E                                        ^
E   SyntaxError: invalid syntax</error></testcase><testcase classname="" name="tests.toolset_tests.gui.editors.test_utp_editor" time="0.000"><error message="collection failure">.venv_windows-2019_3.12_x86\Lib\site-packages\_pytest\python.py:520: in importtestmodule
    mod = import_path(
.venv_windows-2019_3.12_x86\Lib\site-packages\_pytest\pathlib.py:584: in import_path
    importlib.import_module(module_name)
C:\hostedtoolcache\windows\Python\3.12.2\x86\Lib\importlib\__init__.py:90: in import_module
    return _bootstrap._gcd_import(name[level:], package, level)
&lt;frozen importlib._bootstrap&gt;:1387: in _gcd_import
    ???
&lt;frozen importlib._bootstrap&gt;:1360: in _find_and_load
    ???
&lt;frozen importlib._bootstrap&gt;:1331: in _find_and_load_unlocked
    ???
&lt;frozen importlib._bootstrap&gt;:935: in _load_unlocked
    ???
.venv_windows-2019_3.12_x86\Lib\site-packages\_pytest\assertion\rewrite.py:178: in exec_module
    exec(co, module.__dict__)
tests\toolset_tests\gui\editors\test_utp_editor.py:43: in &lt;module&gt;
    from pykotor.extract.installation import Installation
E     File "D:\a\PyKotor\PyKotor\Libraries\PyKotor\src\pykotor\extract\installation.py", line 2222
E       return CaseInsensitiveDict(module: self.module_id(module, use_hardcoded=use_hardcoded) for module in self.modules_list())
E                                        ^
E   SyntaxError: invalid syntax</error></testcase><testcase classname="" name="tests.toolset_tests.gui.editors.test_uts_editor" time="0.000"><error message="collection failure">.venv_windows-2019_3.12_x86\Lib\site-packages\_pytest\python.py:520: in importtestmodule
    mod = import_path(
.venv_windows-2019_3.12_x86\Lib\site-packages\_pytest\pathlib.py:584: in import_path
    importlib.import_module(module_name)
C:\hostedtoolcache\windows\Python\3.12.2\x86\Lib\importlib\__init__.py:90: in import_module
    return _bootstrap._gcd_import(name[level:], package, level)
&lt;frozen importlib._bootstrap&gt;:1387: in _gcd_import
    ???
&lt;frozen importlib._bootstrap&gt;:1360: in _find_and_load
    ???
&lt;frozen importlib._bootstrap&gt;:1331: in _find_and_load_unlocked
    ???
&lt;frozen importlib._bootstrap&gt;:935: in _load_unlocked
    ???
.venv_windows-2019_3.12_x86\Lib\site-packages\_pytest\assertion\rewrite.py:178: in exec_module
    exec(co, module.__dict__)
tests\toolset_tests\gui\editors\test_uts_editor.py:43: in &lt;module&gt;
    from pykotor.extract.installation import Installation
E     File "D:\a\PyKotor\PyKotor\Libraries\PyKotor\src\pykotor\extract\installation.py", line 2222
E       return CaseInsensitiveDict(module: self.module_id(module, use_hardcoded=use_hardcoded) for module in self.modules_list())
E                                        ^
E   SyntaxError: invalid syntax</error></testcase><testcase classname="" name="tests.toolset_tests.gui.editors.test_utt_editor" time="0.000"><error message="collection failure">.venv_windows-2019_3.12_x86\Lib\site-packages\_pytest\python.py:520: in importtestmodule
    mod = import_path(
.venv_windows-2019_3.12_x86\Lib\site-packages\_pytest\pathlib.py:584: in import_path
    importlib.import_module(module_name)
C:\hostedtoolcache\windows\Python\3.12.2\x86\Lib\importlib\__init__.py:90: in import_module
    return _bootstrap._gcd_import(name[level:], package, level)
&lt;frozen importlib._bootstrap&gt;:1387: in _gcd_import
    ???
&lt;frozen importlib._bootstrap&gt;:1360: in _find_and_load
    ???
&lt;frozen importlib._bootstrap&gt;:1331: in _find_and_load_unlocked
    ???
&lt;frozen importlib._bootstrap&gt;:935: in _load_unlocked
    ???
.venv_windows-2019_3.12_x86\Lib\site-packages\_pytest\assertion\rewrite.py:178: in exec_module
    exec(co, module.__dict__)
tests\toolset_tests\gui\editors\test_utt_editor.py:43: in &lt;module&gt;
    from pykotor.extract.installation import Installation
E     File "D:\a\PyKotor\PyKotor\Libraries\PyKotor\src\pykotor\extract\installation.py", line 2222
E       return CaseInsensitiveDict(module: self.module_id(module, use_hardcoded=use_hardcoded) for module in self.modules_list())
E                                        ^
E   SyntaxError: invalid syntax</error></testcase><testcase classname="" name="tests.toolset_tests.gui.editors.test_utw_editor" time="0.000"><error message="collection failure">.venv_windows-2019_3.12_x86\Lib\site-packages\_pytest\python.py:520: in importtestmodule
    mod = import_path(
.venv_windows-2019_3.12_x86\Lib\site-packages\_pytest\pathlib.py:584: in import_path
    importlib.import_module(module_name)
C:\hostedtoolcache\windows\Python\3.12.2\x86\Lib\importlib\__init__.py:90: in import_module
    return _bootstrap._gcd_import(name[level:], package, level)
&lt;frozen importlib._bootstrap&gt;:1387: in _gcd_import
    ???
&lt;frozen importlib._bootstrap&gt;:1360: in _find_and_load
    ???
&lt;frozen importlib._bootstrap&gt;:1331: in _find_and_load_unlocked
    ???
&lt;frozen importlib._bootstrap&gt;:935: in _load_unlocked
    ???
.venv_windows-2019_3.12_x86\Lib\site-packages\_pytest\assertion\rewrite.py:178: in exec_module
    exec(co, module.__dict__)
tests\toolset_tests\gui\editors\test_utw_editor.py:41: in &lt;module&gt;
    from pykotor.extract.installation import Installation
E     File "D:\a\PyKotor\PyKotor\Libraries\PyKotor\src\pykotor\extract\installation.py", line 2222
E       return CaseInsensitiveDict(module: self.module_id(module, use_hardcoded=use_hardcoded) for module in self.modules_list())
E                                        ^
E   SyntaxError: invalid syntax</error></testcase><testcase classname="" name="tests.tslpatcher.test_config" time="0.000"><error message="collection failure">.venv_windows-2019_3.12_x86\Lib\site-packages\_pytest\python.py:520: in importtestmodule
    mod = import_path(
.venv_windows-2019_3.12_x86\Lib\site-packages\_pytest\pathlib.py:584: in import_path
    importlib.import_module(module_name)
C:\hostedtoolcache\windows\Python\3.12.2\x86\Lib\importlib\__init__.py:90: in import_module
    return _bootstrap._gcd_import(name[level:], package, level)
&lt;frozen importlib._bootstrap&gt;:1387: in _gcd_import
    ???
&lt;frozen importlib._bootstrap&gt;:1360: in _find_and_load
    ???
&lt;frozen importlib._bootstrap&gt;:1331: in _find_and_load_unlocked
    ???
&lt;frozen importlib._bootstrap&gt;:935: in _load_unlocked
    ???
.venv_windows-2019_3.12_x86\Lib\site-packages\_pytest\assertion\rewrite.py:178: in exec_module
    exec(co, module.__dict__)
tests\tslpatcher\test_config.py:24: in &lt;module&gt;
    from pykotor.tslpatcher.patcher import ModInstaller
Libraries\PyKotor\src\pykotor\tslpatcher\patcher.py:14: in &lt;module&gt;
    from pykotor.extract.installation import Installation
E     File "D:\a\PyKotor\PyKotor\Libraries\PyKotor\src\pykotor\extract\installation.py", line 2222
E       return CaseInsensitiveDict(module: self.module_id(module, use_hardcoded=use_hardcoded) for module in self.modules_list())
E                                        ^
E   SyntaxError: invalid syntax</error></testcase><testcase classname="tests.common.test_case_aware_path.TestCaseAwarePath" name="test_endswith" time="0.039" /><testcase classname="tests.common.test_case_aware_path.TestCaseAwarePath" name="test_find_closest_match" time="0.001" /><testcase classname="tests.common.test_case_aware_path.TestCaseAwarePath" name="test_fix_path_formatting" time="0.000" /><testcase classname="tests.common.test_case_aware_path.TestCaseAwarePath" name="test_get_matching_characters_count" time="0.000" /><testcase classname="tests.common.test_case_aware_path.TestCaseAwarePath" name="test_hashing" time="0.001" /><testcase classname="tests.common.test_case_aware_path.TestCaseAwarePath" name="test_new_invalid_argument" time="0.000" /><testcase classname="tests.common.test_case_aware_path.TestCaseAwarePath" name="test_new_valid_str_argument" time="0.000" /><testcase classname="tests.common.test_case_aware_path.TestCaseAwarePath" name="test_relative_to_base" time="0.001" /><testcase classname="tests.common.test_case_aware_path.TestCaseAwarePath" name="test_relative_to_case_sensitive" time="0.015" /><testcase classname="tests.common.test_case_aware_path.TestCaseAwarePath" name="test_valid_name_property" time="0.001" /><testcase classname="tests.common.test_case_aware_path.TestCaseAwarePath" name="test_valid_name_property_on_pathlib_path" time="0.001" /><testcase classname="tests.common.test_case_aware_path.TestSplitFilename" name="test_invalid_dots" time="0.001" /><testcase classname="tests.common.test_case_aware_path.TestSplitFilename" name="test_more_dots_than_parts" time="0.000" /><testcase classname="tests.common.test_case_aware_path.TestSplitFilename" name="test_multiple_dots" time="0.000" /><testcase classname="tests.common.test_case_aware_path.TestSplitFilename" name="test_negative_dots" time="0.000" /><testcase classname="tests.common.test_case_aware_path.TestSplitFilename" name="test_no_dots" time="0.001" /><testcase classname="tests.common.test_case_aware_path.TestSplitFilename" name="test_normal" time="0.001" /><testcase classname="tests.common.test_case_aware_path.TestIsRelativeTo" name="test_basic" time="0.001" /><testcase classname="tests.common.test_case_aware_path.TestIsRelativeTo" name="test_case_insensitive" time="0.000" /><testcase classname="tests.common.test_case_aware_path.TestIsRelativeTo" name="test_different_paths" time="0.001" /><testcase classname="tests.common.test_case_aware_path.TestIsRelativeTo" name="test_not_path" time="0.000" /><testcase classname="tests.common.test_case_aware_path.TestIsRelativeTo" name="test_relative_paths" time="0.001" /><testcase classname="tests.common.test_case_aware_path.TestIsRelativeTo" name="test_same_path" time="0.001" /><testcase classname="tests.common.test_decode_fallbacks.TestDecodeBytes" name="test_8bit_encoding_only" time="0.233" /><testcase classname="tests.common.test_decode_fallbacks.TestDecodeBytes" name="test_basic" time="0.001" /><testcase classname="tests.common.test_decode_fallbacks.TestDecodeBytes" name="test_bom" time="0.003" /><testcase classname="tests.common.test_decode_fallbacks.TestDecodeBytes" name="test_errors_replace" time="0.001" /><testcase classname="tests.common.test_decode_fallbacks.TestDecodeBytes" name="test_fallback_to_detected_encoding" time="0.007" /><testcase classname="tests.common.test_decode_fallbacks.TestDecodeBytes" name="test_invalid_bytes_for_encoding" time="0.000" /><testcase classname="tests.common.test_decode_fallbacks.TestDecodeBytes" name="test_known_encoding" time="0.000" /><testcase classname="tests.common.test_decode_fallbacks.TestDecodeBytes" name="test_language_detect" time="0.001" /><testcase classname="tests.common.test_decode_fallbacks.TestDecodeBytes" name="test_language_provided" time="0.000" /><testcase classname="tests.common.test_decode_fallbacks.TestDecodeBytes" name="test_no_valid_encoding_found_strict_errors" time="0.007" /><testcase classname="tests.common.test_decode_fallbacks.TestDecodeBytes" name="test_non_ascii" time="0.001" /><testcase classname="tests.common.test_decode_fallbacks.TestDecodeBytes" name="test_strict_error_handling_decoding_failure" time="0.003" /><testcase classname="tests.common.test_decode_fallbacks.TestDecodeBytes" name="test_undetectable_encoding_replace_errors" time="0.002" /><testcase classname="tests.common.test_decode_fallbacks.TestDecodeBytes" name="test_unknown_encoding" time="0.002" /><testcase classname="tests.common.test_decode_fallbacks.TestDecodeBytes" name="test_with_BOM_included" time="0.001" /><testcase classname="tests.common.test_geometry.TestVector2" name="test_from_vector2" time="0.000" /><testcase classname="tests.common.test_geometry.TestVector2" name="test_from_vector3" time="0.000" /><testcase classname="tests.common.test_geometry.TestVector2" name="test_from_vector4" time="0.000" /><testcase classname="tests.common.test_geometry.TestVector2" name="test_unpacking" time="0.000" /><testcase classname="tests.common.test_geometry.TestVector3" name="test_from_vector2" time="0.000" /><testcase classname="tests.common.test_geometry.TestVector3" name="test_from_vector3" time="0.000" /><testcase classname="tests.common.test_geometry.TestVector3" name="test_from_vector4" time="0.000" /><testcase classname="tests.common.test_geometry.TestVector3" name="test_unpacking" time="0.000" /><testcase classname="tests.common.test_geometry.TestVector4" name="test_from_euler" time="0.000" /><testcase classname="tests.common.test_geometry.TestVector4" name="test_from_vector2" time="0.000" /><testcase classname="tests.common.test_geometry.TestVector4" name="test_from_vector3" time="0.000" /><testcase classname="tests.common.test_geometry.TestVector4" name="test_from_vector4" time="0.000" /><testcase classname="tests.common.test_geometry.TestVector4" name="test_unpacking" time="0.000" /><testcase classname="tests.common.test_geometry.TestFace" name="test_determine_z" time="0.000" /><testcase classname="tests.common.test_geometry.TestPolygon2" name="test_area" time="0.001" /><testcase classname="tests.common.test_geometry.TestPolygon2" name="test_inside" time="0.000" /><testcase classname="tests.common.test_get_case_sensitive_path.TestCaseAwarePath" name="test_cascading_file_creation" time="0.000"><skipped type="pytest.skip" message="Test not available on Windows">D:\a\PyKotor\PyKotor\tests\common\test_get_case_sensitive_path.py:168: Test not available on Windows</skipped></testcase><testcase classname="tests.common.test_get_case_sensitive_path.TestCaseAwarePath" name="test_case_change_after_creation" time="0.000"><skipped type="pytest.skip" message="Test not available on Windows">D:\a\PyKotor\PyKotor\tests\common\test_get_case_sensitive_path.py:90: Test not available on Windows</skipped></testcase><testcase classname="tests.common.test_get_case_sensitive_path.TestCaseAwarePath" name="test_chmod" time="0.000"><skipped type="pytest.skip" message="Test not available on Windows">D:\a\PyKotor\PyKotor\tests\common\test_get_case_sensitive_path.py:196: Test not available on Windows</skipped></testcase><testcase classname="tests.common.test_get_case_sensitive_path.TestCaseAwarePath" name="test_complex_case_changes" time="0.000"><skipped type="pytest.skip" message="Test not available on Windows">D:\a\PyKotor\PyKotor\tests\common\test_get_case_sensitive_path.py:104: Test not available on Windows</skipped></testcase><testcase classname="tests.common.test_get_case_sensitive_path.TestCaseAwarePath" name="test_deep_directory_truediv" time="0.000"><skipped type="pytest.skip" message="Test not available on Windows">D:\a\PyKotor\PyKotor\tests\common\test_get_case_sensitive_path.py:150: Test not available on Windows</skipped></testcase><testcase classname="tests.common.test_get_case_sensitive_path.TestCaseAwarePath" name="test_hardlink_to" time="0.000"><skipped type="pytest.skip" message="Test not available on Windows">D:\a\PyKotor\PyKotor\tests\common\test_get_case_sensitive_path.py:274: Test not available on Windows</skipped></testcase><testcase classname="tests.common.test_get_case_sensitive_path.TestCaseAwarePath" name="test_join_with_nonexistent_path" time="0.000"><skipped type="pytest.skip" message="Test not available on Windows">D:\a\PyKotor\PyKotor\tests\common\test_get_case_sensitive_path.py:36: Test not available on Windows</skipped></testcase><testcase classname="tests.common.test_get_case_sensitive_path.TestCaseAwarePath" name="test_joinpath_chain" time="0.000"><skipped type="pytest.skip" message="Test not available on Windows">D:\a\PyKotor\PyKotor\tests\common\test_get_case_sensitive_path.py:130: Test not available on Windows</skipped></testcase><testcase classname="tests.common.test_get_case_sensitive_path.TestCaseAwarePath" name="test_make_and_parse_uri" time="0.000"><skipped type="pytest.skip" message="Test not available on Windows">D:\a\PyKotor\PyKotor\tests\common\test_get_case_sensitive_path.py:57: Test not available on Windows</skipped></testcase><testcase classname="tests.common.test_get_case_sensitive_path.TestCaseAwarePath" name="test_mixed_case_creation_and_deletion" time="0.000"><skipped type="pytest.skip" message="Test not available on Windows">D:\a\PyKotor\PyKotor\tests\common\test_get_case_sensitive_path.py:117: Test not available on Windows</skipped></testcase><testcase classname="tests.common.test_get_case_sensitive_path.TestCaseAwarePath" name="test_open_read_write" time="0.000"><skipped type="pytest.skip" message="Test not available on Windows">D:\a\PyKotor\PyKotor\tests\common\test_get_case_sensitive_path.py:209: Test not available on Windows</skipped></testcase><testcase classname="tests.common.test_get_case_sensitive_path.TestCaseAwarePath" name="test_recursive_directory_creation" time="0.000"><skipped type="pytest.skip" message="Test not available on Windows">D:\a\PyKotor\PyKotor\tests\common\test_get_case_sensitive_path.py:160: Test not available on Windows</skipped></testcase><testcase classname="tests.common.test_get_case_sensitive_path.TestCaseAwarePath" name="test_relative_to" time="0.000"><skipped type="pytest.skip" message="Test not available on Windows">D:\a\PyKotor\PyKotor\tests\common\test_get_case_sensitive_path.py:177: Test not available on Windows</skipped></testcase><testcase classname="tests.common.test_get_case_sensitive_path.TestCaseAwarePath" name="test_rename" time="0.000"><skipped type="pytest.skip" message="Test not available on Windows">D:\a\PyKotor\PyKotor\tests\common\test_get_case_sensitive_path.py:250: Test not available on Windows</skipped></testcase><testcase classname="tests.common.test_get_case_sensitive_path.TestCaseAwarePath" name="test_replace" time="0.000"><skipped type="pytest.skip" message="Test not available on Windows">D:\a\PyKotor\PyKotor\tests\common\test_get_case_sensitive_path.py:233: Test not available on Windows</skipped></testcase><testcase classname="tests.common.test_get_case_sensitive_path.TestCaseAwarePath" name="test_rtruediv" time="0.000"><skipped type="pytest.skip" message="Test not available on Windows">D:\a\PyKotor\PyKotor\tests\common\test_get_case_sensitive_path.py:47: Test not available on Windows</skipped></testcase><testcase classname="tests.common.test_get_case_sensitive_path.TestCaseAwarePath" name="test_samefile" time="0.000"><skipped type="pytest.skip" message="Test not available on Windows">D:\a\PyKotor\PyKotor\tests\common\test_get_case_sensitive_path.py:225: Test not available on Windows</skipped></testcase><testcase classname="tests.common.test_get_case_sensitive_path.TestCaseAwarePath" name="test_symlink_to" time="0.000"><skipped type="pytest.skip" message="Test not available on Windows">D:\a\PyKotor\PyKotor\tests\common\test_get_case_sensitive_path.py:262: Test not available on Windows</skipped></testcase><testcase classname="tests.common.test_get_case_sensitive_path.TestCaseAwarePath" name="test_touch" time="0.000"><skipped type="pytest.skip" message="Test not available on Windows">D:\a\PyKotor\PyKotor\tests\common\test_get_case_sensitive_path.py:221: Test not available on Windows</skipped></testcase><testcase classname="tests.common.test_get_case_sensitive_path.TestCaseAwarePath" name="test_truediv_equivalent_to_joinpath" time="0.000"><skipped type="pytest.skip" message="Test not available on Windows">D:\a\PyKotor\PyKotor\tests\common\test_get_case_sensitive_path.py:42: Test not available on Windows</skipped></testcase><testcase classname="tests.common.test_path_isinstance.TestPathInheritance" name="test_path_attributes" time="0.001" /><testcase classname="tests.common.test_path_isinstance.TestPathInheritance" name="test_path_isinstance" time="0.000" /><testcase classname="tests.common.test_path_isinstance.TestPathInheritance" name="test_pathlib_path_isinstance" time="0.000" /><testcase classname="tests.common.test_path_isinstance.TestPathInheritance" name="test_pathlib_posix_path_isinstance" time="0.000"><skipped type="pytest.skip" message="Test must be run on Posix os">D:\a\PyKotor\PyKotor\tests\common\test_path_isinstance.py:120: Test must be run on Posix os</skipped></testcase><testcase classname="tests.common.test_path_isinstance.TestPathInheritance" name="test_pathlib_posix_path_isinstance_path" time="0.000"><skipped type="pytest.skip" message="Test must be run on Posix os">D:\a\PyKotor\PyKotor\tests\common\test_path_isinstance.py:134: Test must be run on Posix os</skipped></testcase><testcase classname="tests.common.test_path_isinstance.TestPathInheritance" name="test_pathlib_pure_posix_path_isinstance" time="0.000"><skipped type="pytest.skip" message="Test must be run on Posix os">D:\a\PyKotor\PyKotor\tests\common\test_path_isinstance.py:100: Test must be run on Posix os</skipped></testcase><testcase classname="tests.common.test_path_isinstance.TestPathInheritance" name="test_pathlib_pure_windows_path_isinstance" time="0.000" /><testcase classname="tests.common.test_path_isinstance.TestPathInheritance" name="test_pathlib_purepath_not_isinstance_path" time="0.000" /><testcase classname="tests.common.test_path_isinstance.TestPathInheritance" name="test_pathlib_purepath_not_isinstance_posix_path" time="0.000"><skipped type="pytest.skip" message="Test must be run on Posix os">D:\a\PyKotor\PyKotor\tests\common\test_path_isinstance.py:148: Test must be run on Posix os</skipped></testcase><testcase classname="tests.common.test_path_isinstance.TestPathInheritance" name="test_pathlib_purepath_not_isinstance_windows_path" time="0.001" /><testcase classname="tests.common.test_path_isinstance.TestPathInheritance" name="test_pathlib_windows_path_isinstance" time="0.000" /><testcase classname="tests.common.test_path_isinstance.TestPathInheritance" name="test_pathlib_windows_path_isinstance_path" time="0.000" /><testcase classname="tests.common.test_path_isinstance.TestPathInheritance" name="test_posix_path_isinstance" time="0.000"><skipped type="pytest.skip" message="Test must be run on Posix os">D:\a\PyKotor\PyKotor\tests\common\test_path_isinstance.py:64: Test must be run on Posix os</skipped></testcase><testcase classname="tests.common.test_path_isinstance.TestPathInheritance" name="test_posix_path_isinstance_path" time="0.000"><skipped type="pytest.skip" message="Test must be run on Posix os">D:\a\PyKotor\PyKotor\tests\common\test_path_isinstance.py:74: Test must be run on Posix os</skipped></testcase><testcase classname="tests.common.test_path_isinstance.TestPathInheritance" name="test_pure_posix_path_isinstance" time="0.000"><skipped type="pytest.skip" message="Test must be run on Posix os">D:\a\PyKotor\PyKotor\tests\common\test_path_isinstance.py:50: Test must be run on Posix os</skipped></testcase><testcase classname="tests.common.test_path_isinstance.TestPathInheritance" name="test_pure_windows_path_isinstance" time="0.000" /><testcase classname="tests.common.test_path_isinstance.TestPathInheritance" name="test_purepath_not_isinstance_path" time="0.001" /><testcase classname="tests.common.test_path_isinstance.TestPathInheritance" name="test_purepath_not_isinstance_posix_path" time="0.000"><skipped type="pytest.skip" message="Test must be run on Posix os">D:\a\PyKotor\PyKotor\tests\common\test_path_isinstance.py:84: Test must be run on Posix os</skipped></testcase><testcase classname="tests.common.test_path_isinstance.TestPathInheritance" name="test_purepath_not_isinstance_windows_path" time="0.000" /><testcase classname="tests.common.test_path_isinstance.TestPathInheritance" name="test_windows_path_isinstance" time="0.000" /><testcase classname="tests.common.test_path_isinstance.TestPathInheritance" name="test_windows_path_isinstance_path" time="0.001" /><testcase classname="tests.common.test_path_mixed_slash_handling.TestPathlibMixedSlashes" name="test_custom_path_edge_cases_os_specific" time="2.310" /><testcase classname="tests.common.test_path_mixed_slash_handling.TestPathlibMixedSlashes" name="test_custom_path_edge_cases_posix" time="0.001" /><testcase classname="tests.common.test_path_mixed_slash_handling.TestPathlibMixedSlashes" name="test_custom_path_edge_cases_windows" time="0.002" /><testcase classname="tests.common.test_path_mixed_slash_handling.TestPathlibMixedSlashes" name="test_gain_file_access" time="2.046" /><testcase classname="tests.common.test_path_mixed_slash_handling.TestPathlibMixedSlashes" name="test_nt_case_hashing" time="0.002" /><testcase classname="tests.common.test_path_mixed_slash_handling.TestPathlibMixedSlashes" name="test_pathlib_path_edge_cases_os_specific" time="0.001" /><testcase classname="tests.common.test_path_mixed_slash_handling.TestPathlibMixedSlashes" name="test_pathlib_path_edge_cases_posix" time="0.001" /><testcase classname="tests.common.test_path_mixed_slash_handling.TestPathlibMixedSlashes" name="test_pathlib_path_edge_cases_windows" time="0.001" /><testcase classname="tests.common.test_path_mixed_slash_handling.TestPathlibMixedSlashes" name="test_posix_case_hashing" time="0.001" /><testcase classname="tests.common.test_path_mixed_slash_handling.TestPathlibMixedSlashes" name="test_posix_exists_alternatives" time="0.000"><skipped type="pytest.skip" message="Test only supported on POSIX systems.">D:\a\PyKotor\PyKotor\tests\common\test_path_mixed_slash_handling.py:153: Test only supported on POSIX systems.</skipped></testcase><testcase classname="tests.common.test_path_mixed_slash_handling.TestPathlibMixedSlashes" name="test_windows_exists_alternatives_dir" time="0.001" /><testcase classname="tests.common.test_stream.TestBinaryReader" name="test_peek" time="0.001" /><testcase classname="tests.common.test_stream.TestBinaryReader" name="test_position" time="0.000" /><testcase classname="tests.common.test_stream.TestBinaryReader" name="test_read" time="0.001" /><testcase classname="tests.common.test_stream.TestBinaryReader" name="test_remaining" time="0.000" /><testcase classname="tests.common.test_stream.TestBinaryReader" name="test_seek" time="0.000" /><testcase classname="tests.common.test_stream.TestBinaryReader" name="test_size" time="0.000" /><testcase classname="tests.common.test_stream.TestBinaryReader" name="test_skip" time="0.000" /><testcase classname="tests.common.test_stream.TestBinaryReader" name="test_true_size" time="0.000" /><testcase classname="tests.extract.test_capsule.TestCapsule" name="test_erf_capsule" time="0.006" /><testcase classname="tests.extract.test_capsule.TestCapsule" name="test_rim_capsule" time="0.005" /><testcase classname="tests.extract.test_chitin.TestCapsule" name="test_k1_chitin" time="0.000"><skipped type="pytest.skip" message="K1_PATH environment variable is not set or not found on disk.">D:\a\PyKotor\PyKotor\tests\extract\test_chitin.py:38: K1_PATH environment variable is not set or not found on disk.</skipped></testcase><testcase classname="tests.extract.test_chitin.TestCapsule" name="test_k2_chitin" time="0.000"><skipped type="pytest.skip" message="K2_PATH environment variable is not set or not found on disk.">D:\a\PyKotor\PyKotor\tests\extract\test_chitin.py:44: K2_PATH environment variable is not set or not found on disk.</skipped></testcase><testcase classname="tests.extract.test_chitin.TestCapsule" name="test_nwn_chitin" time="0.000"><skipped type="pytest.skip" message="K1_PATH environment variable is not set or not found on disk.">D:\a\PyKotor\PyKotor\tests\extract\test_chitin.py:32: K1_PATH environment variable is not set or not found on disk.</skipped></testcase><testcase classname="tests.extract.test_talktable.TestTalkTable" name="test_batch" time="0.001" /><testcase classname="tests.extract.test_talktable.TestTalkTable" name="test_language" time="0.001" /><testcase classname="tests.extract.test_talktable.TestTalkTable" name="test_size" time="0.001" /><testcase classname="tests.extract.test_talktable.TestTalkTable" name="test_string" time="0.001" /><testcase classname="tests.extract.test_talktable.TestTalkTable" name="test_voiceover" time="0.001" /><testcase classname="tests.resource.test_resource_from_path.TestResourceType" name="test_from_extension" time="0.001" /><testcase classname="tests.resource.test_resource_from_path.TestResourceType" name="test_from_id" time="0.001" /><testcase classname="tests.resource.test_resource_from_path.TestResourceType" name="test_from_invalid" time="0.000" /><testcase classname="tests.resource.test_resource_from_path.TestResourceType" name="test_from_invalid_with_valid_extension" time="0.000" /><testcase classname="tests.resource.test_resource_from_path.TestResourceType" name="test_from_path_long_extension" time="0.002" /><testcase classname="tests.resource.test_resource_from_path.TestResourceType" name="test_resource_type_hashing" time="0.002" /><testcase classname="tests.resource.test_resource_from_path.TestResourceIdentifier" name="test_from_path_empty_file_path" time="0.001" /><testcase classname="tests.resource.test_resource_from_path.TestResourceIdentifier" name="test_from_path_hidden_file" time="0.001" /><testcase classname="tests.resource.test_resource_from_path.TestResourceIdentifier" name="test_from_path_invalid_extension" time="0.002" /><testcase classname="tests.resource.test_resource_from_path.TestResourceIdentifier" name="test_from_path_long_extension" time="0.002" /><testcase classname="tests.resource.test_resource_from_path.TestResourceIdentifier" name="test_from_path_long_suffix_gff_xml" time="0.001" /><testcase classname="tests.resource.test_resource_from_path.TestResourceIdentifier" name="test_from_path_mdl" time="0.001" /><testcase classname="tests.resource.test_resource_from_path.TestResourceIdentifier" name="test_from_path_no_extension" time="0.001" /><testcase classname="tests.resource.test_resource_from_path.TestResourceIdentifier" name="test_from_path_none_file_path" time="0.001" /><testcase classname="tests.resource.test_resource_from_path.TestResourceIdentifier" name="test_from_path_tga" time="0.001" /><testcase classname="tests.resource.test_resource_from_path.TestResourceIdentifier" name="test_from_path_tlk_xml" time="0.002" /><testcase classname="tests.resource.test_resource_from_path.TestResourceIdentifier" name="test_from_path_trailing_dot" time="0.002" /><testcase classname="tests.resource.test_resource_from_path.TestResourceIdentifier" name="test_from_path_wav" time="0.001" /><testcase classname="tests.resource.test_resource_from_path.TestResourceIdentifier" name="test_hashing" time="0.003" /><testcase classname="tests.toolset_tests.gui.editors.test_nss_editor.NSSEditorTest" name="test_placeholder" time="0.001"><skipped type="pytest.skip" message="K2_PATH environment variable is not set or not found on disk.">D:\a\PyKotor\PyKotor\tests\toolset_tests\gui\editors\test_nss_editor.py:108: K2_PATH environment variable is not set or not found on disk.</skipped></testcase><testcase classname="tests.toolset_tests.gui.editors.test_nss_editor.NSSEditorTest" name="test_save_and_load" time="0.000"><skipped type="pytest.skip" message="K2_PATH environment variable is not set or not found on disk.">D:\a\PyKotor\PyKotor\tests\toolset_tests\gui\editors\test_nss_editor.py:77: K2_PATH environment variable is not set or not found on disk.</skipped></testcase><testcase classname="tests.toolset_tests.gui.editors.test_tlk_editor.TLKEditorTest" name="test_save_and_load" time="0.000"><skipped type="pytest.skip" message="K2_PATH environment variable is not set or not found on disk.">D:\a\PyKotor\PyKotor\tests\toolset_tests\gui\editors\test_tlk_editor.py:76: K2_PATH environment variable is not set or not found on disk.</skipped></testcase><testcase classname="tests.toolset_tests.gui.editors.test_tpc_editor.TPCEditorTest" name="test_placeholder" time="0.000"><skipped type="pytest.skip" message="K1_PATH environment variable is not set or not found on disk.">D:\a\PyKotor\PyKotor\tests\toolset_tests\gui\editors\test_tpc_editor.py:66: K1_PATH environment variable is not set or not found on disk.</skipped></testcase><testcase classname="tests.toolset_tests.gui.editors.test_txt_editor.TXTEditorTest" name="test_placeholder" time="0.000"><skipped type="pytest.skip" message="K1_PATH environment variable is not set or not found on disk.">D:\a\PyKotor\PyKotor\tests\toolset_tests\gui\editors\test_txt_editor.py:57: K1_PATH environment variable is not set or not found on disk.</skipped></testcase><testcase classname="tests.tslpatcher.test_memory.TestLocalizedStringDelta" name="test_apply_stringref_2damemory" time="0.001" /><testcase classname="tests.tslpatcher.test_memory.TestLocalizedStringDelta" name="test_apply_stringref_int" time="0.000" /><testcase classname="tests.tslpatcher.test_memory.TestLocalizedStringDelta" name="test_apply_stringref_none" time="0.000" /><testcase classname="tests.tslpatcher.test_memory.TestLocalizedStringDelta" name="test_apply_stringref_tlkmemory" time="0.000" /><testcase classname="tests.tslpatcher.test_memory.TestLocalizedStringDelta" name="test_apply_substring" time="0.000" /><testcase classname="tests.tslpatcher.test_mods.TestManipulateTLK" name="test_apply_append" time="0.001" /><testcase classname="tests.tslpatcher.test_mods.TestManipulateTLK" name="test_apply_replace" time="0.000" /><testcase classname="tests.tslpatcher.test_mods.TestManipulate2DA" name="test_add_2damemory_rowindex" time="0.001" /><testcase classname="tests.tslpatcher.test_mods.TestManipulate2DA" name="test_add_assign_2damemory" time="0.000" /><testcase classname="tests.tslpatcher.test_mods.TestManipulate2DA" name="test_add_assign_high" time="0.000" /><testcase classname="tests.tslpatcher.test_mods.TestManipulate2DA" name="test_add_assign_tlkmemory" time="0.000" /><testcase classname="tests.tslpatcher.test_mods.TestManipulate2DA" name="test_add_exclusive_badcolumn" time="0.000" /><testcase classname="tests.tslpatcher.test_mods.TestManipulate2DA" name="test_add_exclusive_exists" time="0.000" /><testcase classname="tests.tslpatcher.test_mods.TestManipulate2DA" name="test_add_exclusive_none" time="0.000" /><testcase classname="tests.tslpatcher.test_mods.TestManipulate2DA" name="test_add_exclusive_notexists" time="0.000" /><testcase classname="tests.tslpatcher.test_mods.TestManipulate2DA" name="test_add_rowlabel_existing" time="0.001" /><testcase classname="tests.tslpatcher.test_mods.TestManipulate2DA" name="test_add_rowlabel_use_constant" time="0.000" /><testcase classname="tests.tslpatcher.test_mods.TestManipulate2DA" name="test_add_rowlabel_use_maxrowlabel" time="0.000" /><testcase classname="tests.tslpatcher.test_mods.TestManipulate2DA" name="test_addcolumn_2damemory_index" time="0.001" /><testcase classname="tests.tslpatcher.test_mods.TestManipulate2DA" name="test_addcolumn_2damemory_line" time="0.000" /><testcase classname="tests.tslpatcher.test_mods.TestManipulate2DA" name="test_addcolumn_default" time="0.000" /><testcase classname="tests.tslpatcher.test_mods.TestManipulate2DA" name="test_addcolumn_empty" time="0.000" /><testcase classname="tests.tslpatcher.test_mods.TestManipulate2DA" name="test_addcolumn_rowindex_constant" time="0.000" /><testcase classname="tests.tslpatcher.test_mods.TestManipulate2DA" name="test_addcolumn_rowlabel_2damemory" time="0.000" /><testcase classname="tests.tslpatcher.test_mods.TestManipulate2DA" name="test_addcolumn_rowlabel_tlkmemory" time="0.000" /><testcase classname="tests.tslpatcher.test_mods.TestManipulate2DA" name="test_change_assign_2damemory" time="0.000" /><testcase classname="tests.tslpatcher.test_mods.TestManipulate2DA" name="test_change_assign_high" time="0.000" /><testcase classname="tests.tslpatcher.test_mods.TestManipulate2DA" name="test_change_assign_tlkmemory" time="0.001" /><testcase classname="tests.tslpatcher.test_mods.TestManipulate2DA" name="test_change_existing_labelindex" time="0.000" /><testcase classname="tests.tslpatcher.test_mods.TestManipulate2DA" name="test_change_existing_rowindex" time="0.000" /><testcase classname="tests.tslpatcher.test_mods.TestManipulate2DA" name="test_change_existing_rowlabel" time="0.000" /><testcase classname="tests.tslpatcher.test_mods.TestManipulate2DA" name="test_copy_2damemory_rowindex" time="0.000" /><testcase classname="tests.tslpatcher.test_mods.TestManipulate2DA" name="test_copy_assign_2damemory" time="0.000" /><testcase classname="tests.tslpatcher.test_mods.TestManipulate2DA" name="test_copy_assign_high" time="0.000" /><testcase classname="tests.tslpatcher.test_mods.TestManipulate2DA" name="test_copy_assign_tlkmemory" time="0.000" /><testcase classname="tests.tslpatcher.test_mods.TestManipulate2DA" name="test_copy_exclusive_exists" time="0.000" /><testcase classname="tests.tslpatcher.test_mods.TestManipulate2DA" name="test_copy_exclusive_none" time="0.000" /><testcase classname="tests.tslpatcher.test_mods.TestManipulate2DA" name="test_copy_exclusive_notexists" time="0.000" /><testcase classname="tests.tslpatcher.test_mods.TestManipulate2DA" name="test_copy_existing_rowindex" time="0.001" /><testcase classname="tests.tslpatcher.test_mods.TestManipulate2DA" name="test_copy_existing_rowlabel" time="0.000" /><testcase classname="tests.tslpatcher.test_mods.TestManipulate2DA" name="test_copy_set_newrowlabel" time="0.000" /><testcase classname="tests.tslpatcher.test_mods.TestManipulate2DA" name="test_set_2damemory_columnlabel" time="0.000" /><testcase classname="tests.tslpatcher.test_mods.TestManipulate2DA" name="test_set_2damemory_rowindex" time="0.000" /><testcase classname="tests.tslpatcher.test_mods.TestManipulate2DA" name="test_set_2damemory_rowlabel" time="0.001" /><testcase classname="tests.tslpatcher.test_mods.TestManipulateGFF" name="test_add_field_locstring" time="0.001" /><testcase classname="tests.tslpatcher.test_mods.TestManipulateGFF" name="test_add_nested" time="0.001" /><testcase classname="tests.tslpatcher.test_mods.TestManipulateGFF" name="test_add_newnested" time="0.001" /><testcase classname="tests.tslpatcher.test_mods.TestManipulateGFF" name="test_add_use_2damemory" time="0.001" /><testcase classname="tests.tslpatcher.test_mods.TestManipulateGFF" name="test_add_use_tlkmemory" time="0.001" /><testcase classname="tests.tslpatcher.test_mods.TestManipulateGFF" name="test_addlist_listindex" time="0.001" /><testcase classname="tests.tslpatcher.test_mods.TestManipulateGFF" name="test_addlist_store_2damemory" time="0.001" /><testcase classname="tests.tslpatcher.test_mods.TestManipulateGFF" name="test_modify_2damemory" time="0.001" /><testcase classname="tests.tslpatcher.test_mods.TestManipulateGFF" name="test_modify_field_double" time="0.001" /><testcase classname="tests.tslpatcher.test_mods.TestManipulateGFF" name="test_modify_field_int16" time="0.001" /><testcase classname="tests.tslpatcher.test_mods.TestManipulateGFF" name="test_modify_field_int32" time="0.001" /><testcase classname="tests.tslpatcher.test_mods.TestManipulateGFF" name="test_modify_field_int64" time="0.001" /><testcase classname="tests.tslpatcher.test_mods.TestManipulateGFF" name="test_modify_field_int8" time="0.001" /><testcase classname="tests.tslpatcher.test_mods.TestManipulateGFF" name="test_modify_field_locstring" time="0.001" /><testcase classname="tests.tslpatcher.test_mods.TestManipulateGFF" name="test_modify_field_single" time="0.001" /><testcase classname="tests.tslpatcher.test_mods.TestManipulateGFF" name="test_modify_field_string" time="0.001" /><testcase classname="tests.tslpatcher.test_mods.TestManipulateGFF" name="test_modify_field_uint16" time="0.001" /><testcase classname="tests.tslpatcher.test_mods.TestManipulateGFF" name="test_modify_field_uint32" time="0.001" /><testcase classname="tests.tslpatcher.test_mods.TestManipulateGFF" name="test_modify_field_uint64" time="0.001" /><testcase classname="tests.tslpatcher.test_mods.TestManipulateGFF" name="test_modify_field_uint8" time="0.001" /><testcase classname="tests.tslpatcher.test_mods.TestManipulateGFF" name="test_modify_field_vector3" time="0.001" /><testcase classname="tests.tslpatcher.test_mods.TestManipulateGFF" name="test_modify_field_vector4" time="0.001" /><testcase classname="tests.tslpatcher.test_mods.TestManipulateGFF" name="test_modify_nested" time="0.001" /><testcase classname="tests.tslpatcher.test_mods.TestManipulateGFF" name="test_modify_tlkmemory" time="0.001" /><testcase classname="tests.tslpatcher.test_mods.TestManipulateSSF" name="test_assign_2datoken" time="0.001" /><testcase classname="tests.tslpatcher.test_mods.TestManipulateSSF" name="test_assign_int" time="0.001" /><testcase classname="tests.tslpatcher.test_mods.TestManipulateSSF" name="test_assign_tlktoken" time="0.001" /><testcase classname="tests.tslpatcher.test_reader.TestConfigReader" name="test_2da_addcolumn_2damemory" time="0.007" /><testcase classname="tests.tslpatcher.test_reader.TestConfigReader" name="test_2da_addcolumn_basic" time="0.006" /><testcase classname="tests.tslpatcher.test_reader.TestConfigReader" name="test_2da_addcolumn_indexinsert" time="0.006" /><testcase classname="tests.tslpatcher.test_reader.TestConfigReader" name="test_2da_addcolumn_labelinsert" time="0.007" /><testcase classname="tests.tslpatcher.test_reader.TestConfigReader" name="test_2da_addrow_cells" time="0.006" /><testcase classname="tests.tslpatcher.test_reader.TestConfigReader" name="test_2da_addrow_exclusivecolumn" time="0.006" /><testcase classname="tests.tslpatcher.test_reader.TestConfigReader" name="test_2da_addrow_identifier" time="0.006" /><testcase classname="tests.tslpatcher.test_reader.TestConfigReader" name="test_2da_addrow_rowlabel" time="0.006" /><testcase classname="tests.tslpatcher.test_reader.TestConfigReader" name="test_2da_addrow_store2da" time="0.006" /><testcase classname="tests.tslpatcher.test_reader.TestConfigReader" name="test_2da_changerow_cells" time="0.006" /><testcase classname="tests.tslpatcher.test_reader.TestConfigReader" name="test_2da_changerow_identifier" time="0.006" /><testcase classname="tests.tslpatcher.test_reader.TestConfigReader" name="test_2da_changerow_store2da" time="0.006" /><testcase classname="tests.tslpatcher.test_reader.TestConfigReader" name="test_2da_changerow_targets" time="0.006" /><testcase classname="tests.tslpatcher.test_reader.TestConfigReader" name="test_2da_copyrow_cells" time="0.006" /><testcase classname="tests.tslpatcher.test_reader.TestConfigReader" name="test_2da_copyrow_exclusivecolumn" time="0.006" /><testcase classname="tests.tslpatcher.test_reader.TestConfigReader" name="test_2da_copyrow_high" time="0.007" /><testcase classname="tests.tslpatcher.test_reader.TestConfigReader" name="test_2da_copyrow_identifier" time="0.006" /><testcase classname="tests.tslpatcher.test_reader.TestConfigReader" name="test_2da_copyrow_rowlabel" time="0.006" /><testcase classname="tests.tslpatcher.test_reader.TestConfigReader" name="test_2da_copyrow_store2da" time="0.006" /><testcase classname="tests.tslpatcher.test_reader.TestConfigReader" name="test_2da_copyrow_target" time="0.006" /><testcase classname="tests.tslpatcher.test_reader.TestConfigReader" name="test_gff_add_floats" time="0.006" /><testcase classname="tests.tslpatcher.test_reader.TestConfigReader" name="test_gff_add_inside_list" time="0.006" /><testcase classname="tests.tslpatcher.test_reader.TestConfigReader" name="test_gff_add_inside_struct" time="0.006" /><testcase classname="tests.tslpatcher.test_reader.TestConfigReader" name="test_gff_add_ints" time="0.008" /><testcase classname="tests.tslpatcher.test_reader.TestConfigReader" name="test_gff_add_locstring" time="0.006" /><testcase classname="tests.tslpatcher.test_reader.TestConfigReader" name="test_gff_add_resref" time="0.006" /><testcase classname="tests.tslpatcher.test_reader.TestConfigReader" name="test_gff_add_string" time="0.006" /><testcase classname="tests.tslpatcher.test_reader.TestConfigReader" name="test_gff_add_vector3" time="0.006" /><testcase classname="tests.tslpatcher.test_reader.TestConfigReader" name="test_gff_add_vector4" time="0.006" /><testcase classname="tests.tslpatcher.test_reader.TestConfigReader" name="test_gff_modify_2damemory" time="0.006" /><testcase classname="tests.tslpatcher.test_reader.TestConfigReader" name="test_gff_modify_pathing" time="0.006" /><testcase classname="tests.tslpatcher.test_reader.TestConfigReader" name="test_gff_modify_tlkmemory" time="0.006" /><testcase classname="tests.tslpatcher.test_reader.TestConfigReader" name="test_gff_modify_type_int" time="0.006" /><testcase classname="tests.tslpatcher.test_reader.TestConfigReader" name="test_gff_modify_type_locstring" time="0.006" /><testcase classname="tests.tslpatcher.test_reader.TestConfigReader" name="test_gff_modify_type_string" time="0.006" /><testcase classname="tests.tslpatcher.test_reader.TestConfigReader" name="test_gff_modify_type_vector3" time="0.006" /><testcase classname="tests.tslpatcher.test_reader.TestConfigReader" name="test_gff_modify_type_vector4" time="0.006" /><testcase classname="tests.tslpatcher.test_reader.TestConfigReader" name="test_ssf_replace" time="0.006" /><testcase classname="tests.tslpatcher.test_reader.TestConfigReader" name="test_ssf_set" time="0.009" /><testcase classname="tests.tslpatcher.test_reader.TestConfigReader" name="test_ssf_stored_2da" time="0.006" /><testcase classname="tests.tslpatcher.test_reader.TestConfigReader" name="test_ssf_stored_constant" time="0.006" /><testcase classname="tests.tslpatcher.test_reader.TestConfigReader" name="test_ssf_stored_tlk" time="0.006" /><testcase classname="tests.tslpatcher.test_reader.TestConfigReader" name="test_tlk_complex_changes" time="0.032" /><testcase classname="tests.tslpatcher.test_reader.TestConfigReader" name="test_tlk_file_ignore_functionality" time="0.008" /><testcase classname="tests.tslpatcher.test_reader.TestConfigReader" name="test_tlk_file_range_functionality" time="0.008" /><testcase classname="tests.tslpatcher.test_reader.TestConfigReader" name="test_tlk_range_functionality" time="0.008" /><testcase classname="tests.tslpatcher.test_reader.TestConfigReader" name="test_tlk_strref_default_functionality" time="0.008" /><testcase classname="tests.tslpatcher.test_reader.TestConfigReader" name="test_tlk_strref_ignore_functionality" time="0.007"><failure message="ValueError: Could not parse 'StrRef0to4=2-6' in [TLKList]">E   ValueError: invalid literal for int() with base 10: CaseInsensitiveWrappedStr(o4)

The above exception was the direct cause of the following exception:
E   ValueError: Could not parse 'StrRef0to4=2-6' in [TLKList]</failure></testcase><testcase classname="tests.tslpatcher.test_reader.TestConfigReader" name="test_tlk_strref_range_functionality" time="0.008" /></testsuite></testsuites>