<?xml version="1.0" encoding="utf-8"?><testsuites><testsuite name="pytest" errors="1" failures="239" skipped="150" tests="716" time="12.019" timestamp="2024-09-30T05:19:35.716950+00:00" hostname="fv-az741-252"><testcase classname="" name="tests.resource.formats" time="0.000"><error message="collection failure">E   AttributeError: type object 'Path' has no attribute 'pathify'</error></testcase><testcase classname="tests.common.test_case_aware_path.TestCaseAwarePath" name="test_endswith" time="0.001"><failure message="AttributeError: 'CaseAwarePath' object has no attribute 'endswith'">E   AttributeError: 'CaseAwarePath' object has no attribute 'endswith'</failure></testcase><testcase classname="tests.common.test_case_aware_path.TestCaseAwarePath" name="test_find_closest_match" time="0.005"><failure message="RecursionError: maximum recursion depth exceeded in comparison">E   RecursionError: maximum recursion depth exceeded in comparison
!!! Recursion error detected, but an error occurred locating the origin of recursion.
  The following exception happened when comparing locals in the stack frame:
    RecursionError: maximum recursion depth exceeded in comparison
  Displaying first and last 10 stack frames out of 962.</failure></testcase><testcase classname="tests.common.test_case_aware_path.TestCaseAwarePath" name="test_fix_path_formatting" time="0.000"><failure message="AttributeError: type object 'CaseAwarePath' has no attribute 'str_norm'">E   AttributeError: type object 'CaseAwarePath' has no attribute 'str_norm'</failure></testcase><testcase classname="tests.common.test_case_aware_path.TestCaseAwarePath" name="test_get_matching_characters_count" time="0.000" /><testcase classname="tests.common.test_case_aware_path.TestCaseAwarePath" name="test_hashing" time="0.005"><failure message="RecursionError: maximum recursion depth exceeded in comparison">E   RecursionError: maximum recursion depth exceeded in comparison
!!! Recursion error detected, but an error occurred locating the origin of recursion.
  The following exception happened when comparing locals in the stack frame:
    RecursionError: maximum recursion depth exceeded in comparison
  Displaying first and last 10 stack frames out of 486.</failure></testcase><testcase classname="tests.common.test_case_aware_path.TestCaseAwarePath" name="test_new_invalid_argument" time="0.000" /><testcase classname="tests.common.test_case_aware_path.TestCaseAwarePath" name="test_new_valid_str_argument" time="0.000" /><testcase classname="tests.common.test_case_aware_path.TestCaseAwarePath" name="test_relative_to_abspath" time="0.009"><failure message="RecursionError: maximum recursion depth exceeded in comparison">E   RecursionError: maximum recursion depth exceeded in comparison
!!! Recursion error detected, but an error occurred locating the origin of recursion.
  The following exception happened when comparing locals in the stack frame:
    RecursionError: maximum recursion depth exceeded in comparison
  Displaying first and last 10 stack frames out of 962.</failure></testcase><testcase classname="tests.common.test_case_aware_path.TestCaseAwarePath" name="test_relative_to_abspath_case_sensitive" time="0.009"><failure message="RecursionError: maximum recursion depth exceeded in comparison">E   RecursionError: maximum recursion depth exceeded in comparison
!!! Recursion error detected, but an error occurred locating the origin of recursion.
  The following exception happened when comparing locals in the stack frame:
    RecursionError: maximum recursion depth exceeded in comparison
  Displaying first and last 10 stack frames out of 962.</failure></testcase><testcase classname="tests.common.test_case_aware_path.TestCaseAwarePath" name="test_relative_to_relpath" time="0.008"><failure message="RecursionError: maximum recursion depth exceeded in comparison">E   RecursionError: maximum recursion depth exceeded in comparison
!!! Recursion error detected, but an error occurred locating the origin of recursion.
  The following exception happened when comparing locals in the stack frame:
    RecursionError: maximum recursion depth exceeded in comparison
  Displaying first and last 10 stack frames out of 962.</failure></testcase><testcase classname="tests.common.test_case_aware_path.TestCaseAwarePath" name="test_relative_to_relpath_case_sensitive" time="0.008"><failure message="RecursionError: maximum recursion depth exceeded in comparison">E   RecursionError: maximum recursion depth exceeded in comparison
!!! Recursion error detected, but an error occurred locating the origin of recursion.
  The following exception happened when comparing locals in the stack frame:
    RecursionError: maximum recursion depth exceeded in comparison
  Displaying first and last 10 stack frames out of 962.</failure></testcase><testcase classname="tests.common.test_case_aware_path.TestCaseAwarePath" name="test_valid_name_property" time="0.007"><failure message="RecursionError: maximum recursion depth exceeded in comparison">E   RecursionError: maximum recursion depth exceeded in comparison
!!! Recursion error detected, but an error occurred locating the origin of recursion.
  The following exception happened when comparing locals in the stack frame:
    RecursionError: maximum recursion depth exceeded in comparison
  Displaying first and last 10 stack frames out of 962.</failure></testcase><testcase classname="tests.common.test_case_aware_path.TestCaseAwarePath" name="test_valid_name_property_on_pathlib_path" time="0.006"><failure message="RecursionError: maximum recursion depth exceeded in comparison">E   RecursionError: maximum recursion depth exceeded in comparison
!!! Recursion error detected, but an error occurred locating the origin of recursion.
  The following exception happened when comparing locals in the stack frame:
    RecursionError: maximum recursion depth exceeded in comparison
  Displaying first and last 10 stack frames out of 962.</failure></testcase><testcase classname="tests.common.test_case_aware_path.TestSplitFilename" name="test_invalid_dots" time="0.001"><failure message="AttributeError: 'CaseAwarePath' object has no attribute 'split_filename'">E   AttributeError: 'CaseAwarePath' object has no attribute 'split_filename'</failure></testcase><testcase classname="tests.common.test_case_aware_path.TestSplitFilename" name="test_more_dots_than_parts" time="0.000"><failure message="AttributeError: 'CaseAwarePath' object has no attribute 'split_filename'">E   AttributeError: 'CaseAwarePath' object has no attribute 'split_filename'</failure></testcase><testcase classname="tests.common.test_case_aware_path.TestSplitFilename" name="test_multiple_dots" time="0.000"><failure message="AttributeError: 'CaseAwarePath' object has no attribute 'split_filename'">E   AttributeError: 'CaseAwarePath' object has no attribute 'split_filename'</failure></testcase><testcase classname="tests.common.test_case_aware_path.TestSplitFilename" name="test_negative_dots" time="0.000"><failure message="AttributeError: 'CaseAwarePath' object has no attribute 'split_filename'">E   AttributeError: 'CaseAwarePath' object has no attribute 'split_filename'</failure></testcase><testcase classname="tests.common.test_case_aware_path.TestSplitFilename" name="test_no_dots" time="0.000"><failure message="AttributeError: 'CaseAwarePath' object has no attribute 'split_filename'">E   AttributeError: 'CaseAwarePath' object has no attribute 'split_filename'</failure></testcase><testcase classname="tests.common.test_case_aware_path.TestSplitFilename" name="test_normal" time="0.000"><failure message="AttributeError: 'CaseAwarePath' object has no attribute 'split_filename'">E   AttributeError: 'CaseAwarePath' object has no attribute 'split_filename'</failure></testcase><testcase classname="tests.common.test_case_aware_path.TestIsRelativeTo" name="test_basic" time="0.008"><failure message="RecursionError: maximum recursion depth exceeded in comparison">E   RecursionError: maximum recursion depth exceeded in comparison
!!! Recursion error detected, but an error occurred locating the origin of recursion.
  The following exception happened when comparing locals in the stack frame:
    RecursionError: maximum recursion depth exceeded in comparison
  Displaying first and last 10 stack frames out of 962.</failure></testcase><testcase classname="tests.common.test_case_aware_path.TestIsRelativeTo" name="test_case_insensitive" time="0.007"><failure message="RecursionError: maximum recursion depth exceeded in comparison">E   RecursionError: maximum recursion depth exceeded in comparison
!!! Recursion error detected, but an error occurred locating the origin of recursion.
  The following exception happened when comparing locals in the stack frame:
    RecursionError: maximum recursion depth exceeded in comparison
  Displaying first and last 10 stack frames out of 962.</failure></testcase><testcase classname="tests.common.test_case_aware_path.TestIsRelativeTo" name="test_different_paths" time="0.008"><failure message="RecursionError: maximum recursion depth exceeded in comparison">E   RecursionError: maximum recursion depth exceeded in comparison
!!! Recursion error detected, but an error occurred locating the origin of recursion.
  The following exception happened when comparing locals in the stack frame:
    RecursionError: maximum recursion depth exceeded in comparison
  Displaying first and last 10 stack frames out of 962.</failure></testcase><testcase classname="tests.common.test_case_aware_path.TestIsRelativeTo" name="test_not_path" time="0.006"><failure message="RecursionError: maximum recursion depth exceeded in comparison">E   RecursionError: maximum recursion depth exceeded in comparison
!!! Recursion error detected, but an error occurred locating the origin of recursion.
  The following exception happened when comparing locals in the stack frame:
    RecursionError: maximum recursion depth exceeded in comparison
  Displaying first and last 10 stack frames out of 962.</failure></testcase><testcase classname="tests.common.test_case_aware_path.TestIsRelativeTo" name="test_relative_paths" time="0.006"><failure message="RecursionError: maximum recursion depth exceeded in comparison">E   RecursionError: maximum recursion depth exceeded in comparison
!!! Recursion error detected, but an error occurred locating the origin of recursion.
  The following exception happened when comparing locals in the stack frame:
    RecursionError: maximum recursion depth exceeded in comparison
  Displaying first and last 10 stack frames out of 962.</failure></testcase><testcase classname="tests.common.test_case_aware_path.TestIsRelativeTo" name="test_same_path" time="0.006"><failure message="RecursionError: maximum recursion depth exceeded in comparison">E   RecursionError: maximum recursion depth exceeded in comparison
!!! Recursion error detected, but an error occurred locating the origin of recursion.
  The following exception happened when comparing locals in the stack frame:
    RecursionError: maximum recursion depth exceeded in comparison
  Displaying first and last 10 stack frames out of 962.</failure></testcase><testcase classname="tests.common.test_consumer_manager.TestConsumerManagerMainThreadAsync" name="test_add_task" time="0.001"><failure message="AttributeError: 'TestConsumerManagerMainThreadAsync' object has no attribute 'manager'">E   AttributeError: 'TestConsumerManagerMainThreadAsync' object has no attribute 'manager'</failure></testcase><testcase classname="tests.common.test_consumer_manager.TestConsumerManagerMainThreadAsync" name="test_async_get_results" time="0.000"><failure message="AttributeError: 'TestConsumerManagerMainThreadAsync' object has no attribute 'manager'">E   AttributeError: 'TestConsumerManagerMainThreadAsync' object has no attribute 'manager'</failure></testcase><testcase classname="tests.common.test_consumer_manager.TestConsumerManagerMainThreadAsync" name="test_consumer_start_and_stop" time="0.000"><failure message="AttributeError: 'TestConsumerManagerMainThreadAsync' object has no attribute 'manager'">E   AttributeError: 'TestConsumerManagerMainThreadAsync' object has no attribute 'manager'</failure></testcase><testcase classname="tests.common.test_consumer_manager.TestConsumerManagerMainThreadAsync" name="test_discard_remaining_tasks" time="0.000"><failure message="AttributeError: 'TestConsumerManagerMainThreadAsync' object has no attribute 'manager'">E   AttributeError: 'TestConsumerManagerMainThreadAsync' object has no attribute 'manager'</failure></testcase><testcase classname="tests.common.test_consumer_manager.TestConsumerManagerMainThreadAsync" name="test_exception_handling_in_task" time="0.000"><failure message="AttributeError: 'TestConsumerManagerMainThreadAsync' object has no attribute 'manager'">E   AttributeError: 'TestConsumerManagerMainThreadAsync' object has no attribute 'manager'</failure></testcase><testcase classname="tests.common.test_consumer_manager.TestConsumerManagerMainThreadAsync" name="test_get_results" time="0.000"><failure message="AttributeError: 'TestConsumerManagerMainThreadAsync' object has no attribute 'manager'">E   AttributeError: 'TestConsumerManagerMainThreadAsync' object has no attribute 'manager'</failure></testcase><testcase classname="tests.common.test_consumer_manager.TestConsumerManagerMainThreadAsync" name="test_initialization" time="0.000"><failure message="AttributeError: 'TestConsumerManagerMainThreadAsync' object has no attribute 'manager'">E   AttributeError: 'TestConsumerManagerMainThreadAsync' object has no attribute 'manager'</failure></testcase><testcase classname="tests.common.test_consumer_manager.TestConsumerManagerMainThreadAsync" name="test_is_running" time="0.000"><failure message="AttributeError: 'TestConsumerManagerMainThreadAsync' object has no attribute 'manager'">E   AttributeError: 'TestConsumerManagerMainThreadAsync' object has no attribute 'manager'</failure></testcase><testcase classname="tests.common.test_consumer_manager.TestConsumerManagerMainThreadAsync" name="test_is_running_async" time="0.000"><failure message="AttributeError: 'TestConsumerManagerMainThreadAsync' object has no attribute 'loop'">E   AttributeError: 'TestConsumerManagerMainThreadAsync' object has no attribute 'loop'</failure></testcase><testcase classname="tests.common.test_consumer_manager.TestConsumerManagerMainThreadAsync" name="test_process_remaining_tasks" time="0.000"><failure message="AttributeError: 'TestConsumerManagerMainThreadAsync' object has no attribute 'manager'">E   AttributeError: 'TestConsumerManagerMainThreadAsync' object has no attribute 'manager'</failure></testcase><testcase classname="tests.common.test_consumer_manager.TestConsumerManagerMainThreadAsync" name="test_queue_stop_event" time="0.000"><failure message="AttributeError: 'TestConsumerManagerMainThreadAsync' object has no attribute 'manager'">E   AttributeError: 'TestConsumerManagerMainThreadAsync' object has no attribute 'manager'</failure></testcase><testcase classname="tests.common.test_consumer_manager.TestConsumerManagerMainThreadAsync" name="test_run_and_process_tasks" time="0.000"><failure message="AttributeError: 'TestConsumerManagerMainThreadAsync' object has no attribute 'manager'">E   AttributeError: 'TestConsumerManagerMainThreadAsync' object has no attribute 'manager'</failure></testcase><testcase classname="tests.common.test_consumer_manager.TestConsumerManagerMainThreadAsync" name="test_singleton_behavior" time="0.015"><failure message="RuntimeError: no running event loop">E   RuntimeError: no running event loop</failure></testcase><testcase classname="tests.common.test_decode_fallbacks.TestDecodeBytes" name="test_8bit_encoding_only" time="0.222" /><testcase classname="tests.common.test_decode_fallbacks.TestDecodeBytes" name="test_basic" time="0.001" /><testcase classname="tests.common.test_decode_fallbacks.TestDecodeBytes" name="test_bom" time="0.003" /><testcase classname="tests.common.test_decode_fallbacks.TestDecodeBytes" name="test_errors_replace" time="0.001" /><testcase classname="tests.common.test_decode_fallbacks.TestDecodeBytes" name="test_fallback_to_detected_encoding" time="0.010" /><testcase classname="tests.common.test_decode_fallbacks.TestDecodeBytes" name="test_invalid_bytes_for_encoding" time="0.000" /><testcase classname="tests.common.test_decode_fallbacks.TestDecodeBytes" name="test_known_encoding" time="0.000" /><testcase classname="tests.common.test_decode_fallbacks.TestDecodeBytes" name="test_language_detect" time="0.001" /><testcase classname="tests.common.test_decode_fallbacks.TestDecodeBytes" name="test_language_provided" time="0.000" /><testcase classname="tests.common.test_decode_fallbacks.TestDecodeBytes" name="test_no_valid_encoding_found_strict_errors" time="0.008" /><testcase classname="tests.common.test_decode_fallbacks.TestDecodeBytes" name="test_non_ascii" time="0.001" /><testcase classname="tests.common.test_decode_fallbacks.TestDecodeBytes" name="test_strict_error_handling_decoding_failure" time="0.000"><failure message="UnicodeDecodeError: 'ascii' codec can't decode byte 0x80 in position 0: ordinal not in range(128)">E   UnicodeDecodeError: 'ascii' codec can't decode byte 0x80 in position 0: ordinal not in range(128)</failure></testcase><testcase classname="tests.common.test_decode_fallbacks.TestDecodeBytes" name="test_undetectable_encoding_replace_errors" time="0.002" /><testcase classname="tests.common.test_decode_fallbacks.TestDecodeBytes" name="test_unknown_encoding" time="0.002" /><testcase classname="tests.common.test_decode_fallbacks.TestDecodeBytes" name="test_with_BOM_included" time="0.001" /><testcase classname="tests.common.test_geometry.TestVector2" name="test_from_vector2" time="0.000" /><testcase classname="tests.common.test_geometry.TestVector2" name="test_from_vector3" time="0.001" /><testcase classname="tests.common.test_geometry.TestVector2" name="test_from_vector4" time="0.000" /><testcase classname="tests.common.test_geometry.TestVector2" name="test_unpacking" time="0.000" /><testcase classname="tests.common.test_geometry.TestVector3" name="test_from_vector2" time="0.000" /><testcase classname="tests.common.test_geometry.TestVector3" name="test_from_vector3" time="0.000" /><testcase classname="tests.common.test_geometry.TestVector3" name="test_from_vector4" time="0.000" /><testcase classname="tests.common.test_geometry.TestVector3" name="test_unpacking" time="0.000" /><testcase classname="tests.common.test_geometry.TestVector4" name="test_from_euler" time="0.001" /><testcase classname="tests.common.test_geometry.TestVector4" name="test_from_vector2" time="0.000" /><testcase classname="tests.common.test_geometry.TestVector4" name="test_from_vector3" time="0.000" /><testcase classname="tests.common.test_geometry.TestVector4" name="test_from_vector4" time="0.000" /><testcase classname="tests.common.test_geometry.TestVector4" name="test_unpacking" time="0.000" /><testcase classname="tests.common.test_geometry.TestFace" name="test_determine_z" time="0.001" /><testcase classname="tests.common.test_geometry.TestPolygon2" name="test_area" time="0.000" /><testcase classname="tests.common.test_geometry.TestPolygon2" name="test_inside" time="0.000" /><testcase classname="tests.common.test_get_case_sensitive_path.TestCaseAwarePath" name="test_cascading_file_creation" time="0.000"><skipped type="pytest.skip" message="Test not available on Windows">D:\a\PyKotor\PyKotor\tests\common\test_get_case_sensitive_path.py:169: Test not available on Windows</skipped></testcase><testcase classname="tests.common.test_get_case_sensitive_path.TestCaseAwarePath" name="test_case_change_after_creation" time="0.000"><skipped type="pytest.skip" message="Test not available on Windows">D:\a\PyKotor\PyKotor\tests\common\test_get_case_sensitive_path.py:91: Test not available on Windows</skipped></testcase><testcase classname="tests.common.test_get_case_sensitive_path.TestCaseAwarePath" name="test_chmod" time="0.000"><skipped type="pytest.skip" message="Test not available on Windows">D:\a\PyKotor\PyKotor\tests\common\test_get_case_sensitive_path.py:193: Test not available on Windows</skipped></testcase><testcase classname="tests.common.test_get_case_sensitive_path.TestCaseAwarePath" name="test_complex_case_changes" time="0.000"><skipped type="pytest.skip" message="Test not available on Windows">D:\a\PyKotor\PyKotor\tests\common\test_get_case_sensitive_path.py:105: Test not available on Windows</skipped></testcase><testcase classname="tests.common.test_get_case_sensitive_path.TestCaseAwarePath" name="test_deep_directory_truediv" time="0.000"><skipped type="pytest.skip" message="Test not available on Windows">D:\a\PyKotor\PyKotor\tests\common\test_get_case_sensitive_path.py:151: Test not available on Windows</skipped></testcase><testcase classname="tests.common.test_get_case_sensitive_path.TestCaseAwarePath" name="test_hardlink_to" time="0.000"><skipped type="pytest.skip" message="Test not available on Windows">D:\a\PyKotor\PyKotor\tests\common\test_get_case_sensitive_path.py:271: Test not available on Windows</skipped></testcase><testcase classname="tests.common.test_get_case_sensitive_path.TestCaseAwarePath" name="test_join_with_nonexistent_path" time="0.000"><skipped type="pytest.skip" message="Test not available on Windows">D:\a\PyKotor\PyKotor\tests\common\test_get_case_sensitive_path.py:39: Test not available on Windows</skipped></testcase><testcase classname="tests.common.test_get_case_sensitive_path.TestCaseAwarePath" name="test_joinpath_chain" time="0.000"><skipped type="pytest.skip" message="Test not available on Windows">D:\a\PyKotor\PyKotor\tests\common\test_get_case_sensitive_path.py:131: Test not available on Windows</skipped></testcase><testcase classname="tests.common.test_get_case_sensitive_path.TestCaseAwarePath" name="test_make_and_parse_uri" time="0.000"><skipped type="pytest.skip" message="Test not available on Windows">D:\a\PyKotor\PyKotor\tests\common\test_get_case_sensitive_path.py:59: Test not available on Windows</skipped></testcase><testcase classname="tests.common.test_get_case_sensitive_path.TestCaseAwarePath" name="test_mixed_case_creation_and_deletion" time="0.000"><skipped type="pytest.skip" message="Test not available on Windows">D:\a\PyKotor\PyKotor\tests\common\test_get_case_sensitive_path.py:118: Test not available on Windows</skipped></testcase><testcase classname="tests.common.test_get_case_sensitive_path.TestCaseAwarePath" name="test_open_read_write" time="0.000"><skipped type="pytest.skip" message="Test not available on Windows">D:\a\PyKotor\PyKotor\tests\common\test_get_case_sensitive_path.py:206: Test not available on Windows</skipped></testcase><testcase classname="tests.common.test_get_case_sensitive_path.TestCaseAwarePath" name="test_recursive_directory_creation" time="0.000"><skipped type="pytest.skip" message="Test not available on Windows">D:\a\PyKotor\PyKotor\tests\common\test_get_case_sensitive_path.py:161: Test not available on Windows</skipped></testcase><testcase classname="tests.common.test_get_case_sensitive_path.TestCaseAwarePath" name="test_relative_to" time="0.000"><skipped type="pytest.skip" message="Test not available on Windows">D:\a\PyKotor\PyKotor\tests\common\test_get_case_sensitive_path.py:178: Test not available on Windows</skipped></testcase><testcase classname="tests.common.test_get_case_sensitive_path.TestCaseAwarePath" name="test_rename" time="0.000"><skipped type="pytest.skip" message="Test not available on Windows">D:\a\PyKotor\PyKotor\tests\common\test_get_case_sensitive_path.py:247: Test not available on Windows</skipped></testcase><testcase classname="tests.common.test_get_case_sensitive_path.TestCaseAwarePath" name="test_replace" time="0.000"><skipped type="pytest.skip" message="Test not available on Windows">D:\a\PyKotor\PyKotor\tests\common\test_get_case_sensitive_path.py:230: Test not available on Windows</skipped></testcase><testcase classname="tests.common.test_get_case_sensitive_path.TestCaseAwarePath" name="test_rtruediv" time="0.000"><skipped type="pytest.skip" message="Test not available on Windows">D:\a\PyKotor\PyKotor\tests\common\test_get_case_sensitive_path.py:50: Test not available on Windows</skipped></testcase><testcase classname="tests.common.test_get_case_sensitive_path.TestCaseAwarePath" name="test_samefile" time="0.000"><skipped type="pytest.skip" message="Test not available on Windows">D:\a\PyKotor\PyKotor\tests\common\test_get_case_sensitive_path.py:222: Test not available on Windows</skipped></testcase><testcase classname="tests.common.test_get_case_sensitive_path.TestCaseAwarePath" name="test_symlink_to" time="0.000"><skipped type="pytest.skip" message="Test not available on Windows">D:\a\PyKotor\PyKotor\tests\common\test_get_case_sensitive_path.py:259: Test not available on Windows</skipped></testcase><testcase classname="tests.common.test_get_case_sensitive_path.TestCaseAwarePath" name="test_touch" time="0.000"><skipped type="pytest.skip" message="Test not available on Windows">D:\a\PyKotor\PyKotor\tests\common\test_get_case_sensitive_path.py:218: Test not available on Windows</skipped></testcase><testcase classname="tests.common.test_get_case_sensitive_path.TestCaseAwarePath" name="test_truediv_equivalent_to_joinpath" time="0.000"><skipped type="pytest.skip" message="Test not available on Windows">D:\a\PyKotor\PyKotor\tests\common\test_get_case_sensitive_path.py:45: Test not available on Windows</skipped></testcase><testcase classname="tests.common.test_path_extras.TestPathExtras" name="test_gain_file_access" time="1.818"><failure message="AttributeError: 'WindowsPath' object has no attribute 'has_access'">E   AttributeError: 'WindowsPath' object has no attribute 'has_access'</failure></testcase><testcase classname="tests.common.test_path_isinstance.TestPathInheritance" name="test_nt_case_hashing" time="0.001" /><testcase classname="tests.common.test_path_isinstance.TestPathInheritance" name="test_path_attributes" time="0.000" /><testcase classname="tests.common.test_path_isinstance.TestPathInheritance" name="test_path_hashing" time="0.000" /><testcase classname="tests.common.test_path_isinstance.TestPathInheritance" name="test_path_isinstance" time="0.000" /><testcase classname="tests.common.test_path_isinstance.TestPathInheritance" name="test_pathlib_path_isinstance" time="0.000" /><testcase classname="tests.common.test_path_isinstance.TestPathInheritance" name="test_pathlib_posix_path_isinstance" time="0.000"><skipped type="pytest.skip" message="Test must be run on Posix os">D:\a\PyKotor\PyKotor\tests\common\test_path_isinstance.py:150: Test must be run on Posix os</skipped></testcase><testcase classname="tests.common.test_path_isinstance.TestPathInheritance" name="test_pathlib_posix_path_isinstance_path" time="0.000"><skipped type="pytest.skip" message="Test must be run on Posix os">D:\a\PyKotor\PyKotor\tests\common\test_path_isinstance.py:164: Test must be run on Posix os</skipped></testcase><testcase classname="tests.common.test_path_isinstance.TestPathInheritance" name="test_pathlib_pure_posix_path_isinstance" time="0.000"><skipped type="pytest.skip" message="Test must be run on Posix os">D:\a\PyKotor\PyKotor\tests\common\test_path_isinstance.py:130: Test must be run on Posix os</skipped></testcase><testcase classname="tests.common.test_path_isinstance.TestPathInheritance" name="test_pathlib_pure_windows_path_isinstance" time="0.000" /><testcase classname="tests.common.test_path_isinstance.TestPathInheritance" name="test_pathlib_purepath_not_isinstance_path" time="0.000" /><testcase classname="tests.common.test_path_isinstance.TestPathInheritance" name="test_pathlib_purepath_not_isinstance_posix_path" time="0.000"><skipped type="pytest.skip" message="Test must be run on Posix os">D:\a\PyKotor\PyKotor\tests\common\test_path_isinstance.py:178: Test must be run on Posix os</skipped></testcase><testcase classname="tests.common.test_path_isinstance.TestPathInheritance" name="test_pathlib_purepath_not_isinstance_windows_path" time="0.000" /><testcase classname="tests.common.test_path_isinstance.TestPathInheritance" name="test_pathlib_windows_path_isinstance" time="0.000" /><testcase classname="tests.common.test_path_isinstance.TestPathInheritance" name="test_pathlib_windows_path_isinstance_path" time="0.000" /><testcase classname="tests.common.test_path_isinstance.TestPathInheritance" name="test_posix_path_isinstance" time="0.000"><skipped type="pytest.skip" message="Test must be run on Posix os">D:\a\PyKotor\PyKotor\tests\common\test_path_isinstance.py:95: Test must be run on Posix os</skipped></testcase><testcase classname="tests.common.test_path_isinstance.TestPathInheritance" name="test_posix_path_isinstance_path" time="0.000"><skipped type="pytest.skip" message="Test must be run on Posix os">D:\a\PyKotor\PyKotor\tests\common\test_path_isinstance.py:105: Test must be run on Posix os</skipped></testcase><testcase classname="tests.common.test_path_isinstance.TestPathInheritance" name="test_pure_posix_path_isinstance" time="0.000"><skipped type="pytest.skip" message="Test must be run on Posix os">D:\a\PyKotor\PyKotor\tests\common\test_path_isinstance.py:81: Test must be run on Posix os</skipped></testcase><testcase classname="tests.common.test_path_isinstance.TestPathInheritance" name="test_pure_windows_path_isinstance" time="0.001" /><testcase classname="tests.common.test_path_isinstance.TestPathInheritance" name="test_purepath_not_isinstance_path" time="0.000" /><testcase classname="tests.common.test_path_isinstance.TestPathInheritance" name="test_purepath_not_isinstance_posix_path" time="0.000"><skipped type="pytest.skip" message="Test must be run on Posix os">D:\a\PyKotor\PyKotor\tests\common\test_path_isinstance.py:115: Test must be run on Posix os</skipped></testcase><testcase classname="tests.common.test_path_isinstance.TestPathInheritance" name="test_purepath_not_isinstance_windows_path" time="0.000" /><testcase classname="tests.common.test_path_isinstance.TestPathInheritance" name="test_windows_path_isinstance" time="0.000" /><testcase classname="tests.common.test_path_isinstance.TestPathInheritance" name="test_windows_path_isinstance_path" time="0.000" /><testcase classname="tests.common.test_path_mixed_slash_handling.TestPathlibMixedSlashes" name="test_custom_path_edge_cases_os_specific_case_aware_path" time="0.034"><failure message="AssertionError: assert 'C:\\' == 'C:'&#10;  &#10;  - C:&#10;  + C:\&#10;  ?   +">E   AssertionError: assert 'C:\\' == 'C:'
      
      - C:
      + C:\
      ?   +</failure></testcase><testcase classname="tests.common.test_path_mixed_slash_handling.TestPathlibMixedSlashes" name="test_custom_path_edge_cases_os_specific_custom_path" time="0.001"><failure message="AssertionError: assert 'C:\\' == 'C:'&#10;  &#10;  - C:&#10;  + C:\&#10;  ?   +">E   AssertionError: assert 'C:\\' == 'C:'
      
      - C:
      + C:\
      ?   +</failure></testcase><testcase classname="tests.common.test_path_mixed_slash_handling.TestPathlibMixedSlashes" name="test_custom_path_edge_cases_os_specific_custom_pure_path" time="0.001"><failure message="AssertionError: assert 'C:\\' == 'C:'&#10;  &#10;  - C:&#10;  + C:\&#10;  ?   +">E   AssertionError: assert 'C:\\' == 'C:'
      
      - C:
      + C:\
      ?   +</failure></testcase><testcase classname="tests.common.test_path_mixed_slash_handling.TestPathlibMixedSlashes" name="test_custom_path_edge_cases_posix_custom_posix_path" time="0.000"><skipped type="pytest.skip" message="Test only supported on POSIX systems.">D:\a\PyKotor\PyKotor\tests\common\test_path_mixed_slash_handling.py:432: Test only supported on POSIX systems.</skipped></testcase><testcase classname="tests.common.test_path_mixed_slash_handling.TestPathlibMixedSlashes" name="test_custom_path_edge_cases_posix_custom_pure_posix_path" time="0.001"><failure message="AssertionError: assert 'C:/Users/test\\' == 'C:/Users/test'&#10;  &#10;  - C:/Users/test&#10;  + C:/Users/test\&#10;  ?              +">E   AssertionError: assert 'C:/Users/test\\' == 'C:/Users/test'
      
      - C:/Users/test
      + C:/Users/test\
      ?              +</failure></testcase><testcase classname="tests.common.test_path_mixed_slash_handling.TestPathlibMixedSlashes" name="test_custom_path_edge_cases_windows_custom_pure_windows_path" time="0.001"><failure message="AssertionError: assert 'C:\\' == 'C:'&#10;  &#10;  - C:&#10;  + C:\&#10;  ?   +">E   AssertionError: assert 'C:\\' == 'C:'
      
      - C:
      + C:\
      ?   +</failure></testcase><testcase classname="tests.common.test_path_mixed_slash_handling.TestPathlibMixedSlashes" name="test_custom_path_edge_cases_windows_custom_windows_path" time="0.001"><failure message="AssertionError: assert 'C:\\' == 'C:'&#10;  &#10;  - C:&#10;  + C:\&#10;  ?   +">E   AssertionError: assert 'C:\\' == 'C:'
      
      - C:
      + C:\
      ?   +</failure></testcase><testcase classname="tests.common.test_path_mixed_slash_handling.TestPathlibMixedSlashes" name="test_low_granular_path_usage" time="0.001" /><testcase classname="tests.common.test_path_mixed_slash_handling.TestPathlibMixedSlashes" name="test_pathlib_path_edge_cases_os_specific_path" time="0.001" /><testcase classname="tests.common.test_path_mixed_slash_handling.TestPathlibMixedSlashes" name="test_pathlib_path_edge_cases_os_specific_pure_path" time="0.001" /><testcase classname="tests.common.test_path_mixed_slash_handling.TestPathlibMixedSlashes" name="test_pathlib_path_edge_cases_posix_posix_path" time="0.000"><skipped type="pytest.skip" message="Test only supported on POSIX systems.">D:\a\PyKotor\PyKotor\tests\common\test_path_mixed_slash_handling.py:211: Test only supported on POSIX systems.</skipped></testcase><testcase classname="tests.common.test_path_mixed_slash_handling.TestPathlibMixedSlashes" name="test_pathlib_path_edge_cases_posix_pure_posix_path" time="0.001" /><testcase classname="tests.common.test_path_mixed_slash_handling.TestPathlibMixedSlashes" name="test_pathlib_path_edge_cases_windows_pure_windows_path" time="0.001" /><testcase classname="tests.common.test_path_mixed_slash_handling.TestPathlibMixedSlashes" name="test_pathlib_path_edge_cases_windows_windows_path" time="0.001" /><testcase classname="tests.common.test_path_mixed_slash_handling.TestPathlibMixedSlashes" name="test_posix_case_hashing_custom_path" time="0.001"><failure message="AssertionError: assert WindowsPath('test\\path\\to\\nothing') != WindowsPath('tesT\\PATH\\to\\noTHinG')">E   AssertionError: assert WindowsPath('test\\path\\to\\nothing') != WindowsPath('tesT\\PATH\\to\\noTHinG')</failure></testcase><testcase classname="tests.common.test_path_mixed_slash_handling.TestPathlibMixedSlashes" name="test_posix_case_hashing_custom_posix_path" time="0.000"><skipped type="pytest.skip" message="Test only supported on POSIX systems.">D:\a\PyKotor\PyKotor\tests\common\test_path_mixed_slash_handling.py:176: Test only supported on POSIX systems.</skipped></testcase><testcase classname="tests.common.test_path_mixed_slash_handling.TestPathlibMixedSlashes" name="test_posix_case_hashing_custom_pure_posix_path" time="0.000" /><testcase classname="tests.common.test_path_mixed_slash_handling.TestPathlibMixedSlashes" name="test_posix_exists_alternatives" time="0.000"><skipped type="pytest.skip" message="Test only supported on POSIX systems.">D:\a\PyKotor\PyKotor\tests\common\test_path_mixed_slash_handling.py:89: Test only supported on POSIX systems.</skipped></testcase><testcase classname="tests.common.test_path_mixed_slash_handling.TestPathlibMixedSlashes" name="test_windows_case_hashing_custom_path" time="0.001" /><testcase classname="tests.common.test_stream.TestBinaryReader" name="test_peek" time="0.001" /><testcase classname="tests.common.test_stream.TestBinaryReader" name="test_position" time="0.000" /><testcase classname="tests.common.test_stream.TestBinaryReader" name="test_read" time="0.001" /><testcase classname="tests.common.test_stream.TestBinaryReader" name="test_remaining" time="0.000" /><testcase classname="tests.common.test_stream.TestBinaryReader" name="test_seek" time="0.000" /><testcase classname="tests.common.test_stream.TestBinaryReader" name="test_size" time="0.000" /><testcase classname="tests.common.test_stream.TestBinaryReader" name="test_skip" time="0.000" /><testcase classname="tests.common.test_stream.TestBinaryReader" name="test_true_size" time="0.001" /><testcase classname="tests.common.test_wrapped_case_insens_str.TestCaseInsensImmutableStr" name="test_capitalize" time="0.001" /><testcase classname="tests.common.test_wrapped_case_insens_str.TestCaseInsensImmutableStr" name="test_casefold" time="0.000" /><testcase classname="tests.common.test_wrapped_case_insens_str.TestCaseInsensImmutableStr" name="test_center" time="0.000" /><testcase classname="tests.common.test_wrapped_case_insens_str.TestCaseInsensImmutableStr" name="test_count" time="0.000" /><testcase classname="tests.common.test_wrapped_case_insens_str.TestCaseInsensImmutableStr" name="test_encode" time="0.000" /><testcase classname="tests.common.test_wrapped_case_insens_str.TestCaseInsensImmutableStr" name="test_endswith" time="0.000" /><testcase classname="tests.common.test_wrapped_case_insens_str.TestCaseInsensImmutableStr" name="test_expandtabs" time="0.000" /><testcase classname="tests.common.test_wrapped_case_insens_str.TestCaseInsensImmutableStr" name="test_find" time="0.000" /><testcase classname="tests.common.test_wrapped_case_insens_str.TestCaseInsensImmutableStr" name="test_format" time="0.000" /><testcase classname="tests.common.test_wrapped_case_insens_str.TestCaseInsensImmutableStr" name="test_format_map" time="0.000" /><testcase classname="tests.common.test_wrapped_case_insens_str.TestCaseInsensImmutableStr" name="test_index" time="0.000" /><testcase classname="tests.common.test_wrapped_case_insens_str.TestCaseInsensImmutableStr" name="test_isalnum" time="0.000" /><testcase classname="tests.common.test_wrapped_case_insens_str.TestCaseInsensImmutableStr" name="test_isalpha" time="0.000" /><testcase classname="tests.common.test_wrapped_case_insens_str.TestCaseInsensImmutableStr" name="test_isascii" time="0.000" /><testcase classname="tests.common.test_wrapped_case_insens_str.TestCaseInsensImmutableStr" name="test_isdecimal" time="0.000" /><testcase classname="tests.common.test_wrapped_case_insens_str.TestCaseInsensImmutableStr" name="test_isdigit" time="0.000" /><testcase classname="tests.common.test_wrapped_case_insens_str.TestCaseInsensImmutableStr" name="test_isidentifier" time="0.000" /><testcase classname="tests.common.test_wrapped_case_insens_str.TestCaseInsensImmutableStr" name="test_islower" time="0.000" /><testcase classname="tests.common.test_wrapped_case_insens_str.TestCaseInsensImmutableStr" name="test_isnumeric" time="0.000" /><testcase classname="tests.common.test_wrapped_case_insens_str.TestCaseInsensImmutableStr" name="test_isprintable" time="0.000" /><testcase classname="tests.common.test_wrapped_case_insens_str.TestCaseInsensImmutableStr" name="test_isspace" time="0.000" /><testcase classname="tests.common.test_wrapped_case_insens_str.TestCaseInsensImmutableStr" name="test_istitle" time="0.000" /><testcase classname="tests.common.test_wrapped_case_insens_str.TestCaseInsensImmutableStr" name="test_isupper" time="0.000" /><testcase classname="tests.common.test_wrapped_case_insens_str.TestCaseInsensImmutableStr" name="test_join" time="0.000" /><testcase classname="tests.common.test_wrapped_case_insens_str.TestCaseInsensImmutableStr" name="test_ljust" time="0.000" /><testcase classname="tests.common.test_wrapped_case_insens_str.TestCaseInsensImmutableStr" name="test_lower" time="0.000" /><testcase classname="tests.common.test_wrapped_case_insens_str.TestCaseInsensImmutableStr" name="test_lstrip" time="0.000" /><testcase classname="tests.common.test_wrapped_case_insens_str.TestCaseInsensImmutableStr" name="test_partition" time="0.001" /><testcase classname="tests.common.test_wrapped_case_insens_str.TestCaseInsensImmutableStr" name="test_removeprefix" time="0.001"><failure message="AssertionError: CaseInsensImmutableStr('HelloWorld').removeprefix('HELLO',) == HelloWorld&#10;assert MutableStr('World') == 'HelloWorld'&#10;  &#10;  - HelloWorld&#10;  + World">E   AssertionError: CaseInsensImmutableStr('HelloWorld').removeprefix('HELLO',) == HelloWorld
    assert MutableStr('World') == 'HelloWorld'
      
      - HelloWorld
      + World</failure></testcase><testcase classname="tests.common.test_wrapped_case_insens_str.TestCaseInsensImmutableStr" name="test_removesuffix" time="0.001"><failure message="AssertionError: CaseInsensImmutableStr('HelloWorld').removesuffix('WORLD',) == HelloWorld&#10;assert MutableStr('Hello') == 'HelloWorld'&#10;  &#10;  - HelloWorld&#10;  + Hello">E   AssertionError: CaseInsensImmutableStr('HelloWorld').removesuffix('WORLD',) == HelloWorld
    assert MutableStr('Hello') == 'HelloWorld'
      
      - HelloWorld
      + Hello</failure></testcase><testcase classname="tests.common.test_wrapped_case_insens_str.TestCaseInsensImmutableStr" name="test_replace" time="0.001" /><testcase classname="tests.common.test_wrapped_case_insens_str.TestCaseInsensImmutableStr" name="test_replace_extras" time="0.001" /><testcase classname="tests.common.test_wrapped_case_insens_str.TestCaseInsensImmutableStr" name="test_rfind" time="0.001"><failure message="AssertionError: CaseInsensImmutableStr('hello').rfind('l', 1, 3) == 1&#10;assert 2 == 1">E   AssertionError: CaseInsensImmutableStr('hello').rfind('l', 1, 3) == 1
    assert 2 == 1</failure></testcase><testcase classname="tests.common.test_wrapped_case_insens_str.TestCaseInsensImmutableStr" name="test_rindex" time="0.001"><failure message="AssertionError: CaseInsensImmutableStr('hello').rindex('l', 1, 3) == 1&#10;assert 2 == 1">E   AssertionError: CaseInsensImmutableStr('hello').rindex('l', 1, 3) == 1
    assert 2 == 1</failure></testcase><testcase classname="tests.common.test_wrapped_case_insens_str.TestCaseInsensImmutableStr" name="test_rjust" time="0.000" /><testcase classname="tests.common.test_wrapped_case_insens_str.TestCaseInsensImmutableStr" name="test_rpartition" time="0.001"><failure message="AssertionError: Expected str(CaseInsensImmutableStr('hello world world').rpartition('world',)) to match the case-insensitive equivalent of ('hello world ', 'world', ''), but got (MutableStr('hello world '), MutableStr('world'), MutableStr(''))&#10;assert &quot;(mutablestr(...tablestr(''))&quot; == &quot;('hello worl... 'world', '')&quot;&#10;  &#10;  - ('hello world ', 'world', '')&#10;  + (mutablestr('hello world '), mutablestr('world'), mutablestr(''))">E   AssertionError: Expected str(CaseInsensImmutableStr('hello world world').rpartition('world',)) to match the case-insensitive equivalent of ('hello world ', 'world', ''), but got (MutableStr('hello world '), MutableStr('world'), MutableStr(''))
    assert "(mutablestr(...tablestr(''))" == "('hello worl... 'world', '')"
      
      - ('hello world ', 'world', '')
      + (mutablestr('hello world '), mutablestr('world'), mutablestr(''))</failure></testcase><testcase classname="tests.common.test_wrapped_case_insens_str.TestCaseInsensImmutableStr" name="test_rsplit" time="0.001"><failure message="AssertionError: Expected str(CaseInsensImmutableStr('hello world').rsplit()) to match the case-insensitive equivalent of ['hello', 'world'], but got [MutableStr('hello'), MutableStr('world')]&#10;assert &quot;[mutablestr(...str('world')]&quot; == &quot;['hello', 'world']&quot;&#10;  &#10;  - ['hello', 'world']&#10;  + [mutablestr('hello'), mutablestr('world')]">E   AssertionError: Expected str(CaseInsensImmutableStr('hello world').rsplit()) to match the case-insensitive equivalent of ['hello', 'world'], but got [MutableStr('hello'), MutableStr('world')]
    assert "[mutablestr(...str('world')]" == "['hello', 'world']"
      
      - ['hello', 'world']
      + [mutablestr('hello'), mutablestr('world')]</failure></testcase><testcase classname="tests.common.test_wrapped_case_insens_str.TestCaseInsensImmutableStr" name="test_rstrip" time="0.000" /><testcase classname="tests.common.test_wrapped_case_insens_str.TestCaseInsensImmutableStr" name="test_split" time="0.001"><failure message="AssertionError: CaseInsensImmutableStr('hello  world').split() == ['hello', '', 'world']&#10;assert ['hello', 'world'] == ['hello', '', 'world']&#10;  &#10;  At index 1 diff: 'world' != ''&#10;  Right contains one more item: 'world'&#10;  &#10;  Full diff:&#10;    [&#10;        'hello',&#10;  -     '',&#10;        'world',&#10;    ]">E   AssertionError: CaseInsensImmutableStr('hello  world').split() == ['hello', '', 'world']
    assert ['hello', 'world'] == ['hello', '', 'world']
      
      At index 1 diff: 'world' != ''
      Right contains one more item: 'world'
      
      Full diff:
        [
            'hello',
      -     '',
            'world',
        ]</failure></testcase><testcase classname="tests.common.test_wrapped_case_insens_str.TestCaseInsensImmutableStr" name="test_splitlines" time="0.000" /><testcase classname="tests.common.test_wrapped_case_insens_str.TestCaseInsensImmutableStr" name="test_startswith" time="0.000" /><testcase classname="tests.common.test_wrapped_case_insens_str.TestCaseInsensImmutableStr" name="test_strip" time="0.000" /><testcase classname="tests.common.test_wrapped_case_insens_str.TestCaseInsensImmutableStr" name="test_swapcase" time="0.000" /><testcase classname="tests.common.test_wrapped_case_insens_str.TestCaseInsensImmutableStr" name="test_title" time="0.000" /><testcase classname="tests.common.test_wrapped_case_insens_str.TestCaseInsensImmutableStr" name="test_translate" time="0.000" /><testcase classname="tests.common.test_wrapped_case_insens_str.TestCaseInsensImmutableStr" name="test_upper" time="0.000" /><testcase classname="tests.common.test_wrapped_case_insens_str.TestCaseInsensImmutableStr" name="test_zfill" time="0.000" /><testcase classname="tests.common.test_wrapped_str.TestMutableStr" name="test_add" time="0.000" /><testcase classname="tests.common.test_wrapped_str.TestMutableStr" name="test_bool" time="0.000" /><testcase classname="tests.common.test_wrapped_str.TestMutableStr" name="test_capitalize" time="0.000" /><testcase classname="tests.common.test_wrapped_str.TestMutableStr" name="test_casefold" time="0.000" /><testcase classname="tests.common.test_wrapped_str.TestMutableStr" name="test_center" time="0.000" /><testcase classname="tests.common.test_wrapped_str.TestMutableStr" name="test_contains" time="0.000" /><testcase classname="tests.common.test_wrapped_str.TestMutableStr" name="test_count" time="0.000" /><testcase classname="tests.common.test_wrapped_str.TestMutableStr" name="test_dir" time="0.000" /><testcase classname="tests.common.test_wrapped_str.TestMutableStr" name="test_encode" time="0.000" /><testcase classname="tests.common.test_wrapped_str.TestMutableStr" name="test_endswith" time="0.000" /><testcase classname="tests.common.test_wrapped_str.TestMutableStr" name="test_eq" time="0.000" /><testcase classname="tests.common.test_wrapped_str.TestMutableStr" name="test_expandtabs" time="0.000" /><testcase classname="tests.common.test_wrapped_str.TestMutableStr" name="test_find" time="0.000" /><testcase classname="tests.common.test_wrapped_str.TestMutableStr" name="test_format" time="0.000" /><testcase classname="tests.common.test_wrapped_str.TestMutableStr" name="test_format_map" time="0.000" /><testcase classname="tests.common.test_wrapped_str.TestMutableStr" name="test_format_spec" time="0.000" /><testcase classname="tests.common.test_wrapped_str.TestMutableStr" name="test_ge" time="0.000" /><testcase classname="tests.common.test_wrapped_str.TestMutableStr" name="test_getitem" time="0.000" /><testcase classname="tests.common.test_wrapped_str.TestMutableStr" name="test_getnewargs" time="0.000" /><testcase classname="tests.common.test_wrapped_str.TestMutableStr" name="test_getstate" time="0.000" /><testcase classname="tests.common.test_wrapped_str.TestMutableStr" name="test_gt" time="0.000" /><testcase classname="tests.common.test_wrapped_str.TestMutableStr" name="test_hash" time="0.000" /><testcase classname="tests.common.test_wrapped_str.TestMutableStr" name="test_index" time="0.000" /><testcase classname="tests.common.test_wrapped_str.TestMutableStr" name="test_init" time="0.000" /><testcase classname="tests.common.test_wrapped_str.TestMutableStr" name="test_isalnum" time="0.000" /><testcase classname="tests.common.test_wrapped_str.TestMutableStr" name="test_isalpha" time="0.000" /><testcase classname="tests.common.test_wrapped_str.TestMutableStr" name="test_isascii" time="0.000" /><testcase classname="tests.common.test_wrapped_str.TestMutableStr" name="test_isdecimal" time="0.000" /><testcase classname="tests.common.test_wrapped_str.TestMutableStr" name="test_isdigit" time="0.000" /><testcase classname="tests.common.test_wrapped_str.TestMutableStr" name="test_isidentifier" time="0.000" /><testcase classname="tests.common.test_wrapped_str.TestMutableStr" name="test_islower" time="0.000" /><testcase classname="tests.common.test_wrapped_str.TestMutableStr" name="test_isnumeric" time="0.000" /><testcase classname="tests.common.test_wrapped_str.TestMutableStr" name="test_isprintable" time="0.000" /><testcase classname="tests.common.test_wrapped_str.TestMutableStr" name="test_isspace" time="0.000" /><testcase classname="tests.common.test_wrapped_str.TestMutableStr" name="test_istitle" time="0.000" /><testcase classname="tests.common.test_wrapped_str.TestMutableStr" name="test_isupper" time="0.000" /><testcase classname="tests.common.test_wrapped_str.TestMutableStr" name="test_iter" time="0.000" /><testcase classname="tests.common.test_wrapped_str.TestMutableStr" name="test_join" time="0.000" /><testcase classname="tests.common.test_wrapped_str.TestMutableStr" name="test_le" time="0.000" /><testcase classname="tests.common.test_wrapped_str.TestMutableStr" name="test_len" time="0.000" /><testcase classname="tests.common.test_wrapped_str.TestMutableStr" name="test_ljust" time="0.000" /><testcase classname="tests.common.test_wrapped_str.TestMutableStr" name="test_lower" time="0.000" /><testcase classname="tests.common.test_wrapped_str.TestMutableStr" name="test_lstrip" time="0.000" /><testcase classname="tests.common.test_wrapped_str.TestMutableStr" name="test_lt" time="0.000" /><testcase classname="tests.common.test_wrapped_str.TestMutableStr" name="test_mod" time="0.000" /><testcase classname="tests.common.test_wrapped_str.TestMutableStr" name="test_mul" time="0.000" /><testcase classname="tests.common.test_wrapped_str.TestMutableStr" name="test_ne" time="0.000" /><testcase classname="tests.common.test_wrapped_str.TestMutableStr" name="test_partition" time="0.000" /><testcase classname="tests.common.test_wrapped_str.TestMutableStr" name="test_reduce" time="0.000" /><testcase classname="tests.common.test_wrapped_str.TestMutableStr" name="test_reduce_ex" time="0.000" /><testcase classname="tests.common.test_wrapped_str.TestMutableStr" name="test_removeprefix" time="0.000" /><testcase classname="tests.common.test_wrapped_str.TestMutableStr" name="test_removesuffix" time="0.000" /><testcase classname="tests.common.test_wrapped_str.TestMutableStr" name="test_replace" time="0.000" /><testcase classname="tests.common.test_wrapped_str.TestMutableStr" name="test_repr" time="0.000" /><testcase classname="tests.common.test_wrapped_str.TestMutableStr" name="test_reversed" time="0.000" /><testcase classname="tests.common.test_wrapped_str.TestMutableStr" name="test_rfind" time="0.000" /><testcase classname="tests.common.test_wrapped_str.TestMutableStr" name="test_rindex" time="0.000" /><testcase classname="tests.common.test_wrapped_str.TestMutableStr" name="test_rjust" time="0.000" /><testcase classname="tests.common.test_wrapped_str.TestMutableStr" name="test_rpartition" time="0.000" /><testcase classname="tests.common.test_wrapped_str.TestMutableStr" name="test_rsplit" time="0.000" /><testcase classname="tests.common.test_wrapped_str.TestMutableStr" name="test_rstrip" time="0.000" /><testcase classname="tests.common.test_wrapped_str.TestMutableStr" name="test_sizeof" time="0.000" /><testcase classname="tests.common.test_wrapped_str.TestMutableStr" name="test_split" time="0.000" /><testcase classname="tests.common.test_wrapped_str.TestMutableStr" name="test_splitlines" time="0.000" /><testcase classname="tests.common.test_wrapped_str.TestMutableStr" name="test_startswith" time="0.000" /><testcase classname="tests.common.test_wrapped_str.TestMutableStr" name="test_str" time="0.000" /><testcase classname="tests.common.test_wrapped_str.TestMutableStr" name="test_strip" time="0.000" /><testcase classname="tests.common.test_wrapped_str.TestMutableStr" name="test_subclasshook" time="0.000" /><testcase classname="tests.common.test_wrapped_str.TestMutableStr" name="test_swapcase" time="0.000" /><testcase classname="tests.common.test_wrapped_str.TestMutableStr" name="test_title" time="0.000" /><testcase classname="tests.common.test_wrapped_str.TestMutableStr" name="test_translate" time="0.000" /><testcase classname="tests.common.test_wrapped_str.TestMutableStr" name="test_upper" time="0.000" /><testcase classname="tests.common.test_wrapped_str.TestMutableStr" name="test_zfill" time="0.000" /><testcase classname="tests.extract.test_capsule.TestCapsule" name="test_add_to_erf_file" time="0.002"><failure message="FileNotFoundError: [Errno 2] No such file or directory: 'tests/files/capsule.mod'">E   FileNotFoundError: [Errno 2] No such file or directory: 'tests/files/capsule.mod'</failure></testcase><testcase classname="tests.extract.test_capsule.TestCapsule" name="test_add_to_rim_file" time="0.001"><failure message="FileNotFoundError: [Errno 2] No such file or directory: 'tests/files/capsule.rim'">E   FileNotFoundError: [Errno 2] No such file or directory: 'tests/files/capsule.rim'</failure></testcase><testcase classname="tests.extract.test_capsule.TestCapsule" name="test_erf_capsule" time="0.000"><failure message="AttributeError: type object 'Path' has no attribute 'pathify'">E   AttributeError: type object 'Path' has no attribute 'pathify'</failure></testcase><testcase classname="tests.extract.test_capsule.TestCapsule" name="test_rim_capsule" time="0.000"><failure message="AttributeError: type object 'Path' has no attribute 'pathify'">E   AttributeError: type object 'Path' has no attribute 'pathify'</failure></testcase><testcase classname="tests.extract.test_chitin.TestCapsule" name="test_k1_chitin" time="0.000"><skipped type="pytest.skip" message="K1_PATH environment variable is not set or not found on disk.">D:\a\PyKotor\PyKotor\tests\extract\test_chitin.py:43: K1_PATH environment variable is not set or not found on disk.</skipped></testcase><testcase classname="tests.extract.test_chitin.TestCapsule" name="test_k2_chitin" time="0.000"><skipped type="pytest.skip" message="K2_PATH environment variable is not set or not found on disk.">D:\a\PyKotor\PyKotor\tests\extract\test_chitin.py:50: K2_PATH environment variable is not set or not found on disk.</skipped></testcase><testcase classname="tests.extract.test_chitin.TestCapsule" name="test_nwn_chitin" time="0.000"><skipped type="pytest.skip" message="K1_PATH environment variable is not set or not found on disk.">D:\a\PyKotor\PyKotor\tests\extract\test_chitin.py:36: K1_PATH environment variable is not set or not found on disk.</skipped></testcase><testcase classname="tests.extract.test_installation.TestInstallation" name="test_location" time="0.000"><skipped type="pytest.skip" message="K1_PATH environment variable is not set or not found on disk.">D:\a\PyKotor\PyKotor\tests\extract\test_installation.py:162: K1_PATH environment variable is not set or not found on disk.</skipped></testcase><testcase classname="tests.extract.test_installation.TestInstallation" name="test_locations" time="0.000"><skipped type="pytest.skip" message="K1_PATH environment variable is not set or not found on disk.">D:\a\PyKotor\PyKotor\tests\extract\test_installation.py:194: K1_PATH environment variable is not set or not found on disk.</skipped></testcase><testcase classname="tests.extract.test_installation.TestInstallation" name="test_resource" time="0.000"><skipped type="pytest.skip" message="K1_PATH environment variable is not set or not found on disk.">D:\a\PyKotor\PyKotor\tests\extract\test_installation.py:46: K1_PATH environment variable is not set or not found on disk.</skipped></testcase><testcase classname="tests.extract.test_installation.TestInstallation" name="test_resources" time="0.000"><skipped type="pytest.skip" message="K1_PATH environment variable is not set or not found on disk.">D:\a\PyKotor\PyKotor\tests\extract\test_installation.py:85: K1_PATH environment variable is not set or not found on disk.</skipped></testcase><testcase classname="tests.extract.test_installation.TestInstallation" name="test_sounds" time="0.000"><skipped type="pytest.skip" message="K1_PATH environment variable is not set or not found on disk.">D:\a\PyKotor\PyKotor\tests\extract\test_installation.py:328: K1_PATH environment variable is not set or not found on disk.</skipped></testcase><testcase classname="tests.extract.test_installation.TestInstallation" name="test_string" time="0.000"><skipped type="pytest.skip" message="K1_PATH environment variable is not set or not found on disk.">D:\a\PyKotor\PyKotor\tests\extract\test_installation.py:356: K1_PATH environment variable is not set or not found on disk.</skipped></testcase><testcase classname="tests.extract.test_installation.TestInstallation" name="test_strings" time="0.000"><skipped type="pytest.skip" message="K1_PATH environment variable is not set or not found on disk.">D:\a\PyKotor\PyKotor\tests\extract\test_installation.py:368: K1_PATH environment variable is not set or not found on disk.</skipped></testcase><testcase classname="tests.extract.test_installation.TestInstallation" name="test_texture" time="0.000"><skipped type="pytest.skip" message="K1_PATH environment variable is not set or not found on disk.">D:\a\PyKotor\PyKotor\tests\extract\test_installation.py:277: K1_PATH environment variable is not set or not found on disk.</skipped></testcase><testcase classname="tests.extract.test_installation.TestInstallation" name="test_textures" time="0.000"><skipped type="pytest.skip" message="K1_PATH environment variable is not set or not found on disk.">D:\a\PyKotor\PyKotor\tests\extract\test_installation.py:295: K1_PATH environment variable is not set or not found on disk.</skipped></testcase><testcase classname="tests.extract.test_talktable.TestTalkTable" name="test_batch" time="0.000"><failure message="AttributeError: type object 'Path' has no attribute 'pathify'">E   AttributeError: type object 'Path' has no attribute 'pathify'</failure></testcase><testcase classname="tests.extract.test_talktable.TestTalkTable" name="test_language" time="0.000"><failure message="AttributeError: type object 'Path' has no attribute 'pathify'">E   AttributeError: type object 'Path' has no attribute 'pathify'</failure></testcase><testcase classname="tests.extract.test_talktable.TestTalkTable" name="test_size" time="0.000"><failure message="AttributeError: type object 'Path' has no attribute 'pathify'">E   AttributeError: type object 'Path' has no attribute 'pathify'</failure></testcase><testcase classname="tests.extract.test_talktable.TestTalkTable" name="test_string" time="0.001"><failure message="AttributeError: type object 'Path' has no attribute 'pathify'">E   AttributeError: type object 'Path' has no attribute 'pathify'</failure></testcase><testcase classname="tests.extract.test_talktable.TestTalkTable" name="test_voiceover" time="0.001"><failure message="AttributeError: type object 'Path' has no attribute 'pathify'">E   AttributeError: type object 'Path' has no attribute 'pathify'</failure></testcase><testcase classname="tests.resource.generics.test_are.TestARE" name="test_gff_reconstruct" time="0.001"><failure message="AttributeError: type object 'Path' has no attribute 'pathify'">E   AttributeError: type object 'Path' has no attribute 'pathify'</failure></testcase><testcase classname="tests.resource.generics.test_are.TestARE" name="test_gff_reconstruct_from_k1_installation" time="0.000"><skipped type="pytest.skip" message="K1_PATH environment variable is not set or not found on disk.">D:\a\PyKotor\PyKotor\tests\resource\generics\test_are.py:54: K1_PATH environment variable is not set or not found on disk.</skipped></testcase><testcase classname="tests.resource.generics.test_are.TestARE" name="test_gff_reconstruct_from_k2_installation" time="0.000"><skipped type="pytest.skip" message="K2_PATH environment variable is not set or not found on disk.">D:\a\PyKotor\PyKotor\tests\resource\generics\test_are.py:65: K2_PATH environment variable is not set or not found on disk.</skipped></testcase><testcase classname="tests.resource.generics.test_are.TestARE" name="test_io_construct" time="0.000"><failure message="AttributeError: type object 'Path' has no attribute 'pathify'">E   AttributeError: type object 'Path' has no attribute 'pathify'</failure></testcase><testcase classname="tests.resource.generics.test_are.TestARE" name="test_io_reconstruct" time="0.001"><failure message="AttributeError: type object 'Path' has no attribute 'pathify'">E   AttributeError: type object 'Path' has no attribute 'pathify'</failure></testcase><testcase classname="tests.resource.generics.test_dlg.TestDLG" name="test_gff_reconstruct_from_k1_installation" time="0.000"><skipped type="pytest.skip" message="K1_PATH environment variable is not set or not found on disk.">D:\a\PyKotor\PyKotor\tests\resource\generics\test_dlg.py:106: K1_PATH environment variable is not set or not found on disk.</skipped></testcase><testcase classname="tests.resource.generics.test_dlg.TestDLG" name="test_gff_reconstruct_from_k2_installation" time="0.000"><skipped type="pytest.skip" message="K2_PATH environment variable is not set or not found on disk.">D:\a\PyKotor\PyKotor\tests\resource\generics\test_dlg.py:120: K2_PATH environment variable is not set or not found on disk.</skipped></testcase><testcase classname="tests.resource.generics.test_dlg.TestDLG" name="test_io_construct" time="0.000"><failure message="AttributeError: type object 'Path' has no attribute 'pathify'">E   AttributeError: type object 'Path' has no attribute 'pathify'</failure></testcase><testcase classname="tests.resource.generics.test_dlg.TestDLG" name="test_io_reconstruct" time="0.000"><failure message="AttributeError: type object 'Path' has no attribute 'pathify'">E   AttributeError: type object 'Path' has no attribute 'pathify'</failure></testcase><testcase classname="tests.resource.generics.test_dlg.TestDLG" name="test_k1_reconstruct" time="0.000"><failure message="AttributeError: type object 'Path' has no attribute 'pathify'">E   AttributeError: type object 'Path' has no attribute 'pathify'</failure></testcase><testcase classname="tests.resource.generics.test_dlg.TestDLG" name="test_k1_reconstruct_from_reconstruct" time="0.000"><failure message="AttributeError: type object 'Path' has no attribute 'pathify'">E   AttributeError: type object 'Path' has no attribute 'pathify'</failure></testcase><testcase classname="tests.resource.generics.test_dlg.TestDLG" name="test_k1_serialization" time="0.001"><failure message="AttributeError: type object 'Path' has no attribute 'pathify'">E   AttributeError: type object 'Path' has no attribute 'pathify'</failure></testcase><testcase classname="tests.resource.generics.test_dlg.TestDLG" name="test_k2_reconstruct" time="0.000"><failure message="AttributeError: type object 'Path' has no attribute 'pathify'">E   AttributeError: type object 'Path' has no attribute 'pathify'</failure></testcase><testcase classname="tests.resource.generics.test_dlg.TestDLG" name="test_k2_reconstruct_from_reconstruct" time="0.000"><failure message="AttributeError: type object 'Path' has no attribute 'pathify'">E   AttributeError: type object 'Path' has no attribute 'pathify'</failure></testcase><testcase classname="tests.resource.generics.test_dlg.TestDLG" name="test_k2_serialization" time="0.000"><failure message="AttributeError: type object 'Path' has no attribute 'pathify'">E   AttributeError: type object 'Path' has no attribute 'pathify'</failure></testcase><testcase classname="tests.resource.generics.test_dlg.TestDLGEntrySerialization" name="test_dlg_entry_serialization_all_attributes" time="0.001" /><testcase classname="tests.resource.generics.test_dlg.TestDLGEntrySerialization" name="test_dlg_entry_serialization_basic" time="0.001" /><testcase classname="tests.resource.generics.test_dlg.TestDLGEntrySerialization" name="test_dlg_entry_serialization_with_links" time="0.001" /><testcase classname="tests.resource.generics.test_dlg.TestDLGEntrySerialization" name="test_dlg_entry_with_circular_reference" time="0.001" /><testcase classname="tests.resource.generics.test_dlg.TestDLGEntrySerialization" name="test_dlg_entry_with_multiple_levels" time="0.002" /><testcase classname="tests.resource.generics.test_dlg.TestDLGEntrySerialization" name="test_dlg_entry_with_nested_replies" time="0.001" /><testcase classname="tests.resource.generics.test_dlg.TestDLGReplySerialization" name="test_dlg_reply_serialization_all_attributes" time="0.001" /><testcase classname="tests.resource.generics.test_dlg.TestDLGReplySerialization" name="test_dlg_reply_serialization_basic" time="0.001" /><testcase classname="tests.resource.generics.test_dlg.TestDLGReplySerialization" name="test_dlg_reply_serialization_with_links" time="0.001" /><testcase classname="tests.resource.generics.test_dlg.TestDLGReplySerialization" name="test_dlg_reply_with_circular_reference" time="0.001" /><testcase classname="tests.resource.generics.test_dlg.TestDLGReplySerialization" name="test_dlg_reply_with_multiple_levels" time="0.002" /><testcase classname="tests.resource.generics.test_dlg.TestDLGReplySerialization" name="test_dlg_reply_with_nested_entries" time="0.002"><failure message="IndexError: list index out of range">E   IndexError: list index out of range</failure></testcase><testcase classname="tests.resource.generics.test_dlg.TestDLGAnimationSerialization" name="test_dlg_animation_serialization_basic" time="0.000" /><testcase classname="tests.resource.generics.test_dlg.TestDLGAnimationSerialization" name="test_dlg_animation_serialization_default" time="0.001" /><testcase classname="tests.resource.generics.test_dlg.TestDLGAnimationSerialization" name="test_dlg_animation_serialization_with_custom_values" time="0.000" /><testcase classname="tests.resource.generics.test_dlg.TestDLGStuntSerialization" name="test_dlg_stunt_serialization_basic" time="0.000" /><testcase classname="tests.resource.generics.test_dlg.TestDLGStuntSerialization" name="test_dlg_stunt_serialization_default" time="0.000" /><testcase classname="tests.resource.generics.test_dlg.TestDLGStuntSerialization" name="test_dlg_stunt_serialization_with_custom_values" time="0.000" /><testcase classname="tests.resource.generics.test_dlg.TestDLGLinkSerialization" name="test_dlg_link_serialization_all_attributes" time="0.001" /><testcase classname="tests.resource.generics.test_dlg.TestDLGLinkSerialization" name="test_dlg_link_serialization_basic" time="0.001" /><testcase classname="tests.resource.generics.test_dlg.TestDLGLinkSerialization" name="test_dlg_link_serialization_with_node" time="0.001" /><testcase classname="tests.resource.generics.test_dlg.TestDLGLinkSerialization" name="test_dlg_link_with_circular_references" time="0.001" /><testcase classname="tests.resource.generics.test_dlg.TestDLGLinkSerialization" name="test_dlg_link_with_multiple_levels" time="0.002" /><testcase classname="tests.resource.generics.test_dlg.TestDLGLinkSerialization" name="test_dlg_link_with_nested_entries_and_replies" time="0.001"><failure message="assert 0 == 1&#10; +  where 0 = len([])&#10; +    where [] = DLGReply(text=R223, list_index=-1, links=[]).links&#10; +      where DLGReply(text=R223, list_index=-1, links=[]) = DLGLink(link_list_index=-1, comment=).node">E   assert 0 == 1
     +  where 0 = len([])
     +    where [] = DLGReply(text=R223, list_index=-1, links=[]).links
     +      where DLGReply(text=R223, list_index=-1, links=[]) = DLGLink(link_list_index=-1, comment=).node</failure></testcase><testcase classname="tests.resource.generics.test_git.TestGIT" name="test_gff_reconstruct_from_k1_installation" time="0.000"><skipped type="pytest.skip" message="K1_PATH environment variable is not set or not found on disk.">D:\a\PyKotor\PyKotor\tests\resource\generics\test_git.py:51: K1_PATH environment variable is not set or not found on disk.</skipped></testcase><testcase classname="tests.resource.generics.test_git.TestGIT" name="test_gff_reconstruct_from_k2_installation" time="0.001"><skipped type="pytest.skip" message="K2_PATH environment variable is not set or not found on disk.">D:\a\PyKotor\PyKotor\tests\resource\generics\test_git.py:62: K2_PATH environment variable is not set or not found on disk.</skipped></testcase><testcase classname="tests.resource.generics.test_git.TestGIT" name="test_io_construct" time="0.000"><failure message="AttributeError: type object 'Path' has no attribute 'pathify'">E   AttributeError: type object 'Path' has no attribute 'pathify'</failure></testcase><testcase classname="tests.resource.generics.test_git.TestGIT" name="test_io_reconstruct" time="0.000"><failure message="AttributeError: type object 'Path' has no attribute 'pathify'">E   AttributeError: type object 'Path' has no attribute 'pathify'</failure></testcase><testcase classname="tests.resource.generics.test_git.TestGIT" name="test_k1_gff_reconstruct" time="0.000"><failure message="AttributeError: type object 'Path' has no attribute 'pathify'">E   AttributeError: type object 'Path' has no attribute 'pathify'</failure></testcase><testcase classname="tests.resource.generics.test_git.TestGIT" name="test_k2_gff_reconstruct" time="0.000"><failure message="AttributeError: type object 'Path' has no attribute 'pathify'">E   AttributeError: type object 'Path' has no attribute 'pathify'</failure></testcase><testcase classname="tests.resource.generics.test_ifo.TestIFO" name="test_gff_reconstruct" time="0.000"><failure message="AttributeError: type object 'Path' has no attribute 'pathify'">E   AttributeError: type object 'Path' has no attribute 'pathify'</failure></testcase><testcase classname="tests.resource.generics.test_ifo.TestIFO" name="test_gff_reconstruct_from_k1_installation" time="0.001"><skipped type="pytest.skip" message="K1_PATH environment variable is not set or not found on disk.">D:\a\PyKotor\PyKotor\tests\resource\generics\test_ifo.py:49: K1_PATH environment variable is not set or not found on disk.</skipped></testcase><testcase classname="tests.resource.generics.test_ifo.TestIFO" name="test_gff_reconstruct_from_k2_installation" time="0.000"><skipped type="pytest.skip" message="K2_PATH environment variable is not set or not found on disk.">D:\a\PyKotor\PyKotor\tests\resource\generics\test_ifo.py:60: K2_PATH environment variable is not set or not found on disk.</skipped></testcase><testcase classname="tests.resource.generics.test_ifo.TestIFO" name="test_io_construct" time="0.000"><failure message="AttributeError: type object 'Path' has no attribute 'pathify'">E   AttributeError: type object 'Path' has no attribute 'pathify'</failure></testcase><testcase classname="tests.resource.generics.test_ifo.TestIFO" name="test_io_reconstruct" time="0.000"><failure message="AttributeError: type object 'Path' has no attribute 'pathify'">E   AttributeError: type object 'Path' has no attribute 'pathify'</failure></testcase><testcase classname="tests.resource.generics.test_jrl.TestJRL" name="test_gff_reconstruct" time="0.000"><failure message="AttributeError: type object 'Path' has no attribute 'pathify'">E   AttributeError: type object 'Path' has no attribute 'pathify'</failure></testcase><testcase classname="tests.resource.generics.test_jrl.TestJRL" name="test_gff_reconstruct_from_k1_installation" time="0.000"><skipped type="pytest.skip" message="K1_PATH environment variable is not set or not found on disk.">D:\a\PyKotor\PyKotor\tests\resource\generics\test_jrl.py:48: K1_PATH environment variable is not set or not found on disk.</skipped></testcase><testcase classname="tests.resource.generics.test_jrl.TestJRL" name="test_gff_reconstruct_from_k2_installation" time="0.000"><skipped type="pytest.skip" message="K2_PATH environment variable is not set or not found on disk.">D:\a\PyKotor\PyKotor\tests\resource\generics\test_jrl.py:59: K2_PATH environment variable is not set or not found on disk.</skipped></testcase><testcase classname="tests.resource.generics.test_jrl.TestJRL" name="test_io_construct" time="0.000"><failure message="AttributeError: type object 'Path' has no attribute 'pathify'">E   AttributeError: type object 'Path' has no attribute 'pathify'</failure></testcase><testcase classname="tests.resource.generics.test_jrl.TestJRL" name="test_io_reconstruct" time="0.000"><failure message="AttributeError: type object 'Path' has no attribute 'pathify'">E   AttributeError: type object 'Path' has no attribute 'pathify'</failure></testcase><testcase classname="tests.resource.generics.test_pth.TestPTH" name="test_gff_reconstruct" time="0.000"><failure message="AttributeError: type object 'Path' has no attribute 'pathify'">E   AttributeError: type object 'Path' has no attribute 'pathify'</failure></testcase><testcase classname="tests.resource.generics.test_pth.TestPTH" name="test_gff_reconstruct_from_k1_installation" time="0.000"><skipped type="pytest.skip" message="K1_PATH environment variable is not set or not found on disk.">D:\a\PyKotor\PyKotor\tests\resource\generics\test_pth.py:49: K1_PATH environment variable is not set or not found on disk.</skipped></testcase><testcase classname="tests.resource.generics.test_pth.TestPTH" name="test_gff_reconstruct_from_k2_installation" time="0.000"><skipped type="pytest.skip" message="K2_PATH environment variable is not set or not found on disk.">D:\a\PyKotor\PyKotor\tests\resource\generics\test_pth.py:60: K2_PATH environment variable is not set or not found on disk.</skipped></testcase><testcase classname="tests.resource.generics.test_pth.TestPTH" name="test_io_construct" time="0.000"><failure message="AttributeError: type object 'Path' has no attribute 'pathify'">E   AttributeError: type object 'Path' has no attribute 'pathify'</failure></testcase><testcase classname="tests.resource.generics.test_pth.TestPTH" name="test_io_reconstruct" time="0.000"><failure message="AttributeError: type object 'Path' has no attribute 'pathify'">E   AttributeError: type object 'Path' has no attribute 'pathify'</failure></testcase><testcase classname="tests.resource.generics.test_utc.TestUTC" name="test_gff_reconstruct" time="0.001"><failure message="AttributeError: type object 'Path' has no attribute 'pathify'">E   AttributeError: type object 'Path' has no attribute 'pathify'</failure></testcase><testcase classname="tests.resource.generics.test_utc.TestUTC" name="test_gff_reconstruct_from_k1_installation" time="0.000"><skipped type="pytest.skip" message="K1_PATH environment variable is not set or not found on disk.">D:\a\PyKotor\PyKotor\tests\resource\generics\test_utc.py:49: K1_PATH environment variable is not set or not found on disk.</skipped></testcase><testcase classname="tests.resource.generics.test_utc.TestUTC" name="test_gff_reconstruct_from_k2_installation" time="0.000"><skipped type="pytest.skip" message="K2_PATH environment variable is not set or not found on disk.">D:\a\PyKotor\PyKotor\tests\resource\generics\test_utc.py:61: K2_PATH environment variable is not set or not found on disk.</skipped></testcase><testcase classname="tests.resource.generics.test_utc.TestUTC" name="test_io_construct" time="0.000"><failure message="AttributeError: type object 'Path' has no attribute 'pathify'">E   AttributeError: type object 'Path' has no attribute 'pathify'</failure></testcase><testcase classname="tests.resource.generics.test_utc.TestUTC" name="test_io_reconstruct" time="0.000"><failure message="AttributeError: type object 'Path' has no attribute 'pathify'">E   AttributeError: type object 'Path' has no attribute 'pathify'</failure></testcase><testcase classname="tests.resource.generics.test_utd.TestUTD" name="test_gff_reconstruct" time="0.000"><skipped type="pytest.skip" message="This test is known to fail - fixme">D:\a\PyKotor\PyKotor\tests\resource\generics\test_utd.py:72: This test is known to fail - fixme</skipped></testcase><testcase classname="tests.resource.generics.test_utd.TestUTD" name="test_gff_reconstruct_from_k1_installation" time="0.000"><skipped type="pytest.skip" message="K1_PATH environment variable is not set or not found on disk.">D:\a\PyKotor\PyKotor\tests\resource\generics\test_utd.py:50: K1_PATH environment variable is not set or not found on disk.</skipped></testcase><testcase classname="tests.resource.generics.test_utd.TestUTD" name="test_gff_reconstruct_from_k2_installation" time="0.000"><skipped type="pytest.skip" message="K2_PATH environment variable is not set or not found on disk.">D:\a\PyKotor\PyKotor\tests\resource\generics\test_utd.py:61: K2_PATH environment variable is not set or not found on disk.</skipped></testcase><testcase classname="tests.resource.generics.test_utd.TestUTD" name="test_io_construct" time="0.001"><failure message="AttributeError: type object 'Path' has no attribute 'pathify'">E   AttributeError: type object 'Path' has no attribute 'pathify'</failure></testcase><testcase classname="tests.resource.generics.test_utd.TestUTD" name="test_io_reconstruct" time="0.000"><failure message="AttributeError: type object 'Path' has no attribute 'pathify'">E   AttributeError: type object 'Path' has no attribute 'pathify'</failure></testcase><testcase classname="tests.resource.generics.test_ute.TestUTE" name="test_gff_reconstruct_from_k1_installation" time="0.000"><skipped type="pytest.skip" message="K1_PATH environment variable is not set or not found on disk.">D:\a\PyKotor\PyKotor\tests\resource\generics\test_ute.py:50: K1_PATH environment variable is not set or not found on disk.</skipped></testcase><testcase classname="tests.resource.generics.test_ute.TestUTE" name="test_gff_reconstruct_from_k2_installation" time="0.000"><skipped type="pytest.skip" message="K2_PATH environment variable is not set or not found on disk.">D:\a\PyKotor\PyKotor\tests\resource\generics\test_ute.py:61: K2_PATH environment variable is not set or not found on disk.</skipped></testcase><testcase classname="tests.resource.generics.test_ute.TestUTE" name="test_io_construct" time="0.000"><failure message="AttributeError: type object 'Path' has no attribute 'pathify'">E   AttributeError: type object 'Path' has no attribute 'pathify'</failure></testcase><testcase classname="tests.resource.generics.test_ute.TestUTE" name="test_io_reconstruct" time="0.000"><failure message="AttributeError: type object 'Path' has no attribute 'pathify'">E   AttributeError: type object 'Path' has no attribute 'pathify'</failure></testcase><testcase classname="tests.resource.generics.test_ute.TestUTE" name="test_k2_reconstruct" time="0.001"><failure message="AttributeError: type object 'Path' has no attribute 'pathify'">E   AttributeError: type object 'Path' has no attribute 'pathify'</failure></testcase><testcase classname="tests.resource.generics.test_uti.TestUTI" name="test_gff_reconstruct" time="0.000"><failure message="AttributeError: type object 'Path' has no attribute 'pathify'">E   AttributeError: type object 'Path' has no attribute 'pathify'</failure></testcase><testcase classname="tests.resource.generics.test_uti.TestUTI" name="test_gff_reconstruct_from_k1_installation" time="0.000"><skipped type="pytest.skip" message="K1_PATH environment variable is not set or not found on disk.">D:\a\PyKotor\PyKotor\tests\resource\generics\test_uti.py:51: K1_PATH environment variable is not set or not found on disk.</skipped></testcase><testcase classname="tests.resource.generics.test_uti.TestUTI" name="test_gff_reconstruct_from_k2_installation" time="0.000"><skipped type="pytest.skip" message="K2_PATH environment variable is not set or not found on disk.">D:\a\PyKotor\PyKotor\tests\resource\generics\test_uti.py:62: K2_PATH environment variable is not set or not found on disk.</skipped></testcase><testcase classname="tests.resource.generics.test_uti.TestUTI" name="test_io_construct" time="0.000"><failure message="AttributeError: type object 'Path' has no attribute 'pathify'">E   AttributeError: type object 'Path' has no attribute 'pathify'</failure></testcase><testcase classname="tests.resource.generics.test_uti.TestUTI" name="test_io_reconstruct" time="0.000"><failure message="AttributeError: type object 'Path' has no attribute 'pathify'">E   AttributeError: type object 'Path' has no attribute 'pathify'</failure></testcase><testcase classname="tests.resource.generics.test_utp.Test" name="test_gff_reconstruct" time="0.000"><failure message="AttributeError: type object 'Path' has no attribute 'pathify'">E   AttributeError: type object 'Path' has no attribute 'pathify'</failure></testcase><testcase classname="tests.resource.generics.test_utp.Test" name="test_gff_reconstruct_from_k1_installation" time="0.001"><skipped type="pytest.skip" message="K1_PATH environment variable is not set or not found on disk.">D:\a\PyKotor\PyKotor\tests\resource\generics\test_utp.py:51: K1_PATH environment variable is not set or not found on disk.</skipped></testcase><testcase classname="tests.resource.generics.test_utp.Test" name="test_gff_reconstruct_from_k2_installation" time="0.000"><skipped type="pytest.skip" message="K2_PATH environment variable is not set or not found on disk.">D:\a\PyKotor\PyKotor\tests\resource\generics\test_utp.py:62: K2_PATH environment variable is not set or not found on disk.</skipped></testcase><testcase classname="tests.resource.generics.test_utp.Test" name="test_io_construct" time="0.000"><failure message="AttributeError: type object 'Path' has no attribute 'pathify'">E   AttributeError: type object 'Path' has no attribute 'pathify'</failure></testcase><testcase classname="tests.resource.generics.test_utp.Test" name="test_io_reconstruct" time="0.000"><failure message="AttributeError: type object 'Path' has no attribute 'pathify'">E   AttributeError: type object 'Path' has no attribute 'pathify'</failure></testcase><testcase classname="tests.resource.generics.test_uts.TestUTS" name="test_gff_reconstruct" time="0.000"><failure message="AttributeError: type object 'Path' has no attribute 'pathify'">E   AttributeError: type object 'Path' has no attribute 'pathify'</failure></testcase><testcase classname="tests.resource.generics.test_uts.TestUTS" name="test_gff_reconstruct_from_k1_installation" time="0.000"><skipped type="pytest.skip" message="K1_PATH environment variable is not set or not found on disk.">D:\a\PyKotor\PyKotor\tests\resource\generics\test_uts.py:52: K1_PATH environment variable is not set or not found on disk.</skipped></testcase><testcase classname="tests.resource.generics.test_uts.TestUTS" name="test_gff_reconstruct_from_k2_installation" time="0.000"><skipped type="pytest.skip" message="K2_PATH environment variable is not set or not found on disk.">D:\a\PyKotor\PyKotor\tests\resource\generics\test_uts.py:63: K2_PATH environment variable is not set or not found on disk.</skipped></testcase><testcase classname="tests.resource.generics.test_uts.TestUTS" name="test_io_construct" time="0.001"><failure message="AttributeError: type object 'Path' has no attribute 'pathify'">E   AttributeError: type object 'Path' has no attribute 'pathify'</failure></testcase><testcase classname="tests.resource.generics.test_uts.TestUTS" name="test_io_reconstruct" time="0.000"><failure message="AttributeError: type object 'Path' has no attribute 'pathify'">E   AttributeError: type object 'Path' has no attribute 'pathify'</failure></testcase><testcase classname="tests.resource.generics.test_uts.TestUTS" name="test_k1_gff_reconstruct" time="0.000"><failure message="AttributeError: type object 'Path' has no attribute 'pathify'">E   AttributeError: type object 'Path' has no attribute 'pathify'</failure></testcase><testcase classname="tests.resource.generics.test_utt.TestUTT" name="test_gff_reconstruct" time="0.000"><failure message="AttributeError: type object 'Path' has no attribute 'pathify'">E   AttributeError: type object 'Path' has no attribute 'pathify'</failure></testcase><testcase classname="tests.resource.generics.test_utt.TestUTT" name="test_gff_reconstruct_from_k1_installation" time="0.000"><skipped type="pytest.skip" message="K1_PATH environment variable is not set or not found on disk.">D:\a\PyKotor\PyKotor\tests\resource\generics\test_utt.py:51: K1_PATH environment variable is not set or not found on disk.</skipped></testcase><testcase classname="tests.resource.generics.test_utt.TestUTT" name="test_gff_reconstruct_from_k2_installation" time="0.000"><skipped type="pytest.skip" message="K2_PATH environment variable is not set or not found on disk.">D:\a\PyKotor\PyKotor\tests\resource\generics\test_utt.py:62: K2_PATH environment variable is not set or not found on disk.</skipped></testcase><testcase classname="tests.resource.generics.test_utt.TestUTT" name="test_io_construct" time="0.000"><failure message="AttributeError: type object 'Path' has no attribute 'pathify'">E   AttributeError: type object 'Path' has no attribute 'pathify'</failure></testcase><testcase classname="tests.resource.generics.test_utt.TestUTT" name="test_io_reconstruct" time="0.001"><failure message="AttributeError: type object 'Path' has no attribute 'pathify'">E   AttributeError: type object 'Path' has no attribute 'pathify'</failure></testcase><testcase classname="tests.resource.generics.test_utw.TestUTW" name="test_gff_reconstruct" time="0.000"><failure message="AttributeError: type object 'Path' has no attribute 'pathify'">E   AttributeError: type object 'Path' has no attribute 'pathify'</failure></testcase><testcase classname="tests.resource.generics.test_utw.TestUTW" name="test_gff_reconstruct_from_k1_installation" time="0.000"><skipped type="pytest.skip" message="K1_PATH environment variable is not set or not found on disk.">D:\a\PyKotor\PyKotor\tests\resource\generics\test_utw.py:50: K1_PATH environment variable is not set or not found on disk.</skipped></testcase><testcase classname="tests.resource.generics.test_utw.TestUTW" name="test_gff_reconstruct_from_k2_installation" time="0.000"><skipped type="pytest.skip" message="K2_PATH environment variable is not set or not found on disk.">D:\a\PyKotor\PyKotor\tests\resource\generics\test_utw.py:61: K2_PATH environment variable is not set or not found on disk.</skipped></testcase><testcase classname="tests.resource.generics.test_utw.TestUTW" name="test_io_construct" time="0.000"><failure message="AttributeError: type object 'Path' has no attribute 'pathify'">E   AttributeError: type object 'Path' has no attribute 'pathify'</failure></testcase><testcase classname="tests.resource.generics.test_utw.TestUTW" name="test_io_reconstruct" time="0.000"><failure message="AttributeError: type object 'Path' has no attribute 'pathify'">E   AttributeError: type object 'Path' has no attribute 'pathify'</failure></testcase><testcase classname="tests.resource.test_replace_module_extensions.TestReplaceModuleExtensions" name="testreplace_module_extensions" time="0.001" /><testcase classname="tests.resource.test_resource_from_path.TestResourceType" name="test_from_extension" time="0.000" /><testcase classname="tests.resource.test_resource_from_path.TestResourceType" name="test_from_id" time="0.001" /><testcase classname="tests.resource.test_resource_from_path.TestResourceType" name="test_from_invalid" time="0.000" /><testcase classname="tests.resource.test_resource_from_path.TestResourceType" name="test_from_invalid_with_valid_extension" time="0.000" /><testcase classname="tests.resource.test_resource_from_path.TestResourceType" name="test_from_path_long_extension" time="0.001"><failure message="AssertionError: assert '' == 'xyz'&#10;  &#10;  - xyz">E   AssertionError: assert '' == 'xyz'
      
      - xyz</failure></testcase><testcase classname="tests.resource.test_resource_from_path.TestResourceType" name="test_resource_type_hashing" time="0.001" /><testcase classname="tests.resource.test_resource_from_path.TestResourceIdentifier" name="test_from_path_empty_file_path" time="0.000" /><testcase classname="tests.resource.test_resource_from_path.TestResourceIdentifier" name="test_from_path_hidden_file" time="0.001"><failure message="AssertionError: &#10;  resname: '' restype: ''&#10;  expected resname: '.hidden' expected restype: ''&#10;assert '' == '.hidden'&#10;  &#10;  - .hidden">E   AssertionError: 
      resname: '' restype: ''
      expected resname: '.hidden' expected restype: ''
    assert '' == '.hidden'
      
      - .hidden</failure></testcase><testcase classname="tests.resource.test_resource_from_path.TestResourceIdentifier" name="test_from_path_invalid_extension" time="0.001"><failure message="AssertionError: &#10;  resname: '' restype: ''&#10;  expected resname: 'invalid' expected restype: ''&#10;assert '' == 'invalid'&#10;  &#10;  - invalid">E   AssertionError: 
      resname: '' restype: ''
      expected resname: 'invalid' expected restype: ''
    assert '' == 'invalid'
      
      - invalid</failure></testcase><testcase classname="tests.resource.test_resource_from_path.TestResourceIdentifier" name="test_from_path_long_extension" time="0.001"><failure message="AssertionError: &#10;  resname: '' restype: ''&#10;  expected resname: 'longer_extension.l.o.n.g._ex.te.nsio.n' expected restype: ''&#10;assert '' == 'longer_exten..._ex.te.nsio.n'&#10;  &#10;  - longer_extension.l.o.n.g._ex.te.nsio.n">E   AssertionError: 
      resname: '' restype: ''
      expected resname: 'longer_extension.l.o.n.g._ex.te.nsio.n' expected restype: ''
    assert '' == 'longer_exten..._ex.te.nsio.n'
      
      - longer_extension.l.o.n.g._ex.te.nsio.n</failure></testcase><testcase classname="tests.resource.test_resource_from_path.TestResourceIdentifier" name="test_from_path_long_suffix_gff_xml" time="0.001"><failure message="AssertionError: &#10;  resname: '' restype: ''&#10;  expected resname: 'asdf.xyz.qwerty' expected restype: 'GFF.XML'&#10;assert '' == 'asdf.xyz.qwerty'&#10;  &#10;  - asdf.xyz.qwerty">E   AssertionError: 
      resname: '' restype: ''
      expected resname: 'asdf.xyz.qwerty' expected restype: 'GFF.XML'
    assert '' == 'asdf.xyz.qwerty'
      
      - asdf.xyz.qwerty</failure></testcase><testcase classname="tests.resource.test_resource_from_path.TestResourceIdentifier" name="test_from_path_mdl" time="0.001"><failure message="AssertionError: &#10;  resname: '' restype: ''&#10;  expected resname: 'resource' expected restype: 'MDL'&#10;assert '' == 'resource'&#10;  &#10;  - resource">E   AssertionError: 
      resname: '' restype: ''
      expected resname: 'resource' expected restype: 'MDL'
    assert '' == 'resource'
      
      - resource</failure></testcase><testcase classname="tests.resource.test_resource_from_path.TestResourceIdentifier" name="test_from_path_no_extension" time="0.001"><failure message="AssertionError: &#10;  resname: '' restype: ''&#10;  expected resname: 'no_extension' expected restype: ''&#10;assert '' == 'no_extension'&#10;  &#10;  - no_extension">E   AssertionError: 
      resname: '' restype: ''
      expected resname: 'no_extension' expected restype: ''
    assert '' == 'no_extension'
      
      - no_extension</failure></testcase><testcase classname="tests.resource.test_resource_from_path.TestResourceIdentifier" name="test_from_path_none_file_path" time="0.000" /><testcase classname="tests.resource.test_resource_from_path.TestResourceIdentifier" name="test_from_path_tga" time="0.001"><failure message="AssertionError: &#10;  resname: '' restype: ''&#10;  expected resname: 'texture' expected restype: 'TGA'&#10;assert '' == 'texture'&#10;  &#10;  - texture">E   AssertionError: 
      resname: '' restype: ''
      expected resname: 'texture' expected restype: 'TGA'
    assert '' == 'texture'
      
      - texture</failure></testcase><testcase classname="tests.resource.test_resource_from_path.TestResourceIdentifier" name="test_from_path_tlk_xml" time="0.001"><failure message="AssertionError: &#10;  resname: '' restype: ''&#10;  expected resname: 'asdf' expected restype: 'TLK.XML'&#10;assert '' == 'asdf'&#10;  &#10;  - asdf">E   AssertionError: 
      resname: '' restype: ''
      expected resname: 'asdf' expected restype: 'TLK.XML'
    assert '' == 'asdf'
      
      - asdf</failure></testcase><testcase classname="tests.resource.test_resource_from_path.TestResourceIdentifier" name="test_from_path_trailing_dot" time="0.001"><failure message="AssertionError: &#10;  resname: '' restype: ''&#10;  expected resname: 'invalid.' expected restype: ''&#10;assert '' == 'invalid.'&#10;  &#10;  - invalid.">E   AssertionError: 
      resname: '' restype: ''
      expected resname: 'invalid.' expected restype: ''
    assert '' == 'invalid.'
      
      - invalid.</failure></testcase><testcase classname="tests.resource.test_resource_from_path.TestResourceIdentifier" name="test_from_path_wav" time="0.001"><failure message="AssertionError: &#10;  resname: '' restype: ''&#10;  expected resname: 'SounD' expected restype: 'WAV'&#10;assert '' == 'SounD'&#10;  &#10;  - SounD">E   AssertionError: 
      resname: '' restype: ''
      expected resname: 'SounD' expected restype: 'WAV'
    assert '' == 'SounD'
      
      - SounD</failure></testcase><testcase classname="tests.resource.test_resource_from_path.TestResourceIdentifier" name="test_hashing" time="0.001" /><testcase classname="tests.test_txi_tga_font.TestWriteBitmapFont" name="test_bitmap_font" time="0.001"><failure message="AttributeError: type object 'Path' has no attribute 'pathify'">E   AttributeError: type object 'Path' has no attribute 'pathify'</failure></testcase><testcase classname="tests.test_txi_tga_font.TestWriteBitmapFont" name="test_bitmap_font_thai" time="0.001"><failure message="AttributeError: type object 'Path' has no attribute 'pathify'">E   AttributeError: type object 'Path' has no attribute 'pathify'</failure></testcase><testcase classname="tests.test_txi_tga_font.TestWriteBitmapFont" name="test_invalid_font_path" time="0.001"><failure message="AttributeError: type object 'Path' has no attribute 'pathify'">E   AttributeError: type object 'Path' has no attribute 'pathify'</failure></testcase><testcase classname="tests.test_txi_tga_font.TestWriteBitmapFont" name="test_invalid_language" time="0.000" /><testcase classname="tests.test_txi_tga_font.TestWriteBitmapFont" name="test_invalid_resolution" time="0.000" /><testcase classname="tests.test_txi_tga_font.TestWriteBitmapFont" name="test_valid_inputs" time="0.001"><failure message="AttributeError: type object 'Path' has no attribute 'pathify'">E   AttributeError: type object 'Path' has no attribute 'pathify'</failure></testcase><testcase classname="tests.test_wrapped_str.TestMutableStr" name="test_add" time="0.000" /><testcase classname="tests.test_wrapped_str.TestMutableStr" name="test_assert_str_type" time="0.000" /><testcase classname="tests.test_wrapped_str.TestMutableStr" name="test_capitalize" time="0.000" /><testcase classname="tests.test_wrapped_str.TestMutableStr" name="test_casefold" time="0.000" /><testcase classname="tests.test_wrapped_str.TestMutableStr" name="test_cast" time="0.000"><failure message="AttributeError: type object 'WrappedStr' has no attribute 'cast'">E   AttributeError: type object 'WrappedStr' has no attribute 'cast'</failure></testcase><testcase classname="tests.test_wrapped_str.TestMutableStr" name="test_center" time="0.000" /><testcase classname="tests.test_wrapped_str.TestMutableStr" name="test_contains" time="0.000" /><testcase classname="tests.test_wrapped_str.TestMutableStr" name="test_count" time="0.001" /><testcase classname="tests.test_wrapped_str.TestMutableStr" name="test_deepcopy" time="0.000" /><testcase classname="tests.test_wrapped_str.TestMutableStr" name="test_encode" time="0.000" /><testcase classname="tests.test_wrapped_str.TestMutableStr" name="test_endswith" time="0.000" /><testcase classname="tests.test_wrapped_str.TestMutableStr" name="test_eq" time="0.000" /><testcase classname="tests.test_wrapped_str.TestMutableStr" name="test_expandtabs" time="0.000" /><testcase classname="tests.test_wrapped_str.TestMutableStr" name="test_find" time="0.000" /><testcase classname="tests.test_wrapped_str.TestMutableStr" name="test_format" time="0.000" /><testcase classname="tests.test_wrapped_str.TestMutableStr" name="test_format_map" time="0.000" /><testcase classname="tests.test_wrapped_str.TestMutableStr" name="test_ge" time="0.000" /><testcase classname="tests.test_wrapped_str.TestMutableStr" name="test_getitem" time="0.000" /><testcase classname="tests.test_wrapped_str.TestMutableStr" name="test_getnewargs" time="0.000" /><testcase classname="tests.test_wrapped_str.TestMutableStr" name="test_getstate" time="0.000" /><testcase classname="tests.test_wrapped_str.TestMutableStr" name="test_gt" time="0.000" /><testcase classname="tests.test_wrapped_str.TestMutableStr" name="test_hash" time="0.000" /><testcase classname="tests.test_wrapped_str.TestMutableStr" name="test_index" time="0.000" /><testcase classname="tests.test_wrapped_str.TestMutableStr" name="test_init" time="0.000" /><testcase classname="tests.test_wrapped_str.TestMutableStr" name="test_isalnum" time="0.000" /><testcase classname="tests.test_wrapped_str.TestMutableStr" name="test_isalpha" time="0.000" /><testcase classname="tests.test_wrapped_str.TestMutableStr" name="test_isascii" time="0.000" /><testcase classname="tests.test_wrapped_str.TestMutableStr" name="test_isdecimal" time="0.000" /><testcase classname="tests.test_wrapped_str.TestMutableStr" name="test_isdigit" time="0.000" /><testcase classname="tests.test_wrapped_str.TestMutableStr" name="test_isidentifier" time="0.000" /><testcase classname="tests.test_wrapped_str.TestMutableStr" name="test_islower" time="0.000" /><testcase classname="tests.test_wrapped_str.TestMutableStr" name="test_isnumeric" time="0.000" /><testcase classname="tests.test_wrapped_str.TestMutableStr" name="test_isprintable" time="0.000" /><testcase classname="tests.test_wrapped_str.TestMutableStr" name="test_isspace" time="0.000" /><testcase classname="tests.test_wrapped_str.TestMutableStr" name="test_istitle" time="0.000" /><testcase classname="tests.test_wrapped_str.TestMutableStr" name="test_isupper" time="0.000" /><testcase classname="tests.test_wrapped_str.TestMutableStr" name="test_iter" time="0.000" /><testcase classname="tests.test_wrapped_str.TestMutableStr" name="test_join" time="0.000" /><testcase classname="tests.test_wrapped_str.TestMutableStr" name="test_le" time="0.000" /><testcase classname="tests.test_wrapped_str.TestMutableStr" name="test_len" time="0.000" /><testcase classname="tests.test_wrapped_str.TestMutableStr" name="test_ljust" time="0.000" /><testcase classname="tests.test_wrapped_str.TestMutableStr" name="test_lower" time="0.000" /><testcase classname="tests.test_wrapped_str.TestMutableStr" name="test_lstrip" time="0.000" /><testcase classname="tests.test_wrapped_str.TestMutableStr" name="test_lt" time="0.001" /><testcase classname="tests.test_wrapped_str.TestMutableStr" name="test_maketrans" time="0.000" /><testcase classname="tests.test_wrapped_str.TestMutableStr" name="test_mod" time="0.000" /><testcase classname="tests.test_wrapped_str.TestMutableStr" name="test_mul" time="0.000" /><testcase classname="tests.test_wrapped_str.TestMutableStr" name="test_ne" time="0.000" /><testcase classname="tests.test_wrapped_str.TestMutableStr" name="test_partition" time="0.000" /><testcase classname="tests.test_wrapped_str.TestMutableStr" name="test_radd" time="0.000" /><testcase classname="tests.test_wrapped_str.TestMutableStr" name="test_removeprefix" time="0.000" /><testcase classname="tests.test_wrapped_str.TestMutableStr" name="test_removesuffix" time="0.000" /><testcase classname="tests.test_wrapped_str.TestMutableStr" name="test_replace" time="0.000" /><testcase classname="tests.test_wrapped_str.TestMutableStr" name="test_repr" time="0.001"><failure message="assert &quot;MutableStr('test')&quot; == 'MutableStr(test)'&#10;  &#10;  - MutableStr(test)&#10;  + MutableStr('test')&#10;  ?            +    +">E   assert "MutableStr('test')" == 'MutableStr(test)'
      
      - MutableStr(test)
      + MutableStr('test')
      ?            +    +</failure></testcase><testcase classname="tests.test_wrapped_str.TestMutableStr" name="test_rfind" time="0.000" /><testcase classname="tests.test_wrapped_str.TestMutableStr" name="test_rindex" time="0.000" /><testcase classname="tests.test_wrapped_str.TestMutableStr" name="test_rjust" time="0.000" /><testcase classname="tests.test_wrapped_str.TestMutableStr" name="test_rmul" time="0.000" /><testcase classname="tests.test_wrapped_str.TestMutableStr" name="test_rpartition" time="0.000" /><testcase classname="tests.test_wrapped_str.TestMutableStr" name="test_rsplit" time="0.000" /><testcase classname="tests.test_wrapped_str.TestMutableStr" name="test_rstrip" time="0.000" /><testcase classname="tests.test_wrapped_str.TestMutableStr" name="test_setattr" time="0.001"><failure message="AssertionError: RuntimeError not raised">E   AssertionError: RuntimeError not raised</failure></testcase><testcase classname="tests.test_wrapped_str.TestMutableStr" name="test_split" time="0.000" /><testcase classname="tests.test_wrapped_str.TestMutableStr" name="test_splitlines" time="0.000" /><testcase classname="tests.test_wrapped_str.TestMutableStr" name="test_startswith" time="0.000" /><testcase classname="tests.test_wrapped_str.TestMutableStr" name="test_str" time="0.000" /><testcase classname="tests.test_wrapped_str.TestMutableStr" name="test_strip" time="0.000" /><testcase classname="tests.test_wrapped_str.TestMutableStr" name="test_swapcase" time="0.000" /><testcase classname="tests.test_wrapped_str.TestMutableStr" name="test_title" time="0.000" /><testcase classname="tests.test_wrapped_str.TestMutableStr" name="test_translate" time="0.000" /><testcase classname="tests.test_wrapped_str.TestMutableStr" name="test_upper" time="0.000" /><testcase classname="tests.test_wrapped_str.TestMutableStr" name="test_zfill" time="0.000" /><testcase classname="tests.test_wrapped_str.TestCaseInsensImmutableStr" name="test_coerce_str" time="0.000"><failure message="NameError: name 'CaseInsensImmutableStr' is not defined">E   NameError: name 'CaseInsensImmutableStr' is not defined</failure></testcase><testcase classname="tests.test_wrapped_str.TestCaseInsensImmutableStr" name="test_contains" time="0.000"><failure message="NameError: name 'CaseInsensImmutableStr' is not defined">E   NameError: name 'CaseInsensImmutableStr' is not defined</failure></testcase><testcase classname="tests.test_wrapped_str.TestCaseInsensImmutableStr" name="test_endswith" time="0.001"><failure message="NameError: name 'CaseInsensImmutableStr' is not defined">E   NameError: name 'CaseInsensImmutableStr' is not defined</failure></testcase><testcase classname="tests.test_wrapped_str.TestCaseInsensImmutableStr" name="test_eq" time="0.000"><failure message="NameError: name 'CaseInsensImmutableStr' is not defined">E   NameError: name 'CaseInsensImmutableStr' is not defined</failure></testcase><testcase classname="tests.test_wrapped_str.TestCaseInsensImmutableStr" name="test_find" time="0.000"><failure message="NameError: name 'CaseInsensImmutableStr' is not defined">E   NameError: name 'CaseInsensImmutableStr' is not defined</failure></testcase><testcase classname="tests.test_wrapped_str.TestCaseInsensImmutableStr" name="test_hash" time="0.000"><failure message="NameError: name 'CaseInsensImmutableStr' is not defined">E   NameError: name 'CaseInsensImmutableStr' is not defined</failure></testcase><testcase classname="tests.test_wrapped_str.TestCaseInsensImmutableStr" name="test_init" time="0.000"><failure message="NameError: name 'CaseInsensImmutableStr' is not defined">E   NameError: name 'CaseInsensImmutableStr' is not defined</failure></testcase><testcase classname="tests.test_wrapped_str.TestCaseInsensImmutableStr" name="test_ne" time="0.000"><failure message="NameError: name 'CaseInsensImmutableStr' is not defined">E   NameError: name 'CaseInsensImmutableStr' is not defined</failure></testcase><testcase classname="tests.test_wrapped_str.TestCaseInsensImmutableStr" name="test_partition" time="0.000"><failure message="NameError: name 'CaseInsensImmutableStr' is not defined">E   NameError: name 'CaseInsensImmutableStr' is not defined</failure></testcase><testcase classname="tests.test_wrapped_str.TestCaseInsensImmutableStr" name="test_replace" time="0.000"><failure message="NameError: name 'CaseInsensImmutableStr' is not defined">E   NameError: name 'CaseInsensImmutableStr' is not defined</failure></testcase><testcase classname="tests.test_wrapped_str.TestCaseInsensImmutableStr" name="test_rfind" time="0.001"><failure message="NameError: name 'CaseInsensImmutableStr' is not defined">E   NameError: name 'CaseInsensImmutableStr' is not defined</failure></testcase><testcase classname="tests.test_wrapped_str.TestCaseInsensImmutableStr" name="test_rpartition" time="0.000"><failure message="NameError: name 'CaseInsensImmutableStr' is not defined">E   NameError: name 'CaseInsensImmutableStr' is not defined</failure></testcase><testcase classname="tests.test_wrapped_str.TestCaseInsensImmutableStr" name="test_rsplit" time="0.000"><failure message="NameError: name 'CaseInsensImmutableStr' is not defined">E   NameError: name 'CaseInsensImmutableStr' is not defined</failure></testcase><testcase classname="tests.test_wrapped_str.TestCaseInsensImmutableStr" name="test_split" time="0.000"><failure message="NameError: name 'CaseInsensImmutableStr' is not defined">E   NameError: name 'CaseInsensImmutableStr' is not defined</failure></testcase><testcase classname="tests.test_wrapped_str.TestCaseInsensImmutableStr" name="test_split_by_indices" time="0.001"><failure message="NameError: name 'CaseInsensImmutableStr' is not defined">E   NameError: name 'CaseInsensImmutableStr' is not defined</failure></testcase><testcase classname="tests.toolset_tests.gui.editors.test_are_editor.AREEditorTest" name="test_gff_reconstruct_from_k1_installation" time="0.002"><skipped type="pytest.skip" message="K2_PATH environment variable is not set or not found on disk.">D:\a\PyKotor\PyKotor\tests\toolset_tests\gui\editors\test_are_editor.py:93: K2_PATH environment variable is not set or not found on disk.</skipped></testcase><testcase classname="tests.toolset_tests.gui.editors.test_are_editor.AREEditorTest" name="test_gff_reconstruct_from_k2_installation" time="0.000"><skipped type="pytest.skip" message="K2_PATH environment variable is not set or not found on disk.">D:\a\PyKotor\PyKotor\tests\toolset_tests\gui\editors\test_are_editor.py:110: K2_PATH environment variable is not set or not found on disk.</skipped></testcase><testcase classname="tests.toolset_tests.gui.editors.test_are_editor.AREEditorTest" name="test_placeholder" time="0.000"><skipped type="pytest.skip" message="K2_PATH environment variable is not set or not found on disk.">D:\a\PyKotor\PyKotor\tests\toolset_tests\gui\editors\test_are_editor.py:126: K2_PATH environment variable is not set or not found on disk.</skipped></testcase><testcase classname="tests.toolset_tests.gui.editors.test_are_editor.AREEditorTest" name="test_save_and_load" time="0.000"><skipped type="pytest.skip" message="K2_PATH environment variable is not set or not found on disk.">D:\a\PyKotor\PyKotor\tests\toolset_tests\gui\editors\test_are_editor.py:80: K2_PATH environment variable is not set or not found on disk.</skipped></testcase><testcase classname="tests.toolset_tests.gui.editors.test_bwm_editor.BWMEditorTest" name="test_bwm_reconstruct_from_k1_installation" time="0.000"><skipped type="pytest.skip" message="K2_PATH environment variable is not set or not found on disk.">D:\a\PyKotor\PyKotor\tests\toolset_tests\gui\editors\test_bwm_editor.py:93: K2_PATH environment variable is not set or not found on disk.</skipped></testcase><testcase classname="tests.toolset_tests.gui.editors.test_bwm_editor.BWMEditorTest" name="test_bwm_reconstruct_from_k2_installation" time="0.000"><skipped type="pytest.skip" message="K2_PATH environment variable is not set or not found on disk.">D:\a\PyKotor\PyKotor\tests\toolset_tests\gui\editors\test_bwm_editor.py:108: K2_PATH environment variable is not set or not found on disk.</skipped></testcase><testcase classname="tests.toolset_tests.gui.editors.test_bwm_editor.BWMEditorTest" name="test_placeholder" time="0.000"><skipped type="pytest.skip" message="K2_PATH environment variable is not set or not found on disk.">D:\a\PyKotor\PyKotor\tests\toolset_tests\gui\editors\test_bwm_editor.py:142: K2_PATH environment variable is not set or not found on disk.</skipped></testcase><testcase classname="tests.toolset_tests.gui.editors.test_bwm_editor.BWMEditorTest" name="test_save_and_load" time="0.000"><skipped type="pytest.skip" message="K2_PATH environment variable is not set or not found on disk.">D:\a\PyKotor\PyKotor\tests\toolset_tests\gui\editors\test_bwm_editor.py:80: K2_PATH environment variable is not set or not found on disk.</skipped></testcase><testcase classname="tests.toolset_tests.gui.editors.test_dlg_editor.TestDLGStandardItemModel" name="test_dictionaries_filled_correctly" time="4.251"><failure message="UnboundLocalError: local variable 'i' referenced before assignment">E   UnboundLocalError: local variable 'i' referenced before assignment</failure></testcase><testcase classname="tests.toolset_tests.gui.editors.test_dlg_editor.TestDLGStandardItemModel" name="test_hashing" time="0.022"><failure message="UnboundLocalError: local variable 'i' referenced before assignment">E   UnboundLocalError: local variable 'i' referenced before assignment</failure></testcase><testcase classname="tests.toolset_tests.gui.editors.test_dlg_editor.TestDLGStandardItemModel" name="test_link_list_index_sync" time="0.022"><failure message="UnboundLocalError: local variable 'i' referenced before assignment">E   UnboundLocalError: local variable 'i' referenced before assignment</failure></testcase><testcase classname="tests.toolset_tests.gui.editors.test_dlg_editor.TestDLGStandardItemModel" name="test_move_item_to_index" time="0.022"><failure message="UnboundLocalError: local variable 'i' referenced before assignment">E   UnboundLocalError: local variable 'i' referenced before assignment</failure></testcase><testcase classname="tests.toolset_tests.gui.editors.test_dlg_editor.TestDLGStandardItemModel" name="test_paste_item" time="0.024"><failure message="UnboundLocalError: local variable 'i' referenced before assignment">E   UnboundLocalError: local variable 'i' referenced before assignment</failure></testcase><testcase classname="tests.toolset_tests.gui.editors.test_dlg_editor.TestDLGStandardItemModel" name="test_serialize_mime_data" time="0.022"><failure message="UnboundLocalError: local variable 'i' referenced before assignment">E   UnboundLocalError: local variable 'i' referenced before assignment</failure></testcase><testcase classname="tests.toolset_tests.gui.editors.test_dlg_editor.TestDLGStandardItemModel" name="test_shift_item" time="0.022"><failure message="UnboundLocalError: local variable 'i' referenced before assignment">E   UnboundLocalError: local variable 'i' referenced before assignment</failure></testcase><testcase classname="tests.toolset_tests.gui.editors.test_erf_editor.ERFEditorTest" name="test_erf_reconstruct_from_k1_installation" time="0.000"><skipped type="pytest.skip" message="K2_PATH environment variable is not set or not found on disk.">D:\a\PyKotor\PyKotor\tests\toolset_tests\gui\editors\test_erf_editor.py:93: K2_PATH environment variable is not set or not found on disk.</skipped></testcase><testcase classname="tests.toolset_tests.gui.editors.test_erf_editor.ERFEditorTest" name="test_erf_reconstruct_from_k2_installation" time="0.000"><skipped type="pytest.skip" message="K2_PATH environment variable is not set or not found on disk.">D:\a\PyKotor\PyKotor\tests\toolset_tests\gui\editors\test_erf_editor.py:108: K2_PATH environment variable is not set or not found on disk.</skipped></testcase><testcase classname="tests.toolset_tests.gui.editors.test_erf_editor.ERFEditorTest" name="test_placeholder" time="0.000"><skipped type="pytest.skip" message="K2_PATH environment variable is not set or not found on disk.">D:\a\PyKotor\PyKotor\tests\toolset_tests\gui\editors\test_erf_editor.py:142: K2_PATH environment variable is not set or not found on disk.</skipped></testcase><testcase classname="tests.toolset_tests.gui.editors.test_erf_editor.ERFEditorTest" name="test_save_and_load" time="0.000"><skipped type="pytest.skip" message="K2_PATH environment variable is not set or not found on disk.">D:\a\PyKotor\PyKotor\tests\toolset_tests\gui\editors\test_erf_editor.py:81: K2_PATH environment variable is not set or not found on disk.</skipped></testcase><testcase classname="tests.toolset_tests.gui.editors.test_gff_editor.GFFEditorTest" name="test_gff_reconstruct_from_k1_installation" time="0.000"><skipped type="pytest.skip" message="K2_PATH environment variable is not set or not found on disk.">D:\a\PyKotor\PyKotor\tests\toolset_tests\gui\editors\test_gff_editor.py:168: K2_PATH environment variable is not set or not found on disk.</skipped></testcase><testcase classname="tests.toolset_tests.gui.editors.test_gff_editor.GFFEditorTest" name="test_gff_reconstruct_from_k2_installation" time="0.000"><skipped type="pytest.skip" message="K2_PATH environment variable is not set or not found on disk.">D:\a\PyKotor\PyKotor\tests\toolset_tests\gui\editors\test_gff_editor.py:185: K2_PATH environment variable is not set or not found on disk.</skipped></testcase><testcase classname="tests.toolset_tests.gui.editors.test_gff_editor.GFFEditorTest" name="test_placeholder" time="0.000"><skipped type="pytest.skip" message="K2_PATH environment variable is not set or not found on disk.">D:\a\PyKotor\PyKotor\tests\toolset_tests\gui\editors\test_gff_editor.py:202: K2_PATH environment variable is not set or not found on disk.</skipped></testcase><testcase classname="tests.toolset_tests.gui.editors.test_gff_editor.GFFEditorTest" name="test_save_and_load" time="0.000"><skipped type="pytest.skip" message="K2_PATH environment variable is not set or not found on disk.">D:\a\PyKotor\PyKotor\tests\toolset_tests\gui\editors\test_gff_editor.py:154: K2_PATH environment variable is not set or not found on disk.</skipped></testcase><testcase classname="tests.toolset_tests.gui.editors.test_git_editor.GITEditorTest" name="test_gff_reconstruct_from_k1_installation" time="0.000"><skipped type="pytest.skip" message="K2_PATH environment variable is not set or not found on disk.">D:\a\PyKotor\PyKotor\tests\toolset_tests\gui\editors\test_git_editor.py:98: K2_PATH environment variable is not set or not found on disk.</skipped></testcase><testcase classname="tests.toolset_tests.gui.editors.test_git_editor.GITEditorTest" name="test_gff_reconstruct_from_k2_installation" time="0.000"><skipped type="pytest.skip" message="K2_PATH environment variable is not set or not found on disk.">D:\a\PyKotor\PyKotor\tests\toolset_tests\gui\editors\test_git_editor.py:114: K2_PATH environment variable is not set or not found on disk.</skipped></testcase><testcase classname="tests.toolset_tests.gui.editors.test_git_editor.GITEditorTest" name="test_placeholder" time="0.000"><skipped type="pytest.skip" message="K2_PATH environment variable is not set or not found on disk.">D:\a\PyKotor\PyKotor\tests\toolset_tests\gui\editors\test_git_editor.py:130: K2_PATH environment variable is not set or not found on disk.</skipped></testcase><testcase classname="tests.toolset_tests.gui.editors.test_git_editor.GITEditorTest" name="test_save_and_load" time="0.000"><skipped type="pytest.skip" message="K2_PATH environment variable is not set or not found on disk.">D:\a\PyKotor\PyKotor\tests\toolset_tests\gui\editors\test_git_editor.py:85: K2_PATH environment variable is not set or not found on disk.</skipped></testcase><testcase classname="tests.toolset_tests.gui.editors.test_jrl_editor.JRLEditorTest" name="test_editor_init" time="0.000"><skipped type="pytest.skip" message="K2_PATH environment variable is not set or not found on disk.">D:\a\PyKotor\PyKotor\tests\toolset_tests\gui\editors\test_jrl_editor.py:124: K2_PATH environment variable is not set or not found on disk.</skipped></testcase><testcase classname="tests.toolset_tests.gui.editors.test_jrl_editor.JRLEditorTest" name="test_gff_reconstruct_from_k1_installation" time="0.000"><skipped type="pytest.skip" message="K2_PATH environment variable is not set or not found on disk.">D:\a\PyKotor\PyKotor\tests\toolset_tests\gui\editors\test_jrl_editor.py:92: K2_PATH environment variable is not set or not found on disk.</skipped></testcase><testcase classname="tests.toolset_tests.gui.editors.test_jrl_editor.JRLEditorTest" name="test_gff_reconstruct_from_k2_installation" time="0.000"><skipped type="pytest.skip" message="K2_PATH environment variable is not set or not found on disk.">D:\a\PyKotor\PyKotor\tests\toolset_tests\gui\editors\test_jrl_editor.py:108: K2_PATH environment variable is not set or not found on disk.</skipped></testcase><testcase classname="tests.toolset_tests.gui.editors.test_jrl_editor.JRLEditorTest" name="test_save_and_load" time="0.000"><skipped type="pytest.skip" message="K2_PATH environment variable is not set or not found on disk.">D:\a\PyKotor\PyKotor\tests\toolset_tests\gui\editors\test_jrl_editor.py:79: K2_PATH environment variable is not set or not found on disk.</skipped></testcase><testcase classname="tests.toolset_tests.gui.editors.test_nss_editor.NSSEditorTest" name="test_placeholder" time="0.000"><skipped type="pytest.skip" message="K2_PATH environment variable is not set or not found on disk.">D:\a\PyKotor\PyKotor\tests\toolset_tests\gui\editors\test_nss_editor.py:111: K2_PATH environment variable is not set or not found on disk.</skipped></testcase><testcase classname="tests.toolset_tests.gui.editors.test_nss_editor.NSSEditorTest" name="test_save_and_load" time="0.000"><skipped type="pytest.skip" message="K2_PATH environment variable is not set or not found on disk.">D:\a\PyKotor\PyKotor\tests\toolset_tests\gui\editors\test_nss_editor.py:80: K2_PATH environment variable is not set or not found on disk.</skipped></testcase><testcase classname="tests.toolset_tests.gui.editors.test_ssf_editor.SSFEditorTest" name="test_placeholder" time="0.000"><skipped type="pytest.skip" message="K1_PATH environment variable is not set or not found on disk.">D:\a\PyKotor\PyKotor\tests\toolset_tests\gui\editors\test_ssf_editor.py:141: K1_PATH environment variable is not set or not found on disk.</skipped></testcase><testcase classname="tests.toolset_tests.gui.editors.test_ssf_editor.SSFEditorTest" name="test_save_and_load" time="0.000"><skipped type="pytest.skip" message="K1_PATH environment variable is not set or not found on disk.">D:\a\PyKotor\PyKotor\tests\toolset_tests\gui\editors\test_ssf_editor.py:80: K1_PATH environment variable is not set or not found on disk.</skipped></testcase><testcase classname="tests.toolset_tests.gui.editors.test_ssf_editor.SSFEditorTest" name="test_ssf_reconstruct_from_k1_installation" time="0.000"><skipped type="pytest.skip" message="K1_PATH environment variable is not set or not found on disk.">D:\a\PyKotor\PyKotor\tests\toolset_tests\gui\editors\test_ssf_editor.py:92: K1_PATH environment variable is not set or not found on disk.</skipped></testcase><testcase classname="tests.toolset_tests.gui.editors.test_ssf_editor.SSFEditorTest" name="test_ssf_reconstruct_from_k2_installation" time="0.000"><skipped type="pytest.skip" message="K1_PATH environment variable is not set or not found on disk.">D:\a\PyKotor\PyKotor\tests\toolset_tests\gui\editors\test_ssf_editor.py:107: K1_PATH environment variable is not set or not found on disk.</skipped></testcase><testcase classname="tests.toolset_tests.gui.editors.test_tlk_editor.TLKEditorTest" name="test_save_and_load" time="0.000"><skipped type="pytest.skip" message="K2_PATH environment variable is not set or not found on disk.">D:\a\PyKotor\PyKotor\tests\toolset_tests\gui\editors\test_tlk_editor.py:79: K2_PATH environment variable is not set or not found on disk.</skipped></testcase><testcase classname="tests.toolset_tests.gui.editors.test_tpc_editor.TPCEditorTest" name="test_placeholder" time="0.000"><skipped type="pytest.skip" message="K1_PATH environment variable is not set or not found on disk.">D:\a\PyKotor\PyKotor\tests\toolset_tests\gui\editors\test_tpc_editor.py:69: K1_PATH environment variable is not set or not found on disk.</skipped></testcase><testcase classname="tests.toolset_tests.gui.editors.test_twoda_editor.TwoDAEditorTest" name="test_2da_save_load_from_k1_installation" time="0.001"><skipped type="pytest.skip" message="K2_PATH environment variable is not set or not found on disk.">D:\a\PyKotor\PyKotor\tests\toolset_tests\gui\editors\test_twoda_editor.py:93: K2_PATH environment variable is not set or not found on disk.</skipped></testcase><testcase classname="tests.toolset_tests.gui.editors.test_twoda_editor.TwoDAEditorTest" name="test_2da_save_load_from_k2_installation" time="0.000"><skipped type="pytest.skip" message="K2_PATH environment variable is not set or not found on disk.">D:\a\PyKotor\PyKotor\tests\toolset_tests\gui\editors\test_twoda_editor.py:109: K2_PATH environment variable is not set or not found on disk.</skipped></testcase><testcase classname="tests.toolset_tests.gui.editors.test_twoda_editor.TwoDAEditorTest" name="test_placeholder" time="0.000"><skipped type="pytest.skip" message="K2_PATH environment variable is not set or not found on disk.">D:\a\PyKotor\PyKotor\tests\toolset_tests\gui\editors\test_twoda_editor.py:144: K2_PATH environment variable is not set or not found on disk.</skipped></testcase><testcase classname="tests.toolset_tests.gui.editors.test_twoda_editor.TwoDAEditorTest" name="test_save_and_load" time="0.000"><skipped type="pytest.skip" message="K2_PATH environment variable is not set or not found on disk.">D:\a\PyKotor\PyKotor\tests\toolset_tests\gui\editors\test_twoda_editor.py:79: K2_PATH environment variable is not set or not found on disk.</skipped></testcase><testcase classname="tests.toolset_tests.gui.editors.test_txt_editor.TXTEditorTest" name="test_placeholder" time="0.000"><skipped type="pytest.skip" message="K1_PATH environment variable is not set or not found on disk.">D:\a\PyKotor\PyKotor\tests\toolset_tests\gui\editors\test_txt_editor.py:51: K1_PATH environment variable is not set or not found on disk.</skipped></testcase><testcase classname="tests.toolset_tests.gui.editors.test_utc_editor.UTCEditorTest" name="test_gff_reconstruct_from_k1_installation" time="0.000"><skipped type="pytest.skip" message="K2_PATH environment variable is not set or not found on disk.">D:\a\PyKotor\PyKotor\tests\toolset_tests\gui\editors\test_utc_editor.py:105: K2_PATH environment variable is not set or not found on disk.</skipped></testcase><testcase classname="tests.toolset_tests.gui.editors.test_utc_editor.UTCEditorTest" name="test_gff_reconstruct_from_k2_installation" time="0.000"><skipped type="pytest.skip" message="K2_PATH environment variable is not set or not found on disk.">D:\a\PyKotor\PyKotor\tests\toolset_tests\gui\editors\test_utc_editor.py:123: K2_PATH environment variable is not set or not found on disk.</skipped></testcase><testcase classname="tests.toolset_tests.gui.editors.test_utc_editor.UTCEditorTest" name="test_save_and_load" time="0.000"><skipped type="pytest.skip" message="K2_PATH environment variable is not set or not found on disk.">D:\a\PyKotor\PyKotor\tests\toolset_tests\gui\editors\test_utc_editor.py:77: K2_PATH environment variable is not set or not found on disk.</skipped></testcase><testcase classname="tests.toolset_tests.gui.editors.test_utc_editor.UTCEditorTest" name="test_save_and_load_validate" time="0.000"><skipped type="pytest.skip" message="K2_PATH environment variable is not set or not found on disk.">D:\a\PyKotor\PyKotor\tests\toolset_tests\gui\editors\test_utc_editor.py:90: K2_PATH environment variable is not set or not found on disk.</skipped></testcase><testcase classname="tests.toolset_tests.gui.editors.test_utd_editor.UTDEditorTest" name="test_gff_reconstruct_from_k1_installation" time="0.000"><skipped type="pytest.skip" message="K1_PATH environment variable is not set or not found on disk.">D:\a\PyKotor\PyKotor\tests\toolset_tests\gui\editors\test_utd_editor.py:94: K1_PATH environment variable is not set or not found on disk.</skipped></testcase><testcase classname="tests.toolset_tests.gui.editors.test_utd_editor.UTDEditorTest" name="test_gff_reconstruct_from_k2_installation" time="0.001"><skipped type="pytest.skip" message="K1_PATH environment variable is not set or not found on disk.">D:\a\PyKotor\PyKotor\tests\toolset_tests\gui\editors\test_utd_editor.py:110: K1_PATH environment variable is not set or not found on disk.</skipped></testcase><testcase classname="tests.toolset_tests.gui.editors.test_utd_editor.UTDEditorTest" name="test_placeholder" time="0.000"><skipped type="pytest.skip" message="K1_PATH environment variable is not set or not found on disk.">D:\a\PyKotor\PyKotor\tests\toolset_tests\gui\editors\test_utd_editor.py:126: K1_PATH environment variable is not set or not found on disk.</skipped></testcase><testcase classname="tests.toolset_tests.gui.editors.test_utd_editor.UTDEditorTest" name="test_save_and_load" time="0.000"><skipped type="pytest.skip" message="K1_PATH environment variable is not set or not found on disk.">D:\a\PyKotor\PyKotor\tests\toolset_tests\gui\editors\test_utd_editor.py:81: K1_PATH environment variable is not set or not found on disk.</skipped></testcase><testcase classname="tests.toolset_tests.gui.editors.test_ute_editor.UTEEditorTest" name="test_gff_reconstruct_from_k1_installation" time="0.000"><skipped type="pytest.skip" message="K2_PATH environment variable is not set or not found on disk.">D:\a\PyKotor\PyKotor\tests\toolset_tests\gui\editors\test_ute_editor.py:92: K2_PATH environment variable is not set or not found on disk.</skipped></testcase><testcase classname="tests.toolset_tests.gui.editors.test_ute_editor.UTEEditorTest" name="test_gff_reconstruct_from_k2_installation" time="0.000"><skipped type="pytest.skip" message="K2_PATH environment variable is not set or not found on disk.">D:\a\PyKotor\PyKotor\tests\toolset_tests\gui\editors\test_ute_editor.py:108: K2_PATH environment variable is not set or not found on disk.</skipped></testcase><testcase classname="tests.toolset_tests.gui.editors.test_ute_editor.UTEEditorTest" name="test_placeholder" time="0.000"><skipped type="pytest.skip" message="K2_PATH environment variable is not set or not found on disk.">D:\a\PyKotor\PyKotor\tests\toolset_tests\gui\editors\test_ute_editor.py:124: K2_PATH environment variable is not set or not found on disk.</skipped></testcase><testcase classname="tests.toolset_tests.gui.editors.test_ute_editor.UTEEditorTest" name="test_save_and_load" time="0.000"><skipped type="pytest.skip" message="K2_PATH environment variable is not set or not found on disk.">D:\a\PyKotor\PyKotor\tests\toolset_tests\gui\editors\test_ute_editor.py:79: K2_PATH environment variable is not set or not found on disk.</skipped></testcase><testcase classname="tests.toolset_tests.gui.editors.test_uti_editor.UTIEditorTest" name="test_gff_reconstruct_from_k1_installation" time="0.000"><skipped type="pytest.skip" message="K2_PATH environment variable is not set or not found on disk.">D:\a\PyKotor\PyKotor\tests\toolset_tests\gui\editors\test_uti_editor.py:93: K2_PATH environment variable is not set or not found on disk.</skipped></testcase><testcase classname="tests.toolset_tests.gui.editors.test_uti_editor.UTIEditorTest" name="test_gff_reconstruct_from_k2_installation" time="0.000"><skipped type="pytest.skip" message="K2_PATH environment variable is not set or not found on disk.">D:\a\PyKotor\PyKotor\tests\toolset_tests\gui\editors\test_uti_editor.py:109: K2_PATH environment variable is not set or not found on disk.</skipped></testcase><testcase classname="tests.toolset_tests.gui.editors.test_uti_editor.UTIEditorTest" name="test_open_and_save" time="0.000"><skipped type="pytest.skip" message="K2_PATH environment variable is not set or not found on disk.">D:\a\PyKotor\PyKotor\tests\toolset_tests\gui\editors\test_uti_editor.py:125: K2_PATH environment variable is not set or not found on disk.</skipped></testcase><testcase classname="tests.toolset_tests.gui.editors.test_uti_editor.UTIEditorTest" name="test_save_and_load" time="0.001"><skipped type="pytest.skip" message="K2_PATH environment variable is not set or not found on disk.">D:\a\PyKotor\PyKotor\tests\toolset_tests\gui\editors\test_uti_editor.py:80: K2_PATH environment variable is not set or not found on disk.</skipped></testcase><testcase classname="tests.toolset_tests.gui.editors.test_utm_editor.UTMEditorTest" name="test_gff_reconstruct_from_k1_installation" time="0.000"><skipped type="pytest.skip" message="K2_PATH environment variable is not set or not found on disk.">D:\a\PyKotor\PyKotor\tests\toolset_tests\gui\editors\test_utm_editor.py:93: K2_PATH environment variable is not set or not found on disk.</skipped></testcase><testcase classname="tests.toolset_tests.gui.editors.test_utm_editor.UTMEditorTest" name="test_gff_reconstruct_from_k2_installation" time="0.000"><skipped type="pytest.skip" message="K2_PATH environment variable is not set or not found on disk.">D:\a\PyKotor\PyKotor\tests\toolset_tests\gui\editors\test_utm_editor.py:109: K2_PATH environment variable is not set or not found on disk.</skipped></testcase><testcase classname="tests.toolset_tests.gui.editors.test_utm_editor.UTMEditorTest" name="test_placeholder" time="0.000"><skipped type="pytest.skip" message="K2_PATH environment variable is not set or not found on disk.">D:\a\PyKotor\PyKotor\tests\toolset_tests\gui\editors\test_utm_editor.py:125: K2_PATH environment variable is not set or not found on disk.</skipped></testcase><testcase classname="tests.toolset_tests.gui.editors.test_utm_editor.UTMEditorTest" name="test_save_and_load" time="0.000"><skipped type="pytest.skip" message="K2_PATH environment variable is not set or not found on disk.">D:\a\PyKotor\PyKotor\tests\toolset_tests\gui\editors\test_utm_editor.py:80: K2_PATH environment variable is not set or not found on disk.</skipped></testcase><testcase classname="tests.toolset_tests.gui.editors.test_utp_editor.UTPEditorTest" name="test_gff_reconstruct_from_k1_installation" time="0.000"><skipped type="pytest.skip" message="K2_PATH environment variable is not set or not found on disk.">D:\a\PyKotor\PyKotor\tests\toolset_tests\gui\editors\test_utp_editor.py:92: K2_PATH environment variable is not set or not found on disk.</skipped></testcase><testcase classname="tests.toolset_tests.gui.editors.test_utp_editor.UTPEditorTest" name="test_gff_reconstruct_from_k2_installation" time="0.000"><skipped type="pytest.skip" message="K2_PATH environment variable is not set or not found on disk.">D:\a\PyKotor\PyKotor\tests\toolset_tests\gui\editors\test_utp_editor.py:108: K2_PATH environment variable is not set or not found on disk.</skipped></testcase><testcase classname="tests.toolset_tests.gui.editors.test_utp_editor.UTPEditorTest" name="test_open_and_save" time="0.000"><skipped type="pytest.skip" message="K2_PATH environment variable is not set or not found on disk.">D:\a\PyKotor\PyKotor\tests\toolset_tests\gui\editors\test_utp_editor.py:124: K2_PATH environment variable is not set or not found on disk.</skipped></testcase><testcase classname="tests.toolset_tests.gui.editors.test_utp_editor.UTPEditorTest" name="test_save_and_load" time="0.000"><skipped type="pytest.skip" message="K2_PATH environment variable is not set or not found on disk.">D:\a\PyKotor\PyKotor\tests\toolset_tests\gui\editors\test_utp_editor.py:79: K2_PATH environment variable is not set or not found on disk.</skipped></testcase><testcase classname="tests.toolset_tests.gui.editors.test_uts_editor.UTSEditorTest" name="test_gff_reconstruct_from_k1_installation" time="0.000"><skipped type="pytest.skip" message="K2_PATH environment variable is not set or not found on disk.">D:\a\PyKotor\PyKotor\tests\toolset_tests\gui\editors\test_uts_editor.py:92: K2_PATH environment variable is not set or not found on disk.</skipped></testcase><testcase classname="tests.toolset_tests.gui.editors.test_uts_editor.UTSEditorTest" name="test_gff_reconstruct_from_k2_installation" time="0.001"><skipped type="pytest.skip" message="K2_PATH environment variable is not set or not found on disk.">D:\a\PyKotor\PyKotor\tests\toolset_tests\gui\editors\test_uts_editor.py:108: K2_PATH environment variable is not set or not found on disk.</skipped></testcase><testcase classname="tests.toolset_tests.gui.editors.test_uts_editor.UTSEditorTest" name="test_placeholder" time="0.000"><skipped type="pytest.skip" message="K2_PATH environment variable is not set or not found on disk.">D:\a\PyKotor\PyKotor\tests\toolset_tests\gui\editors\test_uts_editor.py:124: K2_PATH environment variable is not set or not found on disk.</skipped></testcase><testcase classname="tests.toolset_tests.gui.editors.test_uts_editor.UTSEditorTest" name="test_save_and_load" time="0.000"><skipped type="pytest.skip" message="K2_PATH environment variable is not set or not found on disk.">D:\a\PyKotor\PyKotor\tests\toolset_tests\gui\editors\test_uts_editor.py:79: K2_PATH environment variable is not set or not found on disk.</skipped></testcase><testcase classname="tests.toolset_tests.gui.editors.test_utt_editor.UTTEditorTest" name="test_editor_init" time="0.000"><skipped type="pytest.skip" message="K2_PATH environment variable is not set or not found on disk.">D:\a\PyKotor\PyKotor\tests\toolset_tests\gui\editors\test_utt_editor.py:126: K2_PATH environment variable is not set or not found on disk.</skipped></testcase><testcase classname="tests.toolset_tests.gui.editors.test_utt_editor.UTTEditorTest" name="test_gff_reconstruct_from_k1_installation" time="0.000"><skipped type="pytest.skip" message="K2_PATH environment variable is not set or not found on disk.">D:\a\PyKotor\PyKotor\tests\toolset_tests\gui\editors\test_utt_editor.py:94: K2_PATH environment variable is not set or not found on disk.</skipped></testcase><testcase classname="tests.toolset_tests.gui.editors.test_utt_editor.UTTEditorTest" name="test_gff_reconstruct_from_k2_installation" time="0.000"><skipped type="pytest.skip" message="K2_PATH environment variable is not set or not found on disk.">D:\a\PyKotor\PyKotor\tests\toolset_tests\gui\editors\test_utt_editor.py:110: K2_PATH environment variable is not set or not found on disk.</skipped></testcase><testcase classname="tests.toolset_tests.gui.editors.test_utt_editor.UTTEditorTest" name="test_save_and_load" time="0.000"><skipped type="pytest.skip" message="K2_PATH environment variable is not set or not found on disk.">D:\a\PyKotor\PyKotor\tests\toolset_tests\gui\editors\test_utt_editor.py:81: K2_PATH environment variable is not set or not found on disk.</skipped></testcase><testcase classname="tests.toolset_tests.gui.editors.test_utw_editor.UTWEditorTest" name="test_editor_init" time="0.000"><skipped type="pytest.skip" message="K2_PATH environment variable is not set or not found on disk.">D:\a\PyKotor\PyKotor\tests\toolset_tests\gui\editors\test_utw_editor.py:123: K2_PATH environment variable is not set or not found on disk.</skipped></testcase><testcase classname="tests.toolset_tests.gui.editors.test_utw_editor.UTWEditorTest" name="test_gff_reconstruct_from_k1_installation" time="0.000"><skipped type="pytest.skip" message="K2_PATH environment variable is not set or not found on disk.">D:\a\PyKotor\PyKotor\tests\toolset_tests\gui\editors\test_utw_editor.py:91: K2_PATH environment variable is not set or not found on disk.</skipped></testcase><testcase classname="tests.toolset_tests.gui.editors.test_utw_editor.UTWEditorTest" name="test_gff_reconstruct_from_k2_installation" time="0.000"><skipped type="pytest.skip" message="K2_PATH environment variable is not set or not found on disk.">D:\a\PyKotor\PyKotor\tests\toolset_tests\gui\editors\test_utw_editor.py:107: K2_PATH environment variable is not set or not found on disk.</skipped></testcase><testcase classname="tests.toolset_tests.gui.editors.test_utw_editor.UTWEditorTest" name="test_save_and_load" time="0.001"><skipped type="pytest.skip" message="K2_PATH environment variable is not set or not found on disk.">D:\a\PyKotor\PyKotor\tests\toolset_tests\gui\editors\test_utw_editor.py:78: K2_PATH environment variable is not set or not found on disk.</skipped></testcase><testcase classname="tests.tslpatcher.test_config.TestLookupResourceFunction" name="test_lookup_resource_capsule_exists_false" time="0.001"><skipped type="pytest.skip" message="broken test">D:\a\PyKotor\PyKotor\tests\tslpatcher\test_config.py:112: broken test</skipped></testcase><testcase classname="tests.tslpatcher.test_config.TestLookupResourceFunction" name="test_lookup_resource_capsule_exists_true" time="0.001"><failure message="AttributeError: type object 'CaseAwarePath' has no attribute 'pathify'">E   AttributeError: type object 'CaseAwarePath' has no attribute 'pathify'</failure></testcase><testcase classname="tests.tslpatcher.test_config.TestLookupResourceFunction" name="test_lookup_resource_capsule_exists_true_no_file" time="0.001"><failure message="AttributeError: type object 'CaseAwarePath' has no attribute 'pathify'">E   AttributeError: type object 'CaseAwarePath' has no attribute 'pathify'</failure></testcase><testcase classname="tests.tslpatcher.test_config.TestLookupResourceFunction" name="test_lookup_resource_no_capsule_exists_false" time="0.000"><skipped type="pytest.skip" message="broken test">D:\a\PyKotor\PyKotor\tests\tslpatcher\test_config.py:95: broken test</skipped></testcase><testcase classname="tests.tslpatcher.test_config.TestLookupResourceFunction" name="test_lookup_resource_no_capsule_exists_false_no_file" time="0.001"><failure message="AttributeError: type object 'CaseAwarePath' has no attribute 'pathify'">E   AttributeError: type object 'CaseAwarePath' has no attribute 'pathify'</failure></testcase><testcase classname="tests.tslpatcher.test_config.TestLookupResourceFunction" name="test_lookup_resource_no_capsule_exists_true" time="0.000"><skipped type="pytest.skip" message="broken test">D:\a\PyKotor\PyKotor\tests\tslpatcher\test_config.py:78: broken test</skipped></testcase><testcase classname="tests.tslpatcher.test_config.TestLookupResourceFunction" name="test_lookup_resource_no_capsule_exists_true_no_file" time="0.001"><failure message="AttributeError: type object 'CaseAwarePath' has no attribute 'pathify'">E   AttributeError: type object 'CaseAwarePath' has no attribute 'pathify'</failure></testcase><testcase classname="tests.tslpatcher.test_config.TestLookupResourceFunction" name="test_lookup_resource_replace_file_true" time="0.000"><skipped type="pytest.skip" message="broken test">D:\a\PyKotor\PyKotor\tests\tslpatcher\test_config.py:47: broken test</skipped></testcase><testcase classname="tests.tslpatcher.test_config.TestLookupResourceFunction" name="test_lookup_resource_replace_file_true_no_file" time="0.001"><failure message="AttributeError: type object 'CaseAwarePath' has no attribute 'pathify'">E   AttributeError: type object 'CaseAwarePath' has no attribute 'pathify'</failure></testcase><testcase classname="tests.tslpatcher.test_config.TestShouldPatchFunction" name="test_capsule_not_exist" time="0.001"><failure message="AttributeError: type object 'CaseAwarePath' has no attribute 'pathify'">E   AttributeError: type object 'CaseAwarePath' has no attribute 'pathify'</failure></testcase><testcase classname="tests.tslpatcher.test_config.TestShouldPatchFunction" name="test_default_behavior" time="0.001"><failure message="AttributeError: type object 'CaseAwarePath' has no attribute 'pathify'">E   AttributeError: type object 'CaseAwarePath' has no attribute 'pathify'</failure></testcase><testcase classname="tests.tslpatcher.test_config.TestShouldPatchFunction" name="test_not_replace_file_exists_skip_false" time="0.001"><failure message="AttributeError: type object 'CaseAwarePath' has no attribute 'pathify'">E   AttributeError: type object 'CaseAwarePath' has no attribute 'pathify'</failure></testcase><testcase classname="tests.tslpatcher.test_config.TestShouldPatchFunction" name="test_replace_file_exists_destination_capsule" time="0.001"><failure message="AttributeError: type object 'CaseAwarePath' has no attribute 'pathify'">E   AttributeError: type object 'CaseAwarePath' has no attribute 'pathify'</failure></testcase><testcase classname="tests.tslpatcher.test_config.TestShouldPatchFunction" name="test_replace_file_exists_destination_dot" time="0.001"><failure message="AttributeError: type object 'CaseAwarePath' has no attribute 'pathify'">E   AttributeError: type object 'CaseAwarePath' has no attribute 'pathify'</failure></testcase><testcase classname="tests.tslpatcher.test_config.TestShouldPatchFunction" name="test_replace_file_exists_destination_override" time="0.001"><failure message="AttributeError: type object 'CaseAwarePath' has no attribute 'pathify'">E   AttributeError: type object 'CaseAwarePath' has no attribute 'pathify'</failure></testcase><testcase classname="tests.tslpatcher.test_config.TestShouldPatchFunction" name="test_replace_file_exists_saveas_destination_capsule" time="0.001"><failure message="AttributeError: type object 'CaseAwarePath' has no attribute 'pathify'">E   AttributeError: type object 'CaseAwarePath' has no attribute 'pathify'</failure></testcase><testcase classname="tests.tslpatcher.test_config.TestShouldPatchFunction" name="test_replace_file_exists_saveas_destination_dot" time="0.001"><failure message="AttributeError: type object 'CaseAwarePath' has no attribute 'pathify'">E   AttributeError: type object 'CaseAwarePath' has no attribute 'pathify'</failure></testcase><testcase classname="tests.tslpatcher.test_config.TestShouldPatchFunction" name="test_replace_file_exists_saveas_destination_override" time="0.001"><failure message="AttributeError: type object 'CaseAwarePath' has no attribute 'pathify'">E   AttributeError: type object 'CaseAwarePath' has no attribute 'pathify'</failure></testcase><testcase classname="tests.tslpatcher.test_config.TestShouldPatchFunction" name="test_replace_file_not_exists_destination_capsule" time="0.001"><failure message="AttributeError: type object 'CaseAwarePath' has no attribute 'pathify'">E   AttributeError: type object 'CaseAwarePath' has no attribute 'pathify'</failure></testcase><testcase classname="tests.tslpatcher.test_config.TestShouldPatchFunction" name="test_replace_file_not_exists_destination_override" time="0.001"><failure message="AttributeError: type object 'CaseAwarePath' has no attribute 'pathify'">E   AttributeError: type object 'CaseAwarePath' has no attribute 'pathify'</failure></testcase><testcase classname="tests.tslpatcher.test_config.TestShouldPatchFunction" name="test_replace_file_not_exists_saveas_destination_capsule" time="0.001"><failure message="AttributeError: type object 'CaseAwarePath' has no attribute 'pathify'">E   AttributeError: type object 'CaseAwarePath' has no attribute 'pathify'</failure></testcase><testcase classname="tests.tslpatcher.test_config.TestShouldPatchFunction" name="test_replace_file_not_exists_saveas_destination_override" time="0.001"><failure message="AttributeError: type object 'CaseAwarePath' has no attribute 'pathify'">E   AttributeError: type object 'CaseAwarePath' has no attribute 'pathify'</failure></testcase><testcase classname="tests.tslpatcher.test_config.TestShouldPatchFunction" name="test_skip_if_not_replace_not_replace_file_exists" time="0.001"><failure message="AttributeError: type object 'CaseAwarePath' has no attribute 'pathify'">E   AttributeError: type object 'CaseAwarePath' has no attribute 'pathify'</failure></testcase><testcase classname="tests.tslpatcher.test_memory.TestLocalizedStringDelta" name="test_apply_stringref_2damemory" time="0.001" /><testcase classname="tests.tslpatcher.test_memory.TestLocalizedStringDelta" name="test_apply_stringref_int" time="0.000" /><testcase classname="tests.tslpatcher.test_memory.TestLocalizedStringDelta" name="test_apply_stringref_none" time="0.000" /><testcase classname="tests.tslpatcher.test_memory.TestLocalizedStringDelta" name="test_apply_stringref_tlkmemory" time="0.000" /><testcase classname="tests.tslpatcher.test_memory.TestLocalizedStringDelta" name="test_apply_substring" time="0.000" /><testcase classname="tests.tslpatcher.test_mods.TestManipulateTLK" name="test_apply_append" time="0.001" /><testcase classname="tests.tslpatcher.test_mods.TestManipulateTLK" name="test_apply_replace" time="0.000" /><testcase classname="tests.tslpatcher.test_mods.TestManipulate2DA" name="test_add_2damemory_rowindex" time="0.001" /><testcase classname="tests.tslpatcher.test_mods.TestManipulate2DA" name="test_add_assign_2damemory" time="0.000" /><testcase classname="tests.tslpatcher.test_mods.TestManipulate2DA" name="test_add_assign_high" time="0.000" /><testcase classname="tests.tslpatcher.test_mods.TestManipulate2DA" name="test_add_assign_tlkmemory" time="0.000" /><testcase classname="tests.tslpatcher.test_mods.TestManipulate2DA" name="test_add_exclusive_badcolumn" time="0.000" /><testcase classname="tests.tslpatcher.test_mods.TestManipulate2DA" name="test_add_exclusive_exists" time="0.000" /><testcase classname="tests.tslpatcher.test_mods.TestManipulate2DA" name="test_add_exclusive_none" time="0.001" /><testcase classname="tests.tslpatcher.test_mods.TestManipulate2DA" name="test_add_exclusive_notexists" time="0.000" /><testcase classname="tests.tslpatcher.test_mods.TestManipulate2DA" name="test_add_rowlabel_existing" time="0.001" /><testcase classname="tests.tslpatcher.test_mods.TestManipulate2DA" name="test_add_rowlabel_use_constant" time="0.000" /><testcase classname="tests.tslpatcher.test_mods.TestManipulate2DA" name="test_add_rowlabel_use_maxrowlabel" time="0.000" /><testcase classname="tests.tslpatcher.test_mods.TestManipulate2DA" name="test_addcolumn_2damemory_index" time="0.000" /><testcase classname="tests.tslpatcher.test_mods.TestManipulate2DA" name="test_addcolumn_2damemory_line" time="0.000" /><testcase classname="tests.tslpatcher.test_mods.TestManipulate2DA" name="test_addcolumn_default" time="0.000" /><testcase classname="tests.tslpatcher.test_mods.TestManipulate2DA" name="test_addcolumn_empty" time="0.000" /><testcase classname="tests.tslpatcher.test_mods.TestManipulate2DA" name="test_addcolumn_rowindex_constant" time="0.000" /><testcase classname="tests.tslpatcher.test_mods.TestManipulate2DA" name="test_addcolumn_rowlabel_2damemory" time="0.001" /><testcase classname="tests.tslpatcher.test_mods.TestManipulate2DA" name="test_addcolumn_rowlabel_tlkmemory" time="0.001" /><testcase classname="tests.tslpatcher.test_mods.TestManipulate2DA" name="test_change_assign_2damemory" time="0.000" /><testcase classname="tests.tslpatcher.test_mods.TestManipulate2DA" name="test_change_assign_high" time="0.000" /><testcase classname="tests.tslpatcher.test_mods.TestManipulate2DA" name="test_change_assign_tlkmemory" time="0.001" /><testcase classname="tests.tslpatcher.test_mods.TestManipulate2DA" name="test_change_existing_labelindex" time="0.000" /><testcase classname="tests.tslpatcher.test_mods.TestManipulate2DA" name="test_change_existing_rowindex" time="0.000" /><testcase classname="tests.tslpatcher.test_mods.TestManipulate2DA" name="test_change_existing_rowlabel" time="0.000" /><testcase classname="tests.tslpatcher.test_mods.TestManipulate2DA" name="test_copy_2damemory_rowindex" time="0.000" /><testcase classname="tests.tslpatcher.test_mods.TestManipulate2DA" name="test_copy_assign_2damemory" time="0.000" /><testcase classname="tests.tslpatcher.test_mods.TestManipulate2DA" name="test_copy_assign_high" time="0.000" /><testcase classname="tests.tslpatcher.test_mods.TestManipulate2DA" name="test_copy_assign_tlkmemory" time="0.001" /><testcase classname="tests.tslpatcher.test_mods.TestManipulate2DA" name="test_copy_exclusive_exists" time="0.000" /><testcase classname="tests.tslpatcher.test_mods.TestManipulate2DA" name="test_copy_exclusive_none" time="0.000" /><testcase classname="tests.tslpatcher.test_mods.TestManipulate2DA" name="test_copy_exclusive_notexists" time="0.000" /><testcase classname="tests.tslpatcher.test_mods.TestManipulate2DA" name="test_copy_existing_rowindex" time="0.001" /><testcase classname="tests.tslpatcher.test_mods.TestManipulate2DA" name="test_copy_existing_rowlabel" time="0.000" /><testcase classname="tests.tslpatcher.test_mods.TestManipulate2DA" name="test_copy_set_newrowlabel" time="0.000" /><testcase classname="tests.tslpatcher.test_mods.TestManipulate2DA" name="test_set_2damemory_columnlabel" time="0.001" /><testcase classname="tests.tslpatcher.test_mods.TestManipulate2DA" name="test_set_2damemory_rowindex" time="0.000" /><testcase classname="tests.tslpatcher.test_mods.TestManipulate2DA" name="test_set_2damemory_rowlabel" time="0.000" /><testcase classname="tests.tslpatcher.test_mods.TestManipulateGFF" name="test_add_field_locstring" time="0.001"><failure message="AttributeError: type object 'PureWindowsPath' has no attribute 'pathify'">E   AttributeError: type object 'PureWindowsPath' has no attribute 'pathify'</failure></testcase><testcase classname="tests.tslpatcher.test_mods.TestManipulateGFF" name="test_add_nested" time="0.000"><failure message="AttributeError: type object 'PureWindowsPath' has no attribute 'pathify'">E   AttributeError: type object 'PureWindowsPath' has no attribute 'pathify'</failure></testcase><testcase classname="tests.tslpatcher.test_mods.TestManipulateGFF" name="test_add_newnested" time="0.000"><failure message="AttributeError: type object 'PureWindowsPath' has no attribute 'pathify'">E   AttributeError: type object 'PureWindowsPath' has no attribute 'pathify'</failure></testcase><testcase classname="tests.tslpatcher.test_mods.TestManipulateGFF" name="test_add_use_2damemory" time="0.000"><failure message="AttributeError: type object 'PureWindowsPath' has no attribute 'pathify'">E   AttributeError: type object 'PureWindowsPath' has no attribute 'pathify'</failure></testcase><testcase classname="tests.tslpatcher.test_mods.TestManipulateGFF" name="test_add_use_tlkmemory" time="0.000"><failure message="AttributeError: type object 'PureWindowsPath' has no attribute 'pathify'">E   AttributeError: type object 'PureWindowsPath' has no attribute 'pathify'</failure></testcase><testcase classname="tests.tslpatcher.test_mods.TestManipulateGFF" name="test_addlist_listindex" time="0.000"><failure message="AttributeError: type object 'PureWindowsPath' has no attribute 'pathify'">E   AttributeError: type object 'PureWindowsPath' has no attribute 'pathify'</failure></testcase><testcase classname="tests.tslpatcher.test_mods.TestManipulateGFF" name="test_addlist_store_2damemory" time="0.000"><failure message="AttributeError: type object 'PureWindowsPath' has no attribute 'pathify'">E   AttributeError: type object 'PureWindowsPath' has no attribute 'pathify'</failure></testcase><testcase classname="tests.tslpatcher.test_mods.TestManipulateGFF" name="test_modify_2damemory" time="0.000"><failure message="AttributeError: type object 'PureWindowsPath' has no attribute 'pathify'">E   AttributeError: type object 'PureWindowsPath' has no attribute 'pathify'</failure></testcase><testcase classname="tests.tslpatcher.test_mods.TestManipulateGFF" name="test_modify_field_double" time="0.001"><failure message="AttributeError: type object 'PureWindowsPath' has no attribute 'pathify'">E   AttributeError: type object 'PureWindowsPath' has no attribute 'pathify'</failure></testcase><testcase classname="tests.tslpatcher.test_mods.TestManipulateGFF" name="test_modify_field_int16" time="0.000"><failure message="AttributeError: type object 'PureWindowsPath' has no attribute 'pathify'">E   AttributeError: type object 'PureWindowsPath' has no attribute 'pathify'</failure></testcase><testcase classname="tests.tslpatcher.test_mods.TestManipulateGFF" name="test_modify_field_int32" time="0.000"><failure message="AttributeError: type object 'PureWindowsPath' has no attribute 'pathify'">E   AttributeError: type object 'PureWindowsPath' has no attribute 'pathify'</failure></testcase><testcase classname="tests.tslpatcher.test_mods.TestManipulateGFF" name="test_modify_field_int64" time="0.000"><failure message="AttributeError: type object 'PureWindowsPath' has no attribute 'pathify'">E   AttributeError: type object 'PureWindowsPath' has no attribute 'pathify'</failure></testcase><testcase classname="tests.tslpatcher.test_mods.TestManipulateGFF" name="test_modify_field_int8" time="0.000"><failure message="AttributeError: type object 'PureWindowsPath' has no attribute 'pathify'">E   AttributeError: type object 'PureWindowsPath' has no attribute 'pathify'</failure></testcase><testcase classname="tests.tslpatcher.test_mods.TestManipulateGFF" name="test_modify_field_locstring" time="0.000"><failure message="AttributeError: type object 'PureWindowsPath' has no attribute 'pathify'">E   AttributeError: type object 'PureWindowsPath' has no attribute 'pathify'</failure></testcase><testcase classname="tests.tslpatcher.test_mods.TestManipulateGFF" name="test_modify_field_single" time="0.001"><failure message="AttributeError: type object 'PureWindowsPath' has no attribute 'pathify'">E   AttributeError: type object 'PureWindowsPath' has no attribute 'pathify'</failure></testcase><testcase classname="tests.tslpatcher.test_mods.TestManipulateGFF" name="test_modify_field_string" time="0.000"><failure message="AttributeError: type object 'PureWindowsPath' has no attribute 'pathify'">E   AttributeError: type object 'PureWindowsPath' has no attribute 'pathify'</failure></testcase><testcase classname="tests.tslpatcher.test_mods.TestManipulateGFF" name="test_modify_field_uint16" time="0.000"><failure message="AttributeError: type object 'PureWindowsPath' has no attribute 'pathify'">E   AttributeError: type object 'PureWindowsPath' has no attribute 'pathify'</failure></testcase><testcase classname="tests.tslpatcher.test_mods.TestManipulateGFF" name="test_modify_field_uint32" time="0.000"><failure message="AttributeError: type object 'PureWindowsPath' has no attribute 'pathify'">E   AttributeError: type object 'PureWindowsPath' has no attribute 'pathify'</failure></testcase><testcase classname="tests.tslpatcher.test_mods.TestManipulateGFF" name="test_modify_field_uint64" time="0.000"><failure message="AttributeError: type object 'PureWindowsPath' has no attribute 'pathify'">E   AttributeError: type object 'PureWindowsPath' has no attribute 'pathify'</failure></testcase><testcase classname="tests.tslpatcher.test_mods.TestManipulateGFF" name="test_modify_field_uint8" time="0.000"><failure message="AttributeError: type object 'PureWindowsPath' has no attribute 'pathify'">E   AttributeError: type object 'PureWindowsPath' has no attribute 'pathify'</failure></testcase><testcase classname="tests.tslpatcher.test_mods.TestManipulateGFF" name="test_modify_field_vector3" time="0.001"><failure message="AttributeError: type object 'PureWindowsPath' has no attribute 'pathify'">E   AttributeError: type object 'PureWindowsPath' has no attribute 'pathify'</failure></testcase><testcase classname="tests.tslpatcher.test_mods.TestManipulateGFF" name="test_modify_field_vector4" time="0.000"><failure message="AttributeError: type object 'PureWindowsPath' has no attribute 'pathify'">E   AttributeError: type object 'PureWindowsPath' has no attribute 'pathify'</failure></testcase><testcase classname="tests.tslpatcher.test_mods.TestManipulateGFF" name="test_modify_nested" time="0.000"><failure message="AttributeError: type object 'PureWindowsPath' has no attribute 'pathify'">E   AttributeError: type object 'PureWindowsPath' has no attribute 'pathify'</failure></testcase><testcase classname="tests.tslpatcher.test_mods.TestManipulateGFF" name="test_modify_tlkmemory" time="0.000"><failure message="AttributeError: type object 'PureWindowsPath' has no attribute 'pathify'">E   AttributeError: type object 'PureWindowsPath' has no attribute 'pathify'</failure></testcase><testcase classname="tests.tslpatcher.test_mods.TestManipulateSSF" name="test_assign_2datoken" time="0.001" /><testcase classname="tests.tslpatcher.test_mods.TestManipulateSSF" name="test_assign_int" time="0.001" /><testcase classname="tests.tslpatcher.test_mods.TestManipulateSSF" name="test_assign_tlktoken" time="0.001" /><testcase classname="tests.tslpatcher.test_reader.TestConfigReader" name="test_2da_addcolumn_2damemory" time="0.002"><failure message="FileNotFoundError: [Errno 2] No such file or directory: 'D:\\a\\PyKotor\\PyKotor\\Libraries\\PyKotorFont\\tests\\files\\complex.tlk'">E   FileNotFoundError: [Errno 2] No such file or directory: 'D:\\a\\PyKotor\\PyKotor\\Libraries\\PyKotorFont\\tests\\files\\complex.tlk'</failure></testcase><testcase classname="tests.tslpatcher.test_reader.TestConfigReader" name="test_2da_addcolumn_basic" time="0.002"><failure message="FileNotFoundError: [Errno 2] No such file or directory: 'D:\\a\\PyKotor\\PyKotor\\Libraries\\PyKotorFont\\tests\\files\\complex.tlk'">E   FileNotFoundError: [Errno 2] No such file or directory: 'D:\\a\\PyKotor\\PyKotor\\Libraries\\PyKotorFont\\tests\\files\\complex.tlk'</failure></testcase><testcase classname="tests.tslpatcher.test_reader.TestConfigReader" name="test_2da_addcolumn_indexinsert" time="0.002"><failure message="FileNotFoundError: [Errno 2] No such file or directory: 'D:\\a\\PyKotor\\PyKotor\\Libraries\\PyKotorFont\\tests\\files\\complex.tlk'">E   FileNotFoundError: [Errno 2] No such file or directory: 'D:\\a\\PyKotor\\PyKotor\\Libraries\\PyKotorFont\\tests\\files\\complex.tlk'</failure></testcase><testcase classname="tests.tslpatcher.test_reader.TestConfigReader" name="test_2da_addcolumn_labelinsert" time="0.002"><failure message="FileNotFoundError: [Errno 2] No such file or directory: 'D:\\a\\PyKotor\\PyKotor\\Libraries\\PyKotorFont\\tests\\files\\complex.tlk'">E   FileNotFoundError: [Errno 2] No such file or directory: 'D:\\a\\PyKotor\\PyKotor\\Libraries\\PyKotorFont\\tests\\files\\complex.tlk'</failure></testcase><testcase classname="tests.tslpatcher.test_reader.TestConfigReader" name="test_2da_addrow_cells" time="0.002"><failure message="FileNotFoundError: [Errno 2] No such file or directory: 'D:\\a\\PyKotor\\PyKotor\\Libraries\\PyKotorFont\\tests\\files\\complex.tlk'">E   FileNotFoundError: [Errno 2] No such file or directory: 'D:\\a\\PyKotor\\PyKotor\\Libraries\\PyKotorFont\\tests\\files\\complex.tlk'</failure></testcase><testcase classname="tests.tslpatcher.test_reader.TestConfigReader" name="test_2da_addrow_exclusivecolumn" time="0.002"><failure message="FileNotFoundError: [Errno 2] No such file or directory: 'D:\\a\\PyKotor\\PyKotor\\Libraries\\PyKotorFont\\tests\\files\\complex.tlk'">E   FileNotFoundError: [Errno 2] No such file or directory: 'D:\\a\\PyKotor\\PyKotor\\Libraries\\PyKotorFont\\tests\\files\\complex.tlk'</failure></testcase><testcase classname="tests.tslpatcher.test_reader.TestConfigReader" name="test_2da_addrow_identifier" time="0.002"><failure message="FileNotFoundError: [Errno 2] No such file or directory: 'D:\\a\\PyKotor\\PyKotor\\Libraries\\PyKotorFont\\tests\\files\\complex.tlk'">E   FileNotFoundError: [Errno 2] No such file or directory: 'D:\\a\\PyKotor\\PyKotor\\Libraries\\PyKotorFont\\tests\\files\\complex.tlk'</failure></testcase><testcase classname="tests.tslpatcher.test_reader.TestConfigReader" name="test_2da_addrow_rowlabel" time="0.002"><failure message="FileNotFoundError: [Errno 2] No such file or directory: 'D:\\a\\PyKotor\\PyKotor\\Libraries\\PyKotorFont\\tests\\files\\complex.tlk'">E   FileNotFoundError: [Errno 2] No such file or directory: 'D:\\a\\PyKotor\\PyKotor\\Libraries\\PyKotorFont\\tests\\files\\complex.tlk'</failure></testcase><testcase classname="tests.tslpatcher.test_reader.TestConfigReader" name="test_2da_addrow_store2da" time="0.002"><failure message="FileNotFoundError: [Errno 2] No such file or directory: 'D:\\a\\PyKotor\\PyKotor\\Libraries\\PyKotorFont\\tests\\files\\complex.tlk'">E   FileNotFoundError: [Errno 2] No such file or directory: 'D:\\a\\PyKotor\\PyKotor\\Libraries\\PyKotorFont\\tests\\files\\complex.tlk'</failure></testcase><testcase classname="tests.tslpatcher.test_reader.TestConfigReader" name="test_2da_changerow_cells" time="0.002"><failure message="FileNotFoundError: [Errno 2] No such file or directory: 'D:\\a\\PyKotor\\PyKotor\\Libraries\\PyKotorFont\\tests\\files\\complex.tlk'">E   FileNotFoundError: [Errno 2] No such file or directory: 'D:\\a\\PyKotor\\PyKotor\\Libraries\\PyKotorFont\\tests\\files\\complex.tlk'</failure></testcase><testcase classname="tests.tslpatcher.test_reader.TestConfigReader" name="test_2da_changerow_identifier" time="0.002"><failure message="FileNotFoundError: [Errno 2] No such file or directory: 'D:\\a\\PyKotor\\PyKotor\\Libraries\\PyKotorFont\\tests\\files\\complex.tlk'">E   FileNotFoundError: [Errno 2] No such file or directory: 'D:\\a\\PyKotor\\PyKotor\\Libraries\\PyKotorFont\\tests\\files\\complex.tlk'</failure></testcase><testcase classname="tests.tslpatcher.test_reader.TestConfigReader" name="test_2da_changerow_store2da" time="0.002"><failure message="FileNotFoundError: [Errno 2] No such file or directory: 'D:\\a\\PyKotor\\PyKotor\\Libraries\\PyKotorFont\\tests\\files\\complex.tlk'">E   FileNotFoundError: [Errno 2] No such file or directory: 'D:\\a\\PyKotor\\PyKotor\\Libraries\\PyKotorFont\\tests\\files\\complex.tlk'</failure></testcase><testcase classname="tests.tslpatcher.test_reader.TestConfigReader" name="test_2da_changerow_targets" time="0.002"><failure message="FileNotFoundError: [Errno 2] No such file or directory: 'D:\\a\\PyKotor\\PyKotor\\Libraries\\PyKotorFont\\tests\\files\\complex.tlk'">E   FileNotFoundError: [Errno 2] No such file or directory: 'D:\\a\\PyKotor\\PyKotor\\Libraries\\PyKotorFont\\tests\\files\\complex.tlk'</failure></testcase><testcase classname="tests.tslpatcher.test_reader.TestConfigReader" name="test_2da_copyrow_cells" time="0.002"><failure message="FileNotFoundError: [Errno 2] No such file or directory: 'D:\\a\\PyKotor\\PyKotor\\Libraries\\PyKotorFont\\tests\\files\\complex.tlk'">E   FileNotFoundError: [Errno 2] No such file or directory: 'D:\\a\\PyKotor\\PyKotor\\Libraries\\PyKotorFont\\tests\\files\\complex.tlk'</failure></testcase><testcase classname="tests.tslpatcher.test_reader.TestConfigReader" name="test_2da_copyrow_exclusivecolumn" time="0.002"><failure message="FileNotFoundError: [Errno 2] No such file or directory: 'D:\\a\\PyKotor\\PyKotor\\Libraries\\PyKotorFont\\tests\\files\\complex.tlk'">E   FileNotFoundError: [Errno 2] No such file or directory: 'D:\\a\\PyKotor\\PyKotor\\Libraries\\PyKotorFont\\tests\\files\\complex.tlk'</failure></testcase><testcase classname="tests.tslpatcher.test_reader.TestConfigReader" name="test_2da_copyrow_high" time="0.002"><failure message="FileNotFoundError: [Errno 2] No such file or directory: 'D:\\a\\PyKotor\\PyKotor\\Libraries\\PyKotorFont\\tests\\files\\complex.tlk'">E   FileNotFoundError: [Errno 2] No such file or directory: 'D:\\a\\PyKotor\\PyKotor\\Libraries\\PyKotorFont\\tests\\files\\complex.tlk'</failure></testcase><testcase classname="tests.tslpatcher.test_reader.TestConfigReader" name="test_2da_copyrow_identifier" time="0.002"><failure message="FileNotFoundError: [Errno 2] No such file or directory: 'D:\\a\\PyKotor\\PyKotor\\Libraries\\PyKotorFont\\tests\\files\\complex.tlk'">E   FileNotFoundError: [Errno 2] No such file or directory: 'D:\\a\\PyKotor\\PyKotor\\Libraries\\PyKotorFont\\tests\\files\\complex.tlk'</failure></testcase><testcase classname="tests.tslpatcher.test_reader.TestConfigReader" name="test_2da_copyrow_rowlabel" time="0.002"><failure message="FileNotFoundError: [Errno 2] No such file or directory: 'D:\\a\\PyKotor\\PyKotor\\Libraries\\PyKotorFont\\tests\\files\\complex.tlk'">E   FileNotFoundError: [Errno 2] No such file or directory: 'D:\\a\\PyKotor\\PyKotor\\Libraries\\PyKotorFont\\tests\\files\\complex.tlk'</failure></testcase><testcase classname="tests.tslpatcher.test_reader.TestConfigReader" name="test_2da_copyrow_store2da" time="0.002"><failure message="FileNotFoundError: [Errno 2] No such file or directory: 'D:\\a\\PyKotor\\PyKotor\\Libraries\\PyKotorFont\\tests\\files\\complex.tlk'">E   FileNotFoundError: [Errno 2] No such file or directory: 'D:\\a\\PyKotor\\PyKotor\\Libraries\\PyKotorFont\\tests\\files\\complex.tlk'</failure></testcase><testcase classname="tests.tslpatcher.test_reader.TestConfigReader" name="test_2da_copyrow_target" time="0.002"><failure message="FileNotFoundError: [Errno 2] No such file or directory: 'D:\\a\\PyKotor\\PyKotor\\Libraries\\PyKotorFont\\tests\\files\\complex.tlk'">E   FileNotFoundError: [Errno 2] No such file or directory: 'D:\\a\\PyKotor\\PyKotor\\Libraries\\PyKotorFont\\tests\\files\\complex.tlk'</failure></testcase><testcase classname="tests.tslpatcher.test_reader.TestConfigReader" name="test_gff_add_floats" time="0.002"><failure message="FileNotFoundError: [Errno 2] No such file or directory: 'D:\\a\\PyKotor\\PyKotor\\Libraries\\PyKotorFont\\tests\\files\\complex.tlk'">E   FileNotFoundError: [Errno 2] No such file or directory: 'D:\\a\\PyKotor\\PyKotor\\Libraries\\PyKotorFont\\tests\\files\\complex.tlk'</failure></testcase><testcase classname="tests.tslpatcher.test_reader.TestConfigReader" name="test_gff_add_inside_list" time="0.002"><failure message="FileNotFoundError: [Errno 2] No such file or directory: 'D:\\a\\PyKotor\\PyKotor\\Libraries\\PyKotorFont\\tests\\files\\complex.tlk'">E   FileNotFoundError: [Errno 2] No such file or directory: 'D:\\a\\PyKotor\\PyKotor\\Libraries\\PyKotorFont\\tests\\files\\complex.tlk'</failure></testcase><testcase classname="tests.tslpatcher.test_reader.TestConfigReader" name="test_gff_add_inside_struct" time="0.002"><failure message="FileNotFoundError: [Errno 2] No such file or directory: 'D:\\a\\PyKotor\\PyKotor\\Libraries\\PyKotorFont\\tests\\files\\complex.tlk'">E   FileNotFoundError: [Errno 2] No such file or directory: 'D:\\a\\PyKotor\\PyKotor\\Libraries\\PyKotorFont\\tests\\files\\complex.tlk'</failure></testcase><testcase classname="tests.tslpatcher.test_reader.TestConfigReader" name="test_gff_add_ints" time="0.002"><failure message="FileNotFoundError: [Errno 2] No such file or directory: 'D:\\a\\PyKotor\\PyKotor\\Libraries\\PyKotorFont\\tests\\files\\complex.tlk'">E   FileNotFoundError: [Errno 2] No such file or directory: 'D:\\a\\PyKotor\\PyKotor\\Libraries\\PyKotorFont\\tests\\files\\complex.tlk'</failure></testcase><testcase classname="tests.tslpatcher.test_reader.TestConfigReader" name="test_gff_add_locstring" time="0.002"><failure message="FileNotFoundError: [Errno 2] No such file or directory: 'D:\\a\\PyKotor\\PyKotor\\Libraries\\PyKotorFont\\tests\\files\\complex.tlk'">E   FileNotFoundError: [Errno 2] No such file or directory: 'D:\\a\\PyKotor\\PyKotor\\Libraries\\PyKotorFont\\tests\\files\\complex.tlk'</failure></testcase><testcase classname="tests.tslpatcher.test_reader.TestConfigReader" name="test_gff_add_resref" time="0.002"><failure message="FileNotFoundError: [Errno 2] No such file or directory: 'D:\\a\\PyKotor\\PyKotor\\Libraries\\PyKotorFont\\tests\\files\\complex.tlk'">E   FileNotFoundError: [Errno 2] No such file or directory: 'D:\\a\\PyKotor\\PyKotor\\Libraries\\PyKotorFont\\tests\\files\\complex.tlk'</failure></testcase><testcase classname="tests.tslpatcher.test_reader.TestConfigReader" name="test_gff_add_string" time="0.002"><failure message="FileNotFoundError: [Errno 2] No such file or directory: 'D:\\a\\PyKotor\\PyKotor\\Libraries\\PyKotorFont\\tests\\files\\complex.tlk'">E   FileNotFoundError: [Errno 2] No such file or directory: 'D:\\a\\PyKotor\\PyKotor\\Libraries\\PyKotorFont\\tests\\files\\complex.tlk'</failure></testcase><testcase classname="tests.tslpatcher.test_reader.TestConfigReader" name="test_gff_add_vector3" time="0.002"><failure message="FileNotFoundError: [Errno 2] No such file or directory: 'D:\\a\\PyKotor\\PyKotor\\Libraries\\PyKotorFont\\tests\\files\\complex.tlk'">E   FileNotFoundError: [Errno 2] No such file or directory: 'D:\\a\\PyKotor\\PyKotor\\Libraries\\PyKotorFont\\tests\\files\\complex.tlk'</failure></testcase><testcase classname="tests.tslpatcher.test_reader.TestConfigReader" name="test_gff_add_vector4" time="0.002"><failure message="FileNotFoundError: [Errno 2] No such file or directory: 'D:\\a\\PyKotor\\PyKotor\\Libraries\\PyKotorFont\\tests\\files\\complex.tlk'">E   FileNotFoundError: [Errno 2] No such file or directory: 'D:\\a\\PyKotor\\PyKotor\\Libraries\\PyKotorFont\\tests\\files\\complex.tlk'</failure></testcase><testcase classname="tests.tslpatcher.test_reader.TestConfigReader" name="test_gff_modify_2damemory" time="0.002"><failure message="FileNotFoundError: [Errno 2] No such file or directory: 'D:\\a\\PyKotor\\PyKotor\\Libraries\\PyKotorFont\\tests\\files\\complex.tlk'">E   FileNotFoundError: [Errno 2] No such file or directory: 'D:\\a\\PyKotor\\PyKotor\\Libraries\\PyKotorFont\\tests\\files\\complex.tlk'</failure></testcase><testcase classname="tests.tslpatcher.test_reader.TestConfigReader" name="test_gff_modify_pathing" time="0.002"><failure message="FileNotFoundError: [Errno 2] No such file or directory: 'D:\\a\\PyKotor\\PyKotor\\Libraries\\PyKotorFont\\tests\\files\\complex.tlk'">E   FileNotFoundError: [Errno 2] No such file or directory: 'D:\\a\\PyKotor\\PyKotor\\Libraries\\PyKotorFont\\tests\\files\\complex.tlk'</failure></testcase><testcase classname="tests.tslpatcher.test_reader.TestConfigReader" name="test_gff_modify_tlkmemory" time="0.002"><failure message="FileNotFoundError: [Errno 2] No such file or directory: 'D:\\a\\PyKotor\\PyKotor\\Libraries\\PyKotorFont\\tests\\files\\complex.tlk'">E   FileNotFoundError: [Errno 2] No such file or directory: 'D:\\a\\PyKotor\\PyKotor\\Libraries\\PyKotorFont\\tests\\files\\complex.tlk'</failure></testcase><testcase classname="tests.tslpatcher.test_reader.TestConfigReader" name="test_gff_modify_type_int" time="0.002"><failure message="FileNotFoundError: [Errno 2] No such file or directory: 'D:\\a\\PyKotor\\PyKotor\\Libraries\\PyKotorFont\\tests\\files\\complex.tlk'">E   FileNotFoundError: [Errno 2] No such file or directory: 'D:\\a\\PyKotor\\PyKotor\\Libraries\\PyKotorFont\\tests\\files\\complex.tlk'</failure></testcase><testcase classname="tests.tslpatcher.test_reader.TestConfigReader" name="test_gff_modify_type_locstring" time="0.002"><failure message="FileNotFoundError: [Errno 2] No such file or directory: 'D:\\a\\PyKotor\\PyKotor\\Libraries\\PyKotorFont\\tests\\files\\complex.tlk'">E   FileNotFoundError: [Errno 2] No such file or directory: 'D:\\a\\PyKotor\\PyKotor\\Libraries\\PyKotorFont\\tests\\files\\complex.tlk'</failure></testcase><testcase classname="tests.tslpatcher.test_reader.TestConfigReader" name="test_gff_modify_type_string" time="0.002"><failure message="FileNotFoundError: [Errno 2] No such file or directory: 'D:\\a\\PyKotor\\PyKotor\\Libraries\\PyKotorFont\\tests\\files\\complex.tlk'">E   FileNotFoundError: [Errno 2] No such file or directory: 'D:\\a\\PyKotor\\PyKotor\\Libraries\\PyKotorFont\\tests\\files\\complex.tlk'</failure></testcase><testcase classname="tests.tslpatcher.test_reader.TestConfigReader" name="test_gff_modify_type_vector3" time="0.002"><failure message="FileNotFoundError: [Errno 2] No such file or directory: 'D:\\a\\PyKotor\\PyKotor\\Libraries\\PyKotorFont\\tests\\files\\complex.tlk'">E   FileNotFoundError: [Errno 2] No such file or directory: 'D:\\a\\PyKotor\\PyKotor\\Libraries\\PyKotorFont\\tests\\files\\complex.tlk'</failure></testcase><testcase classname="tests.tslpatcher.test_reader.TestConfigReader" name="test_gff_modify_type_vector4" time="0.002"><failure message="FileNotFoundError: [Errno 2] No such file or directory: 'D:\\a\\PyKotor\\PyKotor\\Libraries\\PyKotorFont\\tests\\files\\complex.tlk'">E   FileNotFoundError: [Errno 2] No such file or directory: 'D:\\a\\PyKotor\\PyKotor\\Libraries\\PyKotorFont\\tests\\files\\complex.tlk'</failure></testcase><testcase classname="tests.tslpatcher.test_reader.TestConfigReader" name="test_ssf_replace" time="0.002"><failure message="FileNotFoundError: [Errno 2] No such file or directory: 'D:\\a\\PyKotor\\PyKotor\\Libraries\\PyKotorFont\\tests\\files\\complex.tlk'">E   FileNotFoundError: [Errno 2] No such file or directory: 'D:\\a\\PyKotor\\PyKotor\\Libraries\\PyKotorFont\\tests\\files\\complex.tlk'</failure></testcase><testcase classname="tests.tslpatcher.test_reader.TestConfigReader" name="test_ssf_set" time="0.002"><failure message="FileNotFoundError: [Errno 2] No such file or directory: 'D:\\a\\PyKotor\\PyKotor\\Libraries\\PyKotorFont\\tests\\files\\complex.tlk'">E   FileNotFoundError: [Errno 2] No such file or directory: 'D:\\a\\PyKotor\\PyKotor\\Libraries\\PyKotorFont\\tests\\files\\complex.tlk'</failure></testcase><testcase classname="tests.tslpatcher.test_reader.TestConfigReader" name="test_ssf_stored_2da" time="0.002"><failure message="FileNotFoundError: [Errno 2] No such file or directory: 'D:\\a\\PyKotor\\PyKotor\\Libraries\\PyKotorFont\\tests\\files\\complex.tlk'">E   FileNotFoundError: [Errno 2] No such file or directory: 'D:\\a\\PyKotor\\PyKotor\\Libraries\\PyKotorFont\\tests\\files\\complex.tlk'</failure></testcase><testcase classname="tests.tslpatcher.test_reader.TestConfigReader" name="test_ssf_stored_constant" time="0.002"><failure message="FileNotFoundError: [Errno 2] No such file or directory: 'D:\\a\\PyKotor\\PyKotor\\Libraries\\PyKotorFont\\tests\\files\\complex.tlk'">E   FileNotFoundError: [Errno 2] No such file or directory: 'D:\\a\\PyKotor\\PyKotor\\Libraries\\PyKotorFont\\tests\\files\\complex.tlk'</failure></testcase><testcase classname="tests.tslpatcher.test_reader.TestConfigReader" name="test_ssf_stored_tlk" time="0.002"><failure message="FileNotFoundError: [Errno 2] No such file or directory: 'D:\\a\\PyKotor\\PyKotor\\Libraries\\PyKotorFont\\tests\\files\\complex.tlk'">E   FileNotFoundError: [Errno 2] No such file or directory: 'D:\\a\\PyKotor\\PyKotor\\Libraries\\PyKotorFont\\tests\\files\\complex.tlk'</failure></testcase><testcase classname="tests.tslpatcher.test_reader.TestConfigReader" name="test_tlk_appendfile_functionality" time="0.002"><failure message="FileNotFoundError: [Errno 2] No such file or directory: 'D:\\a\\PyKotor\\PyKotor\\Libraries\\PyKotorFont\\tests\\files\\complex.tlk'">E   FileNotFoundError: [Errno 2] No such file or directory: 'D:\\a\\PyKotor\\PyKotor\\Libraries\\PyKotorFont\\tests\\files\\complex.tlk'</failure></testcase><testcase classname="tests.tslpatcher.test_reader.TestConfigReader" name="test_tlk_complex_changes" time="0.002"><failure message="FileNotFoundError: [Errno 2] No such file or directory: 'D:\\a\\PyKotor\\PyKotor\\Libraries\\PyKotorFont\\tests\\files\\complex.tlk'">E   FileNotFoundError: [Errno 2] No such file or directory: 'D:\\a\\PyKotor\\PyKotor\\Libraries\\PyKotorFont\\tests\\files\\complex.tlk'</failure></testcase><testcase classname="tests.tslpatcher.test_reader.TestConfigReader" name="test_tlk_replacefile_functionality" time="0.002"><failure message="FileNotFoundError: [Errno 2] No such file or directory: 'D:\\a\\PyKotor\\PyKotor\\Libraries\\PyKotorFont\\tests\\files\\complex.tlk'">E   FileNotFoundError: [Errno 2] No such file or directory: 'D:\\a\\PyKotor\\PyKotor\\Libraries\\PyKotorFont\\tests\\files\\complex.tlk'</failure></testcase><testcase classname="tests.tslpatcher.test_reader.TestConfigReader" name="test_tlk_strref_default_functionality" time="0.002"><failure message="FileNotFoundError: [Errno 2] No such file or directory: 'D:\\a\\PyKotor\\PyKotor\\Libraries\\PyKotorFont\\tests\\files\\complex.tlk'">E   FileNotFoundError: [Errno 2] No such file or directory: 'D:\\a\\PyKotor\\PyKotor\\Libraries\\PyKotorFont\\tests\\files\\complex.tlk'</failure></testcase></testsuite></testsuites>