<?xml version="1.0" encoding="utf-8"?><testsuites><testsuite name="pytest" errors="50" failures="0" skipped="2" tests="83" time="0.744" timestamp="2024-02-28T22:35:17.353421" hostname="fv-az1539-93"><testcase classname="" name="tests.common.test_case_aware_path" time="0.000"><error message="collection failure">E   AttributeError: type object 'PurePosixPath' has no attribute '_flavour'</error></testcase><testcase classname="" name="tests.common.test_get_case_sensitive_path" time="0.000"><error message="collection failure">E   AttributeError: type object 'PurePosixPath' has no attribute '_flavour'</error></testcase><testcase classname="" name="tests.common.test_path_isinstance" time="0.000"><error message="collection failure">E   AttributeError: type object 'PurePosixPath' has no attribute '_flavour'</error></testcase><testcase classname="" name="tests.common.test_path_mixed_slash_handling" time="0.000"><error message="collection failure">E   AttributeError: type object 'PurePosixPath' has no attribute '_flavour'</error></testcase><testcase classname="" name="tests.common.test_stream" time="0.000"><error message="collection failure">E   AttributeError: type object 'PurePosixPath' has no attribute '_flavour'</error></testcase><testcase classname="" name="tests.extract.test_capsule" time="0.000"><error message="collection failure">E   AttributeError: type object 'PurePosixPath' has no attribute '_flavour'</error></testcase><testcase classname="" name="tests.extract.test_chitin" time="0.000"><error message="collection failure">E   AttributeError: type object 'PurePosixPath' has no attribute '_flavour'</error></testcase><testcase classname="" name="tests.extract.test_installation" time="0.000"><error message="collection failure">E   AttributeError: type object 'PurePosixPath' has no attribute '_flavour'</error></testcase><testcase classname="" name="tests.extract.test_talktable" time="0.000"><error message="collection failure">E   AttributeError: type object 'PurePosixPath' has no attribute '_flavour'</error></testcase><testcase classname="" name="tests.resource.formats" time="0.000"><error message="collection failure">E   AttributeError: type object 'PurePosixPath' has no attribute '_flavour'</error></testcase><testcase classname="" name="tests.resource.generics.test_are" time="0.000"><error message="collection failure">E   AttributeError: type object 'PurePosixPath' has no attribute '_flavour'</error></testcase><testcase classname="" name="tests.resource.generics.test_dlg" time="0.000"><error message="collection failure">E   AttributeError: type object 'PurePosixPath' has no attribute '_flavour'</error></testcase><testcase classname="" name="tests.resource.generics.test_git" time="0.000"><error message="collection failure">E   AttributeError: type object 'PurePosixPath' has no attribute '_flavour'</error></testcase><testcase classname="" name="tests.resource.generics.test_ifo" time="0.000"><error message="collection failure">E   AttributeError: type object 'PurePosixPath' has no attribute '_flavour'</error></testcase><testcase classname="" name="tests.resource.generics.test_jrl" time="0.000"><error message="collection failure">E   AttributeError: type object 'PurePosixPath' has no attribute '_flavour'</error></testcase><testcase classname="" name="tests.resource.generics.test_pth" time="0.000"><error message="collection failure">E   AttributeError: type object 'PurePosixPath' has no attribute '_flavour'</error></testcase><testcase classname="" name="tests.resource.generics.test_utc" time="0.000"><error message="collection failure">E   AttributeError: type object 'PurePosixPath' has no attribute '_flavour'</error></testcase><testcase classname="" name="tests.resource.generics.test_utd" time="0.000"><error message="collection failure">E   AttributeError: type object 'PurePosixPath' has no attribute '_flavour'</error></testcase><testcase classname="" name="tests.resource.generics.test_ute" time="0.000"><error message="collection failure">E   AttributeError: type object 'PurePosixPath' has no attribute '_flavour'</error></testcase><testcase classname="" name="tests.resource.generics.test_uti" time="0.000"><error message="collection failure">E   AttributeError: type object 'PurePosixPath' has no attribute '_flavour'</error></testcase><testcase classname="" name="tests.resource.generics.test_utp" time="0.000"><error message="collection failure">E   AttributeError: type object 'PurePosixPath' has no attribute '_flavour'</error></testcase><testcase classname="" name="tests.resource.generics.test_uts" time="0.000"><error message="collection failure">E   AttributeError: type object 'PurePosixPath' has no attribute '_flavour'</error></testcase><testcase classname="" name="tests.resource.generics.test_utt" time="0.000"><error message="collection failure">E   AttributeError: type object 'PurePosixPath' has no attribute '_flavour'</error></testcase><testcase classname="" name="tests.resource.generics.test_utw" time="0.000"><error message="collection failure">E   AttributeError: type object 'PurePosixPath' has no attribute '_flavour'</error></testcase><testcase classname="" name="tests.resource.test_replace_module_extensions" time="0.000"><error message="collection failure">E   AttributeError: type object 'PurePosixPath' has no attribute '_flavour'</error></testcase><testcase classname="" name="tests.resource.test_resource_from_path" time="0.000"><error message="collection failure">E   AttributeError: type object 'PurePosixPath' has no attribute '_flavour'</error></testcase><testcase classname="" name="tests.toolset_tests.gui.editors.test_are_editor" time="0.000"><error message="collection failure">E   AttributeError: type object 'PurePosixPath' has no attribute '_flavour'</error></testcase><testcase classname="" name="tests.toolset_tests.gui.editors.test_bwm_editor" time="0.000"><error message="collection failure">E   AttributeError: type object 'PurePosixPath' has no attribute '_flavour'</error></testcase><testcase classname="" name="tests.toolset_tests.gui.editors.test_dlg_editor" time="0.000"><error message="collection failure">E   AttributeError: type object 'PurePosixPath' has no attribute '_flavour'</error></testcase><testcase classname="" name="tests.toolset_tests.gui.editors.test_erf_editor" time="0.000"><error message="collection failure">E   AttributeError: type object 'PurePosixPath' has no attribute '_flavour'</error></testcase><testcase classname="" name="tests.toolset_tests.gui.editors.test_gff_editor" time="0.000"><error message="collection failure">E   AttributeError: type object 'PurePosixPath' has no attribute '_flavour'</error></testcase><testcase classname="" name="tests.toolset_tests.gui.editors.test_git_editor" time="0.000"><error message="collection failure">E   AttributeError: type object 'PurePosixPath' has no attribute '_flavour'</error></testcase><testcase classname="" name="tests.toolset_tests.gui.editors.test_jrl_editor" time="0.000"><error message="collection failure">E   AttributeError: type object 'PurePosixPath' has no attribute '_flavour'</error></testcase><testcase classname="" name="tests.toolset_tests.gui.editors.test_nss_editor" time="0.000"><error message="collection failure">E   AttributeError: type object 'PurePosixPath' has no attribute '_flavour'</error></testcase><testcase classname="" name="tests.toolset_tests.gui.editors.test_ssf_editor" time="0.000"><error message="collection failure">E   AttributeError: type object 'PurePosixPath' has no attribute '_flavour'</error></testcase><testcase classname="" name="tests.toolset_tests.gui.editors.test_tlk_editor" time="0.000"><error message="collection failure">E   AttributeError: type object 'PurePosixPath' has no attribute '_flavour'</error></testcase><testcase classname="" name="tests.toolset_tests.gui.editors.test_twoda_editor" time="0.000"><error message="collection failure">E   AttributeError: type object 'PurePosixPath' has no attribute '_flavour'</error></testcase><testcase classname="" name="tests.toolset_tests.gui.editors.test_utc_editor" time="0.000"><error message="collection failure">E   StopIteration</error></testcase><testcase classname="" name="tests.toolset_tests.gui.editors.test_utd_editor" time="0.000"><error message="collection failure">E   AttributeError: type object 'PurePosixPath' has no attribute '_flavour'</error></testcase><testcase classname="" name="tests.toolset_tests.gui.editors.test_ute_editor" time="0.000"><error message="collection failure">E   AttributeError: type object 'PurePosixPath' has no attribute '_flavour'</error></testcase><testcase classname="" name="tests.toolset_tests.gui.editors.test_uti_editor" time="0.000"><error message="collection failure">E   AttributeError: type object 'PurePosixPath' has no attribute '_flavour'</error></testcase><testcase classname="" name="tests.toolset_tests.gui.editors.test_utm_editor" time="0.000"><error message="collection failure">E   AttributeError: type object 'PurePosixPath' has no attribute '_flavour'</error></testcase><testcase classname="" name="tests.toolset_tests.gui.editors.test_utp_editor" time="0.000"><error message="collection failure">E   AttributeError: type object 'PurePosixPath' has no attribute '_flavour'</error></testcase><testcase classname="" name="tests.toolset_tests.gui.editors.test_uts_editor" time="0.000"><error message="collection failure">E   AttributeError: type object 'PurePosixPath' has no attribute '_flavour'</error></testcase><testcase classname="" name="tests.toolset_tests.gui.editors.test_utt_editor" time="0.000"><error message="collection failure">E   AttributeError: type object 'PurePosixPath' has no attribute '_flavour'</error></testcase><testcase classname="" name="tests.toolset_tests.gui.editors.test_utw_editor" time="0.000"><error message="collection failure">E   AttributeError: type object 'PurePosixPath' has no attribute '_flavour'</error></testcase><testcase classname="" name="tests.tslpatcher.test_config" time="0.000"><error message="collection failure">E   AttributeError: type object 'PurePosixPath' has no attribute '_flavour'</error></testcase><testcase classname="" name="tests.tslpatcher.test_memory" time="0.000"><error message="collection failure">E   AttributeError: type object 'PurePosixPath' has no attribute '_flavour'</error></testcase><testcase classname="" name="tests.tslpatcher.test_mods" time="0.000"><error message="collection failure">E   AttributeError: type object 'PurePosixPath' has no attribute '_flavour'</error></testcase><testcase classname="" name="tests.tslpatcher.test_reader" time="0.000"><error message="collection failure">E   AttributeError: type object 'PurePosixPath' has no attribute '_flavour'</error></testcase><testcase classname="tests.common.test_decode_fallbacks.TestDecodeBytes" name="test_8bit_encoding_only" time="0.108" /><testcase classname="tests.common.test_decode_fallbacks.TestDecodeBytes" name="test_basic" time="0.001" /><testcase classname="tests.common.test_decode_fallbacks.TestDecodeBytes" name="test_bom" time="0.002" /><testcase classname="tests.common.test_decode_fallbacks.TestDecodeBytes" name="test_errors_replace" time="0.001" /><testcase classname="tests.common.test_decode_fallbacks.TestDecodeBytes" name="test_fallback_to_detected_encoding" time="0.006" /><testcase classname="tests.common.test_decode_fallbacks.TestDecodeBytes" name="test_invalid_bytes_for_encoding" time="0.000" /><testcase classname="tests.common.test_decode_fallbacks.TestDecodeBytes" name="test_known_encoding" time="0.000" /><testcase classname="tests.common.test_decode_fallbacks.TestDecodeBytes" name="test_language_detect" time="0.001" /><testcase classname="tests.common.test_decode_fallbacks.TestDecodeBytes" name="test_language_provided" time="0.000" /><testcase classname="tests.common.test_decode_fallbacks.TestDecodeBytes" name="test_no_valid_encoding_found_strict_errors" time="0.005" /><testcase classname="tests.common.test_decode_fallbacks.TestDecodeBytes" name="test_non_ascii" time="0.001" /><testcase classname="tests.common.test_decode_fallbacks.TestDecodeBytes" name="test_strict_error_handling_decoding_failure" time="0.002" /><testcase classname="tests.common.test_decode_fallbacks.TestDecodeBytes" name="test_undetectable_encoding_replace_errors" time="0.001" /><testcase classname="tests.common.test_decode_fallbacks.TestDecodeBytes" name="test_unknown_encoding" time="0.001" /><testcase classname="tests.common.test_decode_fallbacks.TestDecodeBytes" name="test_with_BOM_included" time="0.001" /><testcase classname="tests.common.test_geometry.TestVector2" name="test_from_vector2" time="0.000" /><testcase classname="tests.common.test_geometry.TestVector2" name="test_from_vector3" time="0.000" /><testcase classname="tests.common.test_geometry.TestVector2" name="test_from_vector4" time="0.000" /><testcase classname="tests.common.test_geometry.TestVector2" name="test_unpacking" time="0.000" /><testcase classname="tests.common.test_geometry.TestVector3" name="test_from_vector2" time="0.000" /><testcase classname="tests.common.test_geometry.TestVector3" name="test_from_vector3" time="0.000" /><testcase classname="tests.common.test_geometry.TestVector3" name="test_from_vector4" time="0.000" /><testcase classname="tests.common.test_geometry.TestVector3" name="test_unpacking" time="0.000" /><testcase classname="tests.common.test_geometry.TestVector4" name="test_from_euler" time="0.000" /><testcase classname="tests.common.test_geometry.TestVector4" name="test_from_vector2" time="0.000" /><testcase classname="tests.common.test_geometry.TestVector4" name="test_from_vector3" time="0.000" /><testcase classname="tests.common.test_geometry.TestVector4" name="test_from_vector4" time="0.000" /><testcase classname="tests.common.test_geometry.TestVector4" name="test_unpacking" time="0.000" /><testcase classname="tests.common.test_geometry.TestFace" name="test_determine_z" time="0.000" /><testcase classname="tests.common.test_geometry.TestPolygon2" name="test_area" time="0.000" /><testcase classname="tests.common.test_geometry.TestPolygon2" name="test_inside" time="0.000" /><testcase classname="tests.toolset_tests.gui.editors.test_tpc_editor.TPCEditorTest" name="test_placeholder" time="0.001"><skipped type="pytest.skip" message="K1_PATH environment variable is not set or not found on disk.">/home/runner/work/PyKotor/PyKotor/tests/toolset_tests/gui/editors/test_tpc_editor.py:66: K1_PATH environment variable is not set or not found on disk.</skipped></testcase><testcase classname="tests.toolset_tests.gui.editors.test_txt_editor.TXTEditorTest" name="test_placeholder" time="0.000"><skipped type="pytest.skip" message="K1_PATH environment variable is not set or not found on disk.">/home/runner/work/PyKotor/PyKotor/tests/toolset_tests/gui/editors/test_txt_editor.py:57: K1_PATH environment variable is not set or not found on disk.</skipped></testcase></testsuite></testsuites>